[2024-12-19T18:36:41.929-0500] {local_task_job_runner.py:123} INFO - ::group::Pre task execution logs
[2024-12-19T18:36:41.932-0500] {taskinstance.py:2613} INFO - Dependencies all met for dep_context=non-requeueable deps ti=<TaskInstance: executing_python_etl_dag.Segementation manual__2024-12-19T23:36:35.972076+00:00 [queued]>
[2024-12-19T18:36:41.934-0500] {taskinstance.py:2613} INFO - Dependencies all met for dep_context=requeueable deps ti=<TaskInstance: executing_python_etl_dag.Segementation manual__2024-12-19T23:36:35.972076+00:00 [queued]>
[2024-12-19T18:36:41.934-0500] {taskinstance.py:2866} INFO - Starting attempt 1 of 1
[2024-12-19T18:36:41.938-0500] {taskinstance.py:2889} INFO - Executing <Task(PythonOperator): Segementation> on 2024-12-19 23:36:35.972076+00:00
[2024-12-19T18:36:41.941-0500] {standard_task_runner.py:72} INFO - Started process 2736 to run task
[2024-12-19T18:36:41.944-0500] {standard_task_runner.py:104} INFO - Running: ['airflow', 'tasks', 'run', 'executing_python_etl_dag', 'Segementation', 'manual__2024-12-19T23:36:35.972076+00:00', '--job-id', '105', '--raw', '--subdir', 'DAGS_FOLDER/etl.py', '--cfg-path', '/var/folders/jw/j912b4gd5xj0c7j8p3syth7r0000gn/T/tmpwwrfolhf']
[2024-12-19T18:36:41.945-0500] {standard_task_runner.py:105} INFO - Job 105: Subtask Segementation
[2024-12-19T18:36:41.958-0500] {task_command.py:467} INFO - Running <TaskInstance: executing_python_etl_dag.Segementation manual__2024-12-19T23:36:35.972076+00:00 [running]> on host mac-4952.lan
[2024-12-19T18:36:41.978-0500] {taskinstance.py:3132} INFO - Exporting env vars: AIRFLOW_CTX_DAG_OWNER='venkatesh' AIRFLOW_CTX_DAG_ID='executing_python_etl_dag' AIRFLOW_CTX_TASK_ID='Segementation' AIRFLOW_CTX_EXECUTION_DATE='2024-12-19T23:36:35.972076+00:00' AIRFLOW_CTX_TRY_NUMBER='1' AIRFLOW_CTX_DAG_RUN_ID='manual__2024-12-19T23:36:35.972076+00:00'
[2024-12-19T18:36:41.979-0500] {taskinstance.py:731} INFO - ::endgroup::
[2024-12-19T18:36:41.991-0500] {logging_mixin.py:190} WARNING - /Users/apple/airflow/dags/etl.py:87 FutureWarning: Passing literal json to 'read_json' is deprecated and will be removed in a future version. To read from a literal string, wrap it in a 'StringIO' object.
[2024-12-19T18:36:42.006-0500] {logging_mixin.py:190} WARNING - /Users/apple/airflow/dags/etl.py:88 FutureWarning: Passing literal json to 'read_json' is deprecated and will be removed in a future version. To read from a literal string, wrap it in a 'StringIO' object.
[2024-12-19T18:36:42.014-0500] {logging_mixin.py:190} INFO -    customer_id       customer_name  total_purchases  total_spent     segment
0            1        Ryan Hubbard               10      5208.61     Premium
1            2       Jason Sherman               15      8300.50     Premium
2            3     Kimberly Howard               12      5845.09     Premium
3            4  Christopher Warren               11      5594.66     Premium
4            5      Valerie Taylor                5      1428.00  Occasional
[2024-12-19T18:36:42.014-0500] {python.py:240} INFO - Done. Returned value was: None
[2024-12-19T18:36:42.016-0500] {taskinstance.py:340} INFO - ::group::Post task execution logs
[2024-12-19T18:36:42.017-0500] {taskinstance.py:352} INFO - Marking task as SUCCESS. dag_id=executing_python_etl_dag, task_id=Segementation, run_id=manual__2024-12-19T23:36:35.972076+00:00, execution_date=20241219T233635, start_date=20241219T233641, end_date=20241219T233642
[2024-12-19T18:36:42.051-0500] {local_task_job_runner.py:266} INFO - Task exited with return code 0
[2024-12-19T18:36:42.056-0500] {taskinstance.py:3895} INFO - 0 downstream tasks scheduled from follow-on schedule check
[2024-12-19T18:36:42.056-0500] {local_task_job_runner.py:245} INFO - ::endgroup::
