[2024-12-15T14:02:57.663-0500] {local_task_job_runner.py:123} INFO - ::group::Pre task execution logs
[2024-12-15T14:02:57.667-0500] {taskinstance.py:2613} INFO - Dependencies all met for dep_context=non-requeueable deps ti=<TaskInstance: multiple_dags.task_d manual__2024-12-15T19:02:38.345796+00:00 [queued]>
[2024-12-15T14:02:57.669-0500] {taskinstance.py:2613} INFO - Dependencies all met for dep_context=requeueable deps ti=<TaskInstance: multiple_dags.task_d manual__2024-12-15T19:02:38.345796+00:00 [queued]>
[2024-12-15T14:02:57.669-0500] {taskinstance.py:2866} INFO - Starting attempt 1 of 1
[2024-12-15T14:02:57.673-0500] {taskinstance.py:2889} INFO - Executing <Task(BashOperator): task_d> on 2024-12-15 19:02:38.345796+00:00
[2024-12-15T14:02:57.674-0500] {standard_task_runner.py:72} INFO - Started process 35383 to run task
[2024-12-15T14:02:57.677-0500] {standard_task_runner.py:104} INFO - Running: ['airflow', 'tasks', 'run', 'multiple_dags', 'task_d', 'manual__2024-12-15T19:02:38.345796+00:00', '--job-id', '46', '--raw', '--subdir', 'DAGS_FOLDER/multiple_dags.py', '--cfg-path', '/var/folders/jw/j912b4gd5xj0c7j8p3syth7r0000gn/T/tmp5mcrq_nk']
[2024-12-15T14:02:57.679-0500] {standard_task_runner.py:105} INFO - Job 46: Subtask task_d
[2024-12-15T14:02:57.693-0500] {task_command.py:467} INFO - Running <TaskInstance: multiple_dags.task_d manual__2024-12-15T19:02:38.345796+00:00 [running]> on host mac-4031.lan
[2024-12-15T14:02:57.710-0500] {taskinstance.py:3132} INFO - Exporting env vars: AIRFLOW_CTX_DAG_OWNER='venkatesh' AIRFLOW_CTX_DAG_ID='multiple_dags' AIRFLOW_CTX_TASK_ID='task_d' AIRFLOW_CTX_EXECUTION_DATE='2024-12-15T19:02:38.345796+00:00' AIRFLOW_CTX_TRY_NUMBER='1' AIRFLOW_CTX_DAG_RUN_ID='manual__2024-12-15T19:02:38.345796+00:00'
[2024-12-15T14:02:57.711-0500] {taskinstance.py:731} INFO - ::endgroup::
[2024-12-15T14:02:57.716-0500] {subprocess.py:78} INFO - Tmp dir root location: /var/folders/jw/j912b4gd5xj0c7j8p3syth7r0000gn/T
[2024-12-15T14:02:57.716-0500] {subprocess.py:88} INFO - Running command: ['/bin/bash', 'tmpireexjgt.sh']
[2024-12-15T14:02:57.719-0500] {subprocess.py:99} INFO - Output:
[2024-12-15T14:02:57.723-0500] {subprocess.py:106} INFO - task_D has completed!!
[2024-12-15T14:02:57.723-0500] {subprocess.py:110} INFO - Command exited with return code 0
[2024-12-15T14:02:57.729-0500] {taskinstance.py:340} INFO - ::group::Post task execution logs
[2024-12-15T14:02:57.730-0500] {taskinstance.py:352} INFO - Marking task as SUCCESS. dag_id=multiple_dags, task_id=task_d, run_id=manual__2024-12-15T19:02:38.345796+00:00, execution_date=20241215T190238, start_date=20241215T190257, end_date=20241215T190257
[2024-12-15T14:02:57.739-0500] {local_task_job_runner.py:266} INFO - Task exited with return code 0
[2024-12-15T14:02:57.745-0500] {taskinstance.py:3895} INFO - 1 downstream tasks scheduled from follow-on schedule check
[2024-12-15T14:02:57.746-0500] {local_task_job_runner.py:245} INFO - ::endgroup::
