[2024-12-15T13:40:35.166-0500] {local_task_job_runner.py:123} INFO - ::group::Pre task execution logs
[2024-12-15T13:40:35.169-0500] {taskinstance.py:2613} INFO - Dependencies all met for dep_context=non-requeueable deps ti=<TaskInstance: executing_multiple_dags.task_a manual__2024-12-15T18:40:33.598050+00:00 [queued]>
[2024-12-15T13:40:35.171-0500] {taskinstance.py:2613} INFO - Dependencies all met for dep_context=requeueable deps ti=<TaskInstance: executing_multiple_dags.task_a manual__2024-12-15T18:40:33.598050+00:00 [queued]>
[2024-12-15T13:40:35.171-0500] {taskinstance.py:2866} INFO - Starting attempt 1 of 1
[2024-12-15T13:40:35.175-0500] {taskinstance.py:2889} INFO - Executing <Task(BashOperator): task_a> on 2024-12-15 18:40:33.598050+00:00
[2024-12-15T13:40:35.177-0500] {standard_task_runner.py:72} INFO - Started process 29224 to run task
[2024-12-15T13:40:35.180-0500] {standard_task_runner.py:104} INFO - Running: ['airflow', 'tasks', 'run', 'executing_multiple_dags', 'task_a', 'manual__2024-12-15T18:40:33.598050+00:00', '--job-id', '37', '--raw', '--subdir', 'DAGS_FOLDER/simple_hello_world.py', '--cfg-path', '/var/folders/jw/j912b4gd5xj0c7j8p3syth7r0000gn/T/tmpbrwz3m3j']
[2024-12-15T13:40:35.181-0500] {standard_task_runner.py:105} INFO - Job 37: Subtask task_a
[2024-12-15T13:40:35.194-0500] {task_command.py:467} INFO - Running <TaskInstance: executing_multiple_dags.task_a manual__2024-12-15T18:40:33.598050+00:00 [running]> on host mac-4031.lan
[2024-12-15T13:40:35.215-0500] {taskinstance.py:3132} INFO - Exporting env vars: AIRFLOW_CTX_DAG_OWNER='venkatesh' AIRFLOW_CTX_DAG_ID='executing_multiple_dags' AIRFLOW_CTX_TASK_ID='task_a' AIRFLOW_CTX_EXECUTION_DATE='2024-12-15T18:40:33.598050+00:00' AIRFLOW_CTX_TRY_NUMBER='1' AIRFLOW_CTX_DAG_RUN_ID='manual__2024-12-15T18:40:33.598050+00:00'
[2024-12-15T13:40:35.215-0500] {taskinstance.py:731} INFO - ::endgroup::
[2024-12-15T13:40:35.219-0500] {subprocess.py:78} INFO - Tmp dir root location: /var/folders/jw/j912b4gd5xj0c7j8p3syth7r0000gn/T
[2024-12-15T13:40:35.220-0500] {subprocess.py:88} INFO - Running command: ['/bin/bash', '-c', '\n        echo task_A has started\n        for i in {1..10}\n        do\n            echo Task A printing $i\n        done\n\n        echo task_A has ended!!\n        ']
[2024-12-15T13:40:35.223-0500] {subprocess.py:99} INFO - Output:
[2024-12-15T13:40:35.226-0500] {subprocess.py:106} INFO - task_A has started
[2024-12-15T13:40:35.227-0500] {subprocess.py:106} INFO - Task A printing 1
[2024-12-15T13:40:35.227-0500] {subprocess.py:106} INFO - Task A printing 2
[2024-12-15T13:40:35.227-0500] {subprocess.py:106} INFO - Task A printing 3
[2024-12-15T13:40:35.227-0500] {subprocess.py:106} INFO - Task A printing 4
[2024-12-15T13:40:35.227-0500] {subprocess.py:106} INFO - Task A printing 5
[2024-12-15T13:40:35.228-0500] {subprocess.py:106} INFO - Task A printing 6
[2024-12-15T13:40:35.228-0500] {subprocess.py:106} INFO - Task A printing 7
[2024-12-15T13:40:35.228-0500] {subprocess.py:106} INFO - Task A printing 8
[2024-12-15T13:40:35.228-0500] {subprocess.py:106} INFO - Task A printing 9
[2024-12-15T13:40:35.229-0500] {subprocess.py:106} INFO - Task A printing 10
[2024-12-15T13:40:35.229-0500] {subprocess.py:106} INFO - task_A has ended!!
[2024-12-15T13:40:35.229-0500] {subprocess.py:110} INFO - Command exited with return code 0
[2024-12-15T13:40:35.234-0500] {taskinstance.py:340} INFO - ::group::Post task execution logs
[2024-12-15T13:40:35.235-0500] {taskinstance.py:352} INFO - Marking task as SUCCESS. dag_id=executing_multiple_dags, task_id=task_a, run_id=manual__2024-12-15T18:40:33.598050+00:00, execution_date=20241215T184033, start_date=20241215T184035, end_date=20241215T184035
[2024-12-15T13:40:35.242-0500] {local_task_job_runner.py:266} INFO - Task exited with return code 0
[2024-12-15T13:40:35.249-0500] {taskinstance.py:3895} INFO - 2 downstream tasks scheduled from follow-on schedule check
[2024-12-15T13:40:35.249-0500] {local_task_job_runner.py:245} INFO - ::endgroup::
