[2024-12-19T18:36:40.933-0500] {local_task_job_runner.py:123} INFO - ::group::Pre task execution logs
[2024-12-19T18:36:40.936-0500] {taskinstance.py:2613} INFO - Dependencies all met for dep_context=non-requeueable deps ti=<TaskInstance: executing_python_etl_dag.compute_KPIs_for_the_data manual__2024-12-19T23:36:35.972076+00:00 [queued]>
[2024-12-19T18:36:40.938-0500] {taskinstance.py:2613} INFO - Dependencies all met for dep_context=requeueable deps ti=<TaskInstance: executing_python_etl_dag.compute_KPIs_for_the_data manual__2024-12-19T23:36:35.972076+00:00 [queued]>
[2024-12-19T18:36:40.938-0500] {taskinstance.py:2866} INFO - Starting attempt 1 of 1
[2024-12-19T18:36:40.942-0500] {taskinstance.py:2889} INFO - Executing <Task(PythonOperator): compute_KPIs_for_the_data> on 2024-12-19 23:36:35.972076+00:00
[2024-12-19T18:36:40.944-0500] {standard_task_runner.py:72} INFO - Started process 2724 to run task
[2024-12-19T18:36:40.947-0500] {standard_task_runner.py:104} INFO - Running: ['airflow', 'tasks', 'run', 'executing_python_etl_dag', 'compute_KPIs_for_the_data', 'manual__2024-12-19T23:36:35.972076+00:00', '--job-id', '104', '--raw', '--subdir', 'DAGS_FOLDER/etl.py', '--cfg-path', '/var/folders/jw/j912b4gd5xj0c7j8p3syth7r0000gn/T/tmp_ug79l5w']
[2024-12-19T18:36:40.949-0500] {standard_task_runner.py:105} INFO - Job 104: Subtask compute_KPIs_for_the_data
[2024-12-19T18:36:40.962-0500] {task_command.py:467} INFO - Running <TaskInstance: executing_python_etl_dag.compute_KPIs_for_the_data manual__2024-12-19T23:36:35.972076+00:00 [running]> on host mac-4952.lan
[2024-12-19T18:36:40.982-0500] {taskinstance.py:3132} INFO - Exporting env vars: AIRFLOW_CTX_DAG_OWNER='venkatesh' AIRFLOW_CTX_DAG_ID='executing_python_etl_dag' AIRFLOW_CTX_TASK_ID='compute_KPIs_for_the_data' AIRFLOW_CTX_EXECUTION_DATE='2024-12-19T23:36:35.972076+00:00' AIRFLOW_CTX_TRY_NUMBER='1' AIRFLOW_CTX_DAG_RUN_ID='manual__2024-12-19T23:36:35.972076+00:00'
[2024-12-19T18:36:40.983-0500] {taskinstance.py:731} INFO - ::endgroup::
[2024-12-19T18:36:40.991-0500] {logging_mixin.py:190} WARNING - /Users/apple/airflow/dags/etl.py:74 FutureWarning: Passing literal json to 'read_json' is deprecated and will be removed in a future version. To read from a literal string, wrap it in a 'StringIO' object.
[2024-12-19T18:36:40.999-0500] {logging_mixin.py:190} INFO -       category  total_revenue  total_units_sold
0        Books     1087455.66              2158
1     Clothing      724085.48              1448
2  Electronics     1532604.87              3001
3         Home      940614.17              1816
4      Kitchen      795727.36              1577
[2024-12-19T18:36:41.002-0500] {python.py:240} INFO - Done. Returned value was: None
[2024-12-19T18:36:41.004-0500] {taskinstance.py:340} INFO - ::group::Post task execution logs
[2024-12-19T18:36:41.004-0500] {taskinstance.py:352} INFO - Marking task as SUCCESS. dag_id=executing_python_etl_dag, task_id=compute_KPIs_for_the_data, run_id=manual__2024-12-19T23:36:35.972076+00:00, execution_date=20241219T233635, start_date=20241219T233640, end_date=20241219T233641
[2024-12-19T18:36:41.009-0500] {local_task_job_runner.py:266} INFO - Task exited with return code 0
[2024-12-19T18:36:41.015-0500] {taskinstance.py:3895} INFO - 1 downstream tasks scheduled from follow-on schedule check
[2024-12-19T18:36:41.016-0500] {local_task_job_runner.py:245} INFO - ::endgroup::
