[2024-12-15T13:39:22.538-0500] {local_task_job_runner.py:123} INFO - ::group::Pre task execution logs
[2024-12-15T13:39:22.541-0500] {taskinstance.py:2613} INFO - Dependencies all met for dep_context=non-requeueable deps ti=<TaskInstance: executing_multiple_dags.task_a manual__2024-12-15T18:39:20.043974+00:00 [queued]>
[2024-12-15T13:39:22.543-0500] {taskinstance.py:2613} INFO - Dependencies all met for dep_context=requeueable deps ti=<TaskInstance: executing_multiple_dags.task_a manual__2024-12-15T18:39:20.043974+00:00 [queued]>
[2024-12-15T13:39:22.543-0500] {taskinstance.py:2866} INFO - Starting attempt 1 of 1
[2024-12-15T13:39:22.546-0500] {taskinstance.py:2889} INFO - Executing <Task(BashOperator): task_a> on 2024-12-15 18:39:20.043974+00:00
[2024-12-15T13:39:22.548-0500] {standard_task_runner.py:72} INFO - Started process 28887 to run task
[2024-12-15T13:39:22.551-0500] {standard_task_runner.py:104} INFO - Running: ['airflow', 'tasks', 'run', 'executing_multiple_dags', 'task_a', 'manual__2024-12-15T18:39:20.043974+00:00', '--job-id', '33', '--raw', '--subdir', 'DAGS_FOLDER/simple_hello_world.py', '--cfg-path', '/var/folders/jw/j912b4gd5xj0c7j8p3syth7r0000gn/T/tmpdwbg_76q']
[2024-12-15T13:39:22.552-0500] {standard_task_runner.py:105} INFO - Job 33: Subtask task_a
[2024-12-15T13:39:22.565-0500] {task_command.py:467} INFO - Running <TaskInstance: executing_multiple_dags.task_a manual__2024-12-15T18:39:20.043974+00:00 [running]> on host mac-4031.lan
[2024-12-15T13:39:22.585-0500] {taskinstance.py:3132} INFO - Exporting env vars: AIRFLOW_CTX_DAG_OWNER='venkatesh' AIRFLOW_CTX_DAG_ID='executing_multiple_dags' AIRFLOW_CTX_TASK_ID='task_a' AIRFLOW_CTX_EXECUTION_DATE='2024-12-15T18:39:20.043974+00:00' AIRFLOW_CTX_TRY_NUMBER='1' AIRFLOW_CTX_DAG_RUN_ID='manual__2024-12-15T18:39:20.043974+00:00'
[2024-12-15T13:39:22.586-0500] {taskinstance.py:731} INFO - ::endgroup::
[2024-12-15T13:39:22.590-0500] {subprocess.py:78} INFO - Tmp dir root location: /var/folders/jw/j912b4gd5xj0c7j8p3syth7r0000gn/T
[2024-12-15T13:39:22.591-0500] {subprocess.py:88} INFO - Running command: ['/bin/bash', '-c', '\n        echo task_A has started\n        for i in {1,10}\n        do\n            echo Task A printing $i\n        done\n\n        echo task_A has ended!!\n        ']
[2024-12-15T13:39:22.594-0500] {subprocess.py:99} INFO - Output:
[2024-12-15T13:39:22.597-0500] {subprocess.py:106} INFO - task_A has started
[2024-12-15T13:39:22.597-0500] {subprocess.py:106} INFO - Task A printing 1
[2024-12-15T13:39:22.597-0500] {subprocess.py:106} INFO - Task A printing 10
[2024-12-15T13:39:22.598-0500] {subprocess.py:106} INFO - task_A has ended!!
[2024-12-15T13:39:22.598-0500] {subprocess.py:110} INFO - Command exited with return code 0
[2024-12-15T13:39:22.603-0500] {taskinstance.py:340} INFO - ::group::Post task execution logs
[2024-12-15T13:39:22.604-0500] {taskinstance.py:352} INFO - Marking task as SUCCESS. dag_id=executing_multiple_dags, task_id=task_a, run_id=manual__2024-12-15T18:39:20.043974+00:00, execution_date=20241215T183920, start_date=20241215T183922, end_date=20241215T183922
[2024-12-15T13:39:22.613-0500] {local_task_job_runner.py:266} INFO - Task exited with return code 0
[2024-12-15T13:39:22.620-0500] {taskinstance.py:3895} INFO - 2 downstream tasks scheduled from follow-on schedule check
[2024-12-15T13:39:22.621-0500] {local_task_job_runner.py:245} INFO - ::endgroup::
