[2024-12-15T13:23:13.937-0500] {local_task_job_runner.py:123} INFO - ::group::Pre task execution logs
[2024-12-15T13:23:13.941-0500] {taskinstance.py:2613} INFO - Dependencies all met for dep_context=non-requeueable deps ti=<TaskInstance: executing_multiple_dags.task_b manual__2024-12-15T18:23:11.473076+00:00 [queued]>
[2024-12-15T13:23:13.943-0500] {taskinstance.py:2613} INFO - Dependencies all met for dep_context=requeueable deps ti=<TaskInstance: executing_multiple_dags.task_b manual__2024-12-15T18:23:11.473076+00:00 [queued]>
[2024-12-15T13:23:13.943-0500] {taskinstance.py:2866} INFO - Starting attempt 1 of 1
[2024-12-15T13:23:13.946-0500] {taskinstance.py:2889} INFO - Executing <Task(BashOperator): task_b> on 2024-12-15 18:23:11.473076+00:00
[2024-12-15T13:23:13.948-0500] {standard_task_runner.py:72} INFO - Started process 24557 to run task
[2024-12-15T13:23:13.951-0500] {standard_task_runner.py:104} INFO - Running: ['airflow', 'tasks', 'run', 'executing_multiple_dags', 'task_b', 'manual__2024-12-15T18:23:11.473076+00:00', '--job-id', '24', '--raw', '--subdir', 'DAGS_FOLDER/simple_hello_world.py', '--cfg-path', '/var/folders/jw/j912b4gd5xj0c7j8p3syth7r0000gn/T/tmpg8cc0r83']
[2024-12-15T13:23:13.952-0500] {standard_task_runner.py:105} INFO - Job 24: Subtask task_b
[2024-12-15T13:23:13.965-0500] {task_command.py:467} INFO - Running <TaskInstance: executing_multiple_dags.task_b manual__2024-12-15T18:23:11.473076+00:00 [running]> on host mac-4031.lan
[2024-12-15T13:23:13.986-0500] {taskinstance.py:3132} INFO - Exporting env vars: AIRFLOW_CTX_DAG_OWNER='venkatesh' AIRFLOW_CTX_DAG_ID='executing_multiple_dags' AIRFLOW_CTX_TASK_ID='task_b' AIRFLOW_CTX_EXECUTION_DATE='2024-12-15T18:23:11.473076+00:00' AIRFLOW_CTX_TRY_NUMBER='1' AIRFLOW_CTX_DAG_RUN_ID='manual__2024-12-15T18:23:11.473076+00:00'
[2024-12-15T13:23:13.986-0500] {taskinstance.py:731} INFO - ::endgroup::
[2024-12-15T13:23:13.991-0500] {subprocess.py:78} INFO - Tmp dir root location: /var/folders/jw/j912b4gd5xj0c7j8p3syth7r0000gn/T
[2024-12-15T13:23:13.991-0500] {subprocess.py:88} INFO - Running command: ['/bin/bash', '-c', 'echo task_2_hello_world']
[2024-12-15T13:23:13.994-0500] {subprocess.py:99} INFO - Output:
[2024-12-15T13:23:13.997-0500] {subprocess.py:106} INFO - task_2_hello_world
[2024-12-15T13:23:13.998-0500] {subprocess.py:110} INFO - Command exited with return code 0
[2024-12-15T13:23:14.003-0500] {taskinstance.py:340} INFO - ::group::Post task execution logs
[2024-12-15T13:23:14.004-0500] {taskinstance.py:352} INFO - Marking task as SUCCESS. dag_id=executing_multiple_dags, task_id=task_b, run_id=manual__2024-12-15T18:23:11.473076+00:00, execution_date=20241215T182311, start_date=20241215T182313, end_date=20241215T182314
[2024-12-15T13:23:14.013-0500] {local_task_job_runner.py:266} INFO - Task exited with return code 0
[2024-12-15T13:23:14.018-0500] {taskinstance.py:3895} INFO - 0 downstream tasks scheduled from follow-on schedule check
[2024-12-15T13:23:14.018-0500] {local_task_job_runner.py:245} INFO - ::endgroup::
