[2024-12-17T19:25:28.111-0500] {processor.py:186} INFO - Started process (PID=91233) to work on /Users/apple/airflow/dags/multiple_python_operator_dag.py
[2024-12-17T19:25:28.112-0500] {processor.py:914} INFO - Processing file /Users/apple/airflow/dags/multiple_python_operator_dag.py for tasks to queue
[2024-12-17T19:25:28.112-0500] {logging_mixin.py:190} INFO - [2024-12-17T19:25:28.112-0500] {dagbag.py:588} INFO - Filling up the DagBag from /Users/apple/airflow/dags/multiple_python_operator_dag.py
[2024-12-17T19:25:28.143-0500] {processor.py:925} INFO - DAG(s) 'executing_python_operators_dag' retrieved from /Users/apple/airflow/dags/multiple_python_operator_dag.py
[2024-12-17T19:25:28.210-0500] {logging_mixin.py:190} INFO - [2024-12-17T19:25:28.210-0500] {dag.py:3239} INFO - Sync 1 DAGs
[2024-12-17T19:25:28.217-0500] {logging_mixin.py:190} INFO - [2024-12-17T19:25:28.216-0500] {dag.py:4180} INFO - Setting next_dagrun for executing_python_operators_dag to 2024-12-17 00:00:00+00:00, run_after=2024-12-18 00:00:00+00:00
[2024-12-17T19:25:28.224-0500] {processor.py:208} INFO - Processing /Users/apple/airflow/dags/multiple_python_operator_dag.py took 0.114 seconds
[2024-12-17T19:40:41.776-0500] {processor.py:186} INFO - Started process (PID=91319) to work on /Users/apple/airflow/dags/multiple_python_operator_dag.py
[2024-12-17T19:40:41.776-0500] {processor.py:914} INFO - Processing file /Users/apple/airflow/dags/multiple_python_operator_dag.py for tasks to queue
[2024-12-17T19:40:41.777-0500] {logging_mixin.py:190} INFO - [2024-12-17T19:40:41.776-0500] {dagbag.py:588} INFO - Filling up the DagBag from /Users/apple/airflow/dags/multiple_python_operator_dag.py
[2024-12-17T19:40:41.807-0500] {processor.py:925} INFO - DAG(s) 'executing_python_operators_dag' retrieved from /Users/apple/airflow/dags/multiple_python_operator_dag.py
[2024-12-17T19:40:41.841-0500] {logging_mixin.py:190} INFO - [2024-12-17T19:40:41.840-0500] {dag.py:3239} INFO - Sync 1 DAGs
[2024-12-17T19:40:41.846-0500] {logging_mixin.py:190} INFO - [2024-12-17T19:40:41.846-0500] {dag.py:4180} INFO - Setting next_dagrun for executing_python_operators_dag to 2024-12-17 00:00:00+00:00, run_after=2024-12-18 00:00:00+00:00
[2024-12-17T19:40:41.852-0500] {processor.py:208} INFO - Processing /Users/apple/airflow/dags/multiple_python_operator_dag.py took 0.077 seconds
[2024-12-17T19:54:04.020-0500] {processor.py:186} INFO - Started process (PID=91395) to work on /Users/apple/airflow/dags/multiple_python_operator_dag.py
[2024-12-17T19:54:04.021-0500] {processor.py:914} INFO - Processing file /Users/apple/airflow/dags/multiple_python_operator_dag.py for tasks to queue
[2024-12-17T19:54:04.021-0500] {logging_mixin.py:190} INFO - [2024-12-17T19:54:04.021-0500] {dagbag.py:588} INFO - Filling up the DagBag from /Users/apple/airflow/dags/multiple_python_operator_dag.py
[2024-12-17T19:54:04.050-0500] {processor.py:925} INFO - DAG(s) 'executing_python_operators_dag' retrieved from /Users/apple/airflow/dags/multiple_python_operator_dag.py
[2024-12-17T19:54:04.081-0500] {logging_mixin.py:190} INFO - [2024-12-17T19:54:04.081-0500] {dag.py:3239} INFO - Sync 1 DAGs
[2024-12-17T19:54:04.088-0500] {logging_mixin.py:190} INFO - [2024-12-17T19:54:04.088-0500] {dag.py:4180} INFO - Setting next_dagrun for executing_python_operators_dag to 2024-12-17 00:00:00+00:00, run_after=2024-12-18 00:00:00+00:00
[2024-12-17T19:54:04.094-0500] {processor.py:208} INFO - Processing /Users/apple/airflow/dags/multiple_python_operator_dag.py took 0.074 seconds
[2024-12-17T20:26:30.279-0500] {processor.py:186} INFO - Started process (PID=91521) to work on /Users/apple/airflow/dags/multiple_python_operator_dag.py
[2024-12-17T20:26:30.280-0500] {processor.py:914} INFO - Processing file /Users/apple/airflow/dags/multiple_python_operator_dag.py for tasks to queue
[2024-12-17T20:26:30.280-0500] {logging_mixin.py:190} INFO - [2024-12-17T20:26:30.280-0500] {dagbag.py:588} INFO - Filling up the DagBag from /Users/apple/airflow/dags/multiple_python_operator_dag.py
[2024-12-17T20:26:30.310-0500] {processor.py:925} INFO - DAG(s) 'executing_python_operators_dag' retrieved from /Users/apple/airflow/dags/multiple_python_operator_dag.py
[2024-12-17T20:26:30.343-0500] {logging_mixin.py:190} INFO - [2024-12-17T20:26:30.343-0500] {dag.py:3239} INFO - Sync 1 DAGs
[2024-12-17T20:26:30.349-0500] {logging_mixin.py:190} INFO - [2024-12-17T20:26:30.349-0500] {dag.py:4180} INFO - Setting next_dagrun for executing_python_operators_dag to 2024-12-17 00:00:00+00:00, run_after=2024-12-18 00:00:00+00:00
[2024-12-17T20:26:30.356-0500] {processor.py:208} INFO - Processing /Users/apple/airflow/dags/multiple_python_operator_dag.py took 0.078 seconds
[2024-12-17T20:54:56.352-0500] {processor.py:186} INFO - Started process (PID=91603) to work on /Users/apple/airflow/dags/multiple_python_operator_dag.py
[2024-12-17T20:54:56.352-0500] {processor.py:914} INFO - Processing file /Users/apple/airflow/dags/multiple_python_operator_dag.py for tasks to queue
[2024-12-17T20:54:56.353-0500] {logging_mixin.py:190} INFO - [2024-12-17T20:54:56.353-0500] {dagbag.py:588} INFO - Filling up the DagBag from /Users/apple/airflow/dags/multiple_python_operator_dag.py
[2024-12-17T20:54:56.425-0500] {processor.py:925} INFO - DAG(s) 'executing_python_operators_dag' retrieved from /Users/apple/airflow/dags/multiple_python_operator_dag.py
[2024-12-17T20:54:56.460-0500] {logging_mixin.py:190} INFO - [2024-12-17T20:54:56.460-0500] {dag.py:3239} INFO - Sync 1 DAGs
[2024-12-17T20:54:56.466-0500] {logging_mixin.py:190} INFO - [2024-12-17T20:54:56.466-0500] {dag.py:4180} INFO - Setting next_dagrun for executing_python_operators_dag to 2024-12-17 00:00:00+00:00, run_after=2024-12-18 00:00:00+00:00
[2024-12-17T20:54:56.471-0500] {processor.py:208} INFO - Processing /Users/apple/airflow/dags/multiple_python_operator_dag.py took 0.122 seconds
[2024-12-17T21:28:32.290-0500] {processor.py:186} INFO - Started process (PID=91738) to work on /Users/apple/airflow/dags/multiple_python_operator_dag.py
[2024-12-17T21:28:32.290-0500] {processor.py:914} INFO - Processing file /Users/apple/airflow/dags/multiple_python_operator_dag.py for tasks to queue
[2024-12-17T21:28:32.291-0500] {logging_mixin.py:190} INFO - [2024-12-17T21:28:32.291-0500] {dagbag.py:588} INFO - Filling up the DagBag from /Users/apple/airflow/dags/multiple_python_operator_dag.py
[2024-12-17T21:28:32.320-0500] {processor.py:925} INFO - DAG(s) 'executing_python_operators_dag' retrieved from /Users/apple/airflow/dags/multiple_python_operator_dag.py
[2024-12-17T21:28:32.354-0500] {logging_mixin.py:190} INFO - [2024-12-17T21:28:32.353-0500] {dag.py:3239} INFO - Sync 1 DAGs
[2024-12-17T21:28:32.360-0500] {logging_mixin.py:190} INFO - [2024-12-17T21:28:32.359-0500] {dag.py:4180} INFO - Setting next_dagrun for executing_python_operators_dag to 2024-12-17 00:00:00+00:00, run_after=2024-12-18 00:00:00+00:00
[2024-12-17T21:28:32.365-0500] {processor.py:208} INFO - Processing /Users/apple/airflow/dags/multiple_python_operator_dag.py took 0.076 seconds
[2024-12-17T21:55:56.970-0500] {processor.py:186} INFO - Started process (PID=91811) to work on /Users/apple/airflow/dags/multiple_python_operator_dag.py
[2024-12-17T21:55:56.970-0500] {processor.py:914} INFO - Processing file /Users/apple/airflow/dags/multiple_python_operator_dag.py for tasks to queue
[2024-12-17T21:55:56.971-0500] {logging_mixin.py:190} INFO - [2024-12-17T21:55:56.971-0500] {dagbag.py:588} INFO - Filling up the DagBag from /Users/apple/airflow/dags/multiple_python_operator_dag.py
[2024-12-17T21:55:57.009-0500] {processor.py:925} INFO - DAG(s) 'executing_python_operators_dag' retrieved from /Users/apple/airflow/dags/multiple_python_operator_dag.py
[2024-12-17T21:55:57.046-0500] {logging_mixin.py:190} INFO - [2024-12-17T21:55:57.046-0500] {dag.py:3239} INFO - Sync 1 DAGs
[2024-12-17T21:55:57.053-0500] {logging_mixin.py:190} INFO - [2024-12-17T21:55:57.053-0500] {dag.py:4180} INFO - Setting next_dagrun for executing_python_operators_dag to 2024-12-17 00:00:00+00:00, run_after=2024-12-18 00:00:00+00:00
[2024-12-17T21:55:57.060-0500] {processor.py:208} INFO - Processing /Users/apple/airflow/dags/multiple_python_operator_dag.py took 0.091 seconds
[2024-12-17T22:29:08.400-0500] {processor.py:186} INFO - Started process (PID=91977) to work on /Users/apple/airflow/dags/multiple_python_operator_dag.py
[2024-12-17T22:29:08.401-0500] {processor.py:914} INFO - Processing file /Users/apple/airflow/dags/multiple_python_operator_dag.py for tasks to queue
[2024-12-17T22:29:08.401-0500] {logging_mixin.py:190} INFO - [2024-12-17T22:29:08.401-0500] {dagbag.py:588} INFO - Filling up the DagBag from /Users/apple/airflow/dags/multiple_python_operator_dag.py
[2024-12-17T22:29:08.432-0500] {processor.py:925} INFO - DAG(s) 'executing_python_operators_dag' retrieved from /Users/apple/airflow/dags/multiple_python_operator_dag.py
[2024-12-17T22:29:08.464-0500] {logging_mixin.py:190} INFO - [2024-12-17T22:29:08.464-0500] {dag.py:3239} INFO - Sync 1 DAGs
[2024-12-17T22:29:08.470-0500] {logging_mixin.py:190} INFO - [2024-12-17T22:29:08.470-0500] {dag.py:4180} INFO - Setting next_dagrun for executing_python_operators_dag to 2024-12-17 00:00:00+00:00, run_after=2024-12-18 00:00:00+00:00
[2024-12-17T22:29:08.475-0500] {processor.py:208} INFO - Processing /Users/apple/airflow/dags/multiple_python_operator_dag.py took 0.076 seconds
[2024-12-17T22:56:57.310-0500] {processor.py:186} INFO - Started process (PID=92087) to work on /Users/apple/airflow/dags/multiple_python_operator_dag.py
[2024-12-17T22:56:57.311-0500] {processor.py:914} INFO - Processing file /Users/apple/airflow/dags/multiple_python_operator_dag.py for tasks to queue
[2024-12-17T22:56:57.311-0500] {logging_mixin.py:190} INFO - [2024-12-17T22:56:57.311-0500] {dagbag.py:588} INFO - Filling up the DagBag from /Users/apple/airflow/dags/multiple_python_operator_dag.py
[2024-12-17T22:56:57.341-0500] {processor.py:925} INFO - DAG(s) 'executing_python_operators_dag' retrieved from /Users/apple/airflow/dags/multiple_python_operator_dag.py
[2024-12-17T22:56:57.374-0500] {logging_mixin.py:190} INFO - [2024-12-17T22:56:57.374-0500] {dag.py:3239} INFO - Sync 1 DAGs
[2024-12-17T22:56:57.380-0500] {logging_mixin.py:190} INFO - [2024-12-17T22:56:57.380-0500] {dag.py:4180} INFO - Setting next_dagrun for executing_python_operators_dag to 2024-12-17 00:00:00+00:00, run_after=2024-12-18 00:00:00+00:00
[2024-12-17T22:56:57.387-0500] {processor.py:208} INFO - Processing /Users/apple/airflow/dags/multiple_python_operator_dag.py took 0.078 seconds
[2024-12-17T23:29:02.215-0500] {processor.py:186} INFO - Started process (PID=92223) to work on /Users/apple/airflow/dags/multiple_python_operator_dag.py
[2024-12-17T23:29:02.215-0500] {processor.py:914} INFO - Processing file /Users/apple/airflow/dags/multiple_python_operator_dag.py for tasks to queue
[2024-12-17T23:29:02.216-0500] {logging_mixin.py:190} INFO - [2024-12-17T23:29:02.215-0500] {dagbag.py:588} INFO - Filling up the DagBag from /Users/apple/airflow/dags/multiple_python_operator_dag.py
[2024-12-17T23:29:02.246-0500] {processor.py:925} INFO - DAG(s) 'executing_python_operators_dag' retrieved from /Users/apple/airflow/dags/multiple_python_operator_dag.py
[2024-12-17T23:29:02.279-0500] {logging_mixin.py:190} INFO - [2024-12-17T23:29:02.279-0500] {dag.py:3239} INFO - Sync 1 DAGs
[2024-12-17T23:29:02.285-0500] {logging_mixin.py:190} INFO - [2024-12-17T23:29:02.285-0500] {dag.py:4180} INFO - Setting next_dagrun for executing_python_operators_dag to 2024-12-17 00:00:00+00:00, run_after=2024-12-18 00:00:00+00:00
[2024-12-17T23:29:02.292-0500] {processor.py:208} INFO - Processing /Users/apple/airflow/dags/multiple_python_operator_dag.py took 0.079 seconds
[2024-12-17T23:34:28.292-0500] {processor.py:186} INFO - Started process (PID=92372) to work on /Users/apple/airflow/dags/multiple_python_operator_dag.py
[2024-12-17T23:34:28.293-0500] {processor.py:914} INFO - Processing file /Users/apple/airflow/dags/multiple_python_operator_dag.py for tasks to queue
[2024-12-17T23:34:28.293-0500] {logging_mixin.py:190} INFO - [2024-12-17T23:34:28.293-0500] {dagbag.py:588} INFO - Filling up the DagBag from /Users/apple/airflow/dags/multiple_python_operator_dag.py
[2024-12-17T23:34:28.322-0500] {processor.py:925} INFO - DAG(s) 'executing_python_operators_dag' retrieved from /Users/apple/airflow/dags/multiple_python_operator_dag.py
[2024-12-17T23:34:28.354-0500] {logging_mixin.py:190} INFO - [2024-12-17T23:34:28.354-0500] {dag.py:3239} INFO - Sync 1 DAGs
[2024-12-17T23:34:28.360-0500] {logging_mixin.py:190} INFO - [2024-12-17T23:34:28.360-0500] {dag.py:4180} INFO - Setting next_dagrun for executing_python_operators_dag to 2024-12-17 00:00:00+00:00, run_after=2024-12-18 00:00:00+00:00
[2024-12-17T23:34:28.366-0500] {processor.py:208} INFO - Processing /Users/apple/airflow/dags/multiple_python_operator_dag.py took 0.075 seconds
[2024-12-17T23:42:18.134-0500] {processor.py:186} INFO - Started process (PID=92460) to work on /Users/apple/airflow/dags/multiple_python_operator_dag.py
[2024-12-17T23:42:18.135-0500] {processor.py:914} INFO - Processing file /Users/apple/airflow/dags/multiple_python_operator_dag.py for tasks to queue
[2024-12-17T23:42:18.135-0500] {logging_mixin.py:190} INFO - [2024-12-17T23:42:18.135-0500] {dagbag.py:588} INFO - Filling up the DagBag from /Users/apple/airflow/dags/multiple_python_operator_dag.py
[2024-12-17T23:42:18.164-0500] {processor.py:925} INFO - DAG(s) 'executing_python_operators_dag' retrieved from /Users/apple/airflow/dags/multiple_python_operator_dag.py
[2024-12-17T23:42:18.196-0500] {logging_mixin.py:190} INFO - [2024-12-17T23:42:18.196-0500] {dag.py:3239} INFO - Sync 1 DAGs
[2024-12-17T23:42:18.202-0500] {logging_mixin.py:190} INFO - [2024-12-17T23:42:18.202-0500] {dag.py:4180} INFO - Setting next_dagrun for executing_python_operators_dag to 2024-12-17 00:00:00+00:00, run_after=2024-12-18 00:00:00+00:00
[2024-12-17T23:42:18.207-0500] {processor.py:208} INFO - Processing /Users/apple/airflow/dags/multiple_python_operator_dag.py took 0.075 seconds
[2024-12-17T23:57:31.722-0500] {processor.py:186} INFO - Started process (PID=92564) to work on /Users/apple/airflow/dags/multiple_python_operator_dag.py
[2024-12-17T23:57:31.722-0500] {processor.py:914} INFO - Processing file /Users/apple/airflow/dags/multiple_python_operator_dag.py for tasks to queue
[2024-12-17T23:57:31.723-0500] {logging_mixin.py:190} INFO - [2024-12-17T23:57:31.723-0500] {dagbag.py:588} INFO - Filling up the DagBag from /Users/apple/airflow/dags/multiple_python_operator_dag.py
[2024-12-17T23:57:31.753-0500] {processor.py:925} INFO - DAG(s) 'executing_python_operators_dag' retrieved from /Users/apple/airflow/dags/multiple_python_operator_dag.py
[2024-12-17T23:57:31.786-0500] {logging_mixin.py:190} INFO - [2024-12-17T23:57:31.786-0500] {dag.py:3239} INFO - Sync 1 DAGs
[2024-12-17T23:57:31.792-0500] {logging_mixin.py:190} INFO - [2024-12-17T23:57:31.792-0500] {dag.py:4180} INFO - Setting next_dagrun for executing_python_operators_dag to 2024-12-17 00:00:00+00:00, run_after=2024-12-18 00:00:00+00:00
[2024-12-17T23:57:31.800-0500] {processor.py:208} INFO - Processing /Users/apple/airflow/dags/multiple_python_operator_dag.py took 0.079 seconds
[2024-12-18T00:29:38.654-0500] {processor.py:186} INFO - Started process (PID=92748) to work on /Users/apple/airflow/dags/multiple_python_operator_dag.py
[2024-12-18T00:29:38.655-0500] {processor.py:914} INFO - Processing file /Users/apple/airflow/dags/multiple_python_operator_dag.py for tasks to queue
[2024-12-18T00:29:38.655-0500] {logging_mixin.py:190} INFO - [2024-12-18T00:29:38.655-0500] {dagbag.py:588} INFO - Filling up the DagBag from /Users/apple/airflow/dags/multiple_python_operator_dag.py
[2024-12-18T00:29:38.686-0500] {processor.py:925} INFO - DAG(s) 'executing_python_operators_dag' retrieved from /Users/apple/airflow/dags/multiple_python_operator_dag.py
[2024-12-18T00:29:38.719-0500] {logging_mixin.py:190} INFO - [2024-12-18T00:29:38.718-0500] {dag.py:3239} INFO - Sync 1 DAGs
[2024-12-18T00:29:38.724-0500] {logging_mixin.py:190} INFO - [2024-12-18T00:29:38.724-0500] {dag.py:4180} INFO - Setting next_dagrun for executing_python_operators_dag to 2024-12-17 00:00:00+00:00, run_after=2024-12-18 00:00:00+00:00
[2024-12-18T00:29:38.731-0500] {processor.py:208} INFO - Processing /Users/apple/airflow/dags/multiple_python_operator_dag.py took 0.078 seconds
[2024-12-18T00:58:25.927-0500] {processor.py:186} INFO - Started process (PID=92851) to work on /Users/apple/airflow/dags/multiple_python_operator_dag.py
[2024-12-18T00:58:25.927-0500] {processor.py:914} INFO - Processing file /Users/apple/airflow/dags/multiple_python_operator_dag.py for tasks to queue
[2024-12-18T00:58:25.928-0500] {logging_mixin.py:190} INFO - [2024-12-18T00:58:25.928-0500] {dagbag.py:588} INFO - Filling up the DagBag from /Users/apple/airflow/dags/multiple_python_operator_dag.py
[2024-12-18T00:58:25.958-0500] {processor.py:925} INFO - DAG(s) 'executing_python_operators_dag' retrieved from /Users/apple/airflow/dags/multiple_python_operator_dag.py
[2024-12-18T00:58:25.990-0500] {logging_mixin.py:190} INFO - [2024-12-18T00:58:25.990-0500] {dag.py:3239} INFO - Sync 1 DAGs
[2024-12-18T00:58:25.996-0500] {logging_mixin.py:190} INFO - [2024-12-18T00:58:25.996-0500] {dag.py:4180} INFO - Setting next_dagrun for executing_python_operators_dag to 2024-12-17 00:00:00+00:00, run_after=2024-12-18 00:00:00+00:00
[2024-12-18T00:58:26.002-0500] {processor.py:208} INFO - Processing /Users/apple/airflow/dags/multiple_python_operator_dag.py took 0.076 seconds
[2024-12-18T01:30:39.774-0500] {processor.py:186} INFO - Started process (PID=92992) to work on /Users/apple/airflow/dags/multiple_python_operator_dag.py
[2024-12-18T01:30:39.775-0500] {processor.py:914} INFO - Processing file /Users/apple/airflow/dags/multiple_python_operator_dag.py for tasks to queue
[2024-12-18T01:30:39.775-0500] {logging_mixin.py:190} INFO - [2024-12-18T01:30:39.775-0500] {dagbag.py:588} INFO - Filling up the DagBag from /Users/apple/airflow/dags/multiple_python_operator_dag.py
[2024-12-18T01:30:39.805-0500] {processor.py:925} INFO - DAG(s) 'executing_python_operators_dag' retrieved from /Users/apple/airflow/dags/multiple_python_operator_dag.py
[2024-12-18T01:30:39.838-0500] {logging_mixin.py:190} INFO - [2024-12-18T01:30:39.838-0500] {dag.py:3239} INFO - Sync 1 DAGs
[2024-12-18T01:30:39.844-0500] {logging_mixin.py:190} INFO - [2024-12-18T01:30:39.844-0500] {dag.py:4180} INFO - Setting next_dagrun for executing_python_operators_dag to 2024-12-17 00:00:00+00:00, run_after=2024-12-18 00:00:00+00:00
[2024-12-18T01:30:39.851-0500] {processor.py:208} INFO - Processing /Users/apple/airflow/dags/multiple_python_operator_dag.py took 0.078 seconds
[2024-12-18T02:03:13.712-0500] {processor.py:186} INFO - Started process (PID=93088) to work on /Users/apple/airflow/dags/multiple_python_operator_dag.py
[2024-12-18T02:03:13.712-0500] {processor.py:914} INFO - Processing file /Users/apple/airflow/dags/multiple_python_operator_dag.py for tasks to queue
[2024-12-18T02:03:13.712-0500] {logging_mixin.py:190} INFO - [2024-12-18T02:03:13.712-0500] {dagbag.py:588} INFO - Filling up the DagBag from /Users/apple/airflow/dags/multiple_python_operator_dag.py
[2024-12-18T02:03:13.742-0500] {processor.py:925} INFO - DAG(s) 'executing_python_operators_dag' retrieved from /Users/apple/airflow/dags/multiple_python_operator_dag.py
[2024-12-18T02:03:13.775-0500] {logging_mixin.py:190} INFO - [2024-12-18T02:03:13.775-0500] {dag.py:3239} INFO - Sync 1 DAGs
[2024-12-18T02:03:13.781-0500] {logging_mixin.py:190} INFO - [2024-12-18T02:03:13.781-0500] {dag.py:4180} INFO - Setting next_dagrun for executing_python_operators_dag to 2024-12-17 00:00:00+00:00, run_after=2024-12-18 00:00:00+00:00
[2024-12-18T02:03:13.788-0500] {processor.py:208} INFO - Processing /Users/apple/airflow/dags/multiple_python_operator_dag.py took 0.078 seconds
[2024-12-18T02:37:45.228-0500] {processor.py:186} INFO - Started process (PID=93175) to work on /Users/apple/airflow/dags/multiple_python_operator_dag.py
[2024-12-18T02:37:45.228-0500] {processor.py:914} INFO - Processing file /Users/apple/airflow/dags/multiple_python_operator_dag.py for tasks to queue
[2024-12-18T02:37:45.229-0500] {logging_mixin.py:190} INFO - [2024-12-18T02:37:45.228-0500] {dagbag.py:588} INFO - Filling up the DagBag from /Users/apple/airflow/dags/multiple_python_operator_dag.py
[2024-12-18T02:37:45.259-0500] {processor.py:925} INFO - DAG(s) 'executing_python_operators_dag' retrieved from /Users/apple/airflow/dags/multiple_python_operator_dag.py
[2024-12-18T02:37:45.291-0500] {logging_mixin.py:190} INFO - [2024-12-18T02:37:45.291-0500] {dag.py:3239} INFO - Sync 1 DAGs
[2024-12-18T02:37:45.297-0500] {logging_mixin.py:190} INFO - [2024-12-18T02:37:45.297-0500] {dag.py:4180} INFO - Setting next_dagrun for executing_python_operators_dag to 2024-12-17 00:00:00+00:00, run_after=2024-12-18 00:00:00+00:00
[2024-12-18T02:37:45.302-0500] {processor.py:208} INFO - Processing /Users/apple/airflow/dags/multiple_python_operator_dag.py took 0.075 seconds
[2024-12-18T02:55:03.424-0500] {processor.py:186} INFO - Started process (PID=93250) to work on /Users/apple/airflow/dags/multiple_python_operator_dag.py
[2024-12-18T02:55:03.425-0500] {processor.py:914} INFO - Processing file /Users/apple/airflow/dags/multiple_python_operator_dag.py for tasks to queue
[2024-12-18T02:55:03.425-0500] {logging_mixin.py:190} INFO - [2024-12-18T02:55:03.425-0500] {dagbag.py:588} INFO - Filling up the DagBag from /Users/apple/airflow/dags/multiple_python_operator_dag.py
[2024-12-18T02:55:03.455-0500] {processor.py:925} INFO - DAG(s) 'executing_python_operators_dag' retrieved from /Users/apple/airflow/dags/multiple_python_operator_dag.py
[2024-12-18T02:55:03.486-0500] {logging_mixin.py:190} INFO - [2024-12-18T02:55:03.486-0500] {dag.py:3239} INFO - Sync 1 DAGs
[2024-12-18T02:55:03.492-0500] {logging_mixin.py:190} INFO - [2024-12-18T02:55:03.492-0500] {dag.py:4180} INFO - Setting next_dagrun for executing_python_operators_dag to 2024-12-17 00:00:00+00:00, run_after=2024-12-18 00:00:00+00:00
[2024-12-18T03:12:18.343-0500] {processor.py:208} INFO - Processing /Users/apple/airflow/dags/multiple_python_operator_dag.py took 0.232 seconds
[2024-12-18T03:44:15.631-0500] {processor.py:186} INFO - Started process (PID=93332) to work on /Users/apple/airflow/dags/multiple_python_operator_dag.py
[2024-12-18T03:44:15.632-0500] {processor.py:914} INFO - Processing file /Users/apple/airflow/dags/multiple_python_operator_dag.py for tasks to queue
[2024-12-18T03:44:15.632-0500] {logging_mixin.py:190} INFO - [2024-12-18T03:44:15.632-0500] {dagbag.py:588} INFO - Filling up the DagBag from /Users/apple/airflow/dags/multiple_python_operator_dag.py
[2024-12-18T03:44:15.661-0500] {processor.py:925} INFO - DAG(s) 'executing_python_operators_dag' retrieved from /Users/apple/airflow/dags/multiple_python_operator_dag.py
[2024-12-18T03:44:15.723-0500] {logging_mixin.py:190} INFO - [2024-12-18T03:44:15.722-0500] {dag.py:3239} INFO - Sync 1 DAGs
[2024-12-18T03:44:15.729-0500] {logging_mixin.py:190} INFO - [2024-12-18T03:44:15.728-0500] {dag.py:4180} INFO - Setting next_dagrun for executing_python_operators_dag to 2024-12-17 00:00:00+00:00, run_after=2024-12-18 00:00:00+00:00
[2024-12-18T03:44:15.734-0500] {processor.py:208} INFO - Processing /Users/apple/airflow/dags/multiple_python_operator_dag.py took 0.104 seconds
[2024-12-18T04:16:36.455-0500] {processor.py:186} INFO - Started process (PID=93466) to work on /Users/apple/airflow/dags/multiple_python_operator_dag.py
[2024-12-18T04:16:36.455-0500] {processor.py:914} INFO - Processing file /Users/apple/airflow/dags/multiple_python_operator_dag.py for tasks to queue
[2024-12-18T04:16:36.456-0500] {logging_mixin.py:190} INFO - [2024-12-18T04:16:36.456-0500] {dagbag.py:588} INFO - Filling up the DagBag from /Users/apple/airflow/dags/multiple_python_operator_dag.py
[2024-12-18T04:16:36.487-0500] {processor.py:925} INFO - DAG(s) 'executing_python_operators_dag' retrieved from /Users/apple/airflow/dags/multiple_python_operator_dag.py
[2024-12-18T04:16:36.520-0500] {logging_mixin.py:190} INFO - [2024-12-18T04:16:36.520-0500] {dag.py:3239} INFO - Sync 1 DAGs
[2024-12-18T04:16:36.526-0500] {logging_mixin.py:190} INFO - [2024-12-18T04:16:36.526-0500] {dag.py:4180} INFO - Setting next_dagrun for executing_python_operators_dag to 2024-12-17 00:00:00+00:00, run_after=2024-12-18 00:00:00+00:00
[2024-12-18T04:16:36.531-0500] {processor.py:208} INFO - Processing /Users/apple/airflow/dags/multiple_python_operator_dag.py took 0.078 seconds
[2024-12-18T04:49:07.458-0500] {processor.py:186} INFO - Started process (PID=93557) to work on /Users/apple/airflow/dags/multiple_python_operator_dag.py
[2024-12-18T04:49:07.459-0500] {processor.py:914} INFO - Processing file /Users/apple/airflow/dags/multiple_python_operator_dag.py for tasks to queue
[2024-12-18T04:49:07.459-0500] {logging_mixin.py:190} INFO - [2024-12-18T04:49:07.459-0500] {dagbag.py:588} INFO - Filling up the DagBag from /Users/apple/airflow/dags/multiple_python_operator_dag.py
[2024-12-18T04:49:07.489-0500] {processor.py:925} INFO - DAG(s) 'executing_python_operators_dag' retrieved from /Users/apple/airflow/dags/multiple_python_operator_dag.py
[2024-12-18T04:49:07.521-0500] {logging_mixin.py:190} INFO - [2024-12-18T04:49:07.521-0500] {dag.py:3239} INFO - Sync 1 DAGs
[2024-12-18T04:49:07.527-0500] {logging_mixin.py:190} INFO - [2024-12-18T04:49:07.527-0500] {dag.py:4180} INFO - Setting next_dagrun for executing_python_operators_dag to 2024-12-17 00:00:00+00:00, run_after=2024-12-18 00:00:00+00:00
[2024-12-18T04:49:07.534-0500] {processor.py:208} INFO - Processing /Users/apple/airflow/dags/multiple_python_operator_dag.py took 0.077 seconds
[2024-12-18T05:21:29.353-0500] {processor.py:186} INFO - Started process (PID=93651) to work on /Users/apple/airflow/dags/multiple_python_operator_dag.py
[2024-12-18T05:21:29.353-0500] {processor.py:914} INFO - Processing file /Users/apple/airflow/dags/multiple_python_operator_dag.py for tasks to queue
[2024-12-18T05:21:29.354-0500] {logging_mixin.py:190} INFO - [2024-12-18T05:21:29.354-0500] {dagbag.py:588} INFO - Filling up the DagBag from /Users/apple/airflow/dags/multiple_python_operator_dag.py
[2024-12-18T05:21:29.384-0500] {processor.py:925} INFO - DAG(s) 'executing_python_operators_dag' retrieved from /Users/apple/airflow/dags/multiple_python_operator_dag.py
[2024-12-18T05:21:29.416-0500] {logging_mixin.py:190} INFO - [2024-12-18T05:21:29.416-0500] {dag.py:3239} INFO - Sync 1 DAGs
[2024-12-18T05:21:29.422-0500] {logging_mixin.py:190} INFO - [2024-12-18T05:21:29.422-0500] {dag.py:4180} INFO - Setting next_dagrun for executing_python_operators_dag to 2024-12-17 00:00:00+00:00, run_after=2024-12-18 00:00:00+00:00
[2024-12-18T05:21:29.428-0500] {processor.py:208} INFO - Processing /Users/apple/airflow/dags/multiple_python_operator_dag.py took 0.076 seconds
[2024-12-18T05:37:06.369-0500] {processor.py:186} INFO - Started process (PID=93733) to work on /Users/apple/airflow/dags/multiple_python_operator_dag.py
[2024-12-18T05:37:06.370-0500] {processor.py:914} INFO - Processing file /Users/apple/airflow/dags/multiple_python_operator_dag.py for tasks to queue
[2024-12-18T05:37:06.370-0500] {logging_mixin.py:190} INFO - [2024-12-18T05:37:06.370-0500] {dagbag.py:588} INFO - Filling up the DagBag from /Users/apple/airflow/dags/multiple_python_operator_dag.py
[2024-12-18T05:37:06.400-0500] {processor.py:925} INFO - DAG(s) 'executing_python_operators_dag' retrieved from /Users/apple/airflow/dags/multiple_python_operator_dag.py
[2024-12-18T05:37:06.433-0500] {logging_mixin.py:190} INFO - [2024-12-18T05:37:06.433-0500] {dag.py:3239} INFO - Sync 1 DAGs
[2024-12-18T05:37:06.439-0500] {logging_mixin.py:190} INFO - [2024-12-18T05:37:06.439-0500] {dag.py:4180} INFO - Setting next_dagrun for executing_python_operators_dag to 2024-12-17 00:00:00+00:00, run_after=2024-12-18 00:00:00+00:00
[2024-12-18T05:37:06.446-0500] {processor.py:208} INFO - Processing /Users/apple/airflow/dags/multiple_python_operator_dag.py took 0.078 seconds
[2024-12-18T06:09:30.022-0500] {processor.py:186} INFO - Started process (PID=93805) to work on /Users/apple/airflow/dags/multiple_python_operator_dag.py
[2024-12-18T06:09:30.022-0500] {processor.py:914} INFO - Processing file /Users/apple/airflow/dags/multiple_python_operator_dag.py for tasks to queue
[2024-12-18T06:09:30.023-0500] {logging_mixin.py:190} INFO - [2024-12-18T06:09:30.023-0500] {dagbag.py:588} INFO - Filling up the DagBag from /Users/apple/airflow/dags/multiple_python_operator_dag.py
[2024-12-18T06:09:30.052-0500] {processor.py:925} INFO - DAG(s) 'executing_python_operators_dag' retrieved from /Users/apple/airflow/dags/multiple_python_operator_dag.py
[2024-12-18T06:09:30.083-0500] {logging_mixin.py:190} INFO - [2024-12-18T06:09:30.083-0500] {dag.py:3239} INFO - Sync 1 DAGs
[2024-12-18T06:09:30.089-0500] {logging_mixin.py:190} INFO - [2024-12-18T06:09:30.089-0500] {dag.py:4180} INFO - Setting next_dagrun for executing_python_operators_dag to 2024-12-17 00:00:00+00:00, run_after=2024-12-18 00:00:00+00:00
[2024-12-18T06:09:30.095-0500] {processor.py:208} INFO - Processing /Users/apple/airflow/dags/multiple_python_operator_dag.py took 0.074 seconds
[2024-12-18T06:41:45.789-0500] {processor.py:186} INFO - Started process (PID=93890) to work on /Users/apple/airflow/dags/multiple_python_operator_dag.py
[2024-12-18T06:41:45.792-0500] {processor.py:914} INFO - Processing file /Users/apple/airflow/dags/multiple_python_operator_dag.py for tasks to queue
[2024-12-18T06:41:45.792-0500] {logging_mixin.py:190} INFO - [2024-12-18T06:41:45.792-0500] {dagbag.py:588} INFO - Filling up the DagBag from /Users/apple/airflow/dags/multiple_python_operator_dag.py
[2024-12-18T06:41:45.827-0500] {processor.py:925} INFO - DAG(s) 'executing_python_operators_dag' retrieved from /Users/apple/airflow/dags/multiple_python_operator_dag.py
[2024-12-18T06:41:45.862-0500] {logging_mixin.py:190} INFO - [2024-12-18T06:41:45.861-0500] {dag.py:3239} INFO - Sync 1 DAGs
[2024-12-18T06:41:45.869-0500] {logging_mixin.py:190} INFO - [2024-12-18T06:41:45.869-0500] {dag.py:4180} INFO - Setting next_dagrun for executing_python_operators_dag to 2024-12-17 00:00:00+00:00, run_after=2024-12-18 00:00:00+00:00
[2024-12-18T06:41:45.875-0500] {processor.py:208} INFO - Processing /Users/apple/airflow/dags/multiple_python_operator_dag.py took 0.087 seconds
[2024-12-18T07:16:19.372-0500] {processor.py:186} INFO - Started process (PID=93974) to work on /Users/apple/airflow/dags/multiple_python_operator_dag.py
[2024-12-18T07:16:19.374-0500] {processor.py:914} INFO - Processing file /Users/apple/airflow/dags/multiple_python_operator_dag.py for tasks to queue
[2024-12-18T07:16:19.374-0500] {logging_mixin.py:190} INFO - [2024-12-18T07:16:19.374-0500] {dagbag.py:588} INFO - Filling up the DagBag from /Users/apple/airflow/dags/multiple_python_operator_dag.py
[2024-12-18T07:16:19.402-0500] {processor.py:925} INFO - DAG(s) 'executing_python_operators_dag' retrieved from /Users/apple/airflow/dags/multiple_python_operator_dag.py
[2024-12-18T07:16:19.434-0500] {logging_mixin.py:190} INFO - [2024-12-18T07:16:19.434-0500] {dag.py:3239} INFO - Sync 1 DAGs
[2024-12-18T07:16:19.440-0500] {logging_mixin.py:190} INFO - [2024-12-18T07:16:19.440-0500] {dag.py:4180} INFO - Setting next_dagrun for executing_python_operators_dag to 2024-12-17 00:00:00+00:00, run_after=2024-12-18 00:00:00+00:00
[2024-12-18T07:16:19.446-0500] {processor.py:208} INFO - Processing /Users/apple/airflow/dags/multiple_python_operator_dag.py took 0.075 seconds
[2024-12-18T07:29:14.025-0500] {processor.py:186} INFO - Started process (PID=94064) to work on /Users/apple/airflow/dags/multiple_python_operator_dag.py
[2024-12-18T07:29:14.026-0500] {processor.py:914} INFO - Processing file /Users/apple/airflow/dags/multiple_python_operator_dag.py for tasks to queue
[2024-12-18T07:29:14.026-0500] {logging_mixin.py:190} INFO - [2024-12-18T07:29:14.026-0500] {dagbag.py:588} INFO - Filling up the DagBag from /Users/apple/airflow/dags/multiple_python_operator_dag.py
[2024-12-18T07:29:14.056-0500] {processor.py:925} INFO - DAG(s) 'executing_python_operators_dag' retrieved from /Users/apple/airflow/dags/multiple_python_operator_dag.py
[2024-12-18T07:29:14.087-0500] {logging_mixin.py:190} INFO - [2024-12-18T07:29:14.087-0500] {dag.py:3239} INFO - Sync 1 DAGs
[2024-12-18T07:29:14.093-0500] {logging_mixin.py:190} INFO - [2024-12-18T07:29:14.093-0500] {dag.py:4180} INFO - Setting next_dagrun for executing_python_operators_dag to 2024-12-17 00:00:00+00:00, run_after=2024-12-18 00:00:00+00:00
[2024-12-18T07:29:14.099-0500] {processor.py:208} INFO - Processing /Users/apple/airflow/dags/multiple_python_operator_dag.py took 0.075 seconds
[2024-12-18T07:35:00.240-0500] {processor.py:186} INFO - Started process (PID=94162) to work on /Users/apple/airflow/dags/multiple_python_operator_dag.py
[2024-12-18T07:35:00.241-0500] {processor.py:914} INFO - Processing file /Users/apple/airflow/dags/multiple_python_operator_dag.py for tasks to queue
[2024-12-18T07:35:00.242-0500] {logging_mixin.py:190} INFO - [2024-12-18T07:35:00.241-0500] {dagbag.py:588} INFO - Filling up the DagBag from /Users/apple/airflow/dags/multiple_python_operator_dag.py
[2024-12-18T07:35:00.274-0500] {processor.py:925} INFO - DAG(s) 'executing_python_operators_dag' retrieved from /Users/apple/airflow/dags/multiple_python_operator_dag.py
[2024-12-18T07:35:00.306-0500] {logging_mixin.py:190} INFO - [2024-12-18T07:35:00.306-0500] {dag.py:3239} INFO - Sync 1 DAGs
[2024-12-18T07:35:00.312-0500] {logging_mixin.py:190} INFO - [2024-12-18T07:35:00.312-0500] {dag.py:4180} INFO - Setting next_dagrun for executing_python_operators_dag to 2024-12-17 00:00:00+00:00, run_after=2024-12-18 00:00:00+00:00
[2024-12-18T07:35:00.317-0500] {processor.py:208} INFO - Processing /Users/apple/airflow/dags/multiple_python_operator_dag.py took 0.078 seconds
[2024-12-18T08:09:42.590-0500] {processor.py:186} INFO - Started process (PID=94250) to work on /Users/apple/airflow/dags/multiple_python_operator_dag.py
[2024-12-18T08:09:42.591-0500] {processor.py:914} INFO - Processing file /Users/apple/airflow/dags/multiple_python_operator_dag.py for tasks to queue
[2024-12-18T08:09:42.591-0500] {logging_mixin.py:190} INFO - [2024-12-18T08:09:42.591-0500] {dagbag.py:588} INFO - Filling up the DagBag from /Users/apple/airflow/dags/multiple_python_operator_dag.py
[2024-12-18T08:09:42.621-0500] {processor.py:925} INFO - DAG(s) 'executing_python_operators_dag' retrieved from /Users/apple/airflow/dags/multiple_python_operator_dag.py
[2024-12-18T08:09:42.653-0500] {logging_mixin.py:190} INFO - [2024-12-18T08:09:42.653-0500] {dag.py:3239} INFO - Sync 1 DAGs
[2024-12-18T08:09:42.659-0500] {logging_mixin.py:190} INFO - [2024-12-18T08:09:42.659-0500] {dag.py:4180} INFO - Setting next_dagrun for executing_python_operators_dag to 2024-12-17 00:00:00+00:00, run_after=2024-12-18 00:00:00+00:00
[2024-12-18T08:09:42.664-0500] {processor.py:208} INFO - Processing /Users/apple/airflow/dags/multiple_python_operator_dag.py took 0.075 seconds
[2024-12-18T08:10:31.139-0500] {processor.py:186} INFO - Started process (PID=94326) to work on /Users/apple/airflow/dags/multiple_python_operator_dag.py
[2024-12-18T08:10:31.139-0500] {processor.py:914} INFO - Processing file /Users/apple/airflow/dags/multiple_python_operator_dag.py for tasks to queue
[2024-12-18T08:10:31.140-0500] {logging_mixin.py:190} INFO - [2024-12-18T08:10:31.140-0500] {dagbag.py:588} INFO - Filling up the DagBag from /Users/apple/airflow/dags/multiple_python_operator_dag.py
[2024-12-18T08:10:31.169-0500] {processor.py:925} INFO - DAG(s) 'executing_python_operators_dag' retrieved from /Users/apple/airflow/dags/multiple_python_operator_dag.py
[2024-12-18T08:10:31.201-0500] {logging_mixin.py:190} INFO - [2024-12-18T08:10:31.201-0500] {dag.py:3239} INFO - Sync 1 DAGs
[2024-12-18T08:10:31.207-0500] {logging_mixin.py:190} INFO - [2024-12-18T08:10:31.207-0500] {dag.py:4180} INFO - Setting next_dagrun for executing_python_operators_dag to 2024-12-17 00:00:00+00:00, run_after=2024-12-18 00:00:00+00:00
[2024-12-18T08:10:31.212-0500] {processor.py:208} INFO - Processing /Users/apple/airflow/dags/multiple_python_operator_dag.py took 0.075 seconds
[2024-12-18T08:27:49.412-0500] {processor.py:186} INFO - Started process (PID=94421) to work on /Users/apple/airflow/dags/multiple_python_operator_dag.py
[2024-12-18T08:27:49.413-0500] {processor.py:914} INFO - Processing file /Users/apple/airflow/dags/multiple_python_operator_dag.py for tasks to queue
[2024-12-18T08:27:49.413-0500] {logging_mixin.py:190} INFO - [2024-12-18T08:27:49.413-0500] {dagbag.py:588} INFO - Filling up the DagBag from /Users/apple/airflow/dags/multiple_python_operator_dag.py
[2024-12-18T08:27:49.443-0500] {processor.py:925} INFO - DAG(s) 'executing_python_operators_dag' retrieved from /Users/apple/airflow/dags/multiple_python_operator_dag.py
[2024-12-18T08:27:49.475-0500] {logging_mixin.py:190} INFO - [2024-12-18T08:27:49.475-0500] {dag.py:3239} INFO - Sync 1 DAGs
[2024-12-18T08:27:49.480-0500] {logging_mixin.py:190} INFO - [2024-12-18T08:27:49.480-0500] {dag.py:4180} INFO - Setting next_dagrun for executing_python_operators_dag to 2024-12-17 00:00:00+00:00, run_after=2024-12-18 00:00:00+00:00
[2024-12-18T08:27:49.486-0500] {processor.py:208} INFO - Processing /Users/apple/airflow/dags/multiple_python_operator_dag.py took 0.075 seconds
[2024-12-18T08:45:58.071-0500] {processor.py:186} INFO - Started process (PID=94536) to work on /Users/apple/airflow/dags/multiple_python_operator_dag.py
[2024-12-18T08:45:58.072-0500] {processor.py:914} INFO - Processing file /Users/apple/airflow/dags/multiple_python_operator_dag.py for tasks to queue
[2024-12-18T08:45:58.072-0500] {logging_mixin.py:190} INFO - [2024-12-18T08:45:58.072-0500] {dagbag.py:588} INFO - Filling up the DagBag from /Users/apple/airflow/dags/multiple_python_operator_dag.py
[2024-12-18T08:45:58.102-0500] {processor.py:925} INFO - DAG(s) 'executing_python_operators_dag' retrieved from /Users/apple/airflow/dags/multiple_python_operator_dag.py
[2024-12-18T08:45:58.140-0500] {logging_mixin.py:190} INFO - [2024-12-18T08:45:58.140-0500] {dag.py:3239} INFO - Sync 1 DAGs
[2024-12-18T08:45:58.148-0500] {logging_mixin.py:190} INFO - [2024-12-18T08:45:58.148-0500] {dag.py:4180} INFO - Setting next_dagrun for executing_python_operators_dag to 2024-12-17 00:00:00+00:00, run_after=2024-12-18 00:00:00+00:00
[2024-12-18T08:45:58.155-0500] {processor.py:208} INFO - Processing /Users/apple/airflow/dags/multiple_python_operator_dag.py took 0.085 seconds
[2024-12-18T09:21:16.114-0500] {processor.py:186} INFO - Started process (PID=94678) to work on /Users/apple/airflow/dags/multiple_python_operator_dag.py
[2024-12-18T09:21:16.115-0500] {processor.py:914} INFO - Processing file /Users/apple/airflow/dags/multiple_python_operator_dag.py for tasks to queue
[2024-12-18T09:21:16.116-0500] {logging_mixin.py:190} INFO - [2024-12-18T09:21:16.116-0500] {dagbag.py:588} INFO - Filling up the DagBag from /Users/apple/airflow/dags/multiple_python_operator_dag.py
[2024-12-18T09:21:16.151-0500] {processor.py:925} INFO - DAG(s) 'executing_python_operators_dag' retrieved from /Users/apple/airflow/dags/multiple_python_operator_dag.py
[2024-12-18T09:21:16.195-0500] {logging_mixin.py:190} INFO - [2024-12-18T09:21:16.195-0500] {dag.py:3239} INFO - Sync 1 DAGs
[2024-12-18T09:21:16.201-0500] {logging_mixin.py:190} INFO - [2024-12-18T09:21:16.201-0500] {dag.py:4180} INFO - Setting next_dagrun for executing_python_operators_dag to 2024-12-17 00:00:00+00:00, run_after=2024-12-18 00:00:00+00:00
[2024-12-18T09:21:16.207-0500] {processor.py:208} INFO - Processing /Users/apple/airflow/dags/multiple_python_operator_dag.py took 0.093 seconds
[2024-12-18T09:53:06.917-0500] {processor.py:186} INFO - Started process (PID=94770) to work on /Users/apple/airflow/dags/multiple_python_operator_dag.py
[2024-12-18T09:53:06.917-0500] {processor.py:914} INFO - Processing file /Users/apple/airflow/dags/multiple_python_operator_dag.py for tasks to queue
[2024-12-18T09:53:06.918-0500] {logging_mixin.py:190} INFO - [2024-12-18T09:53:06.918-0500] {dagbag.py:588} INFO - Filling up the DagBag from /Users/apple/airflow/dags/multiple_python_operator_dag.py
[2024-12-18T09:53:06.948-0500] {processor.py:925} INFO - DAG(s) 'executing_python_operators_dag' retrieved from /Users/apple/airflow/dags/multiple_python_operator_dag.py
[2024-12-18T09:53:06.980-0500] {logging_mixin.py:190} INFO - [2024-12-18T09:53:06.980-0500] {dag.py:3239} INFO - Sync 1 DAGs
[2024-12-18T09:53:06.986-0500] {logging_mixin.py:190} INFO - [2024-12-18T09:53:06.986-0500] {dag.py:4180} INFO - Setting next_dagrun for executing_python_operators_dag to 2024-12-17 00:00:00+00:00, run_after=2024-12-18 00:00:00+00:00
[2024-12-18T09:53:06.992-0500] {processor.py:208} INFO - Processing /Users/apple/airflow/dags/multiple_python_operator_dag.py took 0.076 seconds
[2024-12-18T10:26:33.004-0500] {processor.py:186} INFO - Started process (PID=94864) to work on /Users/apple/airflow/dags/multiple_python_operator_dag.py
[2024-12-18T10:26:33.005-0500] {processor.py:914} INFO - Processing file /Users/apple/airflow/dags/multiple_python_operator_dag.py for tasks to queue
[2024-12-18T10:26:33.005-0500] {logging_mixin.py:190} INFO - [2024-12-18T10:26:33.005-0500] {dagbag.py:588} INFO - Filling up the DagBag from /Users/apple/airflow/dags/multiple_python_operator_dag.py
[2024-12-18T10:26:33.035-0500] {processor.py:925} INFO - DAG(s) 'executing_python_operators_dag' retrieved from /Users/apple/airflow/dags/multiple_python_operator_dag.py
[2024-12-18T10:26:33.068-0500] {logging_mixin.py:190} INFO - [2024-12-18T10:26:33.067-0500] {dag.py:3239} INFO - Sync 1 DAGs
[2024-12-18T10:26:33.074-0500] {logging_mixin.py:190} INFO - [2024-12-18T10:26:33.074-0500] {dag.py:4180} INFO - Setting next_dagrun for executing_python_operators_dag to 2024-12-17 00:00:00+00:00, run_after=2024-12-18 00:00:00+00:00
[2024-12-18T10:26:33.081-0500] {processor.py:208} INFO - Processing /Users/apple/airflow/dags/multiple_python_operator_dag.py took 0.078 seconds
[2024-12-18T10:46:57.740-0500] {processor.py:186} INFO - Started process (PID=94944) to work on /Users/apple/airflow/dags/multiple_python_operator_dag.py
[2024-12-18T10:46:57.741-0500] {processor.py:914} INFO - Processing file /Users/apple/airflow/dags/multiple_python_operator_dag.py for tasks to queue
[2024-12-18T10:46:57.741-0500] {logging_mixin.py:190} INFO - [2024-12-18T10:46:57.741-0500] {dagbag.py:588} INFO - Filling up the DagBag from /Users/apple/airflow/dags/multiple_python_operator_dag.py
[2024-12-18T10:46:57.771-0500] {processor.py:925} INFO - DAG(s) 'executing_python_operators_dag' retrieved from /Users/apple/airflow/dags/multiple_python_operator_dag.py
[2024-12-18T10:46:57.803-0500] {logging_mixin.py:190} INFO - [2024-12-18T10:46:57.803-0500] {dag.py:3239} INFO - Sync 1 DAGs
[2024-12-18T10:46:57.809-0500] {logging_mixin.py:190} INFO - [2024-12-18T10:46:57.809-0500] {dag.py:4180} INFO - Setting next_dagrun for executing_python_operators_dag to 2024-12-17 00:00:00+00:00, run_after=2024-12-18 00:00:00+00:00
[2024-12-18T10:46:57.815-0500] {processor.py:208} INFO - Processing /Users/apple/airflow/dags/multiple_python_operator_dag.py took 0.076 seconds
[2024-12-18T11:18:15.644-0500] {processor.py:186} INFO - Started process (PID=95086) to work on /Users/apple/airflow/dags/multiple_python_operator_dag.py
[2024-12-18T11:18:15.646-0500] {processor.py:914} INFO - Processing file /Users/apple/airflow/dags/multiple_python_operator_dag.py for tasks to queue
[2024-12-18T11:18:15.646-0500] {logging_mixin.py:190} INFO - [2024-12-18T11:18:15.646-0500] {dagbag.py:588} INFO - Filling up the DagBag from /Users/apple/airflow/dags/multiple_python_operator_dag.py
[2024-12-18T11:18:15.676-0500] {processor.py:925} INFO - DAG(s) 'executing_python_operators_dag' retrieved from /Users/apple/airflow/dags/multiple_python_operator_dag.py
[2024-12-18T11:18:15.708-0500] {logging_mixin.py:190} INFO - [2024-12-18T11:18:15.708-0500] {dag.py:3239} INFO - Sync 1 DAGs
[2024-12-18T11:18:15.715-0500] {logging_mixin.py:190} INFO - [2024-12-18T11:18:15.715-0500] {dag.py:4180} INFO - Setting next_dagrun for executing_python_operators_dag to 2024-12-17 00:00:00+00:00, run_after=2024-12-18 00:00:00+00:00
[2024-12-18T11:18:15.722-0500] {processor.py:208} INFO - Processing /Users/apple/airflow/dags/multiple_python_operator_dag.py took 0.078 seconds
[2024-12-18T11:47:57.839-0500] {processor.py:186} INFO - Started process (PID=95183) to work on /Users/apple/airflow/dags/multiple_python_operator_dag.py
[2024-12-18T11:47:57.840-0500] {processor.py:914} INFO - Processing file /Users/apple/airflow/dags/multiple_python_operator_dag.py for tasks to queue
[2024-12-18T11:47:57.840-0500] {logging_mixin.py:190} INFO - [2024-12-18T11:47:57.840-0500] {dagbag.py:588} INFO - Filling up the DagBag from /Users/apple/airflow/dags/multiple_python_operator_dag.py
[2024-12-18T11:47:57.870-0500] {processor.py:925} INFO - DAG(s) 'executing_python_operators_dag' retrieved from /Users/apple/airflow/dags/multiple_python_operator_dag.py
[2024-12-18T11:47:57.902-0500] {logging_mixin.py:190} INFO - [2024-12-18T11:47:57.902-0500] {dag.py:3239} INFO - Sync 1 DAGs
[2024-12-18T11:47:57.908-0500] {logging_mixin.py:190} INFO - [2024-12-18T11:47:57.908-0500] {dag.py:4180} INFO - Setting next_dagrun for executing_python_operators_dag to 2024-12-17 00:00:00+00:00, run_after=2024-12-18 00:00:00+00:00
[2024-12-18T11:47:57.913-0500] {processor.py:208} INFO - Processing /Users/apple/airflow/dags/multiple_python_operator_dag.py took 0.075 seconds
[2024-12-18T12:20:41.265-0500] {processor.py:186} INFO - Started process (PID=95324) to work on /Users/apple/airflow/dags/multiple_python_operator_dag.py
[2024-12-18T12:20:41.266-0500] {processor.py:914} INFO - Processing file /Users/apple/airflow/dags/multiple_python_operator_dag.py for tasks to queue
[2024-12-18T12:20:41.266-0500] {logging_mixin.py:190} INFO - [2024-12-18T12:20:41.266-0500] {dagbag.py:588} INFO - Filling up the DagBag from /Users/apple/airflow/dags/multiple_python_operator_dag.py
[2024-12-18T12:20:41.295-0500] {processor.py:925} INFO - DAG(s) 'executing_python_operators_dag' retrieved from /Users/apple/airflow/dags/multiple_python_operator_dag.py
[2024-12-18T12:20:41.328-0500] {logging_mixin.py:190} INFO - [2024-12-18T12:20:41.328-0500] {dag.py:3239} INFO - Sync 1 DAGs
[2024-12-18T12:20:41.334-0500] {logging_mixin.py:190} INFO - [2024-12-18T12:20:41.334-0500] {dag.py:4180} INFO - Setting next_dagrun for executing_python_operators_dag to 2024-12-17 00:00:00+00:00, run_after=2024-12-18 00:00:00+00:00
[2024-12-18T12:20:41.340-0500] {processor.py:208} INFO - Processing /Users/apple/airflow/dags/multiple_python_operator_dag.py took 0.076 seconds
[2024-12-18T12:37:59.029-0500] {processor.py:186} INFO - Started process (PID=95402) to work on /Users/apple/airflow/dags/multiple_python_operator_dag.py
[2024-12-18T12:37:59.030-0500] {processor.py:914} INFO - Processing file /Users/apple/airflow/dags/multiple_python_operator_dag.py for tasks to queue
[2024-12-18T12:37:59.030-0500] {logging_mixin.py:190} INFO - [2024-12-18T12:37:59.030-0500] {dagbag.py:588} INFO - Filling up the DagBag from /Users/apple/airflow/dags/multiple_python_operator_dag.py
[2024-12-18T12:37:59.061-0500] {processor.py:925} INFO - DAG(s) 'executing_python_operators_dag' retrieved from /Users/apple/airflow/dags/multiple_python_operator_dag.py
[2024-12-18T12:37:59.094-0500] {logging_mixin.py:190} INFO - [2024-12-18T12:37:59.094-0500] {dag.py:3239} INFO - Sync 1 DAGs
[2024-12-18T12:37:59.100-0500] {logging_mixin.py:190} INFO - [2024-12-18T12:37:59.100-0500] {dag.py:4180} INFO - Setting next_dagrun for executing_python_operators_dag to 2024-12-17 00:00:00+00:00, run_after=2024-12-18 00:00:00+00:00
[2024-12-18T12:37:59.105-0500] {processor.py:208} INFO - Processing /Users/apple/airflow/dags/multiple_python_operator_dag.py took 0.077 seconds
[2024-12-18T13:22:26.835-0500] {processor.py:186} INFO - Started process (PID=95530) to work on /Users/apple/airflow/dags/multiple_python_operator_dag.py
[2024-12-18T13:22:26.835-0500] {processor.py:914} INFO - Processing file /Users/apple/airflow/dags/multiple_python_operator_dag.py for tasks to queue
[2024-12-18T13:22:26.836-0500] {logging_mixin.py:190} INFO - [2024-12-18T13:22:26.836-0500] {dagbag.py:588} INFO - Filling up the DagBag from /Users/apple/airflow/dags/multiple_python_operator_dag.py
[2024-12-18T13:22:26.867-0500] {processor.py:925} INFO - DAG(s) 'executing_python_operators_dag' retrieved from /Users/apple/airflow/dags/multiple_python_operator_dag.py
[2024-12-18T13:22:26.947-0500] {logging_mixin.py:190} INFO - [2024-12-18T13:22:26.947-0500] {dag.py:3239} INFO - Sync 1 DAGs
[2024-12-18T13:22:26.954-0500] {logging_mixin.py:190} INFO - [2024-12-18T13:22:26.954-0500] {dag.py:4180} INFO - Setting next_dagrun for executing_python_operators_dag to 2024-12-17 00:00:00+00:00, run_after=2024-12-18 00:00:00+00:00
[2024-12-18T13:22:26.960-0500] {processor.py:208} INFO - Processing /Users/apple/airflow/dags/multiple_python_operator_dag.py took 0.126 seconds
[2024-12-18T13:49:57.782-0500] {processor.py:186} INFO - Started process (PID=95627) to work on /Users/apple/airflow/dags/multiple_python_operator_dag.py
[2024-12-18T13:49:57.783-0500] {processor.py:914} INFO - Processing file /Users/apple/airflow/dags/multiple_python_operator_dag.py for tasks to queue
[2024-12-18T13:49:57.784-0500] {logging_mixin.py:190} INFO - [2024-12-18T13:49:57.784-0500] {dagbag.py:588} INFO - Filling up the DagBag from /Users/apple/airflow/dags/multiple_python_operator_dag.py
[2024-12-18T13:49:57.814-0500] {processor.py:925} INFO - DAG(s) 'executing_python_operators_dag' retrieved from /Users/apple/airflow/dags/multiple_python_operator_dag.py
[2024-12-18T13:49:57.845-0500] {logging_mixin.py:190} INFO - [2024-12-18T13:49:57.845-0500] {dag.py:3239} INFO - Sync 1 DAGs
[2024-12-18T13:49:57.851-0500] {logging_mixin.py:190} INFO - [2024-12-18T13:49:57.851-0500] {dag.py:4180} INFO - Setting next_dagrun for executing_python_operators_dag to 2024-12-17 00:00:00+00:00, run_after=2024-12-18 00:00:00+00:00
[2024-12-18T13:49:57.857-0500] {processor.py:208} INFO - Processing /Users/apple/airflow/dags/multiple_python_operator_dag.py took 0.076 seconds
[2024-12-18T14:21:56.459-0500] {processor.py:186} INFO - Started process (PID=95754) to work on /Users/apple/airflow/dags/multiple_python_operator_dag.py
[2024-12-18T14:21:56.459-0500] {processor.py:914} INFO - Processing file /Users/apple/airflow/dags/multiple_python_operator_dag.py for tasks to queue
[2024-12-18T14:21:56.460-0500] {logging_mixin.py:190} INFO - [2024-12-18T14:21:56.460-0500] {dagbag.py:588} INFO - Filling up the DagBag from /Users/apple/airflow/dags/multiple_python_operator_dag.py
[2024-12-18T14:21:56.489-0500] {processor.py:925} INFO - DAG(s) 'executing_python_operators_dag' retrieved from /Users/apple/airflow/dags/multiple_python_operator_dag.py
[2024-12-18T14:21:56.521-0500] {logging_mixin.py:190} INFO - [2024-12-18T14:21:56.521-0500] {dag.py:3239} INFO - Sync 1 DAGs
[2024-12-18T14:21:56.527-0500] {logging_mixin.py:190} INFO - [2024-12-18T14:21:56.527-0500] {dag.py:4180} INFO - Setting next_dagrun for executing_python_operators_dag to 2024-12-17 00:00:00+00:00, run_after=2024-12-18 00:00:00+00:00
[2024-12-18T14:21:56.533-0500] {processor.py:208} INFO - Processing /Users/apple/airflow/dags/multiple_python_operator_dag.py took 0.075 seconds
[2024-12-18T14:37:22.900-0500] {processor.py:186} INFO - Started process (PID=95832) to work on /Users/apple/airflow/dags/multiple_python_operator_dag.py
[2024-12-18T14:37:22.901-0500] {processor.py:914} INFO - Processing file /Users/apple/airflow/dags/multiple_python_operator_dag.py for tasks to queue
[2024-12-18T14:37:22.901-0500] {logging_mixin.py:190} INFO - [2024-12-18T14:37:22.901-0500] {dagbag.py:588} INFO - Filling up the DagBag from /Users/apple/airflow/dags/multiple_python_operator_dag.py
[2024-12-18T14:37:22.930-0500] {processor.py:925} INFO - DAG(s) 'executing_python_operators_dag' retrieved from /Users/apple/airflow/dags/multiple_python_operator_dag.py
[2024-12-18T14:37:22.961-0500] {logging_mixin.py:190} INFO - [2024-12-18T14:37:22.961-0500] {dag.py:3239} INFO - Sync 1 DAGs
[2024-12-18T14:37:22.967-0500] {logging_mixin.py:190} INFO - [2024-12-18T14:37:22.967-0500] {dag.py:4180} INFO - Setting next_dagrun for executing_python_operators_dag to 2024-12-17 00:00:00+00:00, run_after=2024-12-18 00:00:00+00:00
[2024-12-18T14:37:22.973-0500] {processor.py:208} INFO - Processing /Users/apple/airflow/dags/multiple_python_operator_dag.py took 0.073 seconds
[2024-12-18T14:51:04.739-0500] {processor.py:186} INFO - Started process (PID=95905) to work on /Users/apple/airflow/dags/multiple_python_operator_dag.py
[2024-12-18T14:51:04.740-0500] {processor.py:914} INFO - Processing file /Users/apple/airflow/dags/multiple_python_operator_dag.py for tasks to queue
[2024-12-18T14:51:04.741-0500] {logging_mixin.py:190} INFO - [2024-12-18T14:51:04.741-0500] {dagbag.py:588} INFO - Filling up the DagBag from /Users/apple/airflow/dags/multiple_python_operator_dag.py
[2024-12-18T14:51:04.771-0500] {processor.py:925} INFO - DAG(s) 'executing_python_operators_dag' retrieved from /Users/apple/airflow/dags/multiple_python_operator_dag.py
[2024-12-18T14:51:04.804-0500] {logging_mixin.py:190} INFO - [2024-12-18T14:51:04.804-0500] {dag.py:3239} INFO - Sync 1 DAGs
[2024-12-18T14:51:04.810-0500] {logging_mixin.py:190} INFO - [2024-12-18T14:51:04.810-0500] {dag.py:4180} INFO - Setting next_dagrun for executing_python_operators_dag to 2024-12-17 00:00:00+00:00, run_after=2024-12-18 00:00:00+00:00
[2024-12-18T14:51:04.817-0500] {processor.py:208} INFO - Processing /Users/apple/airflow/dags/multiple_python_operator_dag.py took 0.079 seconds
[2024-12-18T15:26:13.791-0500] {processor.py:186} INFO - Started process (PID=95986) to work on /Users/apple/airflow/dags/multiple_python_operator_dag.py
[2024-12-18T15:26:13.792-0500] {processor.py:914} INFO - Processing file /Users/apple/airflow/dags/multiple_python_operator_dag.py for tasks to queue
[2024-12-18T15:26:13.792-0500] {logging_mixin.py:190} INFO - [2024-12-18T15:26:13.792-0500] {dagbag.py:588} INFO - Filling up the DagBag from /Users/apple/airflow/dags/multiple_python_operator_dag.py
[2024-12-18T15:26:13.821-0500] {processor.py:925} INFO - DAG(s) 'executing_python_operators_dag' retrieved from /Users/apple/airflow/dags/multiple_python_operator_dag.py
[2024-12-18T15:26:13.852-0500] {logging_mixin.py:190} INFO - [2024-12-18T15:26:13.852-0500] {dag.py:3239} INFO - Sync 1 DAGs
[2024-12-18T15:26:13.858-0500] {logging_mixin.py:190} INFO - [2024-12-18T15:26:13.858-0500] {dag.py:4180} INFO - Setting next_dagrun for executing_python_operators_dag to 2024-12-17 00:00:00+00:00, run_after=2024-12-18 00:00:00+00:00
[2024-12-18T15:26:13.864-0500] {processor.py:208} INFO - Processing /Users/apple/airflow/dags/multiple_python_operator_dag.py took 0.073 seconds
[2024-12-18T15:29:07.889-0500] {processor.py:186} INFO - Started process (PID=96068) to work on /Users/apple/airflow/dags/multiple_python_operator_dag.py
[2024-12-18T15:29:07.890-0500] {processor.py:914} INFO - Processing file /Users/apple/airflow/dags/multiple_python_operator_dag.py for tasks to queue
[2024-12-18T15:29:07.890-0500] {logging_mixin.py:190} INFO - [2024-12-18T15:29:07.890-0500] {dagbag.py:588} INFO - Filling up the DagBag from /Users/apple/airflow/dags/multiple_python_operator_dag.py
[2024-12-18T15:29:07.918-0500] {processor.py:925} INFO - DAG(s) 'executing_python_operators_dag' retrieved from /Users/apple/airflow/dags/multiple_python_operator_dag.py
[2024-12-18T15:29:07.951-0500] {logging_mixin.py:190} INFO - [2024-12-18T15:29:07.950-0500] {dag.py:3239} INFO - Sync 1 DAGs
[2024-12-18T15:29:07.957-0500] {logging_mixin.py:190} INFO - [2024-12-18T15:29:07.957-0500] {dag.py:4180} INFO - Setting next_dagrun for executing_python_operators_dag to 2024-12-17 00:00:00+00:00, run_after=2024-12-18 00:00:00+00:00
[2024-12-18T15:29:07.962-0500] {processor.py:208} INFO - Processing /Users/apple/airflow/dags/multiple_python_operator_dag.py took 0.074 seconds
[2024-12-18T15:34:59.475-0500] {processor.py:186} INFO - Started process (PID=96188) to work on /Users/apple/airflow/dags/multiple_python_operator_dag.py
[2024-12-18T15:34:59.476-0500] {processor.py:914} INFO - Processing file /Users/apple/airflow/dags/multiple_python_operator_dag.py for tasks to queue
[2024-12-18T15:34:59.476-0500] {logging_mixin.py:190} INFO - [2024-12-18T15:34:59.476-0500] {dagbag.py:588} INFO - Filling up the DagBag from /Users/apple/airflow/dags/multiple_python_operator_dag.py
[2024-12-18T15:34:59.505-0500] {processor.py:925} INFO - DAG(s) 'executing_python_operators_dag' retrieved from /Users/apple/airflow/dags/multiple_python_operator_dag.py
[2024-12-18T15:34:59.536-0500] {logging_mixin.py:190} INFO - [2024-12-18T15:34:59.536-0500] {dag.py:3239} INFO - Sync 1 DAGs
[2024-12-18T15:34:59.542-0500] {logging_mixin.py:190} INFO - [2024-12-18T15:34:59.542-0500] {dag.py:4180} INFO - Setting next_dagrun for executing_python_operators_dag to 2024-12-17 00:00:00+00:00, run_after=2024-12-18 00:00:00+00:00
[2024-12-18T15:34:59.548-0500] {processor.py:208} INFO - Processing /Users/apple/airflow/dags/multiple_python_operator_dag.py took 0.074 seconds
[2024-12-18T16:08:22.487-0500] {processor.py:186} INFO - Started process (PID=96308) to work on /Users/apple/airflow/dags/multiple_python_operator_dag.py
[2024-12-18T16:08:22.487-0500] {processor.py:914} INFO - Processing file /Users/apple/airflow/dags/multiple_python_operator_dag.py for tasks to queue
[2024-12-18T16:08:22.488-0500] {logging_mixin.py:190} INFO - [2024-12-18T16:08:22.488-0500] {dagbag.py:588} INFO - Filling up the DagBag from /Users/apple/airflow/dags/multiple_python_operator_dag.py
[2024-12-18T16:08:22.517-0500] {processor.py:925} INFO - DAG(s) 'executing_python_operators_dag' retrieved from /Users/apple/airflow/dags/multiple_python_operator_dag.py
[2024-12-18T16:08:22.549-0500] {logging_mixin.py:190} INFO - [2024-12-18T16:08:22.549-0500] {dag.py:3239} INFO - Sync 1 DAGs
[2024-12-18T16:08:22.555-0500] {logging_mixin.py:190} INFO - [2024-12-18T16:08:22.554-0500] {dag.py:4180} INFO - Setting next_dagrun for executing_python_operators_dag to 2024-12-17 00:00:00+00:00, run_after=2024-12-18 00:00:00+00:00
[2024-12-18T16:08:22.560-0500] {processor.py:208} INFO - Processing /Users/apple/airflow/dags/multiple_python_operator_dag.py took 0.074 seconds
[2024-12-18T16:23:30.515-0500] {processor.py:186} INFO - Started process (PID=96428) to work on /Users/apple/airflow/dags/multiple_python_operator_dag.py
[2024-12-18T16:23:30.515-0500] {processor.py:914} INFO - Processing file /Users/apple/airflow/dags/multiple_python_operator_dag.py for tasks to queue
[2024-12-18T16:23:30.515-0500] {logging_mixin.py:190} INFO - [2024-12-18T16:23:30.515-0500] {dagbag.py:588} INFO - Filling up the DagBag from /Users/apple/airflow/dags/multiple_python_operator_dag.py
[2024-12-18T16:23:30.544-0500] {processor.py:925} INFO - DAG(s) 'executing_python_operators_dag' retrieved from /Users/apple/airflow/dags/multiple_python_operator_dag.py
[2024-12-18T16:23:30.576-0500] {logging_mixin.py:190} INFO - [2024-12-18T16:23:30.576-0500] {dag.py:3239} INFO - Sync 1 DAGs
[2024-12-18T16:23:30.582-0500] {logging_mixin.py:190} INFO - [2024-12-18T16:23:30.582-0500] {dag.py:4180} INFO - Setting next_dagrun for executing_python_operators_dag to 2024-12-17 00:00:00+00:00, run_after=2024-12-18 00:00:00+00:00
[2024-12-18T16:23:30.587-0500] {processor.py:208} INFO - Processing /Users/apple/airflow/dags/multiple_python_operator_dag.py took 0.074 seconds
[2024-12-18T16:40:20.563-0500] {processor.py:186} INFO - Started process (PID=96543) to work on /Users/apple/airflow/dags/multiple_python_operator_dag.py
[2024-12-18T16:40:20.563-0500] {processor.py:914} INFO - Processing file /Users/apple/airflow/dags/multiple_python_operator_dag.py for tasks to queue
[2024-12-18T16:40:20.564-0500] {logging_mixin.py:190} INFO - [2024-12-18T16:40:20.564-0500] {dagbag.py:588} INFO - Filling up the DagBag from /Users/apple/airflow/dags/multiple_python_operator_dag.py
[2024-12-18T16:40:20.592-0500] {processor.py:925} INFO - DAG(s) 'executing_python_operators_dag' retrieved from /Users/apple/airflow/dags/multiple_python_operator_dag.py
[2024-12-18T16:40:20.624-0500] {logging_mixin.py:190} INFO - [2024-12-18T16:40:20.624-0500] {dag.py:3239} INFO - Sync 1 DAGs
[2024-12-18T16:40:20.629-0500] {logging_mixin.py:190} INFO - [2024-12-18T16:40:20.629-0500] {dag.py:4180} INFO - Setting next_dagrun for executing_python_operators_dag to 2024-12-17 00:00:00+00:00, run_after=2024-12-18 00:00:00+00:00
[2024-12-18T16:40:20.635-0500] {processor.py:208} INFO - Processing /Users/apple/airflow/dags/multiple_python_operator_dag.py took 0.073 seconds
[2024-12-18T16:52:08.646-0500] {processor.py:186} INFO - Started process (PID=96613) to work on /Users/apple/airflow/dags/multiple_python_operator_dag.py
[2024-12-18T16:52:08.647-0500] {processor.py:914} INFO - Processing file /Users/apple/airflow/dags/multiple_python_operator_dag.py for tasks to queue
[2024-12-18T16:52:08.647-0500] {logging_mixin.py:190} INFO - [2024-12-18T16:52:08.647-0500] {dagbag.py:588} INFO - Filling up the DagBag from /Users/apple/airflow/dags/multiple_python_operator_dag.py
[2024-12-18T16:52:08.681-0500] {processor.py:925} INFO - DAG(s) 'executing_python_operators_dag' retrieved from /Users/apple/airflow/dags/multiple_python_operator_dag.py
[2024-12-18T16:52:08.714-0500] {logging_mixin.py:190} INFO - [2024-12-18T16:52:08.714-0500] {dag.py:3239} INFO - Sync 1 DAGs
[2024-12-18T16:52:08.720-0500] {logging_mixin.py:190} INFO - [2024-12-18T16:52:08.720-0500] {dag.py:4180} INFO - Setting next_dagrun for executing_python_operators_dag to 2024-12-17 00:00:00+00:00, run_after=2024-12-18 00:00:00+00:00
[2024-12-18T16:52:08.726-0500] {processor.py:208} INFO - Processing /Users/apple/airflow/dags/multiple_python_operator_dag.py took 0.080 seconds
[2024-12-18T17:26:38.896-0500] {processor.py:186} INFO - Started process (PID=96738) to work on /Users/apple/airflow/dags/multiple_python_operator_dag.py
[2024-12-18T17:26:38.897-0500] {processor.py:914} INFO - Processing file /Users/apple/airflow/dags/multiple_python_operator_dag.py for tasks to queue
[2024-12-18T17:26:38.897-0500] {logging_mixin.py:190} INFO - [2024-12-18T17:26:38.897-0500] {dagbag.py:588} INFO - Filling up the DagBag from /Users/apple/airflow/dags/multiple_python_operator_dag.py
[2024-12-18T17:26:38.929-0500] {processor.py:925} INFO - DAG(s) 'executing_python_operators_dag' retrieved from /Users/apple/airflow/dags/multiple_python_operator_dag.py
[2024-12-18T17:26:38.962-0500] {logging_mixin.py:190} INFO - [2024-12-18T17:26:38.962-0500] {dag.py:3239} INFO - Sync 1 DAGs
[2024-12-18T17:26:38.968-0500] {logging_mixin.py:190} INFO - [2024-12-18T17:26:38.968-0500] {dag.py:4180} INFO - Setting next_dagrun for executing_python_operators_dag to 2024-12-17 00:00:00+00:00, run_after=2024-12-18 00:00:00+00:00
[2024-12-18T17:26:38.975-0500] {processor.py:208} INFO - Processing /Users/apple/airflow/dags/multiple_python_operator_dag.py took 0.080 seconds
[2024-12-18T17:43:23.631-0500] {processor.py:186} INFO - Started process (PID=96805) to work on /Users/apple/airflow/dags/multiple_python_operator_dag.py
[2024-12-18T17:43:23.632-0500] {processor.py:914} INFO - Processing file /Users/apple/airflow/dags/multiple_python_operator_dag.py for tasks to queue
[2024-12-18T17:43:23.632-0500] {logging_mixin.py:190} INFO - [2024-12-18T17:43:23.632-0500] {dagbag.py:588} INFO - Filling up the DagBag from /Users/apple/airflow/dags/multiple_python_operator_dag.py
[2024-12-18T17:43:23.662-0500] {processor.py:925} INFO - DAG(s) 'executing_python_operators_dag' retrieved from /Users/apple/airflow/dags/multiple_python_operator_dag.py
[2024-12-18T17:43:23.693-0500] {logging_mixin.py:190} INFO - [2024-12-18T17:43:23.693-0500] {dag.py:3239} INFO - Sync 1 DAGs
[2024-12-18T17:43:23.699-0500] {logging_mixin.py:190} INFO - [2024-12-18T17:43:23.699-0500] {dag.py:4180} INFO - Setting next_dagrun for executing_python_operators_dag to 2024-12-17 00:00:00+00:00, run_after=2024-12-18 00:00:00+00:00
[2024-12-18T17:43:23.705-0500] {processor.py:208} INFO - Processing /Users/apple/airflow/dags/multiple_python_operator_dag.py took 0.075 seconds
[2024-12-18T17:53:09.166-0500] {processor.py:186} INFO - Started process (PID=96885) to work on /Users/apple/airflow/dags/multiple_python_operator_dag.py
[2024-12-18T17:53:09.167-0500] {processor.py:914} INFO - Processing file /Users/apple/airflow/dags/multiple_python_operator_dag.py for tasks to queue
[2024-12-18T17:53:09.167-0500] {logging_mixin.py:190} INFO - [2024-12-18T17:53:09.167-0500] {dagbag.py:588} INFO - Filling up the DagBag from /Users/apple/airflow/dags/multiple_python_operator_dag.py
[2024-12-18T17:53:09.203-0500] {processor.py:925} INFO - DAG(s) 'executing_python_operators_dag' retrieved from /Users/apple/airflow/dags/multiple_python_operator_dag.py
[2024-12-18T17:53:09.236-0500] {logging_mixin.py:190} INFO - [2024-12-18T17:53:09.236-0500] {dag.py:3239} INFO - Sync 1 DAGs
[2024-12-18T17:53:09.242-0500] {logging_mixin.py:190} INFO - [2024-12-18T17:53:09.242-0500] {dag.py:4180} INFO - Setting next_dagrun for executing_python_operators_dag to 2024-12-17 00:00:00+00:00, run_after=2024-12-18 00:00:00+00:00
[2024-12-18T17:53:09.248-0500] {processor.py:208} INFO - Processing /Users/apple/airflow/dags/multiple_python_operator_dag.py took 0.084 seconds
[2024-12-18T18:26:49.572-0500] {processor.py:186} INFO - Started process (PID=97018) to work on /Users/apple/airflow/dags/multiple_python_operator_dag.py
[2024-12-18T18:26:49.573-0500] {processor.py:914} INFO - Processing file /Users/apple/airflow/dags/multiple_python_operator_dag.py for tasks to queue
[2024-12-18T18:26:49.573-0500] {logging_mixin.py:190} INFO - [2024-12-18T18:26:49.573-0500] {dagbag.py:588} INFO - Filling up the DagBag from /Users/apple/airflow/dags/multiple_python_operator_dag.py
[2024-12-18T18:26:49.604-0500] {processor.py:925} INFO - DAG(s) 'executing_python_operators_dag' retrieved from /Users/apple/airflow/dags/multiple_python_operator_dag.py
[2024-12-18T18:26:49.637-0500] {logging_mixin.py:190} INFO - [2024-12-18T18:26:49.637-0500] {dag.py:3239} INFO - Sync 1 DAGs
[2024-12-18T18:26:49.644-0500] {logging_mixin.py:190} INFO - [2024-12-18T18:26:49.644-0500] {dag.py:4180} INFO - Setting next_dagrun for executing_python_operators_dag to 2024-12-17 00:00:00+00:00, run_after=2024-12-18 00:00:00+00:00
[2024-12-18T18:26:49.650-0500] {processor.py:208} INFO - Processing /Users/apple/airflow/dags/multiple_python_operator_dag.py took 0.079 seconds
[2024-12-18T18:54:01.416-0500] {processor.py:186} INFO - Started process (PID=97087) to work on /Users/apple/airflow/dags/multiple_python_operator_dag.py
[2024-12-18T18:54:01.416-0500] {processor.py:914} INFO - Processing file /Users/apple/airflow/dags/multiple_python_operator_dag.py for tasks to queue
[2024-12-18T18:54:01.417-0500] {logging_mixin.py:190} INFO - [2024-12-18T18:54:01.417-0500] {dagbag.py:588} INFO - Filling up the DagBag from /Users/apple/airflow/dags/multiple_python_operator_dag.py
[2024-12-18T18:54:01.449-0500] {processor.py:925} INFO - DAG(s) 'executing_python_operators_dag' retrieved from /Users/apple/airflow/dags/multiple_python_operator_dag.py
[2024-12-18T18:54:01.482-0500] {logging_mixin.py:190} INFO - [2024-12-18T18:54:01.482-0500] {dag.py:3239} INFO - Sync 1 DAGs
[2024-12-18T18:54:01.488-0500] {logging_mixin.py:190} INFO - [2024-12-18T18:54:01.488-0500] {dag.py:4180} INFO - Setting next_dagrun for executing_python_operators_dag to 2024-12-17 00:00:00+00:00, run_after=2024-12-18 00:00:00+00:00
[2024-12-18T18:54:01.493-0500] {processor.py:208} INFO - Processing /Users/apple/airflow/dags/multiple_python_operator_dag.py took 0.079 seconds
