[2024-12-17T19:25:29.957-0500] {processor.py:186} INFO - Started process (PID=91257) to work on /Users/apple/airflow/dags/multiple_bashfiles_dags.py
[2024-12-17T19:25:29.958-0500] {processor.py:914} INFO - Processing file /Users/apple/airflow/dags/multiple_bashfiles_dags.py for tasks to queue
[2024-12-17T19:25:29.958-0500] {logging_mixin.py:190} INFO - [2024-12-17T19:25:29.958-0500] {dagbag.py:588} INFO - Filling up the DagBag from /Users/apple/airflow/dags/multiple_bashfiles_dags.py
[2024-12-17T19:25:29.987-0500] {processor.py:925} INFO - DAG(s) 'multiple_dags' retrieved from /Users/apple/airflow/dags/multiple_bashfiles_dags.py
[2024-12-17T19:25:30.049-0500] {logging_mixin.py:190} INFO - [2024-12-17T19:25:30.049-0500] {dag.py:3239} INFO - Sync 1 DAGs
[2024-12-17T19:25:30.055-0500] {logging_mixin.py:190} INFO - [2024-12-17T19:25:30.055-0500] {dag.py:4180} INFO - Setting next_dagrun for multiple_dags to 2024-12-17 00:00:00+00:00, run_after=2024-12-18 00:00:00+00:00
[2024-12-17T19:25:30.061-0500] {processor.py:208} INFO - Processing /Users/apple/airflow/dags/multiple_bashfiles_dags.py took 0.104 seconds
[2024-12-17T19:53:57.748-0500] {processor.py:186} INFO - Started process (PID=91338) to work on /Users/apple/airflow/dags/multiple_bashfiles_dags.py
[2024-12-17T19:53:57.748-0500] {processor.py:914} INFO - Processing file /Users/apple/airflow/dags/multiple_bashfiles_dags.py for tasks to queue
[2024-12-17T19:53:57.749-0500] {logging_mixin.py:190} INFO - [2024-12-17T19:53:57.748-0500] {dagbag.py:588} INFO - Filling up the DagBag from /Users/apple/airflow/dags/multiple_bashfiles_dags.py
[2024-12-17T19:53:57.779-0500] {processor.py:925} INFO - DAG(s) 'multiple_dags' retrieved from /Users/apple/airflow/dags/multiple_bashfiles_dags.py
[2024-12-17T19:53:57.812-0500] {logging_mixin.py:190} INFO - [2024-12-17T19:53:57.812-0500] {dag.py:3239} INFO - Sync 1 DAGs
[2024-12-17T19:53:57.818-0500] {logging_mixin.py:190} INFO - [2024-12-17T19:53:57.818-0500] {dag.py:4180} INFO - Setting next_dagrun for multiple_dags to 2024-12-17 00:00:00+00:00, run_after=2024-12-18 00:00:00+00:00
[2024-12-17T19:53:57.823-0500] {processor.py:208} INFO - Processing /Users/apple/airflow/dags/multiple_bashfiles_dags.py took 0.076 seconds
[2024-12-17T20:26:32.064-0500] {processor.py:186} INFO - Started process (PID=91541) to work on /Users/apple/airflow/dags/multiple_bashfiles_dags.py
[2024-12-17T20:26:32.065-0500] {processor.py:914} INFO - Processing file /Users/apple/airflow/dags/multiple_bashfiles_dags.py for tasks to queue
[2024-12-17T20:26:32.065-0500] {logging_mixin.py:190} INFO - [2024-12-17T20:26:32.065-0500] {dagbag.py:588} INFO - Filling up the DagBag from /Users/apple/airflow/dags/multiple_bashfiles_dags.py
[2024-12-17T20:26:32.096-0500] {processor.py:925} INFO - DAG(s) 'multiple_dags' retrieved from /Users/apple/airflow/dags/multiple_bashfiles_dags.py
[2024-12-17T20:26:32.128-0500] {logging_mixin.py:190} INFO - [2024-12-17T20:26:32.128-0500] {dag.py:3239} INFO - Sync 1 DAGs
[2024-12-17T20:26:32.134-0500] {logging_mixin.py:190} INFO - [2024-12-17T20:26:32.134-0500] {dag.py:4180} INFO - Setting next_dagrun for multiple_dags to 2024-12-17 00:00:00+00:00, run_after=2024-12-18 00:00:00+00:00
[2024-12-17T20:26:32.140-0500] {processor.py:208} INFO - Processing /Users/apple/airflow/dags/multiple_bashfiles_dags.py took 0.077 seconds
[2024-12-17T20:54:58.186-0500] {processor.py:186} INFO - Started process (PID=91624) to work on /Users/apple/airflow/dags/multiple_bashfiles_dags.py
[2024-12-17T20:54:58.186-0500] {processor.py:914} INFO - Processing file /Users/apple/airflow/dags/multiple_bashfiles_dags.py for tasks to queue
[2024-12-17T20:54:58.187-0500] {logging_mixin.py:190} INFO - [2024-12-17T20:54:58.186-0500] {dagbag.py:588} INFO - Filling up the DagBag from /Users/apple/airflow/dags/multiple_bashfiles_dags.py
[2024-12-17T20:54:58.217-0500] {processor.py:925} INFO - DAG(s) 'multiple_dags' retrieved from /Users/apple/airflow/dags/multiple_bashfiles_dags.py
[2024-12-17T20:54:58.249-0500] {logging_mixin.py:190} INFO - [2024-12-17T20:54:58.249-0500] {dag.py:3239} INFO - Sync 1 DAGs
[2024-12-17T20:54:58.254-0500] {logging_mixin.py:190} INFO - [2024-12-17T20:54:58.254-0500] {dag.py:4180} INFO - Setting next_dagrun for multiple_dags to 2024-12-17 00:00:00+00:00, run_after=2024-12-18 00:00:00+00:00
[2024-12-17T20:54:58.260-0500] {processor.py:208} INFO - Processing /Users/apple/airflow/dags/multiple_bashfiles_dags.py took 0.075 seconds
[2024-12-17T21:28:34.081-0500] {processor.py:186} INFO - Started process (PID=91750) to work on /Users/apple/airflow/dags/multiple_bashfiles_dags.py
[2024-12-17T21:28:34.081-0500] {processor.py:914} INFO - Processing file /Users/apple/airflow/dags/multiple_bashfiles_dags.py for tasks to queue
[2024-12-17T21:28:34.082-0500] {logging_mixin.py:190} INFO - [2024-12-17T21:28:34.082-0500] {dagbag.py:588} INFO - Filling up the DagBag from /Users/apple/airflow/dags/multiple_bashfiles_dags.py
[2024-12-17T21:28:34.112-0500] {processor.py:925} INFO - DAG(s) 'multiple_dags' retrieved from /Users/apple/airflow/dags/multiple_bashfiles_dags.py
[2024-12-17T21:28:34.145-0500] {logging_mixin.py:190} INFO - [2024-12-17T21:28:34.145-0500] {dag.py:3239} INFO - Sync 1 DAGs
[2024-12-17T21:28:34.151-0500] {logging_mixin.py:190} INFO - [2024-12-17T21:28:34.151-0500] {dag.py:4180} INFO - Setting next_dagrun for multiple_dags to 2024-12-17 00:00:00+00:00, run_after=2024-12-18 00:00:00+00:00
[2024-12-17T21:28:34.157-0500] {processor.py:208} INFO - Processing /Users/apple/airflow/dags/multiple_bashfiles_dags.py took 0.077 seconds
[2024-12-17T21:55:58.805-0500] {processor.py:186} INFO - Started process (PID=91828) to work on /Users/apple/airflow/dags/multiple_bashfiles_dags.py
[2024-12-17T21:55:58.806-0500] {processor.py:914} INFO - Processing file /Users/apple/airflow/dags/multiple_bashfiles_dags.py for tasks to queue
[2024-12-17T21:55:58.806-0500] {logging_mixin.py:190} INFO - [2024-12-17T21:55:58.806-0500] {dagbag.py:588} INFO - Filling up the DagBag from /Users/apple/airflow/dags/multiple_bashfiles_dags.py
[2024-12-17T21:55:58.836-0500] {processor.py:925} INFO - DAG(s) 'multiple_dags' retrieved from /Users/apple/airflow/dags/multiple_bashfiles_dags.py
[2024-12-17T21:55:58.870-0500] {logging_mixin.py:190} INFO - [2024-12-17T21:55:58.870-0500] {dag.py:3239} INFO - Sync 1 DAGs
[2024-12-17T21:55:58.875-0500] {logging_mixin.py:190} INFO - [2024-12-17T21:55:58.875-0500] {dag.py:4180} INFO - Setting next_dagrun for multiple_dags to 2024-12-17 00:00:00+00:00, run_after=2024-12-18 00:00:00+00:00
[2024-12-17T21:55:58.881-0500] {processor.py:208} INFO - Processing /Users/apple/airflow/dags/multiple_bashfiles_dags.py took 0.077 seconds
[2024-12-17T22:29:10.176-0500] {processor.py:186} INFO - Started process (PID=91987) to work on /Users/apple/airflow/dags/multiple_bashfiles_dags.py
[2024-12-17T22:29:10.177-0500] {processor.py:914} INFO - Processing file /Users/apple/airflow/dags/multiple_bashfiles_dags.py for tasks to queue
[2024-12-17T22:29:10.177-0500] {logging_mixin.py:190} INFO - [2024-12-17T22:29:10.177-0500] {dagbag.py:588} INFO - Filling up the DagBag from /Users/apple/airflow/dags/multiple_bashfiles_dags.py
[2024-12-17T22:29:10.206-0500] {processor.py:925} INFO - DAG(s) 'multiple_dags' retrieved from /Users/apple/airflow/dags/multiple_bashfiles_dags.py
[2024-12-17T22:29:10.239-0500] {logging_mixin.py:190} INFO - [2024-12-17T22:29:10.239-0500] {dag.py:3239} INFO - Sync 1 DAGs
[2024-12-17T22:29:10.245-0500] {logging_mixin.py:190} INFO - [2024-12-17T22:29:10.245-0500] {dag.py:4180} INFO - Setting next_dagrun for multiple_dags to 2024-12-17 00:00:00+00:00, run_after=2024-12-18 00:00:00+00:00
[2024-12-17T22:29:10.251-0500] {processor.py:208} INFO - Processing /Users/apple/airflow/dags/multiple_bashfiles_dags.py took 0.076 seconds
[2024-12-17T22:56:59.134-0500] {processor.py:186} INFO - Started process (PID=92093) to work on /Users/apple/airflow/dags/multiple_bashfiles_dags.py
[2024-12-17T22:56:59.135-0500] {processor.py:914} INFO - Processing file /Users/apple/airflow/dags/multiple_bashfiles_dags.py for tasks to queue
[2024-12-17T22:56:59.135-0500] {logging_mixin.py:190} INFO - [2024-12-17T22:56:59.135-0500] {dagbag.py:588} INFO - Filling up the DagBag from /Users/apple/airflow/dags/multiple_bashfiles_dags.py
[2024-12-17T22:56:59.166-0500] {processor.py:925} INFO - DAG(s) 'multiple_dags' retrieved from /Users/apple/airflow/dags/multiple_bashfiles_dags.py
[2024-12-17T22:56:59.199-0500] {logging_mixin.py:190} INFO - [2024-12-17T22:56:59.199-0500] {dag.py:3239} INFO - Sync 1 DAGs
[2024-12-17T22:56:59.205-0500] {logging_mixin.py:190} INFO - [2024-12-17T22:56:59.205-0500] {dag.py:4180} INFO - Setting next_dagrun for multiple_dags to 2024-12-17 00:00:00+00:00, run_after=2024-12-18 00:00:00+00:00
[2024-12-17T22:56:59.210-0500] {processor.py:208} INFO - Processing /Users/apple/airflow/dags/multiple_bashfiles_dags.py took 0.077 seconds
[2024-12-17T23:29:03.618-0500] {processor.py:186} INFO - Started process (PID=92248) to work on /Users/apple/airflow/dags/multiple_bashfiles_dags.py
[2024-12-17T23:29:03.619-0500] {processor.py:914} INFO - Processing file /Users/apple/airflow/dags/multiple_bashfiles_dags.py for tasks to queue
[2024-12-17T23:29:03.619-0500] {logging_mixin.py:190} INFO - [2024-12-17T23:29:03.619-0500] {dagbag.py:588} INFO - Filling up the DagBag from /Users/apple/airflow/dags/multiple_bashfiles_dags.py
[2024-12-17T23:29:03.651-0500] {processor.py:925} INFO - DAG(s) 'multiple_dags' retrieved from /Users/apple/airflow/dags/multiple_bashfiles_dags.py
[2024-12-17T23:29:03.685-0500] {logging_mixin.py:190} INFO - [2024-12-17T23:29:03.684-0500] {dag.py:3239} INFO - Sync 1 DAGs
[2024-12-17T23:29:03.691-0500] {logging_mixin.py:190} INFO - [2024-12-17T23:29:03.691-0500] {dag.py:4180} INFO - Setting next_dagrun for multiple_dags to 2024-12-17 00:00:00+00:00, run_after=2024-12-18 00:00:00+00:00
[2024-12-17T23:29:03.697-0500] {processor.py:208} INFO - Processing /Users/apple/airflow/dags/multiple_bashfiles_dags.py took 0.080 seconds
[2024-12-17T23:34:30.033-0500] {processor.py:186} INFO - Started process (PID=92390) to work on /Users/apple/airflow/dags/multiple_bashfiles_dags.py
[2024-12-17T23:34:30.033-0500] {processor.py:914} INFO - Processing file /Users/apple/airflow/dags/multiple_bashfiles_dags.py for tasks to queue
[2024-12-17T23:34:30.033-0500] {logging_mixin.py:190} INFO - [2024-12-17T23:34:30.033-0500] {dagbag.py:588} INFO - Filling up the DagBag from /Users/apple/airflow/dags/multiple_bashfiles_dags.py
[2024-12-17T23:34:30.062-0500] {processor.py:925} INFO - DAG(s) 'multiple_dags' retrieved from /Users/apple/airflow/dags/multiple_bashfiles_dags.py
[2024-12-17T23:34:30.095-0500] {logging_mixin.py:190} INFO - [2024-12-17T23:34:30.095-0500] {dag.py:3239} INFO - Sync 1 DAGs
[2024-12-17T23:34:30.101-0500] {logging_mixin.py:190} INFO - [2024-12-17T23:34:30.101-0500] {dag.py:4180} INFO - Setting next_dagrun for multiple_dags to 2024-12-17 00:00:00+00:00, run_after=2024-12-18 00:00:00+00:00
[2024-12-17T23:34:30.106-0500] {processor.py:208} INFO - Processing /Users/apple/airflow/dags/multiple_bashfiles_dags.py took 0.075 seconds
[2024-12-17T23:42:19.876-0500] {processor.py:186} INFO - Started process (PID=92478) to work on /Users/apple/airflow/dags/multiple_bashfiles_dags.py
[2024-12-17T23:42:19.877-0500] {processor.py:914} INFO - Processing file /Users/apple/airflow/dags/multiple_bashfiles_dags.py for tasks to queue
[2024-12-17T23:42:19.877-0500] {logging_mixin.py:190} INFO - [2024-12-17T23:42:19.877-0500] {dagbag.py:588} INFO - Filling up the DagBag from /Users/apple/airflow/dags/multiple_bashfiles_dags.py
[2024-12-17T23:42:19.906-0500] {processor.py:925} INFO - DAG(s) 'multiple_dags' retrieved from /Users/apple/airflow/dags/multiple_bashfiles_dags.py
[2024-12-17T23:42:19.938-0500] {logging_mixin.py:190} INFO - [2024-12-17T23:42:19.938-0500] {dag.py:3239} INFO - Sync 1 DAGs
[2024-12-17T23:42:19.944-0500] {logging_mixin.py:190} INFO - [2024-12-17T23:42:19.944-0500] {dag.py:4180} INFO - Setting next_dagrun for multiple_dags to 2024-12-17 00:00:00+00:00, run_after=2024-12-18 00:00:00+00:00
[2024-12-17T23:42:19.949-0500] {processor.py:208} INFO - Processing /Users/apple/airflow/dags/multiple_bashfiles_dags.py took 0.075 seconds
[2024-12-17T23:57:33.558-0500] {processor.py:186} INFO - Started process (PID=92578) to work on /Users/apple/airflow/dags/multiple_bashfiles_dags.py
[2024-12-17T23:57:33.558-0500] {processor.py:914} INFO - Processing file /Users/apple/airflow/dags/multiple_bashfiles_dags.py for tasks to queue
[2024-12-17T23:57:33.559-0500] {logging_mixin.py:190} INFO - [2024-12-17T23:57:33.559-0500] {dagbag.py:588} INFO - Filling up the DagBag from /Users/apple/airflow/dags/multiple_bashfiles_dags.py
[2024-12-17T23:57:33.589-0500] {processor.py:925} INFO - DAG(s) 'multiple_dags' retrieved from /Users/apple/airflow/dags/multiple_bashfiles_dags.py
[2024-12-17T23:57:33.622-0500] {logging_mixin.py:190} INFO - [2024-12-17T23:57:33.622-0500] {dag.py:3239} INFO - Sync 1 DAGs
[2024-12-17T23:57:33.633-0500] {logging_mixin.py:190} INFO - [2024-12-17T23:57:33.633-0500] {dag.py:4180} INFO - Setting next_dagrun for multiple_dags to 2024-12-17 00:00:00+00:00, run_after=2024-12-18 00:00:00+00:00
[2024-12-17T23:57:33.640-0500] {processor.py:208} INFO - Processing /Users/apple/airflow/dags/multiple_bashfiles_dags.py took 0.083 seconds
[2024-12-18T00:29:40.047-0500] {processor.py:186} INFO - Started process (PID=92775) to work on /Users/apple/airflow/dags/multiple_bashfiles_dags.py
[2024-12-18T00:29:40.048-0500] {processor.py:914} INFO - Processing file /Users/apple/airflow/dags/multiple_bashfiles_dags.py for tasks to queue
[2024-12-18T00:29:40.048-0500] {logging_mixin.py:190} INFO - [2024-12-18T00:29:40.048-0500] {dagbag.py:588} INFO - Filling up the DagBag from /Users/apple/airflow/dags/multiple_bashfiles_dags.py
[2024-12-18T00:29:40.079-0500] {processor.py:925} INFO - DAG(s) 'multiple_dags' retrieved from /Users/apple/airflow/dags/multiple_bashfiles_dags.py
[2024-12-18T00:29:40.113-0500] {logging_mixin.py:190} INFO - [2024-12-18T00:29:40.112-0500] {dag.py:3239} INFO - Sync 1 DAGs
[2024-12-18T00:29:40.118-0500] {logging_mixin.py:190} INFO - [2024-12-18T00:29:40.118-0500] {dag.py:4180} INFO - Setting next_dagrun for multiple_dags to 2024-12-17 00:00:00+00:00, run_after=2024-12-18 00:00:00+00:00
[2024-12-18T00:29:40.124-0500] {processor.py:208} INFO - Processing /Users/apple/airflow/dags/multiple_bashfiles_dags.py took 0.078 seconds
[2024-12-18T00:58:27.711-0500] {processor.py:186} INFO - Started process (PID=92868) to work on /Users/apple/airflow/dags/multiple_bashfiles_dags.py
[2024-12-18T00:58:27.711-0500] {processor.py:914} INFO - Processing file /Users/apple/airflow/dags/multiple_bashfiles_dags.py for tasks to queue
[2024-12-18T00:58:27.711-0500] {logging_mixin.py:190} INFO - [2024-12-18T00:58:27.711-0500] {dagbag.py:588} INFO - Filling up the DagBag from /Users/apple/airflow/dags/multiple_bashfiles_dags.py
[2024-12-18T00:58:27.741-0500] {processor.py:925} INFO - DAG(s) 'multiple_dags' retrieved from /Users/apple/airflow/dags/multiple_bashfiles_dags.py
[2024-12-18T00:58:27.774-0500] {logging_mixin.py:190} INFO - [2024-12-18T00:58:27.774-0500] {dag.py:3239} INFO - Sync 1 DAGs
[2024-12-18T00:58:27.780-0500] {logging_mixin.py:190} INFO - [2024-12-18T00:58:27.780-0500] {dag.py:4180} INFO - Setting next_dagrun for multiple_dags to 2024-12-17 00:00:00+00:00, run_after=2024-12-18 00:00:00+00:00
[2024-12-18T00:58:27.786-0500] {processor.py:208} INFO - Processing /Users/apple/airflow/dags/multiple_bashfiles_dags.py took 0.076 seconds
[2024-12-18T01:30:41.243-0500] {processor.py:186} INFO - Started process (PID=93016) to work on /Users/apple/airflow/dags/multiple_bashfiles_dags.py
[2024-12-18T01:30:41.244-0500] {processor.py:914} INFO - Processing file /Users/apple/airflow/dags/multiple_bashfiles_dags.py for tasks to queue
[2024-12-18T01:30:41.244-0500] {logging_mixin.py:190} INFO - [2024-12-18T01:30:41.244-0500] {dagbag.py:588} INFO - Filling up the DagBag from /Users/apple/airflow/dags/multiple_bashfiles_dags.py
[2024-12-18T01:30:41.279-0500] {processor.py:925} INFO - DAG(s) 'multiple_dags' retrieved from /Users/apple/airflow/dags/multiple_bashfiles_dags.py
[2024-12-18T01:30:41.315-0500] {logging_mixin.py:190} INFO - [2024-12-18T01:30:41.315-0500] {dag.py:3239} INFO - Sync 1 DAGs
[2024-12-18T01:30:41.321-0500] {logging_mixin.py:190} INFO - [2024-12-18T01:30:41.321-0500] {dag.py:4180} INFO - Setting next_dagrun for multiple_dags to 2024-12-17 00:00:00+00:00, run_after=2024-12-18 00:00:00+00:00
[2024-12-18T01:30:41.327-0500] {processor.py:208} INFO - Processing /Users/apple/airflow/dags/multiple_bashfiles_dags.py took 0.086 seconds
[2024-12-18T02:03:15.501-0500] {processor.py:186} INFO - Started process (PID=93104) to work on /Users/apple/airflow/dags/multiple_bashfiles_dags.py
[2024-12-18T02:03:15.501-0500] {processor.py:914} INFO - Processing file /Users/apple/airflow/dags/multiple_bashfiles_dags.py for tasks to queue
[2024-12-18T02:03:15.501-0500] {logging_mixin.py:190} INFO - [2024-12-18T02:03:15.501-0500] {dagbag.py:588} INFO - Filling up the DagBag from /Users/apple/airflow/dags/multiple_bashfiles_dags.py
[2024-12-18T02:03:15.532-0500] {processor.py:925} INFO - DAG(s) 'multiple_dags' retrieved from /Users/apple/airflow/dags/multiple_bashfiles_dags.py
[2024-12-18T02:03:15.565-0500] {logging_mixin.py:190} INFO - [2024-12-18T02:03:15.565-0500] {dag.py:3239} INFO - Sync 1 DAGs
[2024-12-18T02:03:15.571-0500] {logging_mixin.py:190} INFO - [2024-12-18T02:03:15.571-0500] {dag.py:4180} INFO - Setting next_dagrun for multiple_dags to 2024-12-17 00:00:00+00:00, run_after=2024-12-18 00:00:00+00:00
[2024-12-18T02:03:15.576-0500] {processor.py:208} INFO - Processing /Users/apple/airflow/dags/multiple_bashfiles_dags.py took 0.077 seconds
[2024-12-18T02:37:46.142-0500] {processor.py:186} INFO - Started process (PID=93178) to work on /Users/apple/airflow/dags/multiple_bashfiles_dags.py
[2024-12-18T02:37:46.142-0500] {processor.py:914} INFO - Processing file /Users/apple/airflow/dags/multiple_bashfiles_dags.py for tasks to queue
[2024-12-18T02:37:46.143-0500] {logging_mixin.py:190} INFO - [2024-12-18T02:37:46.142-0500] {dagbag.py:588} INFO - Filling up the DagBag from /Users/apple/airflow/dags/multiple_bashfiles_dags.py
[2024-12-18T02:37:46.173-0500] {processor.py:925} INFO - DAG(s) 'multiple_dags' retrieved from /Users/apple/airflow/dags/multiple_bashfiles_dags.py
[2024-12-18T02:37:46.205-0500] {logging_mixin.py:190} INFO - [2024-12-18T02:37:46.205-0500] {dag.py:3239} INFO - Sync 1 DAGs
[2024-12-18T02:37:46.211-0500] {logging_mixin.py:190} INFO - [2024-12-18T02:37:46.211-0500] {dag.py:4180} INFO - Setting next_dagrun for multiple_dags to 2024-12-17 00:00:00+00:00, run_after=2024-12-18 00:00:00+00:00
[2024-12-18T02:37:46.216-0500] {processor.py:208} INFO - Processing /Users/apple/airflow/dags/multiple_bashfiles_dags.py took 0.075 seconds
[2024-12-18T03:12:20.091-0500] {processor.py:186} INFO - Started process (PID=93262) to work on /Users/apple/airflow/dags/multiple_bashfiles_dags.py
[2024-12-18T03:12:20.091-0500] {processor.py:914} INFO - Processing file /Users/apple/airflow/dags/multiple_bashfiles_dags.py for tasks to queue
[2024-12-18T03:12:20.092-0500] {logging_mixin.py:190} INFO - [2024-12-18T03:12:20.091-0500] {dagbag.py:588} INFO - Filling up the DagBag from /Users/apple/airflow/dags/multiple_bashfiles_dags.py
[2024-12-18T03:12:20.122-0500] {processor.py:925} INFO - DAG(s) 'multiple_dags' retrieved from /Users/apple/airflow/dags/multiple_bashfiles_dags.py
[2024-12-18T03:12:20.155-0500] {logging_mixin.py:190} INFO - [2024-12-18T03:12:20.155-0500] {dag.py:3239} INFO - Sync 1 DAGs
[2024-12-18T03:12:20.161-0500] {logging_mixin.py:190} INFO - [2024-12-18T03:12:20.161-0500] {dag.py:4180} INFO - Setting next_dagrun for multiple_dags to 2024-12-17 00:00:00+00:00, run_after=2024-12-18 00:00:00+00:00
[2024-12-18T03:12:20.166-0500] {processor.py:208} INFO - Processing /Users/apple/airflow/dags/multiple_bashfiles_dags.py took 0.077 seconds
[2024-12-18T03:44:17.453-0500] {processor.py:186} INFO - Started process (PID=93378) to work on /Users/apple/airflow/dags/multiple_bashfiles_dags.py
[2024-12-18T03:44:17.454-0500] {processor.py:914} INFO - Processing file /Users/apple/airflow/dags/multiple_bashfiles_dags.py for tasks to queue
[2024-12-18T03:44:17.454-0500] {logging_mixin.py:190} INFO - [2024-12-18T03:44:17.454-0500] {dagbag.py:588} INFO - Filling up the DagBag from /Users/apple/airflow/dags/multiple_bashfiles_dags.py
[2024-12-18T03:44:17.484-0500] {processor.py:925} INFO - DAG(s) 'multiple_dags' retrieved from /Users/apple/airflow/dags/multiple_bashfiles_dags.py
[2024-12-18T03:44:17.518-0500] {logging_mixin.py:190} INFO - [2024-12-18T03:44:17.518-0500] {dag.py:3239} INFO - Sync 1 DAGs
[2024-12-18T03:44:17.523-0500] {logging_mixin.py:190} INFO - [2024-12-18T03:44:17.523-0500] {dag.py:4180} INFO - Setting next_dagrun for multiple_dags to 2024-12-17 00:00:00+00:00, run_after=2024-12-18 00:00:00+00:00
[2024-12-18T03:44:17.529-0500] {processor.py:208} INFO - Processing /Users/apple/airflow/dags/multiple_bashfiles_dags.py took 0.077 seconds
[2024-12-18T04:16:38.254-0500] {processor.py:186} INFO - Started process (PID=93484) to work on /Users/apple/airflow/dags/multiple_bashfiles_dags.py
[2024-12-18T04:16:38.255-0500] {processor.py:914} INFO - Processing file /Users/apple/airflow/dags/multiple_bashfiles_dags.py for tasks to queue
[2024-12-18T04:16:38.255-0500] {logging_mixin.py:190} INFO - [2024-12-18T04:16:38.255-0500] {dagbag.py:588} INFO - Filling up the DagBag from /Users/apple/airflow/dags/multiple_bashfiles_dags.py
[2024-12-18T04:16:38.286-0500] {processor.py:925} INFO - DAG(s) 'multiple_dags' retrieved from /Users/apple/airflow/dags/multiple_bashfiles_dags.py
[2024-12-18T04:16:38.320-0500] {logging_mixin.py:190} INFO - [2024-12-18T04:16:38.320-0500] {dag.py:3239} INFO - Sync 1 DAGs
[2024-12-18T04:16:38.325-0500] {logging_mixin.py:190} INFO - [2024-12-18T04:16:38.325-0500] {dag.py:4180} INFO - Setting next_dagrun for multiple_dags to 2024-12-17 00:00:00+00:00, run_after=2024-12-18 00:00:00+00:00
[2024-12-18T04:16:38.331-0500] {processor.py:208} INFO - Processing /Users/apple/airflow/dags/multiple_bashfiles_dags.py took 0.078 seconds
[2024-12-18T04:49:08.838-0500] {processor.py:186} INFO - Started process (PID=93579) to work on /Users/apple/airflow/dags/multiple_bashfiles_dags.py
[2024-12-18T04:49:08.838-0500] {processor.py:914} INFO - Processing file /Users/apple/airflow/dags/multiple_bashfiles_dags.py for tasks to queue
[2024-12-18T04:49:08.839-0500] {logging_mixin.py:190} INFO - [2024-12-18T04:49:08.839-0500] {dagbag.py:588} INFO - Filling up the DagBag from /Users/apple/airflow/dags/multiple_bashfiles_dags.py
[2024-12-18T04:49:08.868-0500] {processor.py:925} INFO - DAG(s) 'multiple_dags' retrieved from /Users/apple/airflow/dags/multiple_bashfiles_dags.py
[2024-12-18T04:49:08.901-0500] {logging_mixin.py:190} INFO - [2024-12-18T04:49:08.901-0500] {dag.py:3239} INFO - Sync 1 DAGs
[2024-12-18T04:49:08.907-0500] {logging_mixin.py:190} INFO - [2024-12-18T04:49:08.907-0500] {dag.py:4180} INFO - Setting next_dagrun for multiple_dags to 2024-12-17 00:00:00+00:00, run_after=2024-12-18 00:00:00+00:00
[2024-12-18T04:49:08.913-0500] {processor.py:208} INFO - Processing /Users/apple/airflow/dags/multiple_bashfiles_dags.py took 0.076 seconds
[2024-12-18T05:21:31.140-0500] {processor.py:186} INFO - Started process (PID=93664) to work on /Users/apple/airflow/dags/multiple_bashfiles_dags.py
[2024-12-18T05:21:31.141-0500] {processor.py:914} INFO - Processing file /Users/apple/airflow/dags/multiple_bashfiles_dags.py for tasks to queue
[2024-12-18T05:21:31.141-0500] {logging_mixin.py:190} INFO - [2024-12-18T05:21:31.141-0500] {dagbag.py:588} INFO - Filling up the DagBag from /Users/apple/airflow/dags/multiple_bashfiles_dags.py
[2024-12-18T05:21:31.170-0500] {processor.py:925} INFO - DAG(s) 'multiple_dags' retrieved from /Users/apple/airflow/dags/multiple_bashfiles_dags.py
[2024-12-18T05:21:31.203-0500] {logging_mixin.py:190} INFO - [2024-12-18T05:21:31.203-0500] {dag.py:3239} INFO - Sync 1 DAGs
[2024-12-18T05:21:31.208-0500] {logging_mixin.py:190} INFO - [2024-12-18T05:21:31.208-0500] {dag.py:4180} INFO - Setting next_dagrun for multiple_dags to 2024-12-17 00:00:00+00:00, run_after=2024-12-18 00:00:00+00:00
[2024-12-18T05:21:31.214-0500] {processor.py:208} INFO - Processing /Users/apple/airflow/dags/multiple_bashfiles_dags.py took 0.075 seconds
[2024-12-18T05:52:17.853-0500] {processor.py:186} INFO - Started process (PID=93754) to work on /Users/apple/airflow/dags/multiple_bashfiles_dags.py
[2024-12-18T05:52:17.854-0500] {processor.py:914} INFO - Processing file /Users/apple/airflow/dags/multiple_bashfiles_dags.py for tasks to queue
[2024-12-18T05:52:17.855-0500] {logging_mixin.py:190} INFO - [2024-12-18T05:52:17.855-0500] {dagbag.py:588} INFO - Filling up the DagBag from /Users/apple/airflow/dags/multiple_bashfiles_dags.py
[2024-12-18T05:52:17.885-0500] {processor.py:925} INFO - DAG(s) 'multiple_dags' retrieved from /Users/apple/airflow/dags/multiple_bashfiles_dags.py
[2024-12-18T05:52:17.918-0500] {logging_mixin.py:190} INFO - [2024-12-18T05:52:17.918-0500] {dag.py:3239} INFO - Sync 1 DAGs
[2024-12-18T05:52:17.923-0500] {logging_mixin.py:190} INFO - [2024-12-18T05:52:17.923-0500] {dag.py:4180} INFO - Setting next_dagrun for multiple_dags to 2024-12-17 00:00:00+00:00, run_after=2024-12-18 00:00:00+00:00
[2024-12-18T05:52:17.929-0500] {processor.py:208} INFO - Processing /Users/apple/airflow/dags/multiple_bashfiles_dags.py took 0.077 seconds
[2024-12-18T06:26:21.294-0500] {processor.py:186} INFO - Started process (PID=93842) to work on /Users/apple/airflow/dags/multiple_bashfiles_dags.py
[2024-12-18T06:26:21.295-0500] {processor.py:914} INFO - Processing file /Users/apple/airflow/dags/multiple_bashfiles_dags.py for tasks to queue
[2024-12-18T06:26:21.295-0500] {logging_mixin.py:190} INFO - [2024-12-18T06:26:21.295-0500] {dagbag.py:588} INFO - Filling up the DagBag from /Users/apple/airflow/dags/multiple_bashfiles_dags.py
[2024-12-18T06:26:21.325-0500] {processor.py:925} INFO - DAG(s) 'multiple_dags' retrieved from /Users/apple/airflow/dags/multiple_bashfiles_dags.py
[2024-12-18T06:26:21.357-0500] {logging_mixin.py:190} INFO - [2024-12-18T06:26:21.357-0500] {dag.py:3239} INFO - Sync 1 DAGs
[2024-12-18T06:26:21.363-0500] {logging_mixin.py:190} INFO - [2024-12-18T06:26:21.363-0500] {dag.py:4180} INFO - Setting next_dagrun for multiple_dags to 2024-12-17 00:00:00+00:00, run_after=2024-12-18 00:00:00+00:00
[2024-12-18T06:26:21.369-0500] {processor.py:208} INFO - Processing /Users/apple/airflow/dags/multiple_bashfiles_dags.py took 0.075 seconds
[2024-12-18T06:59:19.184-0500] {processor.py:186} INFO - Started process (PID=93927) to work on /Users/apple/airflow/dags/multiple_bashfiles_dags.py
[2024-12-18T06:59:19.185-0500] {processor.py:914} INFO - Processing file /Users/apple/airflow/dags/multiple_bashfiles_dags.py for tasks to queue
[2024-12-18T06:59:19.185-0500] {logging_mixin.py:190} INFO - [2024-12-18T06:59:19.185-0500] {dagbag.py:588} INFO - Filling up the DagBag from /Users/apple/airflow/dags/multiple_bashfiles_dags.py
[2024-12-18T06:59:19.215-0500] {processor.py:925} INFO - DAG(s) 'multiple_dags' retrieved from /Users/apple/airflow/dags/multiple_bashfiles_dags.py
[2024-12-18T06:59:19.249-0500] {logging_mixin.py:190} INFO - [2024-12-18T06:59:19.249-0500] {dag.py:3239} INFO - Sync 1 DAGs
[2024-12-18T06:59:19.255-0500] {logging_mixin.py:190} INFO - [2024-12-18T06:59:19.255-0500] {dag.py:4180} INFO - Setting next_dagrun for multiple_dags to 2024-12-17 00:00:00+00:00, run_after=2024-12-18 00:00:00+00:00
[2024-12-18T06:59:19.261-0500] {processor.py:208} INFO - Processing /Users/apple/airflow/dags/multiple_bashfiles_dags.py took 0.077 seconds
[2024-12-18T07:29:08.792-0500] {processor.py:186} INFO - Started process (PID=94009) to work on /Users/apple/airflow/dags/multiple_bashfiles_dags.py
[2024-12-18T07:29:08.793-0500] {processor.py:914} INFO - Processing file /Users/apple/airflow/dags/multiple_bashfiles_dags.py for tasks to queue
[2024-12-18T07:29:08.793-0500] {logging_mixin.py:190} INFO - [2024-12-18T07:29:08.793-0500] {dagbag.py:588} INFO - Filling up the DagBag from /Users/apple/airflow/dags/multiple_bashfiles_dags.py
[2024-12-18T07:29:08.823-0500] {processor.py:925} INFO - DAG(s) 'multiple_dags' retrieved from /Users/apple/airflow/dags/multiple_bashfiles_dags.py
[2024-12-18T07:29:08.856-0500] {logging_mixin.py:190} INFO - [2024-12-18T07:29:08.856-0500] {dag.py:3239} INFO - Sync 1 DAGs
[2024-12-18T07:29:08.862-0500] {logging_mixin.py:190} INFO - [2024-12-18T07:29:08.862-0500] {dag.py:4180} INFO - Setting next_dagrun for multiple_dags to 2024-12-17 00:00:00+00:00, run_after=2024-12-18 00:00:00+00:00
[2024-12-18T07:29:08.867-0500] {processor.py:208} INFO - Processing /Users/apple/airflow/dags/multiple_bashfiles_dags.py took 0.076 seconds
[2024-12-18T07:35:01.020-0500] {processor.py:186} INFO - Started process (PID=94165) to work on /Users/apple/airflow/dags/multiple_bashfiles_dags.py
[2024-12-18T07:35:01.021-0500] {processor.py:914} INFO - Processing file /Users/apple/airflow/dags/multiple_bashfiles_dags.py for tasks to queue
[2024-12-18T07:35:01.022-0500] {logging_mixin.py:190} INFO - [2024-12-18T07:35:01.022-0500] {dagbag.py:588} INFO - Filling up the DagBag from /Users/apple/airflow/dags/multiple_bashfiles_dags.py
[2024-12-18T07:35:01.051-0500] {processor.py:925} INFO - DAG(s) 'multiple_dags' retrieved from /Users/apple/airflow/dags/multiple_bashfiles_dags.py
[2024-12-18T07:35:01.084-0500] {logging_mixin.py:190} INFO - [2024-12-18T07:35:01.084-0500] {dag.py:3239} INFO - Sync 1 DAGs
[2024-12-18T07:35:01.089-0500] {logging_mixin.py:190} INFO - [2024-12-18T07:35:01.089-0500] {dag.py:4180} INFO - Setting next_dagrun for multiple_dags to 2024-12-17 00:00:00+00:00, run_after=2024-12-18 00:00:00+00:00
[2024-12-18T07:35:01.095-0500] {processor.py:208} INFO - Processing /Users/apple/airflow/dags/multiple_bashfiles_dags.py took 0.075 seconds
[2024-12-18T08:09:44.377-0500] {processor.py:186} INFO - Started process (PID=94268) to work on /Users/apple/airflow/dags/multiple_bashfiles_dags.py
[2024-12-18T08:09:44.377-0500] {processor.py:914} INFO - Processing file /Users/apple/airflow/dags/multiple_bashfiles_dags.py for tasks to queue
[2024-12-18T08:09:44.378-0500] {logging_mixin.py:190} INFO - [2024-12-18T08:09:44.377-0500] {dagbag.py:588} INFO - Filling up the DagBag from /Users/apple/airflow/dags/multiple_bashfiles_dags.py
[2024-12-18T08:09:44.408-0500] {processor.py:925} INFO - DAG(s) 'multiple_dags' retrieved from /Users/apple/airflow/dags/multiple_bashfiles_dags.py
[2024-12-18T08:09:44.441-0500] {logging_mixin.py:190} INFO - [2024-12-18T08:09:44.441-0500] {dag.py:3239} INFO - Sync 1 DAGs
[2024-12-18T08:09:44.448-0500] {logging_mixin.py:190} INFO - [2024-12-18T08:09:44.448-0500] {dag.py:4180} INFO - Setting next_dagrun for multiple_dags to 2024-12-17 00:00:00+00:00, run_after=2024-12-18 00:00:00+00:00
[2024-12-18T08:09:44.455-0500] {processor.py:208} INFO - Processing /Users/apple/airflow/dags/multiple_bashfiles_dags.py took 0.080 seconds
[2024-12-18T08:10:32.921-0500] {processor.py:186} INFO - Started process (PID=94346) to work on /Users/apple/airflow/dags/multiple_bashfiles_dags.py
[2024-12-18T08:10:32.922-0500] {processor.py:914} INFO - Processing file /Users/apple/airflow/dags/multiple_bashfiles_dags.py for tasks to queue
[2024-12-18T08:10:32.922-0500] {logging_mixin.py:190} INFO - [2024-12-18T08:10:32.922-0500] {dagbag.py:588} INFO - Filling up the DagBag from /Users/apple/airflow/dags/multiple_bashfiles_dags.py
[2024-12-18T08:10:32.953-0500] {processor.py:925} INFO - DAG(s) 'multiple_dags' retrieved from /Users/apple/airflow/dags/multiple_bashfiles_dags.py
[2024-12-18T08:10:32.986-0500] {logging_mixin.py:190} INFO - [2024-12-18T08:10:32.986-0500] {dag.py:3239} INFO - Sync 1 DAGs
[2024-12-18T08:10:32.992-0500] {logging_mixin.py:190} INFO - [2024-12-18T08:10:32.992-0500] {dag.py:4180} INFO - Setting next_dagrun for multiple_dags to 2024-12-17 00:00:00+00:00, run_after=2024-12-18 00:00:00+00:00
[2024-12-18T08:10:32.998-0500] {processor.py:208} INFO - Processing /Users/apple/airflow/dags/multiple_bashfiles_dags.py took 0.078 seconds
[2024-12-18T08:27:50.522-0500] {processor.py:186} INFO - Started process (PID=94449) to work on /Users/apple/airflow/dags/multiple_bashfiles_dags.py
[2024-12-18T08:27:50.522-0500] {processor.py:914} INFO - Processing file /Users/apple/airflow/dags/multiple_bashfiles_dags.py for tasks to queue
[2024-12-18T08:27:50.523-0500] {logging_mixin.py:190} INFO - [2024-12-18T08:27:50.523-0500] {dagbag.py:588} INFO - Filling up the DagBag from /Users/apple/airflow/dags/multiple_bashfiles_dags.py
[2024-12-18T08:27:50.552-0500] {processor.py:925} INFO - DAG(s) 'multiple_dags' retrieved from /Users/apple/airflow/dags/multiple_bashfiles_dags.py
[2024-12-18T08:27:50.585-0500] {logging_mixin.py:190} INFO - [2024-12-18T08:27:50.585-0500] {dag.py:3239} INFO - Sync 1 DAGs
[2024-12-18T08:27:50.591-0500] {logging_mixin.py:190} INFO - [2024-12-18T08:27:50.591-0500] {dag.py:4180} INFO - Setting next_dagrun for multiple_dags to 2024-12-17 00:00:00+00:00, run_after=2024-12-18 00:00:00+00:00
[2024-12-18T08:27:50.597-0500] {processor.py:208} INFO - Processing /Users/apple/airflow/dags/multiple_bashfiles_dags.py took 0.077 seconds
[2024-12-18T08:45:59.856-0500] {processor.py:186} INFO - Started process (PID=94542) to work on /Users/apple/airflow/dags/multiple_bashfiles_dags.py
[2024-12-18T08:45:59.857-0500] {processor.py:914} INFO - Processing file /Users/apple/airflow/dags/multiple_bashfiles_dags.py for tasks to queue
[2024-12-18T08:45:59.857-0500] {logging_mixin.py:190} INFO - [2024-12-18T08:45:59.857-0500] {dagbag.py:588} INFO - Filling up the DagBag from /Users/apple/airflow/dags/multiple_bashfiles_dags.py
[2024-12-18T08:45:59.887-0500] {processor.py:925} INFO - DAG(s) 'multiple_dags' retrieved from /Users/apple/airflow/dags/multiple_bashfiles_dags.py
[2024-12-18T08:45:59.919-0500] {logging_mixin.py:190} INFO - [2024-12-18T08:45:59.919-0500] {dag.py:3239} INFO - Sync 1 DAGs
[2024-12-18T08:45:59.925-0500] {logging_mixin.py:190} INFO - [2024-12-18T08:45:59.925-0500] {dag.py:4180} INFO - Setting next_dagrun for multiple_dags to 2024-12-17 00:00:00+00:00, run_after=2024-12-18 00:00:00+00:00
[2024-12-18T08:45:59.931-0500] {processor.py:208} INFO - Processing /Users/apple/airflow/dags/multiple_bashfiles_dags.py took 0.076 seconds
[2024-12-18T09:21:17.926-0500] {processor.py:186} INFO - Started process (PID=94688) to work on /Users/apple/airflow/dags/multiple_bashfiles_dags.py
[2024-12-18T09:21:17.927-0500] {processor.py:914} INFO - Processing file /Users/apple/airflow/dags/multiple_bashfiles_dags.py for tasks to queue
[2024-12-18T09:21:17.927-0500] {logging_mixin.py:190} INFO - [2024-12-18T09:21:17.927-0500] {dagbag.py:588} INFO - Filling up the DagBag from /Users/apple/airflow/dags/multiple_bashfiles_dags.py
[2024-12-18T09:21:17.956-0500] {processor.py:925} INFO - DAG(s) 'multiple_dags' retrieved from /Users/apple/airflow/dags/multiple_bashfiles_dags.py
[2024-12-18T09:21:17.990-0500] {logging_mixin.py:190} INFO - [2024-12-18T09:21:17.990-0500] {dag.py:3239} INFO - Sync 1 DAGs
[2024-12-18T09:21:17.996-0500] {logging_mixin.py:190} INFO - [2024-12-18T09:21:17.996-0500] {dag.py:4180} INFO - Setting next_dagrun for multiple_dags to 2024-12-17 00:00:00+00:00, run_after=2024-12-18 00:00:00+00:00
[2024-12-18T09:21:18.003-0500] {processor.py:208} INFO - Processing /Users/apple/airflow/dags/multiple_bashfiles_dags.py took 0.078 seconds
[2024-12-18T09:53:08.696-0500] {processor.py:186} INFO - Started process (PID=94780) to work on /Users/apple/airflow/dags/multiple_bashfiles_dags.py
[2024-12-18T09:53:08.697-0500] {processor.py:914} INFO - Processing file /Users/apple/airflow/dags/multiple_bashfiles_dags.py for tasks to queue
[2024-12-18T09:53:08.697-0500] {logging_mixin.py:190} INFO - [2024-12-18T09:53:08.697-0500] {dagbag.py:588} INFO - Filling up the DagBag from /Users/apple/airflow/dags/multiple_bashfiles_dags.py
[2024-12-18T09:53:08.728-0500] {processor.py:925} INFO - DAG(s) 'multiple_dags' retrieved from /Users/apple/airflow/dags/multiple_bashfiles_dags.py
[2024-12-18T09:53:08.764-0500] {logging_mixin.py:190} INFO - [2024-12-18T09:53:08.764-0500] {dag.py:3239} INFO - Sync 1 DAGs
[2024-12-18T09:53:08.770-0500] {logging_mixin.py:190} INFO - [2024-12-18T09:53:08.770-0500] {dag.py:4180} INFO - Setting next_dagrun for multiple_dags to 2024-12-17 00:00:00+00:00, run_after=2024-12-18 00:00:00+00:00
[2024-12-18T09:53:08.776-0500] {processor.py:208} INFO - Processing /Users/apple/airflow/dags/multiple_bashfiles_dags.py took 0.081 seconds
[2024-12-18T10:26:34.779-0500] {processor.py:186} INFO - Started process (PID=94875) to work on /Users/apple/airflow/dags/multiple_bashfiles_dags.py
[2024-12-18T10:26:34.779-0500] {processor.py:914} INFO - Processing file /Users/apple/airflow/dags/multiple_bashfiles_dags.py for tasks to queue
[2024-12-18T10:26:34.780-0500] {logging_mixin.py:190} INFO - [2024-12-18T10:26:34.780-0500] {dagbag.py:588} INFO - Filling up the DagBag from /Users/apple/airflow/dags/multiple_bashfiles_dags.py
[2024-12-18T10:26:34.815-0500] {processor.py:925} INFO - DAG(s) 'multiple_dags' retrieved from /Users/apple/airflow/dags/multiple_bashfiles_dags.py
[2024-12-18T10:26:34.848-0500] {logging_mixin.py:190} INFO - [2024-12-18T10:26:34.848-0500] {dag.py:3239} INFO - Sync 1 DAGs
[2024-12-18T10:26:34.854-0500] {logging_mixin.py:190} INFO - [2024-12-18T10:26:34.854-0500] {dag.py:4180} INFO - Setting next_dagrun for multiple_dags to 2024-12-17 00:00:00+00:00, run_after=2024-12-18 00:00:00+00:00
[2024-12-18T10:26:34.859-0500] {processor.py:208} INFO - Processing /Users/apple/airflow/dags/multiple_bashfiles_dags.py took 0.082 seconds
[2024-12-18T10:46:59.548-0500] {processor.py:186} INFO - Started process (PID=94963) to work on /Users/apple/airflow/dags/multiple_bashfiles_dags.py
[2024-12-18T10:46:59.549-0500] {processor.py:914} INFO - Processing file /Users/apple/airflow/dags/multiple_bashfiles_dags.py for tasks to queue
[2024-12-18T10:46:59.549-0500] {logging_mixin.py:190} INFO - [2024-12-18T10:46:59.549-0500] {dagbag.py:588} INFO - Filling up the DagBag from /Users/apple/airflow/dags/multiple_bashfiles_dags.py
[2024-12-18T10:46:59.579-0500] {processor.py:925} INFO - DAG(s) 'multiple_dags' retrieved from /Users/apple/airflow/dags/multiple_bashfiles_dags.py
[2024-12-18T10:46:59.611-0500] {logging_mixin.py:190} INFO - [2024-12-18T10:46:59.611-0500] {dag.py:3239} INFO - Sync 1 DAGs
[2024-12-18T10:46:59.617-0500] {logging_mixin.py:190} INFO - [2024-12-18T10:46:59.617-0500] {dag.py:4180} INFO - Setting next_dagrun for multiple_dags to 2024-12-17 00:00:00+00:00, run_after=2024-12-18 00:00:00+00:00
[2024-12-18T10:46:59.622-0500] {processor.py:208} INFO - Processing /Users/apple/airflow/dags/multiple_bashfiles_dags.py took 0.075 seconds
[2024-12-18T11:18:17.447-0500] {processor.py:186} INFO - Started process (PID=95106) to work on /Users/apple/airflow/dags/multiple_bashfiles_dags.py
[2024-12-18T11:18:17.448-0500] {processor.py:914} INFO - Processing file /Users/apple/airflow/dags/multiple_bashfiles_dags.py for tasks to queue
[2024-12-18T11:18:17.448-0500] {logging_mixin.py:190} INFO - [2024-12-18T11:18:17.448-0500] {dagbag.py:588} INFO - Filling up the DagBag from /Users/apple/airflow/dags/multiple_bashfiles_dags.py
[2024-12-18T11:18:17.478-0500] {processor.py:925} INFO - DAG(s) 'multiple_dags' retrieved from /Users/apple/airflow/dags/multiple_bashfiles_dags.py
[2024-12-18T11:18:17.511-0500] {logging_mixin.py:190} INFO - [2024-12-18T11:18:17.511-0500] {dag.py:3239} INFO - Sync 1 DAGs
[2024-12-18T11:18:17.518-0500] {logging_mixin.py:190} INFO - [2024-12-18T11:18:17.518-0500] {dag.py:4180} INFO - Setting next_dagrun for multiple_dags to 2024-12-17 00:00:00+00:00, run_after=2024-12-18 00:00:00+00:00
[2024-12-18T11:18:17.523-0500] {processor.py:208} INFO - Processing /Users/apple/airflow/dags/multiple_bashfiles_dags.py took 0.077 seconds
[2024-12-18T11:47:59.626-0500] {processor.py:186} INFO - Started process (PID=95197) to work on /Users/apple/airflow/dags/multiple_bashfiles_dags.py
[2024-12-18T11:47:59.626-0500] {processor.py:914} INFO - Processing file /Users/apple/airflow/dags/multiple_bashfiles_dags.py for tasks to queue
[2024-12-18T11:47:59.627-0500] {logging_mixin.py:190} INFO - [2024-12-18T11:47:59.627-0500] {dagbag.py:588} INFO - Filling up the DagBag from /Users/apple/airflow/dags/multiple_bashfiles_dags.py
[2024-12-18T11:47:59.658-0500] {processor.py:925} INFO - DAG(s) 'multiple_dags' retrieved from /Users/apple/airflow/dags/multiple_bashfiles_dags.py
[2024-12-18T11:47:59.690-0500] {logging_mixin.py:190} INFO - [2024-12-18T11:47:59.690-0500] {dag.py:3239} INFO - Sync 1 DAGs
[2024-12-18T11:47:59.696-0500] {logging_mixin.py:190} INFO - [2024-12-18T11:47:59.696-0500] {dag.py:4180} INFO - Setting next_dagrun for multiple_dags to 2024-12-17 00:00:00+00:00, run_after=2024-12-18 00:00:00+00:00
[2024-12-18T11:47:59.705-0500] {processor.py:208} INFO - Processing /Users/apple/airflow/dags/multiple_bashfiles_dags.py took 0.080 seconds
[2024-12-18T12:20:43.025-0500] {processor.py:186} INFO - Started process (PID=95326) to work on /Users/apple/airflow/dags/multiple_bashfiles_dags.py
[2024-12-18T12:20:43.026-0500] {processor.py:914} INFO - Processing file /Users/apple/airflow/dags/multiple_bashfiles_dags.py for tasks to queue
[2024-12-18T12:20:43.026-0500] {logging_mixin.py:190} INFO - [2024-12-18T12:20:43.026-0500] {dagbag.py:588} INFO - Filling up the DagBag from /Users/apple/airflow/dags/multiple_bashfiles_dags.py
[2024-12-18T12:20:43.056-0500] {processor.py:925} INFO - DAG(s) 'multiple_dags' retrieved from /Users/apple/airflow/dags/multiple_bashfiles_dags.py
[2024-12-18T12:20:43.088-0500] {logging_mixin.py:190} INFO - [2024-12-18T12:20:43.088-0500] {dag.py:3239} INFO - Sync 1 DAGs
[2024-12-18T12:20:43.093-0500] {logging_mixin.py:190} INFO - [2024-12-18T12:20:43.093-0500] {dag.py:4180} INFO - Setting next_dagrun for multiple_dags to 2024-12-17 00:00:00+00:00, run_after=2024-12-18 00:00:00+00:00
[2024-12-18T12:20:43.099-0500] {processor.py:208} INFO - Processing /Users/apple/airflow/dags/multiple_bashfiles_dags.py took 0.075 seconds
[2024-12-18T12:48:58.930-0500] {processor.py:186} INFO - Started process (PID=95418) to work on /Users/apple/airflow/dags/multiple_bashfiles_dags.py
[2024-12-18T12:48:58.931-0500] {processor.py:914} INFO - Processing file /Users/apple/airflow/dags/multiple_bashfiles_dags.py for tasks to queue
[2024-12-18T12:48:58.931-0500] {logging_mixin.py:190} INFO - [2024-12-18T12:48:58.931-0500] {dagbag.py:588} INFO - Filling up the DagBag from /Users/apple/airflow/dags/multiple_bashfiles_dags.py
[2024-12-18T12:48:58.961-0500] {processor.py:925} INFO - DAG(s) 'multiple_dags' retrieved from /Users/apple/airflow/dags/multiple_bashfiles_dags.py
[2024-12-18T12:48:58.994-0500] {logging_mixin.py:190} INFO - [2024-12-18T12:48:58.994-0500] {dag.py:3239} INFO - Sync 1 DAGs
[2024-12-18T12:48:58.999-0500] {logging_mixin.py:190} INFO - [2024-12-18T12:48:58.999-0500] {dag.py:4180} INFO - Setting next_dagrun for multiple_dags to 2024-12-17 00:00:00+00:00, run_after=2024-12-18 00:00:00+00:00
[2024-12-18T12:48:59.005-0500] {processor.py:208} INFO - Processing /Users/apple/airflow/dags/multiple_bashfiles_dags.py took 0.076 seconds
[2024-12-18T13:22:27.981-0500] {processor.py:186} INFO - Started process (PID=95543) to work on /Users/apple/airflow/dags/multiple_bashfiles_dags.py
[2024-12-18T13:22:27.982-0500] {processor.py:914} INFO - Processing file /Users/apple/airflow/dags/multiple_bashfiles_dags.py for tasks to queue
[2024-12-18T13:22:27.982-0500] {logging_mixin.py:190} INFO - [2024-12-18T13:22:27.982-0500] {dagbag.py:588} INFO - Filling up the DagBag from /Users/apple/airflow/dags/multiple_bashfiles_dags.py
[2024-12-18T13:22:28.012-0500] {processor.py:925} INFO - DAG(s) 'multiple_dags' retrieved from /Users/apple/airflow/dags/multiple_bashfiles_dags.py
[2024-12-18T13:22:28.045-0500] {logging_mixin.py:190} INFO - [2024-12-18T13:22:28.045-0500] {dag.py:3239} INFO - Sync 1 DAGs
[2024-12-18T13:22:28.051-0500] {logging_mixin.py:190} INFO - [2024-12-18T13:22:28.051-0500] {dag.py:4180} INFO - Setting next_dagrun for multiple_dags to 2024-12-17 00:00:00+00:00, run_after=2024-12-18 00:00:00+00:00
[2024-12-18T13:22:28.057-0500] {processor.py:208} INFO - Processing /Users/apple/airflow/dags/multiple_bashfiles_dags.py took 0.076 seconds
[2024-12-18T13:49:59.554-0500] {processor.py:186} INFO - Started process (PID=95640) to work on /Users/apple/airflow/dags/multiple_bashfiles_dags.py
[2024-12-18T13:49:59.554-0500] {processor.py:914} INFO - Processing file /Users/apple/airflow/dags/multiple_bashfiles_dags.py for tasks to queue
[2024-12-18T13:49:59.555-0500] {logging_mixin.py:190} INFO - [2024-12-18T13:49:59.555-0500] {dagbag.py:588} INFO - Filling up the DagBag from /Users/apple/airflow/dags/multiple_bashfiles_dags.py
[2024-12-18T13:49:59.584-0500] {processor.py:925} INFO - DAG(s) 'multiple_dags' retrieved from /Users/apple/airflow/dags/multiple_bashfiles_dags.py
[2024-12-18T13:49:59.617-0500] {logging_mixin.py:190} INFO - [2024-12-18T13:49:59.617-0500] {dag.py:3239} INFO - Sync 1 DAGs
[2024-12-18T13:49:59.622-0500] {logging_mixin.py:190} INFO - [2024-12-18T13:49:59.622-0500] {dag.py:4180} INFO - Setting next_dagrun for multiple_dags to 2024-12-17 00:00:00+00:00, run_after=2024-12-18 00:00:00+00:00
[2024-12-18T13:49:59.628-0500] {processor.py:208} INFO - Processing /Users/apple/airflow/dags/multiple_bashfiles_dags.py took 0.075 seconds
[2024-12-18T14:21:58.275-0500] {processor.py:186} INFO - Started process (PID=95772) to work on /Users/apple/airflow/dags/multiple_bashfiles_dags.py
[2024-12-18T14:21:58.276-0500] {processor.py:914} INFO - Processing file /Users/apple/airflow/dags/multiple_bashfiles_dags.py for tasks to queue
[2024-12-18T14:21:58.277-0500] {logging_mixin.py:190} INFO - [2024-12-18T14:21:58.277-0500] {dagbag.py:588} INFO - Filling up the DagBag from /Users/apple/airflow/dags/multiple_bashfiles_dags.py
[2024-12-18T14:21:58.307-0500] {processor.py:925} INFO - DAG(s) 'multiple_dags' retrieved from /Users/apple/airflow/dags/multiple_bashfiles_dags.py
[2024-12-18T14:21:58.340-0500] {logging_mixin.py:190} INFO - [2024-12-18T14:21:58.340-0500] {dag.py:3239} INFO - Sync 1 DAGs
[2024-12-18T14:21:58.345-0500] {logging_mixin.py:190} INFO - [2024-12-18T14:21:58.345-0500] {dag.py:4180} INFO - Setting next_dagrun for multiple_dags to 2024-12-17 00:00:00+00:00, run_after=2024-12-18 00:00:00+00:00
[2024-12-18T14:21:58.351-0500] {processor.py:208} INFO - Processing /Users/apple/airflow/dags/multiple_bashfiles_dags.py took 0.076 seconds
[2024-12-18T14:50:58.413-0500] {processor.py:186} INFO - Started process (PID=95859) to work on /Users/apple/airflow/dags/multiple_bashfiles_dags.py
[2024-12-18T14:50:58.413-0500] {processor.py:914} INFO - Processing file /Users/apple/airflow/dags/multiple_bashfiles_dags.py for tasks to queue
[2024-12-18T14:50:58.413-0500] {logging_mixin.py:190} INFO - [2024-12-18T14:50:58.413-0500] {dagbag.py:588} INFO - Filling up the DagBag from /Users/apple/airflow/dags/multiple_bashfiles_dags.py
[2024-12-18T14:50:58.447-0500] {processor.py:925} INFO - DAG(s) 'multiple_dags' retrieved from /Users/apple/airflow/dags/multiple_bashfiles_dags.py
[2024-12-18T14:50:58.482-0500] {logging_mixin.py:190} INFO - [2024-12-18T14:50:58.482-0500] {dag.py:3239} INFO - Sync 1 DAGs
[2024-12-18T14:50:58.489-0500] {logging_mixin.py:190} INFO - [2024-12-18T14:50:58.489-0500] {dag.py:4180} INFO - Setting next_dagrun for multiple_dags to 2024-12-17 00:00:00+00:00, run_after=2024-12-18 00:00:00+00:00
[2024-12-18T14:50:58.496-0500] {processor.py:208} INFO - Processing /Users/apple/airflow/dags/multiple_bashfiles_dags.py took 0.084 seconds
[2024-12-18T15:26:15.571-0500] {processor.py:186} INFO - Started process (PID=95989) to work on /Users/apple/airflow/dags/multiple_bashfiles_dags.py
[2024-12-18T15:26:15.572-0500] {processor.py:914} INFO - Processing file /Users/apple/airflow/dags/multiple_bashfiles_dags.py for tasks to queue
[2024-12-18T15:26:15.572-0500] {logging_mixin.py:190} INFO - [2024-12-18T15:26:15.572-0500] {dagbag.py:588} INFO - Filling up the DagBag from /Users/apple/airflow/dags/multiple_bashfiles_dags.py
[2024-12-18T15:26:15.601-0500] {processor.py:925} INFO - DAG(s) 'multiple_dags' retrieved from /Users/apple/airflow/dags/multiple_bashfiles_dags.py
[2024-12-18T15:26:15.635-0500] {logging_mixin.py:190} INFO - [2024-12-18T15:26:15.634-0500] {dag.py:3239} INFO - Sync 1 DAGs
[2024-12-18T15:26:15.641-0500] {logging_mixin.py:190} INFO - [2024-12-18T15:26:15.641-0500] {dag.py:4180} INFO - Setting next_dagrun for multiple_dags to 2024-12-17 00:00:00+00:00, run_after=2024-12-18 00:00:00+00:00
[2024-12-18T15:26:15.646-0500] {processor.py:208} INFO - Processing /Users/apple/airflow/dags/multiple_bashfiles_dags.py took 0.076 seconds
[2024-12-18T15:29:09.693-0500] {processor.py:186} INFO - Started process (PID=96070) to work on /Users/apple/airflow/dags/multiple_bashfiles_dags.py
[2024-12-18T15:29:09.694-0500] {processor.py:914} INFO - Processing file /Users/apple/airflow/dags/multiple_bashfiles_dags.py for tasks to queue
[2024-12-18T15:29:09.694-0500] {logging_mixin.py:190} INFO - [2024-12-18T15:29:09.694-0500] {dagbag.py:588} INFO - Filling up the DagBag from /Users/apple/airflow/dags/multiple_bashfiles_dags.py
[2024-12-18T15:29:09.725-0500] {processor.py:925} INFO - DAG(s) 'multiple_dags' retrieved from /Users/apple/airflow/dags/multiple_bashfiles_dags.py
[2024-12-18T15:29:09.760-0500] {logging_mixin.py:190} INFO - [2024-12-18T15:29:09.760-0500] {dag.py:3239} INFO - Sync 1 DAGs
[2024-12-18T15:29:09.766-0500] {logging_mixin.py:190} INFO - [2024-12-18T15:29:09.766-0500] {dag.py:4180} INFO - Setting next_dagrun for multiple_dags to 2024-12-17 00:00:00+00:00, run_after=2024-12-18 00:00:00+00:00
[2024-12-18T15:29:09.771-0500] {processor.py:208} INFO - Processing /Users/apple/airflow/dags/multiple_bashfiles_dags.py took 0.079 seconds
[2024-12-18T15:35:00.738-0500] {processor.py:186} INFO - Started process (PID=96197) to work on /Users/apple/airflow/dags/multiple_bashfiles_dags.py
[2024-12-18T15:35:00.739-0500] {processor.py:914} INFO - Processing file /Users/apple/airflow/dags/multiple_bashfiles_dags.py for tasks to queue
[2024-12-18T15:35:00.740-0500] {logging_mixin.py:190} INFO - [2024-12-18T15:35:00.740-0500] {dagbag.py:588} INFO - Filling up the DagBag from /Users/apple/airflow/dags/multiple_bashfiles_dags.py
[2024-12-18T15:35:00.769-0500] {processor.py:925} INFO - DAG(s) 'multiple_dags' retrieved from /Users/apple/airflow/dags/multiple_bashfiles_dags.py
[2024-12-18T15:35:00.801-0500] {logging_mixin.py:190} INFO - [2024-12-18T15:35:00.801-0500] {dag.py:3239} INFO - Sync 1 DAGs
[2024-12-18T15:35:00.807-0500] {logging_mixin.py:190} INFO - [2024-12-18T15:35:00.807-0500] {dag.py:4180} INFO - Setting next_dagrun for multiple_dags to 2024-12-17 00:00:00+00:00, run_after=2024-12-18 00:00:00+00:00
[2024-12-18T15:35:00.812-0500] {processor.py:208} INFO - Processing /Users/apple/airflow/dags/multiple_bashfiles_dags.py took 0.075 seconds
[2024-12-18T16:08:24.265-0500] {processor.py:186} INFO - Started process (PID=96326) to work on /Users/apple/airflow/dags/multiple_bashfiles_dags.py
[2024-12-18T16:08:24.267-0500] {processor.py:914} INFO - Processing file /Users/apple/airflow/dags/multiple_bashfiles_dags.py for tasks to queue
[2024-12-18T16:08:24.267-0500] {logging_mixin.py:190} INFO - [2024-12-18T16:08:24.267-0500] {dagbag.py:588} INFO - Filling up the DagBag from /Users/apple/airflow/dags/multiple_bashfiles_dags.py
[2024-12-18T16:08:24.296-0500] {processor.py:925} INFO - DAG(s) 'multiple_dags' retrieved from /Users/apple/airflow/dags/multiple_bashfiles_dags.py
[2024-12-18T16:08:24.337-0500] {logging_mixin.py:190} INFO - [2024-12-18T16:08:24.336-0500] {dag.py:3239} INFO - Sync 1 DAGs
[2024-12-18T16:08:24.345-0500] {logging_mixin.py:190} INFO - [2024-12-18T16:08:24.345-0500] {dag.py:4180} INFO - Setting next_dagrun for multiple_dags to 2024-12-17 00:00:00+00:00, run_after=2024-12-18 00:00:00+00:00
[2024-12-18T16:08:24.354-0500] {processor.py:208} INFO - Processing /Users/apple/airflow/dags/multiple_bashfiles_dags.py took 0.089 seconds
[2024-12-18T16:23:32.268-0500] {processor.py:186} INFO - Started process (PID=96455) to work on /Users/apple/airflow/dags/multiple_bashfiles_dags.py
[2024-12-18T16:23:32.268-0500] {processor.py:914} INFO - Processing file /Users/apple/airflow/dags/multiple_bashfiles_dags.py for tasks to queue
[2024-12-18T16:23:32.269-0500] {logging_mixin.py:190} INFO - [2024-12-18T16:23:32.269-0500] {dagbag.py:588} INFO - Filling up the DagBag from /Users/apple/airflow/dags/multiple_bashfiles_dags.py
[2024-12-18T16:23:32.298-0500] {processor.py:925} INFO - DAG(s) 'multiple_dags' retrieved from /Users/apple/airflow/dags/multiple_bashfiles_dags.py
[2024-12-18T16:23:32.330-0500] {logging_mixin.py:190} INFO - [2024-12-18T16:23:32.330-0500] {dag.py:3239} INFO - Sync 1 DAGs
[2024-12-18T16:23:32.335-0500] {logging_mixin.py:190} INFO - [2024-12-18T16:23:32.335-0500] {dag.py:4180} INFO - Setting next_dagrun for multiple_dags to 2024-12-17 00:00:00+00:00, run_after=2024-12-18 00:00:00+00:00
[2024-12-18T16:23:32.341-0500] {processor.py:208} INFO - Processing /Users/apple/airflow/dags/multiple_bashfiles_dags.py took 0.074 seconds
[2024-12-18T16:52:02.080-0500] {processor.py:186} INFO - Started process (PID=96562) to work on /Users/apple/airflow/dags/multiple_bashfiles_dags.py
[2024-12-18T16:52:02.081-0500] {processor.py:914} INFO - Processing file /Users/apple/airflow/dags/multiple_bashfiles_dags.py for tasks to queue
[2024-12-18T16:52:02.082-0500] {logging_mixin.py:190} INFO - [2024-12-18T16:52:02.082-0500] {dagbag.py:588} INFO - Filling up the DagBag from /Users/apple/airflow/dags/multiple_bashfiles_dags.py
[2024-12-18T16:52:02.111-0500] {processor.py:925} INFO - DAG(s) 'multiple_dags' retrieved from /Users/apple/airflow/dags/multiple_bashfiles_dags.py
[2024-12-18T16:52:02.144-0500] {logging_mixin.py:190} INFO - [2024-12-18T16:52:02.144-0500] {dag.py:3239} INFO - Sync 1 DAGs
[2024-12-18T16:52:02.150-0500] {logging_mixin.py:190} INFO - [2024-12-18T16:52:02.150-0500] {dag.py:4180} INFO - Setting next_dagrun for multiple_dags to 2024-12-17 00:00:00+00:00, run_after=2024-12-18 00:00:00+00:00
[2024-12-18T16:52:02.155-0500] {processor.py:208} INFO - Processing /Users/apple/airflow/dags/multiple_bashfiles_dags.py took 0.076 seconds
[2024-12-18T17:26:40.702-0500] {processor.py:186} INFO - Started process (PID=96748) to work on /Users/apple/airflow/dags/multiple_bashfiles_dags.py
[2024-12-18T17:26:40.703-0500] {processor.py:914} INFO - Processing file /Users/apple/airflow/dags/multiple_bashfiles_dags.py for tasks to queue
[2024-12-18T17:26:40.703-0500] {logging_mixin.py:190} INFO - [2024-12-18T17:26:40.703-0500] {dagbag.py:588} INFO - Filling up the DagBag from /Users/apple/airflow/dags/multiple_bashfiles_dags.py
[2024-12-18T17:26:40.734-0500] {processor.py:925} INFO - DAG(s) 'multiple_dags' retrieved from /Users/apple/airflow/dags/multiple_bashfiles_dags.py
[2024-12-18T17:26:40.767-0500] {logging_mixin.py:190} INFO - [2024-12-18T17:26:40.767-0500] {dag.py:3239} INFO - Sync 1 DAGs
[2024-12-18T17:26:40.773-0500] {logging_mixin.py:190} INFO - [2024-12-18T17:26:40.773-0500] {dag.py:4180} INFO - Setting next_dagrun for multiple_dags to 2024-12-17 00:00:00+00:00, run_after=2024-12-18 00:00:00+00:00
[2024-12-18T17:26:40.779-0500] {processor.py:208} INFO - Processing /Users/apple/airflow/dags/multiple_bashfiles_dags.py took 0.078 seconds
[2024-12-18T17:53:02.126-0500] {processor.py:186} INFO - Started process (PID=96833) to work on /Users/apple/airflow/dags/multiple_bashfiles_dags.py
[2024-12-18T17:53:02.126-0500] {processor.py:914} INFO - Processing file /Users/apple/airflow/dags/multiple_bashfiles_dags.py for tasks to queue
[2024-12-18T17:53:02.127-0500] {logging_mixin.py:190} INFO - [2024-12-18T17:53:02.127-0500] {dagbag.py:588} INFO - Filling up the DagBag from /Users/apple/airflow/dags/multiple_bashfiles_dags.py
[2024-12-18T17:53:02.156-0500] {processor.py:925} INFO - DAG(s) 'multiple_dags' retrieved from /Users/apple/airflow/dags/multiple_bashfiles_dags.py
[2024-12-18T17:53:02.189-0500] {logging_mixin.py:190} INFO - [2024-12-18T17:53:02.189-0500] {dag.py:3239} INFO - Sync 1 DAGs
[2024-12-18T17:53:02.196-0500] {logging_mixin.py:190} INFO - [2024-12-18T17:53:02.195-0500] {dag.py:4180} INFO - Setting next_dagrun for multiple_dags to 2024-12-17 00:00:00+00:00, run_after=2024-12-18 00:00:00+00:00
[2024-12-18T17:53:02.201-0500] {processor.py:208} INFO - Processing /Users/apple/airflow/dags/multiple_bashfiles_dags.py took 0.076 seconds
[2024-12-18T18:26:50.910-0500] {processor.py:186} INFO - Started process (PID=97021) to work on /Users/apple/airflow/dags/multiple_bashfiles_dags.py
[2024-12-18T18:26:50.911-0500] {processor.py:914} INFO - Processing file /Users/apple/airflow/dags/multiple_bashfiles_dags.py for tasks to queue
[2024-12-18T18:26:50.911-0500] {logging_mixin.py:190} INFO - [2024-12-18T18:26:50.911-0500] {dagbag.py:588} INFO - Filling up the DagBag from /Users/apple/airflow/dags/multiple_bashfiles_dags.py
[2024-12-18T18:26:50.943-0500] {processor.py:925} INFO - DAG(s) 'multiple_dags' retrieved from /Users/apple/airflow/dags/multiple_bashfiles_dags.py
[2024-12-18T18:26:50.976-0500] {logging_mixin.py:190} INFO - [2024-12-18T18:26:50.976-0500] {dag.py:3239} INFO - Sync 1 DAGs
[2024-12-18T18:26:50.983-0500] {logging_mixin.py:190} INFO - [2024-12-18T18:26:50.983-0500] {dag.py:4180} INFO - Setting next_dagrun for multiple_dags to 2024-12-17 00:00:00+00:00, run_after=2024-12-18 00:00:00+00:00
[2024-12-18T18:26:50.988-0500] {processor.py:208} INFO - Processing /Users/apple/airflow/dags/multiple_bashfiles_dags.py took 0.079 seconds
[2024-12-18T18:54:03.199-0500] {processor.py:186} INFO - Started process (PID=97111) to work on /Users/apple/airflow/dags/multiple_bashfiles_dags.py
[2024-12-18T18:54:03.199-0500] {processor.py:914} INFO - Processing file /Users/apple/airflow/dags/multiple_bashfiles_dags.py for tasks to queue
[2024-12-18T18:54:03.199-0500] {logging_mixin.py:190} INFO - [2024-12-18T18:54:03.199-0500] {dagbag.py:588} INFO - Filling up the DagBag from /Users/apple/airflow/dags/multiple_bashfiles_dags.py
[2024-12-18T18:54:03.230-0500] {processor.py:925} INFO - DAG(s) 'multiple_dags' retrieved from /Users/apple/airflow/dags/multiple_bashfiles_dags.py
[2024-12-18T18:54:03.263-0500] {logging_mixin.py:190} INFO - [2024-12-18T18:54:03.263-0500] {dag.py:3239} INFO - Sync 1 DAGs
[2024-12-18T18:54:03.269-0500] {logging_mixin.py:190} INFO - [2024-12-18T18:54:03.269-0500] {dag.py:4180} INFO - Setting next_dagrun for multiple_dags to 2024-12-17 00:00:00+00:00, run_after=2024-12-18 00:00:00+00:00
[2024-12-18T18:54:03.274-0500] {processor.py:208} INFO - Processing /Users/apple/airflow/dags/multiple_bashfiles_dags.py took 0.077 seconds
