[2024-12-15T13:23:13.098-0500] {local_task_job_runner.py:123} INFO - ::group::Pre task execution logs
[2024-12-15T13:23:13.101-0500] {taskinstance.py:2613} INFO - Dependencies all met for dep_context=non-requeueable deps ti=<TaskInstance: executing_multiple_dags.task_a manual__2024-12-15T18:23:11.473076+00:00 [queued]>
[2024-12-15T13:23:13.103-0500] {taskinstance.py:2613} INFO - Dependencies all met for dep_context=requeueable deps ti=<TaskInstance: executing_multiple_dags.task_a manual__2024-12-15T18:23:11.473076+00:00 [queued]>
[2024-12-15T13:23:13.103-0500] {taskinstance.py:2866} INFO - Starting attempt 1 of 1
[2024-12-15T13:23:13.107-0500] {taskinstance.py:2889} INFO - Executing <Task(BashOperator): task_a> on 2024-12-15 18:23:11.473076+00:00
[2024-12-15T13:23:13.109-0500] {standard_task_runner.py:72} INFO - Started process 24553 to run task
[2024-12-15T13:23:13.112-0500] {standard_task_runner.py:104} INFO - Running: ['airflow', 'tasks', 'run', 'executing_multiple_dags', 'task_a', 'manual__2024-12-15T18:23:11.473076+00:00', '--job-id', '23', '--raw', '--subdir', 'DAGS_FOLDER/simple_hello_world.py', '--cfg-path', '/var/folders/jw/j912b4gd5xj0c7j8p3syth7r0000gn/T/tmp3eliale_']
[2024-12-15T13:23:13.113-0500] {standard_task_runner.py:105} INFO - Job 23: Subtask task_a
[2024-12-15T13:23:13.126-0500] {task_command.py:467} INFO - Running <TaskInstance: executing_multiple_dags.task_a manual__2024-12-15T18:23:11.473076+00:00 [running]> on host mac-4031.lan
[2024-12-15T13:23:13.146-0500] {taskinstance.py:3132} INFO - Exporting env vars: AIRFLOW_CTX_DAG_OWNER='venkatesh' AIRFLOW_CTX_DAG_ID='executing_multiple_dags' AIRFLOW_CTX_TASK_ID='task_a' AIRFLOW_CTX_EXECUTION_DATE='2024-12-15T18:23:11.473076+00:00' AIRFLOW_CTX_TRY_NUMBER='1' AIRFLOW_CTX_DAG_RUN_ID='manual__2024-12-15T18:23:11.473076+00:00'
[2024-12-15T13:23:13.147-0500] {taskinstance.py:731} INFO - ::endgroup::
[2024-12-15T13:23:13.151-0500] {subprocess.py:78} INFO - Tmp dir root location: /var/folders/jw/j912b4gd5xj0c7j8p3syth7r0000gn/T
[2024-12-15T13:23:13.152-0500] {subprocess.py:88} INFO - Running command: ['/bin/bash', '-c', 'echo task_1_hello_world']
[2024-12-15T13:23:13.154-0500] {subprocess.py:99} INFO - Output:
[2024-12-15T13:23:13.158-0500] {subprocess.py:106} INFO - task_1_hello_world
[2024-12-15T13:23:13.158-0500] {subprocess.py:110} INFO - Command exited with return code 0
[2024-12-15T13:23:13.164-0500] {taskinstance.py:340} INFO - ::group::Post task execution logs
[2024-12-15T13:23:13.164-0500] {taskinstance.py:352} INFO - Marking task as SUCCESS. dag_id=executing_multiple_dags, task_id=task_a, run_id=manual__2024-12-15T18:23:11.473076+00:00, execution_date=20241215T182311, start_date=20241215T182313, end_date=20241215T182313
[2024-12-15T13:23:13.174-0500] {local_task_job_runner.py:266} INFO - Task exited with return code 0
[2024-12-15T13:23:13.180-0500] {taskinstance.py:3895} INFO - 1 downstream tasks scheduled from follow-on schedule check
[2024-12-15T13:23:13.180-0500] {local_task_job_runner.py:245} INFO - ::endgroup::
