[2024-12-19T17:37:04.700-0500] {local_task_job_runner.py:123} INFO - ::group::Pre task execution logs
[2024-12-19T17:37:04.704-0500] {taskinstance.py:2613} INFO - Dependencies all met for dep_context=non-requeueable deps ti=<TaskInstance: executing_python_etl_dag.read_the_csv_files manual__2024-12-19T22:37:02.786926+00:00 [queued]>
[2024-12-19T17:37:04.706-0500] {taskinstance.py:2613} INFO - Dependencies all met for dep_context=requeueable deps ti=<TaskInstance: executing_python_etl_dag.read_the_csv_files manual__2024-12-19T22:37:02.786926+00:00 [queued]>
[2024-12-19T17:37:04.706-0500] {taskinstance.py:2866} INFO - Starting attempt 1 of 1
[2024-12-19T17:37:04.712-0500] {taskinstance.py:2889} INFO - Executing <Task(PythonOperator): read_the_csv_files> on 2024-12-19 22:37:02.786926+00:00
[2024-12-19T17:37:04.714-0500] {standard_task_runner.py:72} INFO - Started process 80915 to run task
[2024-12-19T17:37:04.718-0500] {standard_task_runner.py:104} INFO - Running: ['airflow', 'tasks', 'run', 'executing_python_etl_dag', 'read_the_csv_files', 'manual__2024-12-19T22:37:02.786926+00:00', '--job-id', '80', '--raw', '--subdir', 'DAGS_FOLDER/etl.py', '--cfg-path', '/var/folders/jw/j912b4gd5xj0c7j8p3syth7r0000gn/T/tmpuyg3xppu']
[2024-12-19T17:37:04.719-0500] {standard_task_runner.py:105} INFO - Job 80: Subtask read_the_csv_files
[2024-12-19T17:37:04.738-0500] {task_command.py:467} INFO - Running <TaskInstance: executing_python_etl_dag.read_the_csv_files manual__2024-12-19T22:37:02.786926+00:00 [running]> on host mac-4952.lan
[2024-12-19T17:37:04.761-0500] {taskinstance.py:3132} INFO - Exporting env vars: AIRFLOW_CTX_DAG_OWNER='venkatesh' AIRFLOW_CTX_DAG_ID='executing_python_etl_dag' AIRFLOW_CTX_TASK_ID='read_the_csv_files' AIRFLOW_CTX_EXECUTION_DATE='2024-12-19T22:37:02.786926+00:00' AIRFLOW_CTX_TRY_NUMBER='1' AIRFLOW_CTX_DAG_RUN_ID='manual__2024-12-19T22:37:02.786926+00:00'
[2024-12-19T17:37:04.762-0500] {taskinstance.py:731} INFO - ::endgroup::
[2024-12-19T17:37:04.786-0500] {logging_mixin.py:190} INFO -    sale_id  product_id  customer_id   sale_date  sale_amount
0        1           1          316  2024-07-16       733.05
1        2          24          891  2024-03-26        26.97
2        3          43          364  2024-04-27       316.11
3        4           4          379  2024-10-14       111.81
4        5           6          963  2024-07-11       482.48
[2024-12-19T17:37:04.789-0500] {logging_mixin.py:190} INFO -    customer_id  ...                                   customer_address
0            1  ...     176 Long Keys Apt. 905\nFrazierburgh, NV 37529
1            2  ...  472 Mary Villages Suite 888\nEast Zacharyland,...
2            3  ...       126 Michelle Parkways\nJoshuahaven, MI 87974
3            4  ...       311 Odonnell Square\nBlackburnside, OK 54857
4            5  ...  26100 Smith Heights Suite 402\nWest Jonathan, ...

[5 rows x 4 columns]
[2024-12-19T17:37:04.790-0500] {logging_mixin.py:190} INFO -    product_id product_name     category
0           1    Product_1  Electronics
1           2    Product_2     Clothing
2           3    Product_3        Books
3           4    Product_4        Books
4           5    Product_5         Home
[2024-12-19T17:37:04.790-0500] {python.py:240} INFO - Done. Returned value was: None
[2024-12-19T17:37:04.793-0500] {taskinstance.py:340} INFO - ::group::Post task execution logs
[2024-12-19T17:37:04.793-0500] {taskinstance.py:352} INFO - Marking task as SUCCESS. dag_id=executing_python_etl_dag, task_id=read_the_csv_files, run_id=manual__2024-12-19T22:37:02.786926+00:00, execution_date=20241219T223702, start_date=20241219T223704, end_date=20241219T223704
[2024-12-19T17:37:04.825-0500] {local_task_job_runner.py:266} INFO - Task exited with return code 0
[2024-12-19T17:37:04.833-0500] {taskinstance.py:3895} INFO - 1 downstream tasks scheduled from follow-on schedule check
[2024-12-19T17:37:04.834-0500] {local_task_job_runner.py:245} INFO - ::endgroup::
