[2024-12-19T18:36:38.819-0500] {local_task_job_runner.py:123} INFO - ::group::Pre task execution logs
[2024-12-19T18:36:38.822-0500] {taskinstance.py:2613} INFO - Dependencies all met for dep_context=non-requeueable deps ti=<TaskInstance: executing_python_etl_dag.clean_the_data manual__2024-12-19T23:36:35.972076+00:00 [queued]>
[2024-12-19T18:36:38.824-0500] {taskinstance.py:2613} INFO - Dependencies all met for dep_context=requeueable deps ti=<TaskInstance: executing_python_etl_dag.clean_the_data manual__2024-12-19T23:36:35.972076+00:00 [queued]>
[2024-12-19T18:36:38.825-0500] {taskinstance.py:2866} INFO - Starting attempt 1 of 1
[2024-12-19T18:36:38.829-0500] {taskinstance.py:2889} INFO - Executing <Task(PythonOperator): clean_the_data> on 2024-12-19 23:36:35.972076+00:00
[2024-12-19T18:36:38.832-0500] {standard_task_runner.py:72} INFO - Started process 2708 to run task
[2024-12-19T18:36:38.835-0500] {standard_task_runner.py:104} INFO - Running: ['airflow', 'tasks', 'run', 'executing_python_etl_dag', 'clean_the_data', 'manual__2024-12-19T23:36:35.972076+00:00', '--job-id', '102', '--raw', '--subdir', 'DAGS_FOLDER/etl.py', '--cfg-path', '/var/folders/jw/j912b4gd5xj0c7j8p3syth7r0000gn/T/tmpsxil9pl9']
[2024-12-19T18:36:38.836-0500] {standard_task_runner.py:105} INFO - Job 102: Subtask clean_the_data
[2024-12-19T18:36:38.850-0500] {task_command.py:467} INFO - Running <TaskInstance: executing_python_etl_dag.clean_the_data manual__2024-12-19T23:36:35.972076+00:00 [running]> on host mac-4952.lan
[2024-12-19T18:36:38.871-0500] {taskinstance.py:3132} INFO - Exporting env vars: AIRFLOW_CTX_DAG_OWNER='venkatesh' AIRFLOW_CTX_DAG_ID='executing_python_etl_dag' AIRFLOW_CTX_TASK_ID='clean_the_data' AIRFLOW_CTX_EXECUTION_DATE='2024-12-19T23:36:35.972076+00:00' AIRFLOW_CTX_TRY_NUMBER='1' AIRFLOW_CTX_DAG_RUN_ID='manual__2024-12-19T23:36:35.972076+00:00'
[2024-12-19T18:36:38.872-0500] {taskinstance.py:731} INFO - ::endgroup::
[2024-12-19T18:36:38.885-0500] {logging_mixin.py:190} WARNING - /Users/apple/airflow/dags/etl.py:35 FutureWarning: Passing literal json to 'read_json' is deprecated and will be removed in a future version. To read from a literal string, wrap it in a 'StringIO' object.
[2024-12-19T18:36:38.900-0500] {logging_mixin.py:190} WARNING - /Users/apple/airflow/dags/etl.py:36 FutureWarning: Passing literal json to 'read_json' is deprecated and will be removed in a future version. To read from a literal string, wrap it in a 'StringIO' object.
[2024-12-19T18:36:38.903-0500] {logging_mixin.py:190} WARNING - /Users/apple/airflow/dags/etl.py:37 FutureWarning: Passing literal json to 'read_json' is deprecated and will be removed in a future version. To read from a literal string, wrap it in a 'StringIO' object.
[2024-12-19T18:36:38.910-0500] {logging_mixin.py:190} INFO -    sale_id  product_id  customer_id  sale_date  sale_amount
0        1           1          316 2024-07-16       733.05
1        2          24          891 2024-03-26        26.97
2        3          43          364 2024-04-27       316.11
3        4           4          379 2024-10-14       111.81
4        5           6          963 2024-07-11       482.48
[2024-12-19T18:36:38.913-0500] {logging_mixin.py:190} INFO -    customer_id  ...                                   customer_address
0            1  ...     176 Long Keys Apt. 905\nFrazierburgh, NV 37529
1            2  ...  472 Mary Villages Suite 888\nEast Zacharyland,...
2            3  ...       126 Michelle Parkways\nJoshuahaven, MI 87974
3            4  ...       311 Odonnell Square\nBlackburnside, OK 54857
4            5  ...  26100 Smith Heights Suite 402\nWest Jonathan, ...

[5 rows x 4 columns]
[2024-12-19T18:36:38.915-0500] {logging_mixin.py:190} INFO -    product_id product_name     category
0           1    Product_1  Electronics
1           2    Product_2     Clothing
2           3    Product_3        Books
3           4    Product_4        Books
4           5    Product_5         Home
[2024-12-19T18:36:38.927-0500] {python.py:240} INFO - Done. Returned value was: None
[2024-12-19T18:36:38.928-0500] {taskinstance.py:340} INFO - ::group::Post task execution logs
[2024-12-19T18:36:38.929-0500] {taskinstance.py:352} INFO - Marking task as SUCCESS. dag_id=executing_python_etl_dag, task_id=clean_the_data, run_id=manual__2024-12-19T23:36:35.972076+00:00, execution_date=20241219T233635, start_date=20241219T233638, end_date=20241219T233638
[2024-12-19T18:36:38.941-0500] {local_task_job_runner.py:266} INFO - Task exited with return code 0
[2024-12-19T18:36:38.948-0500] {taskinstance.py:3895} INFO - 1 downstream tasks scheduled from follow-on schedule check
[2024-12-19T18:36:38.949-0500] {local_task_job_runner.py:245} INFO - ::endgroup::
