[2024-12-15T13:22:53.193-0500] {local_task_job_runner.py:123} INFO - ::group::Pre task execution logs
[2024-12-15T13:22:53.196-0500] {taskinstance.py:2613} INFO - Dependencies all met for dep_context=non-requeueable deps ti=<TaskInstance: executing_multiple_dags.task_a manual__2024-12-15T18:22:51.764127+00:00 [queued]>
[2024-12-15T13:22:53.198-0500] {taskinstance.py:2613} INFO - Dependencies all met for dep_context=requeueable deps ti=<TaskInstance: executing_multiple_dags.task_a manual__2024-12-15T18:22:51.764127+00:00 [queued]>
[2024-12-15T13:22:53.198-0500] {taskinstance.py:2866} INFO - Starting attempt 1 of 1
[2024-12-15T13:22:53.201-0500] {taskinstance.py:2889} INFO - Executing <Task(BashOperator): task_a> on 2024-12-15 18:22:51.764127+00:00
[2024-12-15T13:22:53.203-0500] {standard_task_runner.py:72} INFO - Started process 24445 to run task
[2024-12-15T13:22:53.206-0500] {standard_task_runner.py:104} INFO - Running: ['airflow', 'tasks', 'run', 'executing_multiple_dags', 'task_a', 'manual__2024-12-15T18:22:51.764127+00:00', '--job-id', '19', '--raw', '--subdir', 'DAGS_FOLDER/simple_hello_world.py', '--cfg-path', '/var/folders/jw/j912b4gd5xj0c7j8p3syth7r0000gn/T/tmp10fhyqq9']
[2024-12-15T13:22:53.207-0500] {standard_task_runner.py:105} INFO - Job 19: Subtask task_a
[2024-12-15T13:22:53.220-0500] {task_command.py:467} INFO - Running <TaskInstance: executing_multiple_dags.task_a manual__2024-12-15T18:22:51.764127+00:00 [running]> on host mac-4031.lan
[2024-12-15T13:22:53.240-0500] {taskinstance.py:3132} INFO - Exporting env vars: AIRFLOW_CTX_DAG_OWNER='venkatesh' AIRFLOW_CTX_DAG_ID='executing_multiple_dags' AIRFLOW_CTX_TASK_ID='task_a' AIRFLOW_CTX_EXECUTION_DATE='2024-12-15T18:22:51.764127+00:00' AIRFLOW_CTX_TRY_NUMBER='1' AIRFLOW_CTX_DAG_RUN_ID='manual__2024-12-15T18:22:51.764127+00:00'
[2024-12-15T13:22:53.241-0500] {taskinstance.py:731} INFO - ::endgroup::
[2024-12-15T13:22:53.245-0500] {subprocess.py:78} INFO - Tmp dir root location: /var/folders/jw/j912b4gd5xj0c7j8p3syth7r0000gn/T
[2024-12-15T13:22:53.245-0500] {subprocess.py:88} INFO - Running command: ['/bin/bash', '-c', 'echo task_1_hello_world']
[2024-12-15T13:22:53.248-0500] {subprocess.py:99} INFO - Output:
[2024-12-15T13:22:53.251-0500] {subprocess.py:106} INFO - task_1_hello_world
[2024-12-15T13:22:53.252-0500] {subprocess.py:110} INFO - Command exited with return code 0
[2024-12-15T13:22:53.257-0500] {taskinstance.py:340} INFO - ::group::Post task execution logs
[2024-12-15T13:22:53.258-0500] {taskinstance.py:352} INFO - Marking task as SUCCESS. dag_id=executing_multiple_dags, task_id=task_a, run_id=manual__2024-12-15T18:22:51.764127+00:00, execution_date=20241215T182251, start_date=20241215T182253, end_date=20241215T182253
[2024-12-15T13:22:53.268-0500] {local_task_job_runner.py:266} INFO - Task exited with return code 0
[2024-12-15T13:22:53.274-0500] {taskinstance.py:3895} INFO - 1 downstream tasks scheduled from follow-on schedule check
[2024-12-15T13:22:53.275-0500] {local_task_job_runner.py:245} INFO - ::endgroup::
