[2024-12-19T19:00:04.095-0500] {local_task_job_runner.py:123} INFO - ::group::Pre task execution logs
[2024-12-19T19:00:04.099-0500] {taskinstance.py:2613} INFO - Dependencies all met for dep_context=non-requeueable deps ti=<TaskInstance: executing_python_etl_dag.clean_the_data scheduled__2024-12-19T00:00:00+00:00 [queued]>
[2024-12-19T19:00:04.103-0500] {taskinstance.py:2613} INFO - Dependencies all met for dep_context=requeueable deps ti=<TaskInstance: executing_python_etl_dag.clean_the_data scheduled__2024-12-19T00:00:00+00:00 [queued]>
[2024-12-19T19:00:04.103-0500] {taskinstance.py:2866} INFO - Starting attempt 1 of 1
[2024-12-19T19:00:04.108-0500] {taskinstance.py:2889} INFO - Executing <Task(PythonOperator): clean_the_data> on 2024-12-19 00:00:00+00:00
[2024-12-19T19:00:04.110-0500] {standard_task_runner.py:72} INFO - Started process 18313 to run task
[2024-12-19T19:00:04.114-0500] {standard_task_runner.py:104} INFO - Running: ['airflow', 'tasks', 'run', 'executing_python_etl_dag', 'clean_the_data', 'scheduled__2024-12-19T00:00:00+00:00', '--job-id', '107', '--raw', '--subdir', 'DAGS_FOLDER/etl.py', '--cfg-path', '/var/folders/jw/j912b4gd5xj0c7j8p3syth7r0000gn/T/tmpk0j2oo_2']
[2024-12-19T19:00:04.117-0500] {standard_task_runner.py:105} INFO - Job 107: Subtask clean_the_data
[2024-12-19T19:00:04.146-0500] {task_command.py:467} INFO - Running <TaskInstance: executing_python_etl_dag.clean_the_data scheduled__2024-12-19T00:00:00+00:00 [running]> on host mac-4952.lan
[2024-12-19T19:00:04.171-0500] {taskinstance.py:3132} INFO - Exporting env vars: AIRFLOW_CTX_DAG_OWNER='venkatesh' AIRFLOW_CTX_DAG_ID='executing_python_etl_dag' AIRFLOW_CTX_TASK_ID='clean_the_data' AIRFLOW_CTX_EXECUTION_DATE='2024-12-19T00:00:00+00:00' AIRFLOW_CTX_TRY_NUMBER='1' AIRFLOW_CTX_DAG_RUN_ID='scheduled__2024-12-19T00:00:00+00:00'
[2024-12-19T19:00:04.171-0500] {taskinstance.py:731} INFO - ::endgroup::
[2024-12-19T19:00:04.186-0500] {logging_mixin.py:190} WARNING - /Users/apple/airflow/dags/etl.py:35 FutureWarning: Passing literal json to 'read_json' is deprecated and will be removed in a future version. To read from a literal string, wrap it in a 'StringIO' object.
[2024-12-19T19:00:04.203-0500] {logging_mixin.py:190} WARNING - /Users/apple/airflow/dags/etl.py:36 FutureWarning: Passing literal json to 'read_json' is deprecated and will be removed in a future version. To read from a literal string, wrap it in a 'StringIO' object.
[2024-12-19T19:00:04.205-0500] {logging_mixin.py:190} WARNING - /Users/apple/airflow/dags/etl.py:37 FutureWarning: Passing literal json to 'read_json' is deprecated and will be removed in a future version. To read from a literal string, wrap it in a 'StringIO' object.
[2024-12-19T19:00:04.214-0500] {logging_mixin.py:190} INFO -    sale_id  product_id  customer_id  sale_date  sale_amount
0        1           1          316 2024-07-16       733.05
1        2          24          891 2024-03-26        26.97
2        3          43          364 2024-04-27       316.11
3        4           4          379 2024-10-14       111.81
4        5           6          963 2024-07-11       482.48
[2024-12-19T19:00:04.217-0500] {logging_mixin.py:190} INFO -    customer_id  ...                                   customer_address
0            1  ...     176 Long Keys Apt. 905\nFrazierburgh, NV 37529
1            2  ...  472 Mary Villages Suite 888\nEast Zacharyland,...
2            3  ...       126 Michelle Parkways\nJoshuahaven, MI 87974
3            4  ...       311 Odonnell Square\nBlackburnside, OK 54857
4            5  ...  26100 Smith Heights Suite 402\nWest Jonathan, ...

[5 rows x 4 columns]
[2024-12-19T19:00:04.219-0500] {logging_mixin.py:190} INFO -    product_id product_name     category
0           1    Product_1  Electronics
1           2    Product_2     Clothing
2           3    Product_3        Books
3           4    Product_4        Books
4           5    Product_5         Home
[2024-12-19T19:00:04.232-0500] {python.py:240} INFO - Done. Returned value was: None
[2024-12-19T19:00:04.234-0500] {taskinstance.py:340} INFO - ::group::Post task execution logs
[2024-12-19T19:00:04.235-0500] {taskinstance.py:352} INFO - Marking task as SUCCESS. dag_id=executing_python_etl_dag, task_id=clean_the_data, run_id=scheduled__2024-12-19T00:00:00+00:00, execution_date=20241219T000000, start_date=20241220T000004, end_date=20241220T000004
[2024-12-19T19:00:04.265-0500] {local_task_job_runner.py:266} INFO - Task exited with return code 0
[2024-12-19T19:00:04.273-0500] {taskinstance.py:3895} INFO - 1 downstream tasks scheduled from follow-on schedule check
[2024-12-19T19:00:04.273-0500] {local_task_job_runner.py:245} INFO - ::endgroup::
[2024-12-19T19:00:16.441-0500] {local_task_job_runner.py:123} INFO - ::group::Pre task execution logs
[2024-12-19T19:00:16.445-0500] {taskinstance.py:2613} INFO - Dependencies all met for dep_context=non-requeueable deps ti=<TaskInstance: executing_python_etl_dag.clean_the_data scheduled__2024-12-19T00:00:00+00:00 [queued]>
[2024-12-19T19:00:16.447-0500] {taskinstance.py:2613} INFO - Dependencies all met for dep_context=requeueable deps ti=<TaskInstance: executing_python_etl_dag.clean_the_data scheduled__2024-12-19T00:00:00+00:00 [queued]>
[2024-12-19T19:00:16.447-0500] {taskinstance.py:2866} INFO - Starting attempt 1 of 1
[2024-12-19T19:00:16.451-0500] {taskinstance.py:2889} INFO - Executing <Task(PythonOperator): clean_the_data> on 2024-12-19 00:00:00+00:00
[2024-12-19T19:00:16.453-0500] {standard_task_runner.py:72} INFO - Started process 18700 to run task
[2024-12-19T19:00:16.456-0500] {standard_task_runner.py:104} INFO - Running: ['airflow', 'tasks', 'run', 'executing_python_etl_dag', 'clean_the_data', 'scheduled__2024-12-19T00:00:00+00:00', '--job-id', '107', '--raw', '--subdir', 'DAGS_FOLDER/etl.py', '--cfg-path', '/var/folders/jw/j912b4gd5xj0c7j8p3syth7r0000gn/T/tmpl3u80nlk']
[2024-12-19T19:00:16.458-0500] {standard_task_runner.py:105} INFO - Job 107: Subtask clean_the_data
[2024-12-19T19:00:16.477-0500] {task_command.py:467} INFO - Running <TaskInstance: executing_python_etl_dag.clean_the_data scheduled__2024-12-19T00:00:00+00:00 [running]> on host mac-4952.lan
[2024-12-19T19:00:16.496-0500] {taskinstance.py:3132} INFO - Exporting env vars: AIRFLOW_CTX_DAG_OWNER='venkatesh' AIRFLOW_CTX_DAG_ID='executing_python_etl_dag' AIRFLOW_CTX_TASK_ID='clean_the_data' AIRFLOW_CTX_EXECUTION_DATE='2024-12-19T00:00:00+00:00' AIRFLOW_CTX_TRY_NUMBER='1' AIRFLOW_CTX_DAG_RUN_ID='scheduled__2024-12-19T00:00:00+00:00'
[2024-12-19T19:00:16.497-0500] {taskinstance.py:731} INFO - ::endgroup::
[2024-12-19T19:00:16.510-0500] {logging_mixin.py:190} WARNING - /Users/apple/airflow/dags/etl.py:35 FutureWarning: Passing literal json to 'read_json' is deprecated and will be removed in a future version. To read from a literal string, wrap it in a 'StringIO' object.
[2024-12-19T19:00:16.525-0500] {logging_mixin.py:190} WARNING - /Users/apple/airflow/dags/etl.py:36 FutureWarning: Passing literal json to 'read_json' is deprecated and will be removed in a future version. To read from a literal string, wrap it in a 'StringIO' object.
[2024-12-19T19:00:16.528-0500] {logging_mixin.py:190} WARNING - /Users/apple/airflow/dags/etl.py:37 FutureWarning: Passing literal json to 'read_json' is deprecated and will be removed in a future version. To read from a literal string, wrap it in a 'StringIO' object.
[2024-12-19T19:00:16.535-0500] {logging_mixin.py:190} INFO -    sale_id  product_id  customer_id  sale_date  sale_amount
0        1           1          316 2024-07-16       733.05
1        2          24          891 2024-03-26        26.97
2        3          43          364 2024-04-27       316.11
3        4           4          379 2024-10-14       111.81
4        5           6          963 2024-07-11       482.48
[2024-12-19T19:00:16.546-0500] {logging_mixin.py:190} INFO -    customer_id  ...                                   customer_address
0            1  ...     176 Long Keys Apt. 905\nFrazierburgh, NV 37529
1            2  ...  472 Mary Villages Suite 888\nEast Zacharyland,...
2            3  ...       126 Michelle Parkways\nJoshuahaven, MI 87974
3            4  ...       311 Odonnell Square\nBlackburnside, OK 54857
4            5  ...  26100 Smith Heights Suite 402\nWest Jonathan, ...

[5 rows x 4 columns]
[2024-12-19T19:00:16.605-0500] {logging_mixin.py:190} INFO -    product_id product_name     category
0           1    Product_1  Electronics
1           2    Product_2     Clothing
2           3    Product_3        Books
3           4    Product_4        Books
4           5    Product_5         Home
[2024-12-19T19:00:16.764-0500] {python.py:240} INFO - Done. Returned value was: None
[2024-12-19T19:00:16.770-0500] {taskinstance.py:340} INFO - ::group::Post task execution logs
[2024-12-19T19:00:16.774-0500] {taskinstance.py:352} INFO - Marking task as SUCCESS. dag_id=executing_python_etl_dag, task_id=clean_the_data, run_id=scheduled__2024-12-19T00:00:00+00:00, execution_date=20241219T000000, start_date=20241220T000016, end_date=20241220T000016
[2024-12-19T19:00:16.825-0500] {local_task_job_runner.py:266} INFO - Task exited with return code 0
[2024-12-19T19:00:16.838-0500] {taskinstance.py:3895} INFO - 1 downstream tasks scheduled from follow-on schedule check
[2024-12-19T19:00:16.840-0500] {local_task_job_runner.py:245} INFO - ::endgroup::
[2024-12-19T19:00:31.307-0500] {local_task_job_runner.py:123} INFO - ::group::Pre task execution logs
[2024-12-19T19:00:31.310-0500] {taskinstance.py:2613} INFO - Dependencies all met for dep_context=non-requeueable deps ti=<TaskInstance: executing_python_etl_dag.clean_the_data scheduled__2024-12-19T00:00:00+00:00 [queued]>
[2024-12-19T19:00:31.312-0500] {taskinstance.py:2613} INFO - Dependencies all met for dep_context=requeueable deps ti=<TaskInstance: executing_python_etl_dag.clean_the_data scheduled__2024-12-19T00:00:00+00:00 [queued]>
[2024-12-19T19:00:31.312-0500] {taskinstance.py:2866} INFO - Starting attempt 1 of 1
[2024-12-19T19:00:31.316-0500] {taskinstance.py:2889} INFO - Executing <Task(PythonOperator): clean_the_data> on 2024-12-19 00:00:00+00:00
[2024-12-19T19:00:31.319-0500] {standard_task_runner.py:72} INFO - Started process 19764 to run task
[2024-12-19T19:00:31.322-0500] {standard_task_runner.py:104} INFO - Running: ['airflow', 'tasks', 'run', 'executing_python_etl_dag', 'clean_the_data', 'scheduled__2024-12-19T00:00:00+00:00', '--job-id', '107', '--raw', '--subdir', 'DAGS_FOLDER/etl.py', '--cfg-path', '/var/folders/jw/j912b4gd5xj0c7j8p3syth7r0000gn/T/tmpnv5dyxcu']
[2024-12-19T19:00:31.323-0500] {standard_task_runner.py:105} INFO - Job 107: Subtask clean_the_data
[2024-12-19T19:00:31.338-0500] {task_command.py:467} INFO - Running <TaskInstance: executing_python_etl_dag.clean_the_data scheduled__2024-12-19T00:00:00+00:00 [running]> on host mac-4952.lan
[2024-12-19T19:00:31.357-0500] {taskinstance.py:3132} INFO - Exporting env vars: AIRFLOW_CTX_DAG_OWNER='venkatesh' AIRFLOW_CTX_DAG_ID='executing_python_etl_dag' AIRFLOW_CTX_TASK_ID='clean_the_data' AIRFLOW_CTX_EXECUTION_DATE='2024-12-19T00:00:00+00:00' AIRFLOW_CTX_TRY_NUMBER='1' AIRFLOW_CTX_DAG_RUN_ID='scheduled__2024-12-19T00:00:00+00:00'
[2024-12-19T19:00:31.357-0500] {taskinstance.py:731} INFO - ::endgroup::
[2024-12-19T19:00:31.371-0500] {logging_mixin.py:190} WARNING - /Users/apple/airflow/dags/etl.py:35 FutureWarning: Passing literal json to 'read_json' is deprecated and will be removed in a future version. To read from a literal string, wrap it in a 'StringIO' object.
[2024-12-19T19:00:31.386-0500] {logging_mixin.py:190} WARNING - /Users/apple/airflow/dags/etl.py:36 FutureWarning: Passing literal json to 'read_json' is deprecated and will be removed in a future version. To read from a literal string, wrap it in a 'StringIO' object.
[2024-12-19T19:00:31.389-0500] {logging_mixin.py:190} WARNING - /Users/apple/airflow/dags/etl.py:37 FutureWarning: Passing literal json to 'read_json' is deprecated and will be removed in a future version. To read from a literal string, wrap it in a 'StringIO' object.
[2024-12-19T19:00:31.406-0500] {logging_mixin.py:190} INFO -    sale_id  product_id  customer_id  sale_date  sale_amount
0        1           1          316 2024-07-16       733.05
1        2          24          891 2024-03-26        26.97
2        3          43          364 2024-04-27       316.11
3        4           4          379 2024-10-14       111.81
4        5           6          963 2024-07-11       482.48
[2024-12-19T19:00:31.410-0500] {logging_mixin.py:190} INFO -    customer_id  ...                                   customer_address
0            1  ...     176 Long Keys Apt. 905\nFrazierburgh, NV 37529
1            2  ...  472 Mary Villages Suite 888\nEast Zacharyland,...
2            3  ...       126 Michelle Parkways\nJoshuahaven, MI 87974
3            4  ...       311 Odonnell Square\nBlackburnside, OK 54857
4            5  ...  26100 Smith Heights Suite 402\nWest Jonathan, ...

[5 rows x 4 columns]
[2024-12-19T19:00:31.412-0500] {logging_mixin.py:190} INFO -    product_id product_name     category
0           1    Product_1  Electronics
1           2    Product_2     Clothing
2           3    Product_3        Books
3           4    Product_4        Books
4           5    Product_5         Home
[2024-12-19T19:00:31.430-0500] {python.py:240} INFO - Done. Returned value was: None
[2024-12-19T19:00:31.434-0500] {taskinstance.py:340} INFO - ::group::Post task execution logs
[2024-12-19T19:00:31.434-0500] {taskinstance.py:352} INFO - Marking task as SUCCESS. dag_id=executing_python_etl_dag, task_id=clean_the_data, run_id=scheduled__2024-12-19T00:00:00+00:00, execution_date=20241219T000000, start_date=20241220T000031, end_date=20241220T000031
[2024-12-19T19:00:31.474-0500] {local_task_job_runner.py:266} INFO - Task exited with return code 0
[2024-12-19T19:00:31.483-0500] {taskinstance.py:3895} INFO - 1 downstream tasks scheduled from follow-on schedule check
[2024-12-19T19:00:31.484-0500] {local_task_job_runner.py:245} INFO - ::endgroup::
