[2024-12-14T20:43:09.054-0500] {processor.py:186} INFO - Started process (PID=8237) to work on /opt/anaconda3/envs/python310/lib/python3.10/site-packages/airflow/example_dags/example_python_operator.py
[2024-12-14T20:43:09.054-0500] {processor.py:914} INFO - Processing file /opt/anaconda3/envs/python310/lib/python3.10/site-packages/airflow/example_dags/example_python_operator.py for tasks to queue
[2024-12-14T20:43:09.054-0500] {logging_mixin.py:190} INFO - [2024-12-14T20:43:09.054-0500] {dagbag.py:588} INFO - Filling up the DagBag from /opt/anaconda3/envs/python310/lib/python3.10/site-packages/airflow/example_dags/example_python_operator.py
[2024-12-14T20:43:09.083-0500] {logging_mixin.py:190} INFO - [2024-12-14T20:43:09.083-0500] {example_python_operator.py:93} WARNING - The virtalenv_python example task requires virtualenv, please install it.
[2024-12-14T20:43:09.084-0500] {processor.py:925} INFO - DAG(s) 'example_python_operator' retrieved from /opt/anaconda3/envs/python310/lib/python3.10/site-packages/airflow/example_dags/example_python_operator.py
[2024-12-14T20:43:09.145-0500] {logging_mixin.py:190} INFO - [2024-12-14T20:43:09.145-0500] {override.py:1911} INFO - Created Permission View: can read on DAG:example_python_operator
[2024-12-14T20:43:09.148-0500] {logging_mixin.py:190} INFO - [2024-12-14T20:43:09.148-0500] {override.py:1911} INFO - Created Permission View: can delete on DAG:example_python_operator
[2024-12-14T20:43:09.150-0500] {logging_mixin.py:190} INFO - [2024-12-14T20:43:09.150-0500] {override.py:1911} INFO - Created Permission View: can edit on DAG:example_python_operator
[2024-12-14T20:43:09.152-0500] {logging_mixin.py:190} INFO - [2024-12-14T20:43:09.152-0500] {override.py:1911} INFO - Created Permission View: can read on DAG Run:example_python_operator
[2024-12-14T20:43:09.154-0500] {logging_mixin.py:190} INFO - [2024-12-14T20:43:09.154-0500] {override.py:1911} INFO - Created Permission View: can create on DAG Run:example_python_operator
[2024-12-14T20:43:09.155-0500] {logging_mixin.py:190} INFO - [2024-12-14T20:43:09.155-0500] {override.py:1911} INFO - Created Permission View: can delete on DAG Run:example_python_operator
[2024-12-14T20:43:09.157-0500] {logging_mixin.py:190} INFO - [2024-12-14T20:43:09.157-0500] {override.py:1911} INFO - Created Permission View: menu access on DAG Run:example_python_operator
[2024-12-14T20:43:09.157-0500] {logging_mixin.py:190} INFO - [2024-12-14T20:43:09.157-0500] {dag.py:3239} INFO - Sync 1 DAGs
[2024-12-14T20:43:09.161-0500] {logging_mixin.py:190} INFO - [2024-12-14T20:43:09.161-0500] {dag.py:3262} INFO - Creating ORM DAG for example_python_operator
[2024-12-14T20:43:09.161-0500] {logging_mixin.py:190} INFO - [2024-12-14T20:43:09.161-0500] {dag.py:4180} INFO - Setting next_dagrun for example_python_operator to None, run_after=None
[2024-12-14T20:43:09.166-0500] {processor.py:208} INFO - Processing /opt/anaconda3/envs/python310/lib/python3.10/site-packages/airflow/example_dags/example_python_operator.py took 0.114 seconds
[2024-12-14T20:44:42.680-0500] {processor.py:186} INFO - Started process (PID=8401) to work on /opt/anaconda3/envs/python310/lib/python3.10/site-packages/airflow/example_dags/example_python_operator.py
[2024-12-14T20:44:42.682-0500] {processor.py:914} INFO - Processing file /opt/anaconda3/envs/python310/lib/python3.10/site-packages/airflow/example_dags/example_python_operator.py for tasks to queue
[2024-12-14T20:44:42.682-0500] {logging_mixin.py:190} INFO - [2024-12-14T20:44:42.682-0500] {dagbag.py:588} INFO - Filling up the DagBag from /opt/anaconda3/envs/python310/lib/python3.10/site-packages/airflow/example_dags/example_python_operator.py
[2024-12-14T20:44:42.710-0500] {logging_mixin.py:190} INFO - [2024-12-14T20:44:42.710-0500] {example_python_operator.py:93} WARNING - The virtalenv_python example task requires virtualenv, please install it.
[2024-12-14T20:44:42.711-0500] {processor.py:925} INFO - DAG(s) 'example_python_operator' retrieved from /opt/anaconda3/envs/python310/lib/python3.10/site-packages/airflow/example_dags/example_python_operator.py
[2024-12-14T20:44:42.744-0500] {logging_mixin.py:190} INFO - [2024-12-14T20:44:42.744-0500] {dag.py:3239} INFO - Sync 1 DAGs
[2024-12-14T20:44:42.748-0500] {logging_mixin.py:190} INFO - [2024-12-14T20:44:42.748-0500] {dag.py:4180} INFO - Setting next_dagrun for example_python_operator to None, run_after=None
[2024-12-14T20:44:42.754-0500] {processor.py:208} INFO - Processing /opt/anaconda3/envs/python310/lib/python3.10/site-packages/airflow/example_dags/example_python_operator.py took 0.074 seconds
[2024-12-14T20:46:49.706-0500] {processor.py:186} INFO - Started process (PID=8622) to work on /opt/anaconda3/envs/python310/lib/python3.10/site-packages/airflow/example_dags/example_python_operator.py
[2024-12-14T20:46:49.707-0500] {processor.py:914} INFO - Processing file /opt/anaconda3/envs/python310/lib/python3.10/site-packages/airflow/example_dags/example_python_operator.py for tasks to queue
[2024-12-14T20:46:49.707-0500] {logging_mixin.py:190} INFO - [2024-12-14T20:46:49.707-0500] {dagbag.py:588} INFO - Filling up the DagBag from /opt/anaconda3/envs/python310/lib/python3.10/site-packages/airflow/example_dags/example_python_operator.py
[2024-12-14T20:46:49.736-0500] {logging_mixin.py:190} INFO - [2024-12-14T20:46:49.735-0500] {example_python_operator.py:93} WARNING - The virtalenv_python example task requires virtualenv, please install it.
[2024-12-14T20:46:49.737-0500] {processor.py:925} INFO - DAG(s) 'example_python_operator' retrieved from /opt/anaconda3/envs/python310/lib/python3.10/site-packages/airflow/example_dags/example_python_operator.py
[2024-12-14T20:46:49.771-0500] {logging_mixin.py:190} INFO - [2024-12-14T20:46:49.771-0500] {dag.py:3239} INFO - Sync 1 DAGs
[2024-12-14T20:46:49.774-0500] {logging_mixin.py:190} INFO - [2024-12-14T20:46:49.774-0500] {dag.py:4180} INFO - Setting next_dagrun for example_python_operator to None, run_after=None
[2024-12-14T20:46:49.780-0500] {processor.py:208} INFO - Processing /opt/anaconda3/envs/python310/lib/python3.10/site-packages/airflow/example_dags/example_python_operator.py took 0.075 seconds
[2024-12-14T20:48:57.005-0500] {processor.py:186} INFO - Started process (PID=8843) to work on /opt/anaconda3/envs/python310/lib/python3.10/site-packages/airflow/example_dags/example_python_operator.py
[2024-12-14T20:48:57.006-0500] {processor.py:914} INFO - Processing file /opt/anaconda3/envs/python310/lib/python3.10/site-packages/airflow/example_dags/example_python_operator.py for tasks to queue
[2024-12-14T20:48:57.007-0500] {logging_mixin.py:190} INFO - [2024-12-14T20:48:57.007-0500] {dagbag.py:588} INFO - Filling up the DagBag from /opt/anaconda3/envs/python310/lib/python3.10/site-packages/airflow/example_dags/example_python_operator.py
[2024-12-14T20:48:57.034-0500] {logging_mixin.py:190} INFO - [2024-12-14T20:48:57.034-0500] {example_python_operator.py:93} WARNING - The virtalenv_python example task requires virtualenv, please install it.
[2024-12-14T20:48:57.035-0500] {processor.py:925} INFO - DAG(s) 'example_python_operator' retrieved from /opt/anaconda3/envs/python310/lib/python3.10/site-packages/airflow/example_dags/example_python_operator.py
[2024-12-14T20:48:57.071-0500] {logging_mixin.py:190} INFO - [2024-12-14T20:48:57.071-0500] {dag.py:3239} INFO - Sync 1 DAGs
[2024-12-14T20:48:57.075-0500] {logging_mixin.py:190} INFO - [2024-12-14T20:48:57.075-0500] {dag.py:4180} INFO - Setting next_dagrun for example_python_operator to None, run_after=None
[2024-12-14T20:48:57.082-0500] {processor.py:208} INFO - Processing /opt/anaconda3/envs/python310/lib/python3.10/site-packages/airflow/example_dags/example_python_operator.py took 0.078 seconds
[2024-12-14T20:51:09.840-0500] {processor.py:186} INFO - Started process (PID=9065) to work on /opt/anaconda3/envs/python310/lib/python3.10/site-packages/airflow/example_dags/example_python_operator.py
[2024-12-14T20:51:09.840-0500] {processor.py:914} INFO - Processing file /opt/anaconda3/envs/python310/lib/python3.10/site-packages/airflow/example_dags/example_python_operator.py for tasks to queue
[2024-12-14T20:51:09.840-0500] {logging_mixin.py:190} INFO - [2024-12-14T20:51:09.840-0500] {dagbag.py:588} INFO - Filling up the DagBag from /opt/anaconda3/envs/python310/lib/python3.10/site-packages/airflow/example_dags/example_python_operator.py
[2024-12-14T20:51:09.868-0500] {logging_mixin.py:190} INFO - [2024-12-14T20:51:09.868-0500] {example_python_operator.py:93} WARNING - The virtalenv_python example task requires virtualenv, please install it.
[2024-12-14T20:51:09.870-0500] {processor.py:925} INFO - DAG(s) 'example_python_operator' retrieved from /opt/anaconda3/envs/python310/lib/python3.10/site-packages/airflow/example_dags/example_python_operator.py
[2024-12-14T20:51:09.903-0500] {logging_mixin.py:190} INFO - [2024-12-14T20:51:09.902-0500] {dag.py:3239} INFO - Sync 1 DAGs
[2024-12-14T20:51:09.906-0500] {logging_mixin.py:190} INFO - [2024-12-14T20:51:09.906-0500] {dag.py:4180} INFO - Setting next_dagrun for example_python_operator to None, run_after=None
[2024-12-14T20:51:09.912-0500] {processor.py:208} INFO - Processing /opt/anaconda3/envs/python310/lib/python3.10/site-packages/airflow/example_dags/example_python_operator.py took 0.073 seconds
[2024-12-14T20:53:21.175-0500] {processor.py:186} INFO - Started process (PID=9309) to work on /opt/anaconda3/envs/python310/lib/python3.10/site-packages/airflow/example_dags/example_python_operator.py
[2024-12-14T20:53:21.176-0500] {processor.py:914} INFO - Processing file /opt/anaconda3/envs/python310/lib/python3.10/site-packages/airflow/example_dags/example_python_operator.py for tasks to queue
[2024-12-14T20:53:21.176-0500] {logging_mixin.py:190} INFO - [2024-12-14T20:53:21.176-0500] {dagbag.py:588} INFO - Filling up the DagBag from /opt/anaconda3/envs/python310/lib/python3.10/site-packages/airflow/example_dags/example_python_operator.py
[2024-12-14T20:53:21.206-0500] {logging_mixin.py:190} INFO - [2024-12-14T20:53:21.205-0500] {example_python_operator.py:93} WARNING - The virtalenv_python example task requires virtualenv, please install it.
[2024-12-14T20:53:21.207-0500] {processor.py:925} INFO - DAG(s) 'example_python_operator' retrieved from /opt/anaconda3/envs/python310/lib/python3.10/site-packages/airflow/example_dags/example_python_operator.py
[2024-12-14T20:53:21.241-0500] {logging_mixin.py:190} INFO - [2024-12-14T20:53:21.241-0500] {dag.py:3239} INFO - Sync 1 DAGs
[2024-12-14T20:53:21.244-0500] {logging_mixin.py:190} INFO - [2024-12-14T20:53:21.244-0500] {dag.py:4180} INFO - Setting next_dagrun for example_python_operator to None, run_after=None
[2024-12-14T20:53:21.250-0500] {processor.py:208} INFO - Processing /opt/anaconda3/envs/python310/lib/python3.10/site-packages/airflow/example_dags/example_python_operator.py took 0.076 seconds
