[2024-12-14T20:43:16.246-0500] {processor.py:186} INFO - Started process (PID=8247) to work on /opt/anaconda3/envs/python310/lib/python3.10/site-packages/airflow/example_dags/example_params_trigger_ui.py
[2024-12-14T20:43:16.246-0500] {processor.py:914} INFO - Processing file /opt/anaconda3/envs/python310/lib/python3.10/site-packages/airflow/example_dags/example_params_trigger_ui.py for tasks to queue
[2024-12-14T20:43:16.247-0500] {logging_mixin.py:190} INFO - [2024-12-14T20:43:16.246-0500] {dagbag.py:588} INFO - Filling up the DagBag from /opt/anaconda3/envs/python310/lib/python3.10/site-packages/airflow/example_dags/example_params_trigger_ui.py
[2024-12-14T20:43:16.279-0500] {processor.py:925} INFO - DAG(s) 'example_params_trigger_ui' retrieved from /opt/anaconda3/envs/python310/lib/python3.10/site-packages/airflow/example_dags/example_params_trigger_ui.py
[2024-12-14T20:43:16.349-0500] {logging_mixin.py:190} INFO - [2024-12-14T20:43:16.349-0500] {override.py:1911} INFO - Created Permission View: can delete on DAG:example_params_trigger_ui
[2024-12-14T20:43:16.352-0500] {logging_mixin.py:190} INFO - [2024-12-14T20:43:16.352-0500] {override.py:1911} INFO - Created Permission View: can read on DAG:example_params_trigger_ui
[2024-12-14T20:43:16.354-0500] {logging_mixin.py:190} INFO - [2024-12-14T20:43:16.354-0500] {override.py:1911} INFO - Created Permission View: can edit on DAG:example_params_trigger_ui
[2024-12-14T20:43:16.356-0500] {logging_mixin.py:190} INFO - [2024-12-14T20:43:16.356-0500] {override.py:1911} INFO - Created Permission View: can delete on DAG Run:example_params_trigger_ui
[2024-12-14T20:43:16.358-0500] {logging_mixin.py:190} INFO - [2024-12-14T20:43:16.358-0500] {override.py:1911} INFO - Created Permission View: can read on DAG Run:example_params_trigger_ui
[2024-12-14T20:43:16.359-0500] {logging_mixin.py:190} INFO - [2024-12-14T20:43:16.359-0500] {override.py:1911} INFO - Created Permission View: can create on DAG Run:example_params_trigger_ui
[2024-12-14T20:43:16.361-0500] {logging_mixin.py:190} INFO - [2024-12-14T20:43:16.361-0500] {override.py:1911} INFO - Created Permission View: menu access on DAG Run:example_params_trigger_ui
[2024-12-14T20:43:16.361-0500] {logging_mixin.py:190} INFO - [2024-12-14T20:43:16.361-0500] {dag.py:3239} INFO - Sync 1 DAGs
[2024-12-14T20:43:16.365-0500] {logging_mixin.py:190} INFO - [2024-12-14T20:43:16.365-0500] {dag.py:3262} INFO - Creating ORM DAG for example_params_trigger_ui
[2024-12-14T20:43:16.365-0500] {logging_mixin.py:190} INFO - [2024-12-14T20:43:16.365-0500] {dag.py:4180} INFO - Setting next_dagrun for example_params_trigger_ui to None, run_after=None
[2024-12-14T20:43:16.370-0500] {processor.py:208} INFO - Processing /opt/anaconda3/envs/python310/lib/python3.10/site-packages/airflow/example_dags/example_params_trigger_ui.py took 0.125 seconds
[2024-12-14T20:44:49.737-0500] {processor.py:186} INFO - Started process (PID=8415) to work on /opt/anaconda3/envs/python310/lib/python3.10/site-packages/airflow/example_dags/example_params_trigger_ui.py
[2024-12-14T20:44:49.738-0500] {processor.py:914} INFO - Processing file /opt/anaconda3/envs/python310/lib/python3.10/site-packages/airflow/example_dags/example_params_trigger_ui.py for tasks to queue
[2024-12-14T20:44:49.738-0500] {logging_mixin.py:190} INFO - [2024-12-14T20:44:49.738-0500] {dagbag.py:588} INFO - Filling up the DagBag from /opt/anaconda3/envs/python310/lib/python3.10/site-packages/airflow/example_dags/example_params_trigger_ui.py
[2024-12-14T20:44:49.772-0500] {processor.py:925} INFO - DAG(s) 'example_params_trigger_ui' retrieved from /opt/anaconda3/envs/python310/lib/python3.10/site-packages/airflow/example_dags/example_params_trigger_ui.py
[2024-12-14T20:44:49.813-0500] {logging_mixin.py:190} INFO - [2024-12-14T20:44:49.813-0500] {dag.py:3239} INFO - Sync 1 DAGs
[2024-12-14T20:44:49.816-0500] {logging_mixin.py:190} INFO - [2024-12-14T20:44:49.816-0500] {dag.py:4180} INFO - Setting next_dagrun for example_params_trigger_ui to None, run_after=None
[2024-12-14T20:44:49.823-0500] {processor.py:208} INFO - Processing /opt/anaconda3/envs/python310/lib/python3.10/site-packages/airflow/example_dags/example_params_trigger_ui.py took 0.087 seconds
[2024-12-14T20:46:56.844-0500] {processor.py:186} INFO - Started process (PID=8639) to work on /opt/anaconda3/envs/python310/lib/python3.10/site-packages/airflow/example_dags/example_params_trigger_ui.py
[2024-12-14T20:46:56.845-0500] {processor.py:914} INFO - Processing file /opt/anaconda3/envs/python310/lib/python3.10/site-packages/airflow/example_dags/example_params_trigger_ui.py for tasks to queue
[2024-12-14T20:46:56.846-0500] {logging_mixin.py:190} INFO - [2024-12-14T20:46:56.845-0500] {dagbag.py:588} INFO - Filling up the DagBag from /opt/anaconda3/envs/python310/lib/python3.10/site-packages/airflow/example_dags/example_params_trigger_ui.py
[2024-12-14T20:46:56.878-0500] {processor.py:925} INFO - DAG(s) 'example_params_trigger_ui' retrieved from /opt/anaconda3/envs/python310/lib/python3.10/site-packages/airflow/example_dags/example_params_trigger_ui.py
[2024-12-14T20:46:56.919-0500] {logging_mixin.py:190} INFO - [2024-12-14T20:46:56.919-0500] {dag.py:3239} INFO - Sync 1 DAGs
[2024-12-14T20:46:56.923-0500] {logging_mixin.py:190} INFO - [2024-12-14T20:46:56.923-0500] {dag.py:4180} INFO - Setting next_dagrun for example_params_trigger_ui to None, run_after=None
[2024-12-14T20:46:56.929-0500] {processor.py:208} INFO - Processing /opt/anaconda3/envs/python310/lib/python3.10/site-packages/airflow/example_dags/example_params_trigger_ui.py took 0.086 seconds
[2024-12-14T20:49:04.128-0500] {processor.py:186} INFO - Started process (PID=8857) to work on /opt/anaconda3/envs/python310/lib/python3.10/site-packages/airflow/example_dags/example_params_trigger_ui.py
[2024-12-14T20:49:04.130-0500] {processor.py:914} INFO - Processing file /opt/anaconda3/envs/python310/lib/python3.10/site-packages/airflow/example_dags/example_params_trigger_ui.py for tasks to queue
[2024-12-14T20:49:04.130-0500] {logging_mixin.py:190} INFO - [2024-12-14T20:49:04.130-0500] {dagbag.py:588} INFO - Filling up the DagBag from /opt/anaconda3/envs/python310/lib/python3.10/site-packages/airflow/example_dags/example_params_trigger_ui.py
[2024-12-14T20:49:04.163-0500] {processor.py:925} INFO - DAG(s) 'example_params_trigger_ui' retrieved from /opt/anaconda3/envs/python310/lib/python3.10/site-packages/airflow/example_dags/example_params_trigger_ui.py
[2024-12-14T20:49:04.204-0500] {logging_mixin.py:190} INFO - [2024-12-14T20:49:04.204-0500] {dag.py:3239} INFO - Sync 1 DAGs
[2024-12-14T20:49:04.207-0500] {logging_mixin.py:190} INFO - [2024-12-14T20:49:04.207-0500] {dag.py:4180} INFO - Setting next_dagrun for example_params_trigger_ui to None, run_after=None
[2024-12-14T20:49:04.214-0500] {processor.py:208} INFO - Processing /opt/anaconda3/envs/python310/lib/python3.10/site-packages/airflow/example_dags/example_params_trigger_ui.py took 0.086 seconds
[2024-12-14T20:51:16.825-0500] {processor.py:186} INFO - Started process (PID=9073) to work on /opt/anaconda3/envs/python310/lib/python3.10/site-packages/airflow/example_dags/example_params_trigger_ui.py
[2024-12-14T20:51:16.826-0500] {processor.py:914} INFO - Processing file /opt/anaconda3/envs/python310/lib/python3.10/site-packages/airflow/example_dags/example_params_trigger_ui.py for tasks to queue
[2024-12-14T20:51:16.826-0500] {logging_mixin.py:190} INFO - [2024-12-14T20:51:16.826-0500] {dagbag.py:588} INFO - Filling up the DagBag from /opt/anaconda3/envs/python310/lib/python3.10/site-packages/airflow/example_dags/example_params_trigger_ui.py
[2024-12-14T20:51:16.859-0500] {processor.py:925} INFO - DAG(s) 'example_params_trigger_ui' retrieved from /opt/anaconda3/envs/python310/lib/python3.10/site-packages/airflow/example_dags/example_params_trigger_ui.py
[2024-12-14T20:51:16.900-0500] {logging_mixin.py:190} INFO - [2024-12-14T20:51:16.900-0500] {dag.py:3239} INFO - Sync 1 DAGs
[2024-12-14T20:51:16.904-0500] {logging_mixin.py:190} INFO - [2024-12-14T20:51:16.904-0500] {dag.py:4180} INFO - Setting next_dagrun for example_params_trigger_ui to None, run_after=None
[2024-12-14T20:51:16.910-0500] {processor.py:208} INFO - Processing /opt/anaconda3/envs/python310/lib/python3.10/site-packages/airflow/example_dags/example_params_trigger_ui.py took 0.086 seconds
[2024-12-14T20:53:28.483-0500] {processor.py:186} INFO - Started process (PID=9322) to work on /opt/anaconda3/envs/python310/lib/python3.10/site-packages/airflow/example_dags/example_params_trigger_ui.py
[2024-12-14T20:53:28.484-0500] {processor.py:914} INFO - Processing file /opt/anaconda3/envs/python310/lib/python3.10/site-packages/airflow/example_dags/example_params_trigger_ui.py for tasks to queue
[2024-12-14T20:53:28.484-0500] {logging_mixin.py:190} INFO - [2024-12-14T20:53:28.484-0500] {dagbag.py:588} INFO - Filling up the DagBag from /opt/anaconda3/envs/python310/lib/python3.10/site-packages/airflow/example_dags/example_params_trigger_ui.py
[2024-12-14T20:53:28.519-0500] {processor.py:925} INFO - DAG(s) 'example_params_trigger_ui' retrieved from /opt/anaconda3/envs/python310/lib/python3.10/site-packages/airflow/example_dags/example_params_trigger_ui.py
[2024-12-14T20:53:28.562-0500] {logging_mixin.py:190} INFO - [2024-12-14T20:53:28.562-0500] {dag.py:3239} INFO - Sync 1 DAGs
[2024-12-14T20:53:28.566-0500] {logging_mixin.py:190} INFO - [2024-12-14T20:53:28.566-0500] {dag.py:4180} INFO - Setting next_dagrun for example_params_trigger_ui to None, run_after=None
[2024-12-14T20:53:28.572-0500] {processor.py:208} INFO - Processing /opt/anaconda3/envs/python310/lib/python3.10/site-packages/airflow/example_dags/example_params_trigger_ui.py took 0.090 seconds
