[2024-12-14T20:43:19.927-0500] {processor.py:186} INFO - Started process (PID=8251) to work on /opt/anaconda3/envs/python310/lib/python3.10/site-packages/airflow/example_dags/example_nested_branch_dag.py
[2024-12-14T20:43:19.927-0500] {processor.py:914} INFO - Processing file /opt/anaconda3/envs/python310/lib/python3.10/site-packages/airflow/example_dags/example_nested_branch_dag.py for tasks to queue
[2024-12-14T20:43:19.928-0500] {logging_mixin.py:190} INFO - [2024-12-14T20:43:19.928-0500] {dagbag.py:588} INFO - Filling up the DagBag from /opt/anaconda3/envs/python310/lib/python3.10/site-packages/airflow/example_dags/example_nested_branch_dag.py
[2024-12-14T20:43:19.961-0500] {processor.py:925} INFO - DAG(s) 'example_nested_branch_dag' retrieved from /opt/anaconda3/envs/python310/lib/python3.10/site-packages/airflow/example_dags/example_nested_branch_dag.py
[2024-12-14T20:43:20.023-0500] {logging_mixin.py:190} INFO - [2024-12-14T20:43:20.023-0500] {override.py:1911} INFO - Created Permission View: can read on DAG:example_nested_branch_dag
[2024-12-14T20:43:20.026-0500] {logging_mixin.py:190} INFO - [2024-12-14T20:43:20.026-0500] {override.py:1911} INFO - Created Permission View: can delete on DAG:example_nested_branch_dag
[2024-12-14T20:43:20.028-0500] {logging_mixin.py:190} INFO - [2024-12-14T20:43:20.028-0500] {override.py:1911} INFO - Created Permission View: can edit on DAG:example_nested_branch_dag
[2024-12-14T20:43:20.030-0500] {logging_mixin.py:190} INFO - [2024-12-14T20:43:20.030-0500] {override.py:1911} INFO - Created Permission View: can create on DAG Run:example_nested_branch_dag
[2024-12-14T20:43:20.032-0500] {logging_mixin.py:190} INFO - [2024-12-14T20:43:20.032-0500] {override.py:1911} INFO - Created Permission View: can read on DAG Run:example_nested_branch_dag
[2024-12-14T20:43:20.033-0500] {logging_mixin.py:190} INFO - [2024-12-14T20:43:20.033-0500] {override.py:1911} INFO - Created Permission View: menu access on DAG Run:example_nested_branch_dag
[2024-12-14T20:43:20.035-0500] {logging_mixin.py:190} INFO - [2024-12-14T20:43:20.035-0500] {override.py:1911} INFO - Created Permission View: can delete on DAG Run:example_nested_branch_dag
[2024-12-14T20:43:20.035-0500] {logging_mixin.py:190} INFO - [2024-12-14T20:43:20.035-0500] {dag.py:3239} INFO - Sync 1 DAGs
[2024-12-14T20:43:20.039-0500] {logging_mixin.py:190} INFO - [2024-12-14T20:43:20.039-0500] {dag.py:3262} INFO - Creating ORM DAG for example_nested_branch_dag
[2024-12-14T20:43:20.042-0500] {logging_mixin.py:190} INFO - [2024-12-14T20:43:20.042-0500] {dag.py:4180} INFO - Setting next_dagrun for example_nested_branch_dag to 2024-12-14 00:00:00+00:00, run_after=2024-12-15 00:00:00+00:00
[2024-12-14T20:43:20.047-0500] {processor.py:208} INFO - Processing /opt/anaconda3/envs/python310/lib/python3.10/site-packages/airflow/example_dags/example_nested_branch_dag.py took 0.121 seconds
[2024-12-14T20:44:52.574-0500] {processor.py:186} INFO - Started process (PID=8421) to work on /opt/anaconda3/envs/python310/lib/python3.10/site-packages/airflow/example_dags/example_nested_branch_dag.py
[2024-12-14T20:44:52.575-0500] {processor.py:914} INFO - Processing file /opt/anaconda3/envs/python310/lib/python3.10/site-packages/airflow/example_dags/example_nested_branch_dag.py for tasks to queue
[2024-12-14T20:44:52.575-0500] {logging_mixin.py:190} INFO - [2024-12-14T20:44:52.575-0500] {dagbag.py:588} INFO - Filling up the DagBag from /opt/anaconda3/envs/python310/lib/python3.10/site-packages/airflow/example_dags/example_nested_branch_dag.py
[2024-12-14T20:44:52.616-0500] {processor.py:925} INFO - DAG(s) 'example_nested_branch_dag' retrieved from /opt/anaconda3/envs/python310/lib/python3.10/site-packages/airflow/example_dags/example_nested_branch_dag.py
[2024-12-14T20:44:52.653-0500] {logging_mixin.py:190} INFO - [2024-12-14T20:44:52.653-0500] {dag.py:3239} INFO - Sync 1 DAGs
[2024-12-14T20:44:52.659-0500] {logging_mixin.py:190} INFO - [2024-12-14T20:44:52.659-0500] {dag.py:4180} INFO - Setting next_dagrun for example_nested_branch_dag to 2024-12-14 00:00:00+00:00, run_after=2024-12-15 00:00:00+00:00
[2024-12-14T20:44:52.666-0500] {processor.py:208} INFO - Processing /opt/anaconda3/envs/python310/lib/python3.10/site-packages/airflow/example_dags/example_nested_branch_dag.py took 0.094 seconds
[2024-12-14T20:46:59.362-0500] {processor.py:186} INFO - Started process (PID=8643) to work on /opt/anaconda3/envs/python310/lib/python3.10/site-packages/airflow/example_dags/example_nested_branch_dag.py
[2024-12-14T20:46:59.363-0500] {processor.py:914} INFO - Processing file /opt/anaconda3/envs/python310/lib/python3.10/site-packages/airflow/example_dags/example_nested_branch_dag.py for tasks to queue
[2024-12-14T20:46:59.363-0500] {logging_mixin.py:190} INFO - [2024-12-14T20:46:59.363-0500] {dagbag.py:588} INFO - Filling up the DagBag from /opt/anaconda3/envs/python310/lib/python3.10/site-packages/airflow/example_dags/example_nested_branch_dag.py
[2024-12-14T20:46:59.396-0500] {processor.py:925} INFO - DAG(s) 'example_nested_branch_dag' retrieved from /opt/anaconda3/envs/python310/lib/python3.10/site-packages/airflow/example_dags/example_nested_branch_dag.py
[2024-12-14T20:46:59.430-0500] {logging_mixin.py:190} INFO - [2024-12-14T20:46:59.430-0500] {dag.py:3239} INFO - Sync 1 DAGs
[2024-12-14T20:46:59.436-0500] {logging_mixin.py:190} INFO - [2024-12-14T20:46:59.436-0500] {dag.py:4180} INFO - Setting next_dagrun for example_nested_branch_dag to 2024-12-14 00:00:00+00:00, run_after=2024-12-15 00:00:00+00:00
[2024-12-14T20:46:59.442-0500] {processor.py:208} INFO - Processing /opt/anaconda3/envs/python310/lib/python3.10/site-packages/airflow/example_dags/example_nested_branch_dag.py took 0.081 seconds
[2024-12-14T20:49:07.703-0500] {processor.py:186} INFO - Started process (PID=8861) to work on /opt/anaconda3/envs/python310/lib/python3.10/site-packages/airflow/example_dags/example_nested_branch_dag.py
[2024-12-14T20:49:07.705-0500] {processor.py:914} INFO - Processing file /opt/anaconda3/envs/python310/lib/python3.10/site-packages/airflow/example_dags/example_nested_branch_dag.py for tasks to queue
[2024-12-14T20:49:07.705-0500] {logging_mixin.py:190} INFO - [2024-12-14T20:49:07.705-0500] {dagbag.py:588} INFO - Filling up the DagBag from /opt/anaconda3/envs/python310/lib/python3.10/site-packages/airflow/example_dags/example_nested_branch_dag.py
[2024-12-14T20:49:07.739-0500] {processor.py:925} INFO - DAG(s) 'example_nested_branch_dag' retrieved from /opt/anaconda3/envs/python310/lib/python3.10/site-packages/airflow/example_dags/example_nested_branch_dag.py
[2024-12-14T20:49:07.772-0500] {logging_mixin.py:190} INFO - [2024-12-14T20:49:07.772-0500] {dag.py:3239} INFO - Sync 1 DAGs
[2024-12-14T20:49:07.778-0500] {logging_mixin.py:190} INFO - [2024-12-14T20:49:07.778-0500] {dag.py:4180} INFO - Setting next_dagrun for example_nested_branch_dag to 2024-12-14 00:00:00+00:00, run_after=2024-12-15 00:00:00+00:00
[2024-12-14T20:49:07.784-0500] {processor.py:208} INFO - Processing /opt/anaconda3/envs/python310/lib/python3.10/site-packages/airflow/example_dags/example_nested_branch_dag.py took 0.082 seconds
[2024-12-14T20:51:20.370-0500] {processor.py:186} INFO - Started process (PID=9077) to work on /opt/anaconda3/envs/python310/lib/python3.10/site-packages/airflow/example_dags/example_nested_branch_dag.py
[2024-12-14T20:51:20.370-0500] {processor.py:914} INFO - Processing file /opt/anaconda3/envs/python310/lib/python3.10/site-packages/airflow/example_dags/example_nested_branch_dag.py for tasks to queue
[2024-12-14T20:51:20.371-0500] {logging_mixin.py:190} INFO - [2024-12-14T20:51:20.370-0500] {dagbag.py:588} INFO - Filling up the DagBag from /opt/anaconda3/envs/python310/lib/python3.10/site-packages/airflow/example_dags/example_nested_branch_dag.py
[2024-12-14T20:51:20.403-0500] {processor.py:925} INFO - DAG(s) 'example_nested_branch_dag' retrieved from /opt/anaconda3/envs/python310/lib/python3.10/site-packages/airflow/example_dags/example_nested_branch_dag.py
[2024-12-14T20:51:20.437-0500] {logging_mixin.py:190} INFO - [2024-12-14T20:51:20.437-0500] {dag.py:3239} INFO - Sync 1 DAGs
[2024-12-14T20:51:20.443-0500] {logging_mixin.py:190} INFO - [2024-12-14T20:51:20.443-0500] {dag.py:4180} INFO - Setting next_dagrun for example_nested_branch_dag to 2024-12-14 00:00:00+00:00, run_after=2024-12-15 00:00:00+00:00
[2024-12-14T20:51:20.450-0500] {processor.py:208} INFO - Processing /opt/anaconda3/envs/python310/lib/python3.10/site-packages/airflow/example_dags/example_nested_branch_dag.py took 0.081 seconds
[2024-12-14T20:53:31.984-0500] {processor.py:186} INFO - Started process (PID=9330) to work on /opt/anaconda3/envs/python310/lib/python3.10/site-packages/airflow/example_dags/example_nested_branch_dag.py
[2024-12-14T20:53:31.985-0500] {processor.py:914} INFO - Processing file /opt/anaconda3/envs/python310/lib/python3.10/site-packages/airflow/example_dags/example_nested_branch_dag.py for tasks to queue
[2024-12-14T20:53:31.985-0500] {logging_mixin.py:190} INFO - [2024-12-14T20:53:31.985-0500] {dagbag.py:588} INFO - Filling up the DagBag from /opt/anaconda3/envs/python310/lib/python3.10/site-packages/airflow/example_dags/example_nested_branch_dag.py
[2024-12-14T20:53:32.019-0500] {processor.py:925} INFO - DAG(s) 'example_nested_branch_dag' retrieved from /opt/anaconda3/envs/python310/lib/python3.10/site-packages/airflow/example_dags/example_nested_branch_dag.py
[2024-12-14T20:53:32.053-0500] {logging_mixin.py:190} INFO - [2024-12-14T20:53:32.053-0500] {dag.py:3239} INFO - Sync 1 DAGs
[2024-12-14T20:53:32.059-0500] {logging_mixin.py:190} INFO - [2024-12-14T20:53:32.059-0500] {dag.py:4180} INFO - Setting next_dagrun for example_nested_branch_dag to 2024-12-14 00:00:00+00:00, run_after=2024-12-15 00:00:00+00:00
[2024-12-14T20:53:32.066-0500] {processor.py:208} INFO - Processing /opt/anaconda3/envs/python310/lib/python3.10/site-packages/airflow/example_dags/example_nested_branch_dag.py took 0.082 seconds
