[2024-12-14T20:43:26.934-0500] {processor.py:186} INFO - Started process (PID=8267) to work on /opt/anaconda3/envs/python310/lib/python3.10/site-packages/airflow/example_dags/example_inlet_event_extra.py
[2024-12-14T20:43:26.935-0500] {processor.py:914} INFO - Processing file /opt/anaconda3/envs/python310/lib/python3.10/site-packages/airflow/example_dags/example_inlet_event_extra.py for tasks to queue
[2024-12-14T20:43:26.935-0500] {logging_mixin.py:190} INFO - [2024-12-14T20:43:26.935-0500] {dagbag.py:588} INFO - Filling up the DagBag from /opt/anaconda3/envs/python310/lib/python3.10/site-packages/airflow/example_dags/example_inlet_event_extra.py
[2024-12-14T20:43:26.980-0500] {processor.py:925} INFO - DAG(s) 'read_dataset_event', 'read_dataset_event_from_classic' retrieved from /opt/anaconda3/envs/python310/lib/python3.10/site-packages/airflow/example_dags/example_inlet_event_extra.py
[2024-12-14T20:43:27.041-0500] {logging_mixin.py:190} INFO - [2024-12-14T20:43:27.041-0500] {override.py:1911} INFO - Created Permission View: can delete on DAG:read_dataset_event
[2024-12-14T20:43:27.044-0500] {logging_mixin.py:190} INFO - [2024-12-14T20:43:27.044-0500] {override.py:1911} INFO - Created Permission View: can read on DAG:read_dataset_event
[2024-12-14T20:43:27.046-0500] {logging_mixin.py:190} INFO - [2024-12-14T20:43:27.046-0500] {override.py:1911} INFO - Created Permission View: can edit on DAG:read_dataset_event
[2024-12-14T20:43:27.048-0500] {logging_mixin.py:190} INFO - [2024-12-14T20:43:27.048-0500] {override.py:1911} INFO - Created Permission View: can create on DAG Run:read_dataset_event
[2024-12-14T20:43:27.050-0500] {logging_mixin.py:190} INFO - [2024-12-14T20:43:27.050-0500] {override.py:1911} INFO - Created Permission View: can read on DAG Run:read_dataset_event
[2024-12-14T20:43:27.051-0500] {logging_mixin.py:190} INFO - [2024-12-14T20:43:27.051-0500] {override.py:1911} INFO - Created Permission View: menu access on DAG Run:read_dataset_event
[2024-12-14T20:43:27.053-0500] {logging_mixin.py:190} INFO - [2024-12-14T20:43:27.053-0500] {override.py:1911} INFO - Created Permission View: can delete on DAG Run:read_dataset_event
[2024-12-14T20:43:27.056-0500] {logging_mixin.py:190} INFO - [2024-12-14T20:43:27.056-0500] {override.py:1911} INFO - Created Permission View: can delete on DAG:read_dataset_event_from_classic
[2024-12-14T20:43:27.058-0500] {logging_mixin.py:190} INFO - [2024-12-14T20:43:27.058-0500] {override.py:1911} INFO - Created Permission View: can read on DAG:read_dataset_event_from_classic
[2024-12-14T20:43:27.060-0500] {logging_mixin.py:190} INFO - [2024-12-14T20:43:27.060-0500] {override.py:1911} INFO - Created Permission View: can edit on DAG:read_dataset_event_from_classic
[2024-12-14T20:43:27.062-0500] {logging_mixin.py:190} INFO - [2024-12-14T20:43:27.062-0500] {override.py:1911} INFO - Created Permission View: can create on DAG Run:read_dataset_event_from_classic
[2024-12-14T20:43:27.063-0500] {logging_mixin.py:190} INFO - [2024-12-14T20:43:27.063-0500] {override.py:1911} INFO - Created Permission View: can read on DAG Run:read_dataset_event_from_classic
[2024-12-14T20:43:27.065-0500] {logging_mixin.py:190} INFO - [2024-12-14T20:43:27.065-0500] {override.py:1911} INFO - Created Permission View: menu access on DAG Run:read_dataset_event_from_classic
[2024-12-14T20:43:27.067-0500] {logging_mixin.py:190} INFO - [2024-12-14T20:43:27.066-0500] {override.py:1911} INFO - Created Permission View: can delete on DAG Run:read_dataset_event_from_classic
[2024-12-14T20:43:27.067-0500] {logging_mixin.py:190} INFO - [2024-12-14T20:43:27.067-0500] {dag.py:3239} INFO - Sync 2 DAGs
[2024-12-14T20:43:27.070-0500] {logging_mixin.py:190} INFO - [2024-12-14T20:43:27.070-0500] {dag.py:3262} INFO - Creating ORM DAG for read_dataset_event_from_classic
[2024-12-14T20:43:27.071-0500] {logging_mixin.py:190} INFO - [2024-12-14T20:43:27.070-0500] {dag.py:3262} INFO - Creating ORM DAG for read_dataset_event
[2024-12-14T20:43:27.073-0500] {logging_mixin.py:190} INFO - [2024-12-14T20:43:27.073-0500] {dag.py:4180} INFO - Setting next_dagrun for read_dataset_event to 2024-12-14 00:00:00+00:00, run_after=2024-12-15 00:00:00+00:00
[2024-12-14T20:43:27.074-0500] {logging_mixin.py:190} INFO - [2024-12-14T20:43:27.074-0500] {dag.py:4180} INFO - Setting next_dagrun for read_dataset_event_from_classic to 2024-12-14 00:00:00+00:00, run_after=2024-12-15 00:00:00+00:00
[2024-12-14T20:43:27.079-0500] {processor.py:208} INFO - Processing /opt/anaconda3/envs/python310/lib/python3.10/site-packages/airflow/example_dags/example_inlet_event_extra.py took 0.146 seconds
[2024-12-14T20:45:34.776-0500] {processor.py:186} INFO - Started process (PID=8496) to work on /opt/anaconda3/envs/python310/lib/python3.10/site-packages/airflow/example_dags/example_inlet_event_extra.py
[2024-12-14T20:45:34.778-0500] {processor.py:914} INFO - Processing file /opt/anaconda3/envs/python310/lib/python3.10/site-packages/airflow/example_dags/example_inlet_event_extra.py for tasks to queue
[2024-12-14T20:45:34.778-0500] {logging_mixin.py:190} INFO - [2024-12-14T20:45:34.778-0500] {dagbag.py:588} INFO - Filling up the DagBag from /opt/anaconda3/envs/python310/lib/python3.10/site-packages/airflow/example_dags/example_inlet_event_extra.py
[2024-12-14T20:45:34.827-0500] {processor.py:925} INFO - DAG(s) 'read_dataset_event', 'read_dataset_event_from_classic' retrieved from /opt/anaconda3/envs/python310/lib/python3.10/site-packages/airflow/example_dags/example_inlet_event_extra.py
[2024-12-14T20:45:34.861-0500] {logging_mixin.py:190} INFO - [2024-12-14T20:45:34.861-0500] {dag.py:3239} INFO - Sync 2 DAGs
[2024-12-14T20:45:34.868-0500] {logging_mixin.py:190} INFO - [2024-12-14T20:45:34.868-0500] {dag.py:4180} INFO - Setting next_dagrun for read_dataset_event to 2024-12-14 00:00:00+00:00, run_after=2024-12-15 00:00:00+00:00
[2024-12-14T20:45:34.869-0500] {logging_mixin.py:190} INFO - [2024-12-14T20:45:34.869-0500] {dag.py:4180} INFO - Setting next_dagrun for read_dataset_event_from_classic to 2024-12-14 00:00:00+00:00, run_after=2024-12-15 00:00:00+00:00
[2024-12-14T20:45:34.874-0500] {processor.py:208} INFO - Processing /opt/anaconda3/envs/python310/lib/python3.10/site-packages/airflow/example_dags/example_inlet_event_extra.py took 0.099 seconds
[2024-12-14T20:47:42.549-0500] {processor.py:186} INFO - Started process (PID=8714) to work on /opt/anaconda3/envs/python310/lib/python3.10/site-packages/airflow/example_dags/example_inlet_event_extra.py
[2024-12-14T20:47:42.551-0500] {processor.py:914} INFO - Processing file /opt/anaconda3/envs/python310/lib/python3.10/site-packages/airflow/example_dags/example_inlet_event_extra.py for tasks to queue
[2024-12-14T20:47:42.551-0500] {logging_mixin.py:190} INFO - [2024-12-14T20:47:42.551-0500] {dagbag.py:588} INFO - Filling up the DagBag from /opt/anaconda3/envs/python310/lib/python3.10/site-packages/airflow/example_dags/example_inlet_event_extra.py
[2024-12-14T20:47:42.599-0500] {processor.py:925} INFO - DAG(s) 'read_dataset_event_from_classic', 'read_dataset_event' retrieved from /opt/anaconda3/envs/python310/lib/python3.10/site-packages/airflow/example_dags/example_inlet_event_extra.py
[2024-12-14T20:47:42.632-0500] {logging_mixin.py:190} INFO - [2024-12-14T20:47:42.632-0500] {dag.py:3239} INFO - Sync 2 DAGs
[2024-12-14T20:47:42.639-0500] {logging_mixin.py:190} INFO - [2024-12-14T20:47:42.639-0500] {dag.py:4180} INFO - Setting next_dagrun for read_dataset_event to 2024-12-14 00:00:00+00:00, run_after=2024-12-15 00:00:00+00:00
[2024-12-14T20:47:42.640-0500] {logging_mixin.py:190} INFO - [2024-12-14T20:47:42.640-0500] {dag.py:4180} INFO - Setting next_dagrun for read_dataset_event_from_classic to 2024-12-14 00:00:00+00:00, run_after=2024-12-15 00:00:00+00:00
[2024-12-14T20:47:42.645-0500] {processor.py:208} INFO - Processing /opt/anaconda3/envs/python310/lib/python3.10/site-packages/airflow/example_dags/example_inlet_event_extra.py took 0.097 seconds
[2024-12-14T20:49:53.436-0500] {processor.py:186} INFO - Started process (PID=8932) to work on /opt/anaconda3/envs/python310/lib/python3.10/site-packages/airflow/example_dags/example_inlet_event_extra.py
[2024-12-14T20:49:53.437-0500] {processor.py:914} INFO - Processing file /opt/anaconda3/envs/python310/lib/python3.10/site-packages/airflow/example_dags/example_inlet_event_extra.py for tasks to queue
[2024-12-14T20:49:53.438-0500] {logging_mixin.py:190} INFO - [2024-12-14T20:49:53.438-0500] {dagbag.py:588} INFO - Filling up the DagBag from /opt/anaconda3/envs/python310/lib/python3.10/site-packages/airflow/example_dags/example_inlet_event_extra.py
[2024-12-14T20:49:53.482-0500] {processor.py:925} INFO - DAG(s) 'read_dataset_event', 'read_dataset_event_from_classic' retrieved from /opt/anaconda3/envs/python310/lib/python3.10/site-packages/airflow/example_dags/example_inlet_event_extra.py
[2024-12-14T20:49:53.515-0500] {logging_mixin.py:190} INFO - [2024-12-14T20:49:53.515-0500] {dag.py:3239} INFO - Sync 2 DAGs
[2024-12-14T20:49:53.522-0500] {logging_mixin.py:190} INFO - [2024-12-14T20:49:53.522-0500] {dag.py:4180} INFO - Setting next_dagrun for read_dataset_event to 2024-12-14 00:00:00+00:00, run_after=2024-12-15 00:00:00+00:00
[2024-12-14T20:49:53.523-0500] {logging_mixin.py:190} INFO - [2024-12-14T20:49:53.523-0500] {dag.py:4180} INFO - Setting next_dagrun for read_dataset_event_from_classic to 2024-12-14 00:00:00+00:00, run_after=2024-12-15 00:00:00+00:00
[2024-12-14T20:49:53.529-0500] {processor.py:208} INFO - Processing /opt/anaconda3/envs/python310/lib/python3.10/site-packages/airflow/example_dags/example_inlet_event_extra.py took 0.093 seconds
[2024-12-14T20:52:04.641-0500] {processor.py:186} INFO - Started process (PID=9162) to work on /opt/anaconda3/envs/python310/lib/python3.10/site-packages/airflow/example_dags/example_inlet_event_extra.py
[2024-12-14T20:52:04.642-0500] {processor.py:914} INFO - Processing file /opt/anaconda3/envs/python310/lib/python3.10/site-packages/airflow/example_dags/example_inlet_event_extra.py for tasks to queue
[2024-12-14T20:52:04.643-0500] {logging_mixin.py:190} INFO - [2024-12-14T20:52:04.643-0500] {dagbag.py:588} INFO - Filling up the DagBag from /opt/anaconda3/envs/python310/lib/python3.10/site-packages/airflow/example_dags/example_inlet_event_extra.py
[2024-12-14T20:52:04.698-0500] {processor.py:925} INFO - DAG(s) 'read_dataset_event', 'read_dataset_event_from_classic' retrieved from /opt/anaconda3/envs/python310/lib/python3.10/site-packages/airflow/example_dags/example_inlet_event_extra.py
[2024-12-14T20:52:04.742-0500] {logging_mixin.py:190} INFO - [2024-12-14T20:52:04.742-0500] {dag.py:3239} INFO - Sync 2 DAGs
[2024-12-14T20:52:04.749-0500] {logging_mixin.py:190} INFO - [2024-12-14T20:52:04.749-0500] {dag.py:4180} INFO - Setting next_dagrun for read_dataset_event to 2024-12-14 00:00:00+00:00, run_after=2024-12-15 00:00:00+00:00
[2024-12-14T20:52:04.750-0500] {logging_mixin.py:190} INFO - [2024-12-14T20:52:04.750-0500] {dag.py:4180} INFO - Setting next_dagrun for read_dataset_event_from_classic to 2024-12-14 00:00:00+00:00, run_after=2024-12-15 00:00:00+00:00
[2024-12-14T20:52:04.756-0500] {processor.py:208} INFO - Processing /opt/anaconda3/envs/python310/lib/python3.10/site-packages/airflow/example_dags/example_inlet_event_extra.py took 0.116 seconds
[2024-12-14T20:54:14.656-0500] {processor.py:186} INFO - Started process (PID=9405) to work on /opt/anaconda3/envs/python310/lib/python3.10/site-packages/airflow/example_dags/example_inlet_event_extra.py
[2024-12-14T20:54:14.657-0500] {processor.py:914} INFO - Processing file /opt/anaconda3/envs/python310/lib/python3.10/site-packages/airflow/example_dags/example_inlet_event_extra.py for tasks to queue
[2024-12-14T20:54:14.657-0500] {logging_mixin.py:190} INFO - [2024-12-14T20:54:14.657-0500] {dagbag.py:588} INFO - Filling up the DagBag from /opt/anaconda3/envs/python310/lib/python3.10/site-packages/airflow/example_dags/example_inlet_event_extra.py
[2024-12-14T20:54:14.710-0500] {processor.py:925} INFO - DAG(s) 'read_dataset_event', 'read_dataset_event_from_classic' retrieved from /opt/anaconda3/envs/python310/lib/python3.10/site-packages/airflow/example_dags/example_inlet_event_extra.py
[2024-12-14T20:54:14.743-0500] {logging_mixin.py:190} INFO - [2024-12-14T20:54:14.743-0500] {dag.py:3239} INFO - Sync 2 DAGs
[2024-12-14T20:54:14.750-0500] {logging_mixin.py:190} INFO - [2024-12-14T20:54:14.750-0500] {dag.py:4180} INFO - Setting next_dagrun for read_dataset_event to 2024-12-14 00:00:00+00:00, run_after=2024-12-15 00:00:00+00:00
[2024-12-14T20:54:14.751-0500] {logging_mixin.py:190} INFO - [2024-12-14T20:54:14.751-0500] {dag.py:4180} INFO - Setting next_dagrun for read_dataset_event_from_classic to 2024-12-14 00:00:00+00:00, run_after=2024-12-15 00:00:00+00:00
[2024-12-14T20:54:14.756-0500] {processor.py:208} INFO - Processing /opt/anaconda3/envs/python310/lib/python3.10/site-packages/airflow/example_dags/example_inlet_event_extra.py took 0.101 seconds
