[2024-12-14T20:43:18.062-0500] {processor.py:186} INFO - Started process (PID=8249) to work on /opt/anaconda3/envs/python310/lib/python3.10/site-packages/airflow/example_dags/example_outlet_event_extra.py
[2024-12-14T20:43:18.063-0500] {processor.py:914} INFO - Processing file /opt/anaconda3/envs/python310/lib/python3.10/site-packages/airflow/example_dags/example_outlet_event_extra.py for tasks to queue
[2024-12-14T20:43:18.063-0500] {logging_mixin.py:190} INFO - [2024-12-14T20:43:18.063-0500] {dagbag.py:588} INFO - Filling up the DagBag from /opt/anaconda3/envs/python310/lib/python3.10/site-packages/airflow/example_dags/example_outlet_event_extra.py
[2024-12-14T20:43:18.114-0500] {processor.py:925} INFO - DAG(s) 'dataset_with_extra_by_yield', 'dataset_with_extra_from_classic_operator', 'dataset_with_extra_by_context' retrieved from /opt/anaconda3/envs/python310/lib/python3.10/site-packages/airflow/example_dags/example_outlet_event_extra.py
[2024-12-14T20:43:18.176-0500] {logging_mixin.py:190} INFO - [2024-12-14T20:43:18.175-0500] {override.py:1911} INFO - Created Permission View: can delete on DAG:dataset_with_extra_by_yield
[2024-12-14T20:43:18.178-0500] {logging_mixin.py:190} INFO - [2024-12-14T20:43:18.178-0500] {override.py:1911} INFO - Created Permission View: can read on DAG:dataset_with_extra_by_yield
[2024-12-14T20:43:18.180-0500] {logging_mixin.py:190} INFO - [2024-12-14T20:43:18.180-0500] {override.py:1911} INFO - Created Permission View: can edit on DAG:dataset_with_extra_by_yield
[2024-12-14T20:43:18.182-0500] {logging_mixin.py:190} INFO - [2024-12-14T20:43:18.182-0500] {override.py:1911} INFO - Created Permission View: menu access on DAG Run:dataset_with_extra_by_yield
[2024-12-14T20:43:18.184-0500] {logging_mixin.py:190} INFO - [2024-12-14T20:43:18.184-0500] {override.py:1911} INFO - Created Permission View: can read on DAG Run:dataset_with_extra_by_yield
[2024-12-14T20:43:18.186-0500] {logging_mixin.py:190} INFO - [2024-12-14T20:43:18.186-0500] {override.py:1911} INFO - Created Permission View: can delete on DAG Run:dataset_with_extra_by_yield
[2024-12-14T20:43:18.187-0500] {logging_mixin.py:190} INFO - [2024-12-14T20:43:18.187-0500] {override.py:1911} INFO - Created Permission View: can create on DAG Run:dataset_with_extra_by_yield
[2024-12-14T20:43:18.191-0500] {logging_mixin.py:190} INFO - [2024-12-14T20:43:18.191-0500] {override.py:1911} INFO - Created Permission View: can delete on DAG:dataset_with_extra_from_classic_operator
[2024-12-14T20:43:18.193-0500] {logging_mixin.py:190} INFO - [2024-12-14T20:43:18.193-0500] {override.py:1911} INFO - Created Permission View: can read on DAG:dataset_with_extra_from_classic_operator
[2024-12-14T20:43:18.194-0500] {logging_mixin.py:190} INFO - [2024-12-14T20:43:18.194-0500] {override.py:1911} INFO - Created Permission View: can edit on DAG:dataset_with_extra_from_classic_operator
[2024-12-14T20:43:18.197-0500] {logging_mixin.py:190} INFO - [2024-12-14T20:43:18.196-0500] {override.py:1911} INFO - Created Permission View: menu access on DAG Run:dataset_with_extra_from_classic_operator
[2024-12-14T20:43:18.198-0500] {logging_mixin.py:190} INFO - [2024-12-14T20:43:18.198-0500] {override.py:1911} INFO - Created Permission View: can read on DAG Run:dataset_with_extra_from_classic_operator
[2024-12-14T20:43:18.200-0500] {logging_mixin.py:190} INFO - [2024-12-14T20:43:18.200-0500] {override.py:1911} INFO - Created Permission View: can delete on DAG Run:dataset_with_extra_from_classic_operator
[2024-12-14T20:43:18.201-0500] {logging_mixin.py:190} INFO - [2024-12-14T20:43:18.201-0500] {override.py:1911} INFO - Created Permission View: can create on DAG Run:dataset_with_extra_from_classic_operator
[2024-12-14T20:43:18.205-0500] {logging_mixin.py:190} INFO - [2024-12-14T20:43:18.205-0500] {override.py:1911} INFO - Created Permission View: can delete on DAG:dataset_with_extra_by_context
[2024-12-14T20:43:18.206-0500] {logging_mixin.py:190} INFO - [2024-12-14T20:43:18.206-0500] {override.py:1911} INFO - Created Permission View: can read on DAG:dataset_with_extra_by_context
[2024-12-14T20:43:18.208-0500] {logging_mixin.py:190} INFO - [2024-12-14T20:43:18.208-0500] {override.py:1911} INFO - Created Permission View: can edit on DAG:dataset_with_extra_by_context
[2024-12-14T20:43:18.210-0500] {logging_mixin.py:190} INFO - [2024-12-14T20:43:18.210-0500] {override.py:1911} INFO - Created Permission View: menu access on DAG Run:dataset_with_extra_by_context
[2024-12-14T20:43:18.212-0500] {logging_mixin.py:190} INFO - [2024-12-14T20:43:18.212-0500] {override.py:1911} INFO - Created Permission View: can read on DAG Run:dataset_with_extra_by_context
[2024-12-14T20:43:18.213-0500] {logging_mixin.py:190} INFO - [2024-12-14T20:43:18.213-0500] {override.py:1911} INFO - Created Permission View: can delete on DAG Run:dataset_with_extra_by_context
[2024-12-14T20:43:18.215-0500] {logging_mixin.py:190} INFO - [2024-12-14T20:43:18.215-0500] {override.py:1911} INFO - Created Permission View: can create on DAG Run:dataset_with_extra_by_context
[2024-12-14T20:43:18.215-0500] {logging_mixin.py:190} INFO - [2024-12-14T20:43:18.215-0500] {dag.py:3239} INFO - Sync 3 DAGs
[2024-12-14T20:43:18.219-0500] {logging_mixin.py:190} INFO - [2024-12-14T20:43:18.219-0500] {dag.py:3262} INFO - Creating ORM DAG for dataset_with_extra_by_yield
[2024-12-14T20:43:18.219-0500] {logging_mixin.py:190} INFO - [2024-12-14T20:43:18.219-0500] {dag.py:3262} INFO - Creating ORM DAG for dataset_with_extra_by_context
[2024-12-14T20:43:18.219-0500] {logging_mixin.py:190} INFO - [2024-12-14T20:43:18.219-0500] {dag.py:3262} INFO - Creating ORM DAG for dataset_with_extra_from_classic_operator
[2024-12-14T20:43:18.222-0500] {logging_mixin.py:190} INFO - [2024-12-14T20:43:18.222-0500] {dag.py:4180} INFO - Setting next_dagrun for dataset_with_extra_by_context to 2024-12-14 00:00:00+00:00, run_after=2024-12-15 00:00:00+00:00
[2024-12-14T20:43:18.223-0500] {logging_mixin.py:190} INFO - [2024-12-14T20:43:18.222-0500] {dag.py:4180} INFO - Setting next_dagrun for dataset_with_extra_by_yield to 2024-12-14 00:00:00+00:00, run_after=2024-12-15 00:00:00+00:00
[2024-12-14T20:43:18.223-0500] {logging_mixin.py:190} INFO - [2024-12-14T20:43:18.223-0500] {dag.py:4180} INFO - Setting next_dagrun for dataset_with_extra_from_classic_operator to 2024-12-14 00:00:00+00:00, run_after=2024-12-15 00:00:00+00:00
[2024-12-14T20:43:18.231-0500] {logging_mixin.py:190} INFO - [2024-12-14T20:43:18.231-0500] {workday.py:41} WARNING - Could not import pandas. Holidays will not be considered.
[2024-12-14T20:43:18.235-0500] {processor.py:208} INFO - Processing /opt/anaconda3/envs/python310/lib/python3.10/site-packages/airflow/example_dags/example_outlet_event_extra.py took 0.174 seconds
[2024-12-14T20:44:50.760-0500] {processor.py:186} INFO - Started process (PID=8417) to work on /opt/anaconda3/envs/python310/lib/python3.10/site-packages/airflow/example_dags/example_outlet_event_extra.py
[2024-12-14T20:44:50.761-0500] {processor.py:914} INFO - Processing file /opt/anaconda3/envs/python310/lib/python3.10/site-packages/airflow/example_dags/example_outlet_event_extra.py for tasks to queue
[2024-12-14T20:44:50.762-0500] {logging_mixin.py:190} INFO - [2024-12-14T20:44:50.762-0500] {dagbag.py:588} INFO - Filling up the DagBag from /opt/anaconda3/envs/python310/lib/python3.10/site-packages/airflow/example_dags/example_outlet_event_extra.py
[2024-12-14T20:44:50.816-0500] {processor.py:925} INFO - DAG(s) 'dataset_with_extra_from_classic_operator', 'dataset_with_extra_by_yield', 'dataset_with_extra_by_context' retrieved from /opt/anaconda3/envs/python310/lib/python3.10/site-packages/airflow/example_dags/example_outlet_event_extra.py
[2024-12-14T20:44:50.851-0500] {logging_mixin.py:190} INFO - [2024-12-14T20:44:50.851-0500] {dag.py:3239} INFO - Sync 3 DAGs
[2024-12-14T20:44:50.858-0500] {logging_mixin.py:190} INFO - [2024-12-14T20:44:50.858-0500] {dag.py:4180} INFO - Setting next_dagrun for dataset_with_extra_by_context to 2024-12-14 00:00:00+00:00, run_after=2024-12-15 00:00:00+00:00
[2024-12-14T20:44:50.859-0500] {logging_mixin.py:190} INFO - [2024-12-14T20:44:50.859-0500] {dag.py:4180} INFO - Setting next_dagrun for dataset_with_extra_by_yield to 2024-12-14 00:00:00+00:00, run_after=2024-12-15 00:00:00+00:00
[2024-12-14T20:44:50.860-0500] {logging_mixin.py:190} INFO - [2024-12-14T20:44:50.860-0500] {dag.py:4180} INFO - Setting next_dagrun for dataset_with_extra_from_classic_operator to 2024-12-14 00:00:00+00:00, run_after=2024-12-15 00:00:00+00:00
[2024-12-14T20:44:50.866-0500] {processor.py:208} INFO - Processing /opt/anaconda3/envs/python310/lib/python3.10/site-packages/airflow/example_dags/example_outlet_event_extra.py took 0.108 seconds
[2024-12-14T20:46:58.602-0500] {processor.py:186} INFO - Started process (PID=8641) to work on /opt/anaconda3/envs/python310/lib/python3.10/site-packages/airflow/example_dags/example_outlet_event_extra.py
[2024-12-14T20:46:58.604-0500] {processor.py:914} INFO - Processing file /opt/anaconda3/envs/python310/lib/python3.10/site-packages/airflow/example_dags/example_outlet_event_extra.py for tasks to queue
[2024-12-14T20:46:58.604-0500] {logging_mixin.py:190} INFO - [2024-12-14T20:46:58.604-0500] {dagbag.py:588} INFO - Filling up the DagBag from /opt/anaconda3/envs/python310/lib/python3.10/site-packages/airflow/example_dags/example_outlet_event_extra.py
[2024-12-14T20:46:58.650-0500] {processor.py:925} INFO - DAG(s) 'dataset_with_extra_from_classic_operator', 'dataset_with_extra_by_context', 'dataset_with_extra_by_yield' retrieved from /opt/anaconda3/envs/python310/lib/python3.10/site-packages/airflow/example_dags/example_outlet_event_extra.py
[2024-12-14T20:46:58.685-0500] {logging_mixin.py:190} INFO - [2024-12-14T20:46:58.684-0500] {dag.py:3239} INFO - Sync 3 DAGs
[2024-12-14T20:46:58.691-0500] {logging_mixin.py:190} INFO - [2024-12-14T20:46:58.691-0500] {dag.py:4180} INFO - Setting next_dagrun for dataset_with_extra_by_context to 2024-12-14 00:00:00+00:00, run_after=2024-12-15 00:00:00+00:00
[2024-12-14T20:46:58.693-0500] {logging_mixin.py:190} INFO - [2024-12-14T20:46:58.693-0500] {dag.py:4180} INFO - Setting next_dagrun for dataset_with_extra_by_yield to 2024-12-14 00:00:00+00:00, run_after=2024-12-15 00:00:00+00:00
[2024-12-14T20:46:58.693-0500] {logging_mixin.py:190} INFO - [2024-12-14T20:46:58.693-0500] {dag.py:4180} INFO - Setting next_dagrun for dataset_with_extra_from_classic_operator to 2024-12-14 00:00:00+00:00, run_after=2024-12-15 00:00:00+00:00
[2024-12-14T20:46:58.699-0500] {processor.py:208} INFO - Processing /opt/anaconda3/envs/python310/lib/python3.10/site-packages/airflow/example_dags/example_outlet_event_extra.py took 0.099 seconds
[2024-12-14T20:49:05.891-0500] {processor.py:186} INFO - Started process (PID=8859) to work on /opt/anaconda3/envs/python310/lib/python3.10/site-packages/airflow/example_dags/example_outlet_event_extra.py
[2024-12-14T20:49:05.893-0500] {processor.py:914} INFO - Processing file /opt/anaconda3/envs/python310/lib/python3.10/site-packages/airflow/example_dags/example_outlet_event_extra.py for tasks to queue
[2024-12-14T20:49:05.894-0500] {logging_mixin.py:190} INFO - [2024-12-14T20:49:05.894-0500] {dagbag.py:588} INFO - Filling up the DagBag from /opt/anaconda3/envs/python310/lib/python3.10/site-packages/airflow/example_dags/example_outlet_event_extra.py
[2024-12-14T20:49:05.939-0500] {processor.py:925} INFO - DAG(s) 'dataset_with_extra_by_yield', 'dataset_with_extra_by_context', 'dataset_with_extra_from_classic_operator' retrieved from /opt/anaconda3/envs/python310/lib/python3.10/site-packages/airflow/example_dags/example_outlet_event_extra.py
[2024-12-14T20:49:05.974-0500] {logging_mixin.py:190} INFO - [2024-12-14T20:49:05.974-0500] {dag.py:3239} INFO - Sync 3 DAGs
[2024-12-14T20:49:05.981-0500] {logging_mixin.py:190} INFO - [2024-12-14T20:49:05.981-0500] {dag.py:4180} INFO - Setting next_dagrun for dataset_with_extra_by_context to 2024-12-14 00:00:00+00:00, run_after=2024-12-15 00:00:00+00:00
[2024-12-14T20:49:05.982-0500] {logging_mixin.py:190} INFO - [2024-12-14T20:49:05.982-0500] {dag.py:4180} INFO - Setting next_dagrun for dataset_with_extra_by_yield to 2024-12-14 00:00:00+00:00, run_after=2024-12-15 00:00:00+00:00
[2024-12-14T20:49:05.983-0500] {logging_mixin.py:190} INFO - [2024-12-14T20:49:05.983-0500] {dag.py:4180} INFO - Setting next_dagrun for dataset_with_extra_from_classic_operator to 2024-12-14 00:00:00+00:00, run_after=2024-12-15 00:00:00+00:00
[2024-12-14T20:49:05.989-0500] {processor.py:208} INFO - Processing /opt/anaconda3/envs/python310/lib/python3.10/site-packages/airflow/example_dags/example_outlet_event_extra.py took 0.099 seconds
[2024-12-14T20:51:18.586-0500] {processor.py:186} INFO - Started process (PID=9075) to work on /opt/anaconda3/envs/python310/lib/python3.10/site-packages/airflow/example_dags/example_outlet_event_extra.py
[2024-12-14T20:51:18.587-0500] {processor.py:914} INFO - Processing file /opt/anaconda3/envs/python310/lib/python3.10/site-packages/airflow/example_dags/example_outlet_event_extra.py for tasks to queue
[2024-12-14T20:51:18.587-0500] {logging_mixin.py:190} INFO - [2024-12-14T20:51:18.587-0500] {dagbag.py:588} INFO - Filling up the DagBag from /opt/anaconda3/envs/python310/lib/python3.10/site-packages/airflow/example_dags/example_outlet_event_extra.py
[2024-12-14T20:51:18.632-0500] {processor.py:925} INFO - DAG(s) 'dataset_with_extra_by_context', 'dataset_with_extra_from_classic_operator', 'dataset_with_extra_by_yield' retrieved from /opt/anaconda3/envs/python310/lib/python3.10/site-packages/airflow/example_dags/example_outlet_event_extra.py
[2024-12-14T20:51:18.667-0500] {logging_mixin.py:190} INFO - [2024-12-14T20:51:18.667-0500] {dag.py:3239} INFO - Sync 3 DAGs
[2024-12-14T20:51:18.673-0500] {logging_mixin.py:190} INFO - [2024-12-14T20:51:18.673-0500] {dag.py:4180} INFO - Setting next_dagrun for dataset_with_extra_by_context to 2024-12-14 00:00:00+00:00, run_after=2024-12-15 00:00:00+00:00
[2024-12-14T20:51:18.675-0500] {logging_mixin.py:190} INFO - [2024-12-14T20:51:18.675-0500] {dag.py:4180} INFO - Setting next_dagrun for dataset_with_extra_by_yield to 2024-12-14 00:00:00+00:00, run_after=2024-12-15 00:00:00+00:00
[2024-12-14T20:51:18.676-0500] {logging_mixin.py:190} INFO - [2024-12-14T20:51:18.676-0500] {dag.py:4180} INFO - Setting next_dagrun for dataset_with_extra_from_classic_operator to 2024-12-14 00:00:00+00:00, run_after=2024-12-15 00:00:00+00:00
[2024-12-14T20:51:18.682-0500] {processor.py:208} INFO - Processing /opt/anaconda3/envs/python310/lib/python3.10/site-packages/airflow/example_dags/example_outlet_event_extra.py took 0.097 seconds
[2024-12-14T20:53:30.396-0500] {processor.py:186} INFO - Started process (PID=9325) to work on /opt/anaconda3/envs/python310/lib/python3.10/site-packages/airflow/example_dags/example_outlet_event_extra.py
[2024-12-14T20:53:30.397-0500] {processor.py:914} INFO - Processing file /opt/anaconda3/envs/python310/lib/python3.10/site-packages/airflow/example_dags/example_outlet_event_extra.py for tasks to queue
[2024-12-14T20:53:30.397-0500] {logging_mixin.py:190} INFO - [2024-12-14T20:53:30.397-0500] {dagbag.py:588} INFO - Filling up the DagBag from /opt/anaconda3/envs/python310/lib/python3.10/site-packages/airflow/example_dags/example_outlet_event_extra.py
[2024-12-14T20:53:30.465-0500] {processor.py:925} INFO - DAG(s) 'dataset_with_extra_from_classic_operator', 'dataset_with_extra_by_yield', 'dataset_with_extra_by_context' retrieved from /opt/anaconda3/envs/python310/lib/python3.10/site-packages/airflow/example_dags/example_outlet_event_extra.py
[2024-12-14T20:53:30.509-0500] {logging_mixin.py:190} INFO - [2024-12-14T20:53:30.508-0500] {dag.py:3239} INFO - Sync 3 DAGs
[2024-12-14T20:53:30.516-0500] {logging_mixin.py:190} INFO - [2024-12-14T20:53:30.516-0500] {dag.py:4180} INFO - Setting next_dagrun for dataset_with_extra_by_context to 2024-12-14 00:00:00+00:00, run_after=2024-12-15 00:00:00+00:00
[2024-12-14T20:53:30.518-0500] {logging_mixin.py:190} INFO - [2024-12-14T20:53:30.518-0500] {dag.py:4180} INFO - Setting next_dagrun for dataset_with_extra_by_yield to 2024-12-14 00:00:00+00:00, run_after=2024-12-15 00:00:00+00:00
[2024-12-14T20:53:30.518-0500] {logging_mixin.py:190} INFO - [2024-12-14T20:53:30.518-0500] {dag.py:4180} INFO - Setting next_dagrun for dataset_with_extra_from_classic_operator to 2024-12-14 00:00:00+00:00, run_after=2024-12-15 00:00:00+00:00
[2024-12-14T20:53:30.526-0500] {processor.py:208} INFO - Processing /opt/anaconda3/envs/python310/lib/python3.10/site-packages/airflow/example_dags/example_outlet_event_extra.py took 0.131 seconds
