[2024-12-14T20:43:24.349-0500] {processor.py:186} INFO - Started process (PID=8263) to work on /opt/anaconda3/envs/python310/lib/python3.10/site-packages/airflow/example_dags/example_latest_only.py
[2024-12-14T20:43:24.350-0500] {processor.py:914} INFO - Processing file /opt/anaconda3/envs/python310/lib/python3.10/site-packages/airflow/example_dags/example_latest_only.py for tasks to queue
[2024-12-14T20:43:24.350-0500] {logging_mixin.py:190} INFO - [2024-12-14T20:43:24.350-0500] {dagbag.py:588} INFO - Filling up the DagBag from /opt/anaconda3/envs/python310/lib/python3.10/site-packages/airflow/example_dags/example_latest_only.py
[2024-12-14T20:43:24.353-0500] {processor.py:925} INFO - DAG(s) 'latest_only' retrieved from /opt/anaconda3/envs/python310/lib/python3.10/site-packages/airflow/example_dags/example_latest_only.py
[2024-12-14T20:43:24.437-0500] {logging_mixin.py:190} INFO - [2024-12-14T20:43:24.437-0500] {override.py:1911} INFO - Created Permission View: can delete on DAG:latest_only
[2024-12-14T20:43:24.440-0500] {logging_mixin.py:190} INFO - [2024-12-14T20:43:24.440-0500] {override.py:1911} INFO - Created Permission View: can edit on DAG:latest_only
[2024-12-14T20:43:24.442-0500] {logging_mixin.py:190} INFO - [2024-12-14T20:43:24.442-0500] {override.py:1911} INFO - Created Permission View: can read on DAG:latest_only
[2024-12-14T20:43:24.444-0500] {logging_mixin.py:190} INFO - [2024-12-14T20:43:24.444-0500] {override.py:1911} INFO - Created Permission View: can delete on DAG Run:latest_only
[2024-12-14T20:43:24.445-0500] {logging_mixin.py:190} INFO - [2024-12-14T20:43:24.445-0500] {override.py:1911} INFO - Created Permission View: menu access on DAG Run:latest_only
[2024-12-14T20:43:24.447-0500] {logging_mixin.py:190} INFO - [2024-12-14T20:43:24.447-0500] {override.py:1911} INFO - Created Permission View: can create on DAG Run:latest_only
[2024-12-14T20:43:24.449-0500] {logging_mixin.py:190} INFO - [2024-12-14T20:43:24.449-0500] {override.py:1911} INFO - Created Permission View: can read on DAG Run:latest_only
[2024-12-14T20:43:24.449-0500] {logging_mixin.py:190} INFO - [2024-12-14T20:43:24.449-0500] {dag.py:3239} INFO - Sync 1 DAGs
[2024-12-14T20:43:24.453-0500] {logging_mixin.py:190} INFO - [2024-12-14T20:43:24.453-0500] {dag.py:3262} INFO - Creating ORM DAG for latest_only
[2024-12-14T20:43:24.455-0500] {logging_mixin.py:190} INFO - [2024-12-14T20:43:24.455-0500] {dag.py:4180} INFO - Setting next_dagrun for latest_only to 2024-12-14 20:00:00+00:00, run_after=2024-12-15 00:00:00+00:00
[2024-12-14T20:43:24.461-0500] {processor.py:208} INFO - Processing /opt/anaconda3/envs/python310/lib/python3.10/site-packages/airflow/example_dags/example_latest_only.py took 0.113 seconds
[2024-12-14T20:44:57.399-0500] {processor.py:186} INFO - Started process (PID=8428) to work on /opt/anaconda3/envs/python310/lib/python3.10/site-packages/airflow/example_dags/example_latest_only.py
[2024-12-14T20:44:57.400-0500] {processor.py:914} INFO - Processing file /opt/anaconda3/envs/python310/lib/python3.10/site-packages/airflow/example_dags/example_latest_only.py for tasks to queue
[2024-12-14T20:44:57.400-0500] {logging_mixin.py:190} INFO - [2024-12-14T20:44:57.400-0500] {dagbag.py:588} INFO - Filling up the DagBag from /opt/anaconda3/envs/python310/lib/python3.10/site-packages/airflow/example_dags/example_latest_only.py
[2024-12-14T20:44:57.403-0500] {processor.py:925} INFO - DAG(s) 'latest_only' retrieved from /opt/anaconda3/envs/python310/lib/python3.10/site-packages/airflow/example_dags/example_latest_only.py
[2024-12-14T20:44:57.471-0500] {logging_mixin.py:190} INFO - [2024-12-14T20:44:57.471-0500] {dag.py:3239} INFO - Sync 1 DAGs
[2024-12-14T20:44:57.482-0500] {logging_mixin.py:190} INFO - [2024-12-14T20:44:57.481-0500] {dag.py:4180} INFO - Setting next_dagrun for latest_only to 2024-12-14 20:00:00+00:00, run_after=2024-12-15 00:00:00+00:00
[2024-12-14T20:44:57.489-0500] {processor.py:208} INFO - Processing /opt/anaconda3/envs/python310/lib/python3.10/site-packages/airflow/example_dags/example_latest_only.py took 0.091 seconds
[2024-12-14T20:47:04.454-0500] {processor.py:186} INFO - Started process (PID=8649) to work on /opt/anaconda3/envs/python310/lib/python3.10/site-packages/airflow/example_dags/example_latest_only.py
[2024-12-14T20:47:04.454-0500] {processor.py:914} INFO - Processing file /opt/anaconda3/envs/python310/lib/python3.10/site-packages/airflow/example_dags/example_latest_only.py for tasks to queue
[2024-12-14T20:47:04.455-0500] {logging_mixin.py:190} INFO - [2024-12-14T20:47:04.455-0500] {dagbag.py:588} INFO - Filling up the DagBag from /opt/anaconda3/envs/python310/lib/python3.10/site-packages/airflow/example_dags/example_latest_only.py
[2024-12-14T20:47:04.458-0500] {processor.py:925} INFO - DAG(s) 'latest_only' retrieved from /opt/anaconda3/envs/python310/lib/python3.10/site-packages/airflow/example_dags/example_latest_only.py
[2024-12-14T20:47:04.528-0500] {logging_mixin.py:190} INFO - [2024-12-14T20:47:04.527-0500] {dag.py:3239} INFO - Sync 1 DAGs
[2024-12-14T20:47:04.538-0500] {logging_mixin.py:190} INFO - [2024-12-14T20:47:04.538-0500] {dag.py:4180} INFO - Setting next_dagrun for latest_only to 2024-12-14 20:00:00+00:00, run_after=2024-12-15 00:00:00+00:00
[2024-12-14T20:47:04.545-0500] {processor.py:208} INFO - Processing /opt/anaconda3/envs/python310/lib/python3.10/site-packages/airflow/example_dags/example_latest_only.py took 0.093 seconds
[2024-12-14T20:49:12.998-0500] {processor.py:186} INFO - Started process (PID=8867) to work on /opt/anaconda3/envs/python310/lib/python3.10/site-packages/airflow/example_dags/example_latest_only.py
[2024-12-14T20:49:12.999-0500] {processor.py:914} INFO - Processing file /opt/anaconda3/envs/python310/lib/python3.10/site-packages/airflow/example_dags/example_latest_only.py for tasks to queue
[2024-12-14T20:49:12.999-0500] {logging_mixin.py:190} INFO - [2024-12-14T20:49:12.999-0500] {dagbag.py:588} INFO - Filling up the DagBag from /opt/anaconda3/envs/python310/lib/python3.10/site-packages/airflow/example_dags/example_latest_only.py
[2024-12-14T20:49:13.001-0500] {processor.py:925} INFO - DAG(s) 'latest_only' retrieved from /opt/anaconda3/envs/python310/lib/python3.10/site-packages/airflow/example_dags/example_latest_only.py
[2024-12-14T20:49:13.055-0500] {logging_mixin.py:190} INFO - [2024-12-14T20:49:13.055-0500] {dag.py:3239} INFO - Sync 1 DAGs
[2024-12-14T20:49:13.061-0500] {logging_mixin.py:190} INFO - [2024-12-14T20:49:13.061-0500] {dag.py:4180} INFO - Setting next_dagrun for latest_only to 2024-12-14 20:00:00+00:00, run_after=2024-12-15 00:00:00+00:00
[2024-12-14T20:49:13.067-0500] {processor.py:208} INFO - Processing /opt/anaconda3/envs/python310/lib/python3.10/site-packages/airflow/example_dags/example_latest_only.py took 0.071 seconds
[2024-12-14T20:51:25.631-0500] {processor.py:186} INFO - Started process (PID=9089) to work on /opt/anaconda3/envs/python310/lib/python3.10/site-packages/airflow/example_dags/example_latest_only.py
[2024-12-14T20:51:25.631-0500] {processor.py:914} INFO - Processing file /opt/anaconda3/envs/python310/lib/python3.10/site-packages/airflow/example_dags/example_latest_only.py for tasks to queue
[2024-12-14T20:51:25.631-0500] {logging_mixin.py:190} INFO - [2024-12-14T20:51:25.631-0500] {dagbag.py:588} INFO - Filling up the DagBag from /opt/anaconda3/envs/python310/lib/python3.10/site-packages/airflow/example_dags/example_latest_only.py
[2024-12-14T20:51:25.634-0500] {processor.py:925} INFO - DAG(s) 'latest_only' retrieved from /opt/anaconda3/envs/python310/lib/python3.10/site-packages/airflow/example_dags/example_latest_only.py
[2024-12-14T20:51:25.687-0500] {logging_mixin.py:190} INFO - [2024-12-14T20:51:25.687-0500] {dag.py:3239} INFO - Sync 1 DAGs
[2024-12-14T20:51:25.693-0500] {logging_mixin.py:190} INFO - [2024-12-14T20:51:25.693-0500] {dag.py:4180} INFO - Setting next_dagrun for latest_only to 2024-12-14 20:00:00+00:00, run_after=2024-12-15 00:00:00+00:00
[2024-12-14T20:51:25.699-0500] {processor.py:208} INFO - Processing /opt/anaconda3/envs/python310/lib/python3.10/site-packages/airflow/example_dags/example_latest_only.py took 0.069 seconds
[2024-12-14T20:53:36.310-0500] {processor.py:186} INFO - Started process (PID=9341) to work on /opt/anaconda3/envs/python310/lib/python3.10/site-packages/airflow/example_dags/example_latest_only.py
[2024-12-14T20:53:36.311-0500] {processor.py:914} INFO - Processing file /opt/anaconda3/envs/python310/lib/python3.10/site-packages/airflow/example_dags/example_latest_only.py for tasks to queue
[2024-12-14T20:53:36.311-0500] {logging_mixin.py:190} INFO - [2024-12-14T20:53:36.311-0500] {dagbag.py:588} INFO - Filling up the DagBag from /opt/anaconda3/envs/python310/lib/python3.10/site-packages/airflow/example_dags/example_latest_only.py
[2024-12-14T20:53:36.314-0500] {processor.py:925} INFO - DAG(s) 'latest_only' retrieved from /opt/anaconda3/envs/python310/lib/python3.10/site-packages/airflow/example_dags/example_latest_only.py
[2024-12-14T20:53:36.378-0500] {logging_mixin.py:190} INFO - [2024-12-14T20:53:36.378-0500] {dag.py:3239} INFO - Sync 1 DAGs
[2024-12-14T20:53:36.385-0500] {logging_mixin.py:190} INFO - [2024-12-14T20:53:36.385-0500] {dag.py:4180} INFO - Setting next_dagrun for latest_only to 2024-12-14 20:00:00+00:00, run_after=2024-12-15 00:00:00+00:00
[2024-12-14T20:53:36.391-0500] {processor.py:208} INFO - Processing /opt/anaconda3/envs/python310/lib/python3.10/site-packages/airflow/example_dags/example_latest_only.py took 0.082 seconds
