[2024-12-14T20:43:30.599-0500] {processor.py:186} INFO - Started process (PID=8278) to work on /opt/anaconda3/envs/python310/lib/python3.10/site-packages/airflow/example_dags/example_dynamic_task_mapping_with_no_taskflow_operators.py
[2024-12-14T20:43:30.600-0500] {processor.py:914} INFO - Processing file /opt/anaconda3/envs/python310/lib/python3.10/site-packages/airflow/example_dags/example_dynamic_task_mapping_with_no_taskflow_operators.py for tasks to queue
[2024-12-14T20:43:30.600-0500] {logging_mixin.py:190} INFO - [2024-12-14T20:43:30.600-0500] {dagbag.py:588} INFO - Filling up the DagBag from /opt/anaconda3/envs/python310/lib/python3.10/site-packages/airflow/example_dags/example_dynamic_task_mapping_with_no_taskflow_operators.py
[2024-12-14T20:43:30.603-0500] {processor.py:925} INFO - DAG(s) 'example_dynamic_task_mapping_with_no_taskflow_operators' retrieved from /opt/anaconda3/envs/python310/lib/python3.10/site-packages/airflow/example_dags/example_dynamic_task_mapping_with_no_taskflow_operators.py
[2024-12-14T20:43:30.685-0500] {logging_mixin.py:190} INFO - [2024-12-14T20:43:30.685-0500] {override.py:1911} INFO - Created Permission View: can edit on DAG:example_dynamic_task_mapping_with_no_taskflow_operators
[2024-12-14T20:43:30.688-0500] {logging_mixin.py:190} INFO - [2024-12-14T20:43:30.688-0500] {override.py:1911} INFO - Created Permission View: can read on DAG:example_dynamic_task_mapping_with_no_taskflow_operators
[2024-12-14T20:43:30.690-0500] {logging_mixin.py:190} INFO - [2024-12-14T20:43:30.690-0500] {override.py:1911} INFO - Created Permission View: can delete on DAG:example_dynamic_task_mapping_with_no_taskflow_operators
[2024-12-14T20:43:30.692-0500] {logging_mixin.py:190} INFO - [2024-12-14T20:43:30.692-0500] {override.py:1911} INFO - Created Permission View: menu access on DAG Run:example_dynamic_task_mapping_with_no_taskflow_operators
[2024-12-14T20:43:30.694-0500] {logging_mixin.py:190} INFO - [2024-12-14T20:43:30.694-0500] {override.py:1911} INFO - Created Permission View: can read on DAG Run:example_dynamic_task_mapping_with_no_taskflow_operators
[2024-12-14T20:43:30.695-0500] {logging_mixin.py:190} INFO - [2024-12-14T20:43:30.695-0500] {override.py:1911} INFO - Created Permission View: can create on DAG Run:example_dynamic_task_mapping_with_no_taskflow_operators
[2024-12-14T20:43:30.697-0500] {logging_mixin.py:190} INFO - [2024-12-14T20:43:30.697-0500] {override.py:1911} INFO - Created Permission View: can delete on DAG Run:example_dynamic_task_mapping_with_no_taskflow_operators
[2024-12-14T20:43:30.697-0500] {logging_mixin.py:190} INFO - [2024-12-14T20:43:30.697-0500] {dag.py:3239} INFO - Sync 1 DAGs
[2024-12-14T20:43:30.701-0500] {logging_mixin.py:190} INFO - [2024-12-14T20:43:30.701-0500] {dag.py:3262} INFO - Creating ORM DAG for example_dynamic_task_mapping_with_no_taskflow_operators
[2024-12-14T20:43:30.701-0500] {logging_mixin.py:190} INFO - [2024-12-14T20:43:30.701-0500] {dag.py:4180} INFO - Setting next_dagrun for example_dynamic_task_mapping_with_no_taskflow_operators to None, run_after=None
[2024-12-14T20:43:30.706-0500] {processor.py:208} INFO - Processing /opt/anaconda3/envs/python310/lib/python3.10/site-packages/airflow/example_dags/example_dynamic_task_mapping_with_no_taskflow_operators.py took 0.108 seconds
[2024-12-14T20:45:38.338-0500] {processor.py:186} INFO - Started process (PID=8503) to work on /opt/anaconda3/envs/python310/lib/python3.10/site-packages/airflow/example_dags/example_dynamic_task_mapping_with_no_taskflow_operators.py
[2024-12-14T20:45:38.338-0500] {processor.py:914} INFO - Processing file /opt/anaconda3/envs/python310/lib/python3.10/site-packages/airflow/example_dags/example_dynamic_task_mapping_with_no_taskflow_operators.py for tasks to queue
[2024-12-14T20:45:38.338-0500] {logging_mixin.py:190} INFO - [2024-12-14T20:45:38.338-0500] {dagbag.py:588} INFO - Filling up the DagBag from /opt/anaconda3/envs/python310/lib/python3.10/site-packages/airflow/example_dags/example_dynamic_task_mapping_with_no_taskflow_operators.py
[2024-12-14T20:45:38.341-0500] {processor.py:925} INFO - DAG(s) 'example_dynamic_task_mapping_with_no_taskflow_operators' retrieved from /opt/anaconda3/envs/python310/lib/python3.10/site-packages/airflow/example_dags/example_dynamic_task_mapping_with_no_taskflow_operators.py
[2024-12-14T20:45:38.393-0500] {logging_mixin.py:190} INFO - [2024-12-14T20:45:38.393-0500] {dag.py:3239} INFO - Sync 1 DAGs
[2024-12-14T20:45:38.397-0500] {logging_mixin.py:190} INFO - [2024-12-14T20:45:38.397-0500] {dag.py:4180} INFO - Setting next_dagrun for example_dynamic_task_mapping_with_no_taskflow_operators to None, run_after=None
[2024-12-14T20:45:38.403-0500] {processor.py:208} INFO - Processing /opt/anaconda3/envs/python310/lib/python3.10/site-packages/airflow/example_dags/example_dynamic_task_mapping_with_no_taskflow_operators.py took 0.067 seconds
[2024-12-14T20:47:46.117-0500] {processor.py:186} INFO - Started process (PID=8720) to work on /opt/anaconda3/envs/python310/lib/python3.10/site-packages/airflow/example_dags/example_dynamic_task_mapping_with_no_taskflow_operators.py
[2024-12-14T20:47:46.118-0500] {processor.py:914} INFO - Processing file /opt/anaconda3/envs/python310/lib/python3.10/site-packages/airflow/example_dags/example_dynamic_task_mapping_with_no_taskflow_operators.py for tasks to queue
[2024-12-14T20:47:46.118-0500] {logging_mixin.py:190} INFO - [2024-12-14T20:47:46.118-0500] {dagbag.py:588} INFO - Filling up the DagBag from /opt/anaconda3/envs/python310/lib/python3.10/site-packages/airflow/example_dags/example_dynamic_task_mapping_with_no_taskflow_operators.py
[2024-12-14T20:47:46.121-0500] {processor.py:925} INFO - DAG(s) 'example_dynamic_task_mapping_with_no_taskflow_operators' retrieved from /opt/anaconda3/envs/python310/lib/python3.10/site-packages/airflow/example_dags/example_dynamic_task_mapping_with_no_taskflow_operators.py
[2024-12-14T20:47:46.176-0500] {logging_mixin.py:190} INFO - [2024-12-14T20:47:46.176-0500] {dag.py:3239} INFO - Sync 1 DAGs
[2024-12-14T20:47:46.181-0500] {logging_mixin.py:190} INFO - [2024-12-14T20:47:46.181-0500] {dag.py:4180} INFO - Setting next_dagrun for example_dynamic_task_mapping_with_no_taskflow_operators to None, run_after=None
[2024-12-14T20:47:46.187-0500] {processor.py:208} INFO - Processing /opt/anaconda3/envs/python310/lib/python3.10/site-packages/airflow/example_dags/example_dynamic_task_mapping_with_no_taskflow_operators.py took 0.071 seconds
[2024-12-14T20:49:56.782-0500] {processor.py:186} INFO - Started process (PID=8936) to work on /opt/anaconda3/envs/python310/lib/python3.10/site-packages/airflow/example_dags/example_dynamic_task_mapping_with_no_taskflow_operators.py
[2024-12-14T20:49:56.784-0500] {processor.py:914} INFO - Processing file /opt/anaconda3/envs/python310/lib/python3.10/site-packages/airflow/example_dags/example_dynamic_task_mapping_with_no_taskflow_operators.py for tasks to queue
[2024-12-14T20:49:56.784-0500] {logging_mixin.py:190} INFO - [2024-12-14T20:49:56.784-0500] {dagbag.py:588} INFO - Filling up the DagBag from /opt/anaconda3/envs/python310/lib/python3.10/site-packages/airflow/example_dags/example_dynamic_task_mapping_with_no_taskflow_operators.py
[2024-12-14T20:49:56.786-0500] {processor.py:925} INFO - DAG(s) 'example_dynamic_task_mapping_with_no_taskflow_operators' retrieved from /opt/anaconda3/envs/python310/lib/python3.10/site-packages/airflow/example_dags/example_dynamic_task_mapping_with_no_taskflow_operators.py
[2024-12-14T20:49:56.845-0500] {logging_mixin.py:190} INFO - [2024-12-14T20:49:56.845-0500] {dag.py:3239} INFO - Sync 1 DAGs
[2024-12-14T20:49:56.849-0500] {logging_mixin.py:190} INFO - [2024-12-14T20:49:56.849-0500] {dag.py:4180} INFO - Setting next_dagrun for example_dynamic_task_mapping_with_no_taskflow_operators to None, run_after=None
[2024-12-14T20:49:56.854-0500] {processor.py:208} INFO - Processing /opt/anaconda3/envs/python310/lib/python3.10/site-packages/airflow/example_dags/example_dynamic_task_mapping_with_no_taskflow_operators.py took 0.073 seconds
[2024-12-14T20:52:08.148-0500] {processor.py:186} INFO - Started process (PID=9166) to work on /opt/anaconda3/envs/python310/lib/python3.10/site-packages/airflow/example_dags/example_dynamic_task_mapping_with_no_taskflow_operators.py
[2024-12-14T20:52:08.150-0500] {processor.py:914} INFO - Processing file /opt/anaconda3/envs/python310/lib/python3.10/site-packages/airflow/example_dags/example_dynamic_task_mapping_with_no_taskflow_operators.py for tasks to queue
[2024-12-14T20:52:08.150-0500] {logging_mixin.py:190} INFO - [2024-12-14T20:52:08.150-0500] {dagbag.py:588} INFO - Filling up the DagBag from /opt/anaconda3/envs/python310/lib/python3.10/site-packages/airflow/example_dags/example_dynamic_task_mapping_with_no_taskflow_operators.py
[2024-12-14T20:52:08.153-0500] {processor.py:925} INFO - DAG(s) 'example_dynamic_task_mapping_with_no_taskflow_operators' retrieved from /opt/anaconda3/envs/python310/lib/python3.10/site-packages/airflow/example_dags/example_dynamic_task_mapping_with_no_taskflow_operators.py
[2024-12-14T20:52:08.209-0500] {logging_mixin.py:190} INFO - [2024-12-14T20:52:08.209-0500] {dag.py:3239} INFO - Sync 1 DAGs
[2024-12-14T20:52:08.213-0500] {logging_mixin.py:190} INFO - [2024-12-14T20:52:08.213-0500] {dag.py:4180} INFO - Setting next_dagrun for example_dynamic_task_mapping_with_no_taskflow_operators to None, run_after=None
[2024-12-14T20:52:08.219-0500] {processor.py:208} INFO - Processing /opt/anaconda3/envs/python310/lib/python3.10/site-packages/airflow/example_dags/example_dynamic_task_mapping_with_no_taskflow_operators.py took 0.075 seconds
[2024-12-14T20:54:18.200-0500] {processor.py:186} INFO - Started process (PID=9409) to work on /opt/anaconda3/envs/python310/lib/python3.10/site-packages/airflow/example_dags/example_dynamic_task_mapping_with_no_taskflow_operators.py
[2024-12-14T20:54:18.200-0500] {processor.py:914} INFO - Processing file /opt/anaconda3/envs/python310/lib/python3.10/site-packages/airflow/example_dags/example_dynamic_task_mapping_with_no_taskflow_operators.py for tasks to queue
[2024-12-14T20:54:18.201-0500] {logging_mixin.py:190} INFO - [2024-12-14T20:54:18.201-0500] {dagbag.py:588} INFO - Filling up the DagBag from /opt/anaconda3/envs/python310/lib/python3.10/site-packages/airflow/example_dags/example_dynamic_task_mapping_with_no_taskflow_operators.py
[2024-12-14T20:54:18.203-0500] {processor.py:925} INFO - DAG(s) 'example_dynamic_task_mapping_with_no_taskflow_operators' retrieved from /opt/anaconda3/envs/python310/lib/python3.10/site-packages/airflow/example_dags/example_dynamic_task_mapping_with_no_taskflow_operators.py
[2024-12-14T20:54:18.256-0500] {logging_mixin.py:190} INFO - [2024-12-14T20:54:18.256-0500] {dag.py:3239} INFO - Sync 1 DAGs
[2024-12-14T20:54:18.260-0500] {logging_mixin.py:190} INFO - [2024-12-14T20:54:18.260-0500] {dag.py:4180} INFO - Setting next_dagrun for example_dynamic_task_mapping_with_no_taskflow_operators to None, run_after=None
[2024-12-14T20:54:18.266-0500] {processor.py:208} INFO - Processing /opt/anaconda3/envs/python310/lib/python3.10/site-packages/airflow/example_dags/example_dynamic_task_mapping_with_no_taskflow_operators.py took 0.067 seconds
