[2024-12-14T20:42:50.221-0500] {processor.py:186} INFO - Started process (PID=8193) to work on /opt/anaconda3/envs/python310/lib/python3.10/site-packages/airflow/example_dags/example_time_delta_sensor_async.py
[2024-12-14T20:42:50.221-0500] {processor.py:914} INFO - Processing file /opt/anaconda3/envs/python310/lib/python3.10/site-packages/airflow/example_dags/example_time_delta_sensor_async.py for tasks to queue
[2024-12-14T20:42:50.222-0500] {logging_mixin.py:190} INFO - [2024-12-14T20:42:50.222-0500] {dagbag.py:588} INFO - Filling up the DagBag from /opt/anaconda3/envs/python310/lib/python3.10/site-packages/airflow/example_dags/example_time_delta_sensor_async.py
[2024-12-14T20:42:50.225-0500] {processor.py:925} INFO - DAG(s) 'example_time_delta_sensor_async' retrieved from /opt/anaconda3/envs/python310/lib/python3.10/site-packages/airflow/example_dags/example_time_delta_sensor_async.py
[2024-12-14T20:42:50.279-0500] {logging_mixin.py:190} INFO - [2024-12-14T20:42:50.279-0500] {workday.py:41} WARNING - Could not import pandas. Holidays will not be considered.
[2024-12-14T20:42:50.319-0500] {logging_mixin.py:190} INFO - [2024-12-14T20:42:50.318-0500] {override.py:1911} INFO - Created Permission View: can read on DAG:example_time_delta_sensor_async
[2024-12-14T20:42:50.322-0500] {logging_mixin.py:190} INFO - [2024-12-14T20:42:50.322-0500] {override.py:1911} INFO - Created Permission View: can edit on DAG:example_time_delta_sensor_async
[2024-12-14T20:42:50.324-0500] {logging_mixin.py:190} INFO - [2024-12-14T20:42:50.324-0500] {override.py:1911} INFO - Created Permission View: can delete on DAG:example_time_delta_sensor_async
[2024-12-14T20:42:50.326-0500] {logging_mixin.py:190} INFO - [2024-12-14T20:42:50.326-0500] {override.py:1911} INFO - Created Permission View: can read on DAG Run:example_time_delta_sensor_async
[2024-12-14T20:42:50.328-0500] {logging_mixin.py:190} INFO - [2024-12-14T20:42:50.328-0500] {override.py:1911} INFO - Created Permission View: menu access on DAG Run:example_time_delta_sensor_async
[2024-12-14T20:42:50.330-0500] {logging_mixin.py:190} INFO - [2024-12-14T20:42:50.330-0500] {override.py:1911} INFO - Created Permission View: can create on DAG Run:example_time_delta_sensor_async
[2024-12-14T20:42:50.332-0500] {logging_mixin.py:190} INFO - [2024-12-14T20:42:50.332-0500] {override.py:1911} INFO - Created Permission View: can delete on DAG Run:example_time_delta_sensor_async
[2024-12-14T20:42:50.332-0500] {logging_mixin.py:190} INFO - [2024-12-14T20:42:50.332-0500] {dag.py:3239} INFO - Sync 1 DAGs
[2024-12-14T20:42:50.336-0500] {logging_mixin.py:190} INFO - [2024-12-14T20:42:50.336-0500] {dag.py:3262} INFO - Creating ORM DAG for example_time_delta_sensor_async
[2024-12-14T20:42:50.336-0500] {logging_mixin.py:190} INFO - [2024-12-14T20:42:50.336-0500] {dag.py:4180} INFO - Setting next_dagrun for example_time_delta_sensor_async to None, run_after=None
[2024-12-14T20:42:50.343-0500] {processor.py:208} INFO - Processing /opt/anaconda3/envs/python310/lib/python3.10/site-packages/airflow/example_dags/example_time_delta_sensor_async.py took 0.123 seconds
[2024-12-14T20:44:25.113-0500] {processor.py:186} INFO - Started process (PID=8370) to work on /opt/anaconda3/envs/python310/lib/python3.10/site-packages/airflow/example_dags/example_time_delta_sensor_async.py
[2024-12-14T20:44:25.114-0500] {processor.py:914} INFO - Processing file /opt/anaconda3/envs/python310/lib/python3.10/site-packages/airflow/example_dags/example_time_delta_sensor_async.py for tasks to queue
[2024-12-14T20:44:25.114-0500] {logging_mixin.py:190} INFO - [2024-12-14T20:44:25.114-0500] {dagbag.py:588} INFO - Filling up the DagBag from /opt/anaconda3/envs/python310/lib/python3.10/site-packages/airflow/example_dags/example_time_delta_sensor_async.py
[2024-12-14T20:44:25.117-0500] {processor.py:925} INFO - DAG(s) 'example_time_delta_sensor_async' retrieved from /opt/anaconda3/envs/python310/lib/python3.10/site-packages/airflow/example_dags/example_time_delta_sensor_async.py
[2024-12-14T20:44:25.172-0500] {logging_mixin.py:190} INFO - [2024-12-14T20:44:25.171-0500] {workday.py:41} WARNING - Could not import pandas. Holidays will not be considered.
[2024-12-14T20:44:25.179-0500] {logging_mixin.py:190} INFO - [2024-12-14T20:44:25.178-0500] {dag.py:3239} INFO - Sync 1 DAGs
[2024-12-14T20:44:25.183-0500] {logging_mixin.py:190} INFO - [2024-12-14T20:44:25.183-0500] {dag.py:4180} INFO - Setting next_dagrun for example_time_delta_sensor_async to None, run_after=None
[2024-12-14T20:44:25.189-0500] {processor.py:208} INFO - Processing /opt/anaconda3/envs/python310/lib/python3.10/site-packages/airflow/example_dags/example_time_delta_sensor_async.py took 0.077 seconds
[2024-12-14T20:45:27.887-0500] {processor.py:186} INFO - Started process (PID=8482) to work on /opt/anaconda3/envs/python310/lib/python3.10/site-packages/airflow/example_dags/example_time_delta_sensor_async.py
[2024-12-14T20:45:27.888-0500] {processor.py:914} INFO - Processing file /opt/anaconda3/envs/python310/lib/python3.10/site-packages/airflow/example_dags/example_time_delta_sensor_async.py for tasks to queue
[2024-12-14T20:45:27.889-0500] {logging_mixin.py:190} INFO - [2024-12-14T20:45:27.889-0500] {dagbag.py:588} INFO - Filling up the DagBag from /opt/anaconda3/envs/python310/lib/python3.10/site-packages/airflow/example_dags/example_time_delta_sensor_async.py
[2024-12-14T20:45:27.892-0500] {processor.py:925} INFO - DAG(s) 'example_time_delta_sensor_async' retrieved from /opt/anaconda3/envs/python310/lib/python3.10/site-packages/airflow/example_dags/example_time_delta_sensor_async.py
[2024-12-14T20:45:27.949-0500] {logging_mixin.py:190} INFO - [2024-12-14T20:45:27.948-0500] {workday.py:41} WARNING - Could not import pandas. Holidays will not be considered.
[2024-12-14T20:45:27.956-0500] {logging_mixin.py:190} INFO - [2024-12-14T20:45:27.955-0500] {dag.py:3239} INFO - Sync 1 DAGs
[2024-12-14T20:45:27.960-0500] {logging_mixin.py:190} INFO - [2024-12-14T20:45:27.960-0500] {dag.py:4180} INFO - Setting next_dagrun for example_time_delta_sensor_async to None, run_after=None
[2024-12-14T20:45:27.966-0500] {processor.py:208} INFO - Processing /opt/anaconda3/envs/python310/lib/python3.10/site-packages/airflow/example_dags/example_time_delta_sensor_async.py took 0.080 seconds
[2024-12-14T20:46:30.947-0500] {processor.py:186} INFO - Started process (PID=8588) to work on /opt/anaconda3/envs/python310/lib/python3.10/site-packages/airflow/example_dags/example_time_delta_sensor_async.py
[2024-12-14T20:46:30.948-0500] {processor.py:914} INFO - Processing file /opt/anaconda3/envs/python310/lib/python3.10/site-packages/airflow/example_dags/example_time_delta_sensor_async.py for tasks to queue
[2024-12-14T20:46:30.949-0500] {logging_mixin.py:190} INFO - [2024-12-14T20:46:30.949-0500] {dagbag.py:588} INFO - Filling up the DagBag from /opt/anaconda3/envs/python310/lib/python3.10/site-packages/airflow/example_dags/example_time_delta_sensor_async.py
[2024-12-14T20:46:30.952-0500] {processor.py:925} INFO - DAG(s) 'example_time_delta_sensor_async' retrieved from /opt/anaconda3/envs/python310/lib/python3.10/site-packages/airflow/example_dags/example_time_delta_sensor_async.py
[2024-12-14T20:46:31.003-0500] {logging_mixin.py:190} INFO - [2024-12-14T20:46:31.003-0500] {workday.py:41} WARNING - Could not import pandas. Holidays will not be considered.
[2024-12-14T20:46:31.011-0500] {logging_mixin.py:190} INFO - [2024-12-14T20:46:31.010-0500] {dag.py:3239} INFO - Sync 1 DAGs
[2024-12-14T20:46:31.015-0500] {logging_mixin.py:190} INFO - [2024-12-14T20:46:31.015-0500] {dag.py:4180} INFO - Setting next_dagrun for example_time_delta_sensor_async to None, run_after=None
[2024-12-14T20:46:31.020-0500] {processor.py:208} INFO - Processing /opt/anaconda3/envs/python310/lib/python3.10/site-packages/airflow/example_dags/example_time_delta_sensor_async.py took 0.074 seconds
[2024-12-14T20:47:33.698-0500] {processor.py:186} INFO - Started process (PID=8697) to work on /opt/anaconda3/envs/python310/lib/python3.10/site-packages/airflow/example_dags/example_time_delta_sensor_async.py
[2024-12-14T20:47:33.699-0500] {processor.py:914} INFO - Processing file /opt/anaconda3/envs/python310/lib/python3.10/site-packages/airflow/example_dags/example_time_delta_sensor_async.py for tasks to queue
[2024-12-14T20:47:33.699-0500] {logging_mixin.py:190} INFO - [2024-12-14T20:47:33.699-0500] {dagbag.py:588} INFO - Filling up the DagBag from /opt/anaconda3/envs/python310/lib/python3.10/site-packages/airflow/example_dags/example_time_delta_sensor_async.py
[2024-12-14T20:47:33.703-0500] {processor.py:925} INFO - DAG(s) 'example_time_delta_sensor_async' retrieved from /opt/anaconda3/envs/python310/lib/python3.10/site-packages/airflow/example_dags/example_time_delta_sensor_async.py
[2024-12-14T20:47:33.754-0500] {logging_mixin.py:190} INFO - [2024-12-14T20:47:33.754-0500] {workday.py:41} WARNING - Could not import pandas. Holidays will not be considered.
[2024-12-14T20:47:33.761-0500] {logging_mixin.py:190} INFO - [2024-12-14T20:47:33.761-0500] {dag.py:3239} INFO - Sync 1 DAGs
[2024-12-14T20:47:33.765-0500] {logging_mixin.py:190} INFO - [2024-12-14T20:47:33.765-0500] {dag.py:4180} INFO - Setting next_dagrun for example_time_delta_sensor_async to None, run_after=None
[2024-12-14T20:47:33.771-0500] {processor.py:208} INFO - Processing /opt/anaconda3/envs/python310/lib/python3.10/site-packages/airflow/example_dags/example_time_delta_sensor_async.py took 0.074 seconds
[2024-12-14T20:48:38.303-0500] {processor.py:186} INFO - Started process (PID=8809) to work on /opt/anaconda3/envs/python310/lib/python3.10/site-packages/airflow/example_dags/example_time_delta_sensor_async.py
[2024-12-14T20:48:38.304-0500] {processor.py:914} INFO - Processing file /opt/anaconda3/envs/python310/lib/python3.10/site-packages/airflow/example_dags/example_time_delta_sensor_async.py for tasks to queue
[2024-12-14T20:48:38.304-0500] {logging_mixin.py:190} INFO - [2024-12-14T20:48:38.304-0500] {dagbag.py:588} INFO - Filling up the DagBag from /opt/anaconda3/envs/python310/lib/python3.10/site-packages/airflow/example_dags/example_time_delta_sensor_async.py
[2024-12-14T20:48:38.308-0500] {processor.py:925} INFO - DAG(s) 'example_time_delta_sensor_async' retrieved from /opt/anaconda3/envs/python310/lib/python3.10/site-packages/airflow/example_dags/example_time_delta_sensor_async.py
[2024-12-14T20:48:38.358-0500] {logging_mixin.py:190} INFO - [2024-12-14T20:48:38.357-0500] {workday.py:41} WARNING - Could not import pandas. Holidays will not be considered.
[2024-12-14T20:48:38.364-0500] {logging_mixin.py:190} INFO - [2024-12-14T20:48:38.364-0500] {dag.py:3239} INFO - Sync 1 DAGs
[2024-12-14T20:48:38.368-0500] {logging_mixin.py:190} INFO - [2024-12-14T20:48:38.368-0500] {dag.py:4180} INFO - Setting next_dagrun for example_time_delta_sensor_async to None, run_after=None
[2024-12-14T20:48:38.374-0500] {processor.py:208} INFO - Processing /opt/anaconda3/envs/python310/lib/python3.10/site-packages/airflow/example_dags/example_time_delta_sensor_async.py took 0.072 seconds
[2024-12-14T20:49:44.540-0500] {processor.py:186} INFO - Started process (PID=8916) to work on /opt/anaconda3/envs/python310/lib/python3.10/site-packages/airflow/example_dags/example_time_delta_sensor_async.py
[2024-12-14T20:49:44.541-0500] {processor.py:914} INFO - Processing file /opt/anaconda3/envs/python310/lib/python3.10/site-packages/airflow/example_dags/example_time_delta_sensor_async.py for tasks to queue
[2024-12-14T20:49:44.541-0500] {logging_mixin.py:190} INFO - [2024-12-14T20:49:44.541-0500] {dagbag.py:588} INFO - Filling up the DagBag from /opt/anaconda3/envs/python310/lib/python3.10/site-packages/airflow/example_dags/example_time_delta_sensor_async.py
[2024-12-14T20:49:44.544-0500] {processor.py:925} INFO - DAG(s) 'example_time_delta_sensor_async' retrieved from /opt/anaconda3/envs/python310/lib/python3.10/site-packages/airflow/example_dags/example_time_delta_sensor_async.py
[2024-12-14T20:49:44.595-0500] {logging_mixin.py:190} INFO - [2024-12-14T20:49:44.594-0500] {workday.py:41} WARNING - Could not import pandas. Holidays will not be considered.
[2024-12-14T20:49:44.601-0500] {logging_mixin.py:190} INFO - [2024-12-14T20:49:44.601-0500] {dag.py:3239} INFO - Sync 1 DAGs
[2024-12-14T20:49:44.605-0500] {logging_mixin.py:190} INFO - [2024-12-14T20:49:44.605-0500] {dag.py:4180} INFO - Setting next_dagrun for example_time_delta_sensor_async to None, run_after=None
[2024-12-14T20:49:44.612-0500] {processor.py:208} INFO - Processing /opt/anaconda3/envs/python310/lib/python3.10/site-packages/airflow/example_dags/example_time_delta_sensor_async.py took 0.072 seconds
[2024-12-14T20:50:48.999-0500] {processor.py:186} INFO - Started process (PID=9029) to work on /opt/anaconda3/envs/python310/lib/python3.10/site-packages/airflow/example_dags/example_time_delta_sensor_async.py
[2024-12-14T20:50:49.000-0500] {processor.py:914} INFO - Processing file /opt/anaconda3/envs/python310/lib/python3.10/site-packages/airflow/example_dags/example_time_delta_sensor_async.py for tasks to queue
[2024-12-14T20:50:49.000-0500] {logging_mixin.py:190} INFO - [2024-12-14T20:50:49.000-0500] {dagbag.py:588} INFO - Filling up the DagBag from /opt/anaconda3/envs/python310/lib/python3.10/site-packages/airflow/example_dags/example_time_delta_sensor_async.py
[2024-12-14T20:50:49.003-0500] {processor.py:925} INFO - DAG(s) 'example_time_delta_sensor_async' retrieved from /opt/anaconda3/envs/python310/lib/python3.10/site-packages/airflow/example_dags/example_time_delta_sensor_async.py
[2024-12-14T20:50:49.055-0500] {logging_mixin.py:190} INFO - [2024-12-14T20:50:49.055-0500] {workday.py:41} WARNING - Could not import pandas. Holidays will not be considered.
[2024-12-14T20:50:49.062-0500] {logging_mixin.py:190} INFO - [2024-12-14T20:50:49.062-0500] {dag.py:3239} INFO - Sync 1 DAGs
[2024-12-14T20:50:49.066-0500] {logging_mixin.py:190} INFO - [2024-12-14T20:50:49.066-0500] {dag.py:4180} INFO - Setting next_dagrun for example_time_delta_sensor_async to None, run_after=None
[2024-12-14T20:50:49.072-0500] {processor.py:208} INFO - Processing /opt/anaconda3/envs/python310/lib/python3.10/site-packages/airflow/example_dags/example_time_delta_sensor_async.py took 0.074 seconds
[2024-12-14T20:51:53.778-0500] {processor.py:186} INFO - Started process (PID=9137) to work on /opt/anaconda3/envs/python310/lib/python3.10/site-packages/airflow/example_dags/example_time_delta_sensor_async.py
[2024-12-14T20:51:53.779-0500] {processor.py:914} INFO - Processing file /opt/anaconda3/envs/python310/lib/python3.10/site-packages/airflow/example_dags/example_time_delta_sensor_async.py for tasks to queue
[2024-12-14T20:51:53.779-0500] {logging_mixin.py:190} INFO - [2024-12-14T20:51:53.779-0500] {dagbag.py:588} INFO - Filling up the DagBag from /opt/anaconda3/envs/python310/lib/python3.10/site-packages/airflow/example_dags/example_time_delta_sensor_async.py
[2024-12-14T20:51:53.781-0500] {processor.py:925} INFO - DAG(s) 'example_time_delta_sensor_async' retrieved from /opt/anaconda3/envs/python310/lib/python3.10/site-packages/airflow/example_dags/example_time_delta_sensor_async.py
[2024-12-14T20:51:53.832-0500] {logging_mixin.py:190} INFO - [2024-12-14T20:51:53.832-0500] {workday.py:41} WARNING - Could not import pandas. Holidays will not be considered.
[2024-12-14T20:51:53.839-0500] {logging_mixin.py:190} INFO - [2024-12-14T20:51:53.839-0500] {dag.py:3239} INFO - Sync 1 DAGs
[2024-12-14T20:51:53.843-0500] {logging_mixin.py:190} INFO - [2024-12-14T20:51:53.843-0500] {dag.py:4180} INFO - Setting next_dagrun for example_time_delta_sensor_async to None, run_after=None
[2024-12-14T20:51:53.849-0500] {processor.py:208} INFO - Processing /opt/anaconda3/envs/python310/lib/python3.10/site-packages/airflow/example_dags/example_time_delta_sensor_async.py took 0.072 seconds
[2024-12-14T20:53:01.347-0500] {processor.py:186} INFO - Started process (PID=9264) to work on /opt/anaconda3/envs/python310/lib/python3.10/site-packages/airflow/example_dags/example_time_delta_sensor_async.py
[2024-12-14T20:53:01.348-0500] {processor.py:914} INFO - Processing file /opt/anaconda3/envs/python310/lib/python3.10/site-packages/airflow/example_dags/example_time_delta_sensor_async.py for tasks to queue
[2024-12-14T20:53:01.349-0500] {logging_mixin.py:190} INFO - [2024-12-14T20:53:01.349-0500] {dagbag.py:588} INFO - Filling up the DagBag from /opt/anaconda3/envs/python310/lib/python3.10/site-packages/airflow/example_dags/example_time_delta_sensor_async.py
[2024-12-14T20:53:01.352-0500] {processor.py:925} INFO - DAG(s) 'example_time_delta_sensor_async' retrieved from /opt/anaconda3/envs/python310/lib/python3.10/site-packages/airflow/example_dags/example_time_delta_sensor_async.py
[2024-12-14T20:53:01.402-0500] {logging_mixin.py:190} INFO - [2024-12-14T20:53:01.402-0500] {workday.py:41} WARNING - Could not import pandas. Holidays will not be considered.
[2024-12-14T20:53:01.409-0500] {logging_mixin.py:190} INFO - [2024-12-14T20:53:01.409-0500] {dag.py:3239} INFO - Sync 1 DAGs
[2024-12-14T20:53:01.413-0500] {logging_mixin.py:190} INFO - [2024-12-14T20:53:01.413-0500] {dag.py:4180} INFO - Setting next_dagrun for example_time_delta_sensor_async to None, run_after=None
[2024-12-14T20:53:01.419-0500] {processor.py:208} INFO - Processing /opt/anaconda3/envs/python310/lib/python3.10/site-packages/airflow/example_dags/example_time_delta_sensor_async.py took 0.073 seconds
[2024-12-14T20:54:04.846-0500] {processor.py:186} INFO - Started process (PID=9392) to work on /opt/anaconda3/envs/python310/lib/python3.10/site-packages/airflow/example_dags/example_time_delta_sensor_async.py
[2024-12-14T20:54:04.847-0500] {processor.py:914} INFO - Processing file /opt/anaconda3/envs/python310/lib/python3.10/site-packages/airflow/example_dags/example_time_delta_sensor_async.py for tasks to queue
[2024-12-14T20:54:04.847-0500] {logging_mixin.py:190} INFO - [2024-12-14T20:54:04.847-0500] {dagbag.py:588} INFO - Filling up the DagBag from /opt/anaconda3/envs/python310/lib/python3.10/site-packages/airflow/example_dags/example_time_delta_sensor_async.py
[2024-12-14T20:54:04.850-0500] {processor.py:925} INFO - DAG(s) 'example_time_delta_sensor_async' retrieved from /opt/anaconda3/envs/python310/lib/python3.10/site-packages/airflow/example_dags/example_time_delta_sensor_async.py
[2024-12-14T20:54:04.901-0500] {logging_mixin.py:190} INFO - [2024-12-14T20:54:04.901-0500] {workday.py:41} WARNING - Could not import pandas. Holidays will not be considered.
[2024-12-14T20:54:04.908-0500] {logging_mixin.py:190} INFO - [2024-12-14T20:54:04.908-0500] {dag.py:3239} INFO - Sync 1 DAGs
[2024-12-14T20:54:04.912-0500] {logging_mixin.py:190} INFO - [2024-12-14T20:54:04.912-0500] {dag.py:4180} INFO - Setting next_dagrun for example_time_delta_sensor_async to None, run_after=None
[2024-12-14T20:54:04.918-0500] {processor.py:208} INFO - Processing /opt/anaconda3/envs/python310/lib/python3.10/site-packages/airflow/example_dags/example_time_delta_sensor_async.py took 0.073 seconds
[2024-12-14T20:55:10.841-0500] {processor.py:186} INFO - Started process (PID=9501) to work on /opt/anaconda3/envs/python310/lib/python3.10/site-packages/airflow/example_dags/example_time_delta_sensor_async.py
[2024-12-14T20:55:10.841-0500] {processor.py:914} INFO - Processing file /opt/anaconda3/envs/python310/lib/python3.10/site-packages/airflow/example_dags/example_time_delta_sensor_async.py for tasks to queue
[2024-12-14T20:55:10.842-0500] {logging_mixin.py:190} INFO - [2024-12-14T20:55:10.842-0500] {dagbag.py:588} INFO - Filling up the DagBag from /opt/anaconda3/envs/python310/lib/python3.10/site-packages/airflow/example_dags/example_time_delta_sensor_async.py
[2024-12-14T20:55:10.845-0500] {processor.py:925} INFO - DAG(s) 'example_time_delta_sensor_async' retrieved from /opt/anaconda3/envs/python310/lib/python3.10/site-packages/airflow/example_dags/example_time_delta_sensor_async.py
[2024-12-14T20:55:10.920-0500] {logging_mixin.py:190} INFO - [2024-12-14T20:55:10.920-0500] {workday.py:41} WARNING - Could not import pandas. Holidays will not be considered.
[2024-12-14T20:55:10.929-0500] {logging_mixin.py:190} INFO - [2024-12-14T20:55:10.929-0500] {dag.py:3239} INFO - Sync 1 DAGs
[2024-12-14T20:55:10.933-0500] {logging_mixin.py:190} INFO - [2024-12-14T20:55:10.933-0500] {dag.py:4180} INFO - Setting next_dagrun for example_time_delta_sensor_async to None, run_after=None
[2024-12-14T20:55:10.940-0500] {processor.py:208} INFO - Processing /opt/anaconda3/envs/python310/lib/python3.10/site-packages/airflow/example_dags/example_time_delta_sensor_async.py took 0.100 seconds
