[2024-12-14T20:43:28.758-0500] {processor.py:186} INFO - Started process (PID=8271) to work on /opt/anaconda3/envs/python310/lib/python3.10/site-packages/airflow/example_dags/example_external_task_marker_dag.py
[2024-12-14T20:43:28.758-0500] {processor.py:914} INFO - Processing file /opt/anaconda3/envs/python310/lib/python3.10/site-packages/airflow/example_dags/example_external_task_marker_dag.py for tasks to queue
[2024-12-14T20:43:28.759-0500] {logging_mixin.py:190} INFO - [2024-12-14T20:43:28.759-0500] {dagbag.py:588} INFO - Filling up the DagBag from /opt/anaconda3/envs/python310/lib/python3.10/site-packages/airflow/example_dags/example_external_task_marker_dag.py
[2024-12-14T20:43:28.764-0500] {processor.py:925} INFO - DAG(s) 'example_external_task_marker_parent', 'example_external_task_marker_child' retrieved from /opt/anaconda3/envs/python310/lib/python3.10/site-packages/airflow/example_dags/example_external_task_marker_dag.py
[2024-12-14T20:43:28.853-0500] {logging_mixin.py:190} INFO - [2024-12-14T20:43:28.853-0500] {override.py:1911} INFO - Created Permission View: can delete on DAG:example_external_task_marker_parent
[2024-12-14T20:43:28.856-0500] {logging_mixin.py:190} INFO - [2024-12-14T20:43:28.856-0500] {override.py:1911} INFO - Created Permission View: can edit on DAG:example_external_task_marker_parent
[2024-12-14T20:43:28.858-0500] {logging_mixin.py:190} INFO - [2024-12-14T20:43:28.858-0500] {override.py:1911} INFO - Created Permission View: can read on DAG:example_external_task_marker_parent
[2024-12-14T20:43:28.860-0500] {logging_mixin.py:190} INFO - [2024-12-14T20:43:28.860-0500] {override.py:1911} INFO - Created Permission View: can delete on DAG Run:example_external_task_marker_parent
[2024-12-14T20:43:28.862-0500] {logging_mixin.py:190} INFO - [2024-12-14T20:43:28.862-0500] {override.py:1911} INFO - Created Permission View: menu access on DAG Run:example_external_task_marker_parent
[2024-12-14T20:43:28.863-0500] {logging_mixin.py:190} INFO - [2024-12-14T20:43:28.863-0500] {override.py:1911} INFO - Created Permission View: can create on DAG Run:example_external_task_marker_parent
[2024-12-14T20:43:28.865-0500] {logging_mixin.py:190} INFO - [2024-12-14T20:43:28.865-0500] {override.py:1911} INFO - Created Permission View: can read on DAG Run:example_external_task_marker_parent
[2024-12-14T20:43:28.868-0500] {logging_mixin.py:190} INFO - [2024-12-14T20:43:28.868-0500] {workday.py:41} WARNING - Could not import pandas. Holidays will not be considered.
[2024-12-14T20:43:28.875-0500] {logging_mixin.py:190} INFO - [2024-12-14T20:43:28.875-0500] {override.py:1911} INFO - Created Permission View: can delete on DAG:example_external_task_marker_child
[2024-12-14T20:43:28.878-0500] {logging_mixin.py:190} INFO - [2024-12-14T20:43:28.878-0500] {override.py:1911} INFO - Created Permission View: can edit on DAG:example_external_task_marker_child
[2024-12-14T20:43:28.880-0500] {logging_mixin.py:190} INFO - [2024-12-14T20:43:28.880-0500] {override.py:1911} INFO - Created Permission View: can read on DAG:example_external_task_marker_child
[2024-12-14T20:43:28.882-0500] {logging_mixin.py:190} INFO - [2024-12-14T20:43:28.882-0500] {override.py:1911} INFO - Created Permission View: can delete on DAG Run:example_external_task_marker_child
[2024-12-14T20:43:28.884-0500] {logging_mixin.py:190} INFO - [2024-12-14T20:43:28.884-0500] {override.py:1911} INFO - Created Permission View: menu access on DAG Run:example_external_task_marker_child
[2024-12-14T20:43:28.886-0500] {logging_mixin.py:190} INFO - [2024-12-14T20:43:28.885-0500] {override.py:1911} INFO - Created Permission View: can create on DAG Run:example_external_task_marker_child
[2024-12-14T20:43:28.887-0500] {logging_mixin.py:190} INFO - [2024-12-14T20:43:28.887-0500] {override.py:1911} INFO - Created Permission View: can read on DAG Run:example_external_task_marker_child
[2024-12-14T20:43:28.887-0500] {logging_mixin.py:190} INFO - [2024-12-14T20:43:28.887-0500] {dag.py:3239} INFO - Sync 2 DAGs
[2024-12-14T20:43:28.892-0500] {logging_mixin.py:190} INFO - [2024-12-14T20:43:28.891-0500] {dag.py:3262} INFO - Creating ORM DAG for example_external_task_marker_parent
[2024-12-14T20:43:28.892-0500] {logging_mixin.py:190} INFO - [2024-12-14T20:43:28.892-0500] {dag.py:3262} INFO - Creating ORM DAG for example_external_task_marker_child
[2024-12-14T20:43:28.892-0500] {logging_mixin.py:190} INFO - [2024-12-14T20:43:28.892-0500] {dag.py:4180} INFO - Setting next_dagrun for example_external_task_marker_child to None, run_after=None
[2024-12-14T20:43:28.892-0500] {logging_mixin.py:190} INFO - [2024-12-14T20:43:28.892-0500] {dag.py:4180} INFO - Setting next_dagrun for example_external_task_marker_parent to None, run_after=None
[2024-12-14T20:43:28.900-0500] {processor.py:208} INFO - Processing /opt/anaconda3/envs/python310/lib/python3.10/site-packages/airflow/example_dags/example_external_task_marker_dag.py took 0.143 seconds
[2024-12-14T20:45:36.578-0500] {processor.py:186} INFO - Started process (PID=8498) to work on /opt/anaconda3/envs/python310/lib/python3.10/site-packages/airflow/example_dags/example_external_task_marker_dag.py
[2024-12-14T20:45:36.579-0500] {processor.py:914} INFO - Processing file /opt/anaconda3/envs/python310/lib/python3.10/site-packages/airflow/example_dags/example_external_task_marker_dag.py for tasks to queue
[2024-12-14T20:45:36.579-0500] {logging_mixin.py:190} INFO - [2024-12-14T20:45:36.579-0500] {dagbag.py:588} INFO - Filling up the DagBag from /opt/anaconda3/envs/python310/lib/python3.10/site-packages/airflow/example_dags/example_external_task_marker_dag.py
[2024-12-14T20:45:36.583-0500] {processor.py:925} INFO - DAG(s) 'example_external_task_marker_child', 'example_external_task_marker_parent' retrieved from /opt/anaconda3/envs/python310/lib/python3.10/site-packages/airflow/example_dags/example_external_task_marker_dag.py
[2024-12-14T20:45:36.633-0500] {logging_mixin.py:190} INFO - [2024-12-14T20:45:36.633-0500] {workday.py:41} WARNING - Could not import pandas. Holidays will not be considered.
[2024-12-14T20:45:36.640-0500] {logging_mixin.py:190} INFO - [2024-12-14T20:45:36.640-0500] {dag.py:3239} INFO - Sync 2 DAGs
[2024-12-14T20:45:36.644-0500] {logging_mixin.py:190} INFO - [2024-12-14T20:45:36.644-0500] {dag.py:4180} INFO - Setting next_dagrun for example_external_task_marker_child to None, run_after=None
[2024-12-14T20:45:36.645-0500] {logging_mixin.py:190} INFO - [2024-12-14T20:45:36.645-0500] {dag.py:4180} INFO - Setting next_dagrun for example_external_task_marker_parent to None, run_after=None
[2024-12-14T20:45:36.650-0500] {processor.py:208} INFO - Processing /opt/anaconda3/envs/python310/lib/python3.10/site-packages/airflow/example_dags/example_external_task_marker_dag.py took 0.074 seconds
[2024-12-14T20:47:44.332-0500] {processor.py:186} INFO - Started process (PID=8716) to work on /opt/anaconda3/envs/python310/lib/python3.10/site-packages/airflow/example_dags/example_external_task_marker_dag.py
[2024-12-14T20:47:44.332-0500] {processor.py:914} INFO - Processing file /opt/anaconda3/envs/python310/lib/python3.10/site-packages/airflow/example_dags/example_external_task_marker_dag.py for tasks to queue
[2024-12-14T20:47:44.333-0500] {logging_mixin.py:190} INFO - [2024-12-14T20:47:44.333-0500] {dagbag.py:588} INFO - Filling up the DagBag from /opt/anaconda3/envs/python310/lib/python3.10/site-packages/airflow/example_dags/example_external_task_marker_dag.py
[2024-12-14T20:47:44.337-0500] {processor.py:925} INFO - DAG(s) 'example_external_task_marker_parent', 'example_external_task_marker_child' retrieved from /opt/anaconda3/envs/python310/lib/python3.10/site-packages/airflow/example_dags/example_external_task_marker_dag.py
[2024-12-14T20:47:44.390-0500] {logging_mixin.py:190} INFO - [2024-12-14T20:47:44.390-0500] {workday.py:41} WARNING - Could not import pandas. Holidays will not be considered.
[2024-12-14T20:47:44.400-0500] {logging_mixin.py:190} INFO - [2024-12-14T20:47:44.399-0500] {dag.py:3239} INFO - Sync 2 DAGs
[2024-12-14T20:47:44.409-0500] {logging_mixin.py:190} INFO - [2024-12-14T20:47:44.408-0500] {dag.py:4180} INFO - Setting next_dagrun for example_external_task_marker_child to None, run_after=None
[2024-12-14T20:47:44.412-0500] {logging_mixin.py:190} INFO - [2024-12-14T20:47:44.412-0500] {dag.py:4180} INFO - Setting next_dagrun for example_external_task_marker_parent to None, run_after=None
[2024-12-14T20:47:44.418-0500] {processor.py:208} INFO - Processing /opt/anaconda3/envs/python310/lib/python3.10/site-packages/airflow/example_dags/example_external_task_marker_dag.py took 0.087 seconds
[2024-12-14T20:49:55.034-0500] {processor.py:186} INFO - Started process (PID=8934) to work on /opt/anaconda3/envs/python310/lib/python3.10/site-packages/airflow/example_dags/example_external_task_marker_dag.py
[2024-12-14T20:49:55.035-0500] {processor.py:914} INFO - Processing file /opt/anaconda3/envs/python310/lib/python3.10/site-packages/airflow/example_dags/example_external_task_marker_dag.py for tasks to queue
[2024-12-14T20:49:55.036-0500] {logging_mixin.py:190} INFO - [2024-12-14T20:49:55.036-0500] {dagbag.py:588} INFO - Filling up the DagBag from /opt/anaconda3/envs/python310/lib/python3.10/site-packages/airflow/example_dags/example_external_task_marker_dag.py
[2024-12-14T20:49:55.040-0500] {processor.py:925} INFO - DAG(s) 'example_external_task_marker_parent', 'example_external_task_marker_child' retrieved from /opt/anaconda3/envs/python310/lib/python3.10/site-packages/airflow/example_dags/example_external_task_marker_dag.py
[2024-12-14T20:49:55.094-0500] {logging_mixin.py:190} INFO - [2024-12-14T20:49:55.094-0500] {workday.py:41} WARNING - Could not import pandas. Holidays will not be considered.
[2024-12-14T20:49:55.099-0500] {logging_mixin.py:190} INFO - [2024-12-14T20:49:55.099-0500] {dag.py:3239} INFO - Sync 2 DAGs
[2024-12-14T20:49:55.103-0500] {logging_mixin.py:190} INFO - [2024-12-14T20:49:55.103-0500] {dag.py:4180} INFO - Setting next_dagrun for example_external_task_marker_child to None, run_after=None
[2024-12-14T20:49:55.104-0500] {logging_mixin.py:190} INFO - [2024-12-14T20:49:55.104-0500] {dag.py:4180} INFO - Setting next_dagrun for example_external_task_marker_parent to None, run_after=None
[2024-12-14T20:49:55.109-0500] {processor.py:208} INFO - Processing /opt/anaconda3/envs/python310/lib/python3.10/site-packages/airflow/example_dags/example_external_task_marker_dag.py took 0.076 seconds
[2024-12-14T20:52:06.350-0500] {processor.py:186} INFO - Started process (PID=9164) to work on /opt/anaconda3/envs/python310/lib/python3.10/site-packages/airflow/example_dags/example_external_task_marker_dag.py
[2024-12-14T20:52:06.351-0500] {processor.py:914} INFO - Processing file /opt/anaconda3/envs/python310/lib/python3.10/site-packages/airflow/example_dags/example_external_task_marker_dag.py for tasks to queue
[2024-12-14T20:52:06.351-0500] {logging_mixin.py:190} INFO - [2024-12-14T20:52:06.351-0500] {dagbag.py:588} INFO - Filling up the DagBag from /opt/anaconda3/envs/python310/lib/python3.10/site-packages/airflow/example_dags/example_external_task_marker_dag.py
[2024-12-14T20:52:06.356-0500] {processor.py:925} INFO - DAG(s) 'example_external_task_marker_parent', 'example_external_task_marker_child' retrieved from /opt/anaconda3/envs/python310/lib/python3.10/site-packages/airflow/example_dags/example_external_task_marker_dag.py
[2024-12-14T20:52:06.415-0500] {logging_mixin.py:190} INFO - [2024-12-14T20:52:06.415-0500] {workday.py:41} WARNING - Could not import pandas. Holidays will not be considered.
[2024-12-14T20:52:06.420-0500] {logging_mixin.py:190} INFO - [2024-12-14T20:52:06.420-0500] {dag.py:3239} INFO - Sync 2 DAGs
[2024-12-14T20:52:06.424-0500] {logging_mixin.py:190} INFO - [2024-12-14T20:52:06.424-0500] {dag.py:4180} INFO - Setting next_dagrun for example_external_task_marker_child to None, run_after=None
[2024-12-14T20:52:06.425-0500] {logging_mixin.py:190} INFO - [2024-12-14T20:52:06.425-0500] {dag.py:4180} INFO - Setting next_dagrun for example_external_task_marker_parent to None, run_after=None
[2024-12-14T20:52:06.430-0500] {processor.py:208} INFO - Processing /opt/anaconda3/envs/python310/lib/python3.10/site-packages/airflow/example_dags/example_external_task_marker_dag.py took 0.082 seconds
[2024-12-14T20:54:16.435-0500] {processor.py:186} INFO - Started process (PID=9407) to work on /opt/anaconda3/envs/python310/lib/python3.10/site-packages/airflow/example_dags/example_external_task_marker_dag.py
[2024-12-14T20:54:16.436-0500] {processor.py:914} INFO - Processing file /opt/anaconda3/envs/python310/lib/python3.10/site-packages/airflow/example_dags/example_external_task_marker_dag.py for tasks to queue
[2024-12-14T20:54:16.436-0500] {logging_mixin.py:190} INFO - [2024-12-14T20:54:16.436-0500] {dagbag.py:588} INFO - Filling up the DagBag from /opt/anaconda3/envs/python310/lib/python3.10/site-packages/airflow/example_dags/example_external_task_marker_dag.py
[2024-12-14T20:54:16.442-0500] {processor.py:925} INFO - DAG(s) 'example_external_task_marker_child', 'example_external_task_marker_parent' retrieved from /opt/anaconda3/envs/python310/lib/python3.10/site-packages/airflow/example_dags/example_external_task_marker_dag.py
[2024-12-14T20:54:16.495-0500] {logging_mixin.py:190} INFO - [2024-12-14T20:54:16.495-0500] {workday.py:41} WARNING - Could not import pandas. Holidays will not be considered.
[2024-12-14T20:54:16.502-0500] {logging_mixin.py:190} INFO - [2024-12-14T20:54:16.501-0500] {dag.py:3239} INFO - Sync 2 DAGs
[2024-12-14T20:54:16.506-0500] {logging_mixin.py:190} INFO - [2024-12-14T20:54:16.505-0500] {dag.py:4180} INFO - Setting next_dagrun for example_external_task_marker_child to None, run_after=None
[2024-12-14T20:54:16.507-0500] {logging_mixin.py:190} INFO - [2024-12-14T20:54:16.506-0500] {dag.py:4180} INFO - Setting next_dagrun for example_external_task_marker_parent to None, run_after=None
[2024-12-14T20:54:16.512-0500] {processor.py:208} INFO - Processing /opt/anaconda3/envs/python310/lib/python3.10/site-packages/airflow/example_dags/example_external_task_marker_dag.py took 0.079 seconds
