[2024-12-14T20:43:36.017-0500] {processor.py:186} INFO - Started process (PID=8285) to work on /opt/anaconda3/envs/python310/lib/python3.10/site-packages/airflow/example_dags/example_datasets.py
[2024-12-14T20:43:36.017-0500] {processor.py:914} INFO - Processing file /opt/anaconda3/envs/python310/lib/python3.10/site-packages/airflow/example_dags/example_datasets.py for tasks to queue
[2024-12-14T20:43:36.018-0500] {logging_mixin.py:190} INFO - [2024-12-14T20:43:36.018-0500] {dagbag.py:588} INFO - Filling up the DagBag from /opt/anaconda3/envs/python310/lib/python3.10/site-packages/airflow/example_dags/example_datasets.py
[2024-12-14T20:43:36.035-0500] {processor.py:925} INFO - DAG(s) 'conditional_dataset_and_time_based_timetable', 'dataset_consumes_1_and_2', 'dataset_consumes_1_never_scheduled', 'consume_1_or_both_2_and_3_with_dataset_expressions', 'consume_1_and_2_with_dataset_expressions', 'dataset_produces_1', 'dataset_consumes_unknown_never_scheduled', 'dataset_consumes_1', 'consume_1_or_2_with_dataset_expressions', 'dataset_produces_2' retrieved from /opt/anaconda3/envs/python310/lib/python3.10/site-packages/airflow/example_dags/example_datasets.py
[2024-12-14T20:43:36.120-0500] {logging_mixin.py:190} INFO - [2024-12-14T20:43:36.119-0500] {override.py:1911} INFO - Created Permission View: can edit on DAG:conditional_dataset_and_time_based_timetable
[2024-12-14T20:43:36.122-0500] {logging_mixin.py:190} INFO - [2024-12-14T20:43:36.122-0500] {override.py:1911} INFO - Created Permission View: can delete on DAG:conditional_dataset_and_time_based_timetable
[2024-12-14T20:43:36.124-0500] {logging_mixin.py:190} INFO - [2024-12-14T20:43:36.124-0500] {override.py:1911} INFO - Created Permission View: can read on DAG:conditional_dataset_and_time_based_timetable
[2024-12-14T20:43:36.127-0500] {logging_mixin.py:190} INFO - [2024-12-14T20:43:36.126-0500] {override.py:1911} INFO - Created Permission View: menu access on DAG Run:conditional_dataset_and_time_based_timetable
[2024-12-14T20:43:36.128-0500] {logging_mixin.py:190} INFO - [2024-12-14T20:43:36.128-0500] {override.py:1911} INFO - Created Permission View: can delete on DAG Run:conditional_dataset_and_time_based_timetable
[2024-12-14T20:43:36.130-0500] {logging_mixin.py:190} INFO - [2024-12-14T20:43:36.130-0500] {override.py:1911} INFO - Created Permission View: can create on DAG Run:conditional_dataset_and_time_based_timetable
[2024-12-14T20:43:36.132-0500] {logging_mixin.py:190} INFO - [2024-12-14T20:43:36.132-0500] {override.py:1911} INFO - Created Permission View: can read on DAG Run:conditional_dataset_and_time_based_timetable
[2024-12-14T20:43:36.135-0500] {logging_mixin.py:190} INFO - [2024-12-14T20:43:36.135-0500] {override.py:1911} INFO - Created Permission View: can edit on DAG:dataset_consumes_1_and_2
[2024-12-14T20:43:36.137-0500] {logging_mixin.py:190} INFO - [2024-12-14T20:43:36.137-0500] {override.py:1911} INFO - Created Permission View: can delete on DAG:dataset_consumes_1_and_2
[2024-12-14T20:43:36.139-0500] {logging_mixin.py:190} INFO - [2024-12-14T20:43:36.138-0500] {override.py:1911} INFO - Created Permission View: can read on DAG:dataset_consumes_1_and_2
[2024-12-14T20:43:36.141-0500] {logging_mixin.py:190} INFO - [2024-12-14T20:43:36.141-0500] {override.py:1911} INFO - Created Permission View: menu access on DAG Run:dataset_consumes_1_and_2
[2024-12-14T20:43:36.142-0500] {logging_mixin.py:190} INFO - [2024-12-14T20:43:36.142-0500] {override.py:1911} INFO - Created Permission View: can delete on DAG Run:dataset_consumes_1_and_2
[2024-12-14T20:43:36.144-0500] {logging_mixin.py:190} INFO - [2024-12-14T20:43:36.144-0500] {override.py:1911} INFO - Created Permission View: can create on DAG Run:dataset_consumes_1_and_2
[2024-12-14T20:43:36.146-0500] {logging_mixin.py:190} INFO - [2024-12-14T20:43:36.145-0500] {override.py:1911} INFO - Created Permission View: can read on DAG Run:dataset_consumes_1_and_2
[2024-12-14T20:43:36.149-0500] {logging_mixin.py:190} INFO - [2024-12-14T20:43:36.149-0500] {override.py:1911} INFO - Created Permission View: can edit on DAG:dataset_consumes_1_never_scheduled
[2024-12-14T20:43:36.151-0500] {logging_mixin.py:190} INFO - [2024-12-14T20:43:36.151-0500] {override.py:1911} INFO - Created Permission View: can delete on DAG:dataset_consumes_1_never_scheduled
[2024-12-14T20:43:36.152-0500] {logging_mixin.py:190} INFO - [2024-12-14T20:43:36.152-0500] {override.py:1911} INFO - Created Permission View: can read on DAG:dataset_consumes_1_never_scheduled
[2024-12-14T20:43:36.154-0500] {logging_mixin.py:190} INFO - [2024-12-14T20:43:36.154-0500] {override.py:1911} INFO - Created Permission View: menu access on DAG Run:dataset_consumes_1_never_scheduled
[2024-12-14T20:43:36.156-0500] {logging_mixin.py:190} INFO - [2024-12-14T20:43:36.156-0500] {override.py:1911} INFO - Created Permission View: can delete on DAG Run:dataset_consumes_1_never_scheduled
[2024-12-14T20:43:36.158-0500] {logging_mixin.py:190} INFO - [2024-12-14T20:43:36.158-0500] {override.py:1911} INFO - Created Permission View: can create on DAG Run:dataset_consumes_1_never_scheduled
[2024-12-14T20:43:36.160-0500] {logging_mixin.py:190} INFO - [2024-12-14T20:43:36.159-0500] {override.py:1911} INFO - Created Permission View: can read on DAG Run:dataset_consumes_1_never_scheduled
[2024-12-14T20:43:36.163-0500] {logging_mixin.py:190} INFO - [2024-12-14T20:43:36.163-0500] {override.py:1911} INFO - Created Permission View: can edit on DAG:consume_1_or_both_2_and_3_with_dataset_expressions
[2024-12-14T20:43:36.165-0500] {logging_mixin.py:190} INFO - [2024-12-14T20:43:36.164-0500] {override.py:1911} INFO - Created Permission View: can delete on DAG:consume_1_or_both_2_and_3_with_dataset_expressions
[2024-12-14T20:43:36.166-0500] {logging_mixin.py:190} INFO - [2024-12-14T20:43:36.166-0500] {override.py:1911} INFO - Created Permission View: can read on DAG:consume_1_or_both_2_and_3_with_dataset_expressions
[2024-12-14T20:43:36.168-0500] {logging_mixin.py:190} INFO - [2024-12-14T20:43:36.168-0500] {override.py:1911} INFO - Created Permission View: menu access on DAG Run:consume_1_or_both_2_and_3_with_dataset_expressions
[2024-12-14T20:43:36.170-0500] {logging_mixin.py:190} INFO - [2024-12-14T20:43:36.170-0500] {override.py:1911} INFO - Created Permission View: can delete on DAG Run:consume_1_or_both_2_and_3_with_dataset_expressions
[2024-12-14T20:43:36.171-0500] {logging_mixin.py:190} INFO - [2024-12-14T20:43:36.171-0500] {override.py:1911} INFO - Created Permission View: can create on DAG Run:consume_1_or_both_2_and_3_with_dataset_expressions
[2024-12-14T20:43:36.173-0500] {logging_mixin.py:190} INFO - [2024-12-14T20:43:36.173-0500] {override.py:1911} INFO - Created Permission View: can read on DAG Run:consume_1_or_both_2_and_3_with_dataset_expressions
[2024-12-14T20:43:36.176-0500] {logging_mixin.py:190} INFO - [2024-12-14T20:43:36.176-0500] {override.py:1911} INFO - Created Permission View: can edit on DAG:consume_1_and_2_with_dataset_expressions
[2024-12-14T20:43:36.178-0500] {logging_mixin.py:190} INFO - [2024-12-14T20:43:36.178-0500] {override.py:1911} INFO - Created Permission View: can delete on DAG:consume_1_and_2_with_dataset_expressions
[2024-12-14T20:43:36.180-0500] {logging_mixin.py:190} INFO - [2024-12-14T20:43:36.180-0500] {override.py:1911} INFO - Created Permission View: can read on DAG:consume_1_and_2_with_dataset_expressions
[2024-12-14T20:43:36.182-0500] {logging_mixin.py:190} INFO - [2024-12-14T20:43:36.182-0500] {override.py:1911} INFO - Created Permission View: menu access on DAG Run:consume_1_and_2_with_dataset_expressions
[2024-12-14T20:43:36.183-0500] {logging_mixin.py:190} INFO - [2024-12-14T20:43:36.183-0500] {override.py:1911} INFO - Created Permission View: can delete on DAG Run:consume_1_and_2_with_dataset_expressions
[2024-12-14T20:43:36.185-0500] {logging_mixin.py:190} INFO - [2024-12-14T20:43:36.185-0500] {override.py:1911} INFO - Created Permission View: can create on DAG Run:consume_1_and_2_with_dataset_expressions
[2024-12-14T20:43:36.187-0500] {logging_mixin.py:190} INFO - [2024-12-14T20:43:36.187-0500] {override.py:1911} INFO - Created Permission View: can read on DAG Run:consume_1_and_2_with_dataset_expressions
[2024-12-14T20:43:36.190-0500] {logging_mixin.py:190} INFO - [2024-12-14T20:43:36.190-0500] {override.py:1911} INFO - Created Permission View: can edit on DAG:dataset_produces_1
[2024-12-14T20:43:36.193-0500] {logging_mixin.py:190} INFO - [2024-12-14T20:43:36.193-0500] {override.py:1911} INFO - Created Permission View: can delete on DAG:dataset_produces_1
[2024-12-14T20:43:36.265-0500] {logging_mixin.py:190} INFO - [2024-12-14T20:43:36.264-0500] {override.py:1911} INFO - Created Permission View: can read on DAG:dataset_produces_1
[2024-12-14T20:43:36.278-0500] {logging_mixin.py:190} INFO - [2024-12-14T20:43:36.277-0500] {override.py:1911} INFO - Created Permission View: menu access on DAG Run:dataset_produces_1
[2024-12-14T20:43:36.280-0500] {logging_mixin.py:190} INFO - [2024-12-14T20:43:36.280-0500] {override.py:1911} INFO - Created Permission View: can delete on DAG Run:dataset_produces_1
[2024-12-14T20:43:36.288-0500] {logging_mixin.py:190} INFO - [2024-12-14T20:43:36.288-0500] {override.py:1911} INFO - Created Permission View: can create on DAG Run:dataset_produces_1
[2024-12-14T20:43:36.291-0500] {logging_mixin.py:190} INFO - [2024-12-14T20:43:36.291-0500] {override.py:1911} INFO - Created Permission View: can read on DAG Run:dataset_produces_1
[2024-12-14T20:43:36.296-0500] {logging_mixin.py:190} INFO - [2024-12-14T20:43:36.296-0500] {override.py:1911} INFO - Created Permission View: can edit on DAG:dataset_consumes_unknown_never_scheduled
[2024-12-14T20:43:36.298-0500] {logging_mixin.py:190} INFO - [2024-12-14T20:43:36.298-0500] {override.py:1911} INFO - Created Permission View: can delete on DAG:dataset_consumes_unknown_never_scheduled
[2024-12-14T20:43:36.301-0500] {logging_mixin.py:190} INFO - [2024-12-14T20:43:36.301-0500] {override.py:1911} INFO - Created Permission View: can read on DAG:dataset_consumes_unknown_never_scheduled
[2024-12-14T20:43:36.304-0500] {logging_mixin.py:190} INFO - [2024-12-14T20:43:36.304-0500] {override.py:1911} INFO - Created Permission View: menu access on DAG Run:dataset_consumes_unknown_never_scheduled
[2024-12-14T20:43:36.306-0500] {logging_mixin.py:190} INFO - [2024-12-14T20:43:36.306-0500] {override.py:1911} INFO - Created Permission View: can delete on DAG Run:dataset_consumes_unknown_never_scheduled
[2024-12-14T20:43:36.308-0500] {logging_mixin.py:190} INFO - [2024-12-14T20:43:36.308-0500] {override.py:1911} INFO - Created Permission View: can create on DAG Run:dataset_consumes_unknown_never_scheduled
[2024-12-14T20:43:36.310-0500] {logging_mixin.py:190} INFO - [2024-12-14T20:43:36.310-0500] {override.py:1911} INFO - Created Permission View: can read on DAG Run:dataset_consumes_unknown_never_scheduled
[2024-12-14T20:43:36.316-0500] {logging_mixin.py:190} INFO - [2024-12-14T20:43:36.316-0500] {override.py:1911} INFO - Created Permission View: can edit on DAG:dataset_consumes_1
[2024-12-14T20:43:36.320-0500] {logging_mixin.py:190} INFO - [2024-12-14T20:43:36.320-0500] {override.py:1911} INFO - Created Permission View: can delete on DAG:dataset_consumes_1
[2024-12-14T20:43:36.322-0500] {logging_mixin.py:190} INFO - [2024-12-14T20:43:36.322-0500] {override.py:1911} INFO - Created Permission View: can read on DAG:dataset_consumes_1
[2024-12-14T20:43:36.326-0500] {logging_mixin.py:190} INFO - [2024-12-14T20:43:36.326-0500] {override.py:1911} INFO - Created Permission View: menu access on DAG Run:dataset_consumes_1
[2024-12-14T20:43:36.329-0500] {logging_mixin.py:190} INFO - [2024-12-14T20:43:36.329-0500] {override.py:1911} INFO - Created Permission View: can delete on DAG Run:dataset_consumes_1
[2024-12-14T20:43:36.331-0500] {logging_mixin.py:190} INFO - [2024-12-14T20:43:36.331-0500] {override.py:1911} INFO - Created Permission View: can create on DAG Run:dataset_consumes_1
[2024-12-14T20:43:36.333-0500] {logging_mixin.py:190} INFO - [2024-12-14T20:43:36.332-0500] {override.py:1911} INFO - Created Permission View: can read on DAG Run:dataset_consumes_1
[2024-12-14T20:43:36.337-0500] {logging_mixin.py:190} INFO - [2024-12-14T20:43:36.337-0500] {override.py:1911} INFO - Created Permission View: can edit on DAG:consume_1_or_2_with_dataset_expressions
[2024-12-14T20:43:36.338-0500] {logging_mixin.py:190} INFO - [2024-12-14T20:43:36.338-0500] {override.py:1911} INFO - Created Permission View: can delete on DAG:consume_1_or_2_with_dataset_expressions
[2024-12-14T20:43:36.340-0500] {logging_mixin.py:190} INFO - [2024-12-14T20:43:36.340-0500] {override.py:1911} INFO - Created Permission View: can read on DAG:consume_1_or_2_with_dataset_expressions
[2024-12-14T20:43:36.342-0500] {logging_mixin.py:190} INFO - [2024-12-14T20:43:36.342-0500] {override.py:1911} INFO - Created Permission View: menu access on DAG Run:consume_1_or_2_with_dataset_expressions
[2024-12-14T20:43:36.344-0500] {logging_mixin.py:190} INFO - [2024-12-14T20:43:36.344-0500] {override.py:1911} INFO - Created Permission View: can delete on DAG Run:consume_1_or_2_with_dataset_expressions
[2024-12-14T20:43:36.345-0500] {logging_mixin.py:190} INFO - [2024-12-14T20:43:36.345-0500] {override.py:1911} INFO - Created Permission View: can create on DAG Run:consume_1_or_2_with_dataset_expressions
[2024-12-14T20:43:36.347-0500] {logging_mixin.py:190} INFO - [2024-12-14T20:43:36.347-0500] {override.py:1911} INFO - Created Permission View: can read on DAG Run:consume_1_or_2_with_dataset_expressions
[2024-12-14T20:43:36.351-0500] {logging_mixin.py:190} INFO - [2024-12-14T20:43:36.350-0500] {override.py:1911} INFO - Created Permission View: can edit on DAG:dataset_produces_2
[2024-12-14T20:43:36.353-0500] {logging_mixin.py:190} INFO - [2024-12-14T20:43:36.353-0500] {override.py:1911} INFO - Created Permission View: can delete on DAG:dataset_produces_2
[2024-12-14T20:43:36.354-0500] {logging_mixin.py:190} INFO - [2024-12-14T20:43:36.354-0500] {override.py:1911} INFO - Created Permission View: can read on DAG:dataset_produces_2
[2024-12-14T20:43:36.357-0500] {logging_mixin.py:190} INFO - [2024-12-14T20:43:36.357-0500] {override.py:1911} INFO - Created Permission View: menu access on DAG Run:dataset_produces_2
[2024-12-14T20:43:36.359-0500] {logging_mixin.py:190} INFO - [2024-12-14T20:43:36.358-0500] {override.py:1911} INFO - Created Permission View: can delete on DAG Run:dataset_produces_2
[2024-12-14T20:43:36.360-0500] {logging_mixin.py:190} INFO - [2024-12-14T20:43:36.360-0500] {override.py:1911} INFO - Created Permission View: can create on DAG Run:dataset_produces_2
[2024-12-14T20:43:36.362-0500] {logging_mixin.py:190} INFO - [2024-12-14T20:43:36.362-0500] {override.py:1911} INFO - Created Permission View: can read on DAG Run:dataset_produces_2
[2024-12-14T20:43:36.362-0500] {logging_mixin.py:190} INFO - [2024-12-14T20:43:36.362-0500] {dag.py:3239} INFO - Sync 10 DAGs
[2024-12-14T20:43:36.367-0500] {logging_mixin.py:190} INFO - [2024-12-14T20:43:36.367-0500] {dag.py:3262} INFO - Creating ORM DAG for dataset_consumes_unknown_never_scheduled
[2024-12-14T20:43:36.367-0500] {logging_mixin.py:190} INFO - [2024-12-14T20:43:36.367-0500] {dag.py:3262} INFO - Creating ORM DAG for consume_1_and_2_with_dataset_expressions
[2024-12-14T20:43:36.367-0500] {logging_mixin.py:190} INFO - [2024-12-14T20:43:36.367-0500] {dag.py:3262} INFO - Creating ORM DAG for consume_1_or_both_2_and_3_with_dataset_expressions
[2024-12-14T20:43:36.367-0500] {logging_mixin.py:190} INFO - [2024-12-14T20:43:36.367-0500] {dag.py:3262} INFO - Creating ORM DAG for conditional_dataset_and_time_based_timetable
[2024-12-14T20:43:36.367-0500] {logging_mixin.py:190} INFO - [2024-12-14T20:43:36.367-0500] {dag.py:3262} INFO - Creating ORM DAG for dataset_consumes_1
[2024-12-14T20:43:36.367-0500] {logging_mixin.py:190} INFO - [2024-12-14T20:43:36.367-0500] {dag.py:3262} INFO - Creating ORM DAG for dataset_produces_2
[2024-12-14T20:43:36.368-0500] {logging_mixin.py:190} INFO - [2024-12-14T20:43:36.368-0500] {dag.py:3262} INFO - Creating ORM DAG for dataset_consumes_1_and_2
[2024-12-14T20:43:36.368-0500] {logging_mixin.py:190} INFO - [2024-12-14T20:43:36.368-0500] {dag.py:3262} INFO - Creating ORM DAG for consume_1_or_2_with_dataset_expressions
[2024-12-14T20:43:36.368-0500] {logging_mixin.py:190} INFO - [2024-12-14T20:43:36.368-0500] {dag.py:3262} INFO - Creating ORM DAG for dataset_produces_1
[2024-12-14T20:43:36.368-0500] {logging_mixin.py:190} INFO - [2024-12-14T20:43:36.368-0500] {dag.py:3262} INFO - Creating ORM DAG for dataset_consumes_1_never_scheduled
[2024-12-14T20:43:36.371-0500] {logging_mixin.py:190} INFO - [2024-12-14T20:43:36.371-0500] {dag.py:4180} INFO - Setting next_dagrun for conditional_dataset_and_time_based_timetable to 2024-12-11 01:00:00+00:00, run_after=2024-12-11 01:00:00+00:00
[2024-12-14T20:43:36.371-0500] {logging_mixin.py:190} INFO - [2024-12-14T20:43:36.371-0500] {dag.py:4180} INFO - Setting next_dagrun for consume_1_and_2_with_dataset_expressions to None, run_after=None
[2024-12-14T20:43:36.371-0500] {logging_mixin.py:190} INFO - [2024-12-14T20:43:36.371-0500] {dag.py:4180} INFO - Setting next_dagrun for consume_1_or_2_with_dataset_expressions to None, run_after=None
[2024-12-14T20:43:36.372-0500] {logging_mixin.py:190} INFO - [2024-12-14T20:43:36.372-0500] {dag.py:4180} INFO - Setting next_dagrun for consume_1_or_both_2_and_3_with_dataset_expressions to None, run_after=None
[2024-12-14T20:43:36.372-0500] {logging_mixin.py:190} INFO - [2024-12-14T20:43:36.372-0500] {dag.py:4180} INFO - Setting next_dagrun for dataset_consumes_1 to None, run_after=None
[2024-12-14T20:43:36.372-0500] {logging_mixin.py:190} INFO - [2024-12-14T20:43:36.372-0500] {dag.py:4180} INFO - Setting next_dagrun for dataset_consumes_1_and_2 to None, run_after=None
[2024-12-14T20:43:36.372-0500] {logging_mixin.py:190} INFO - [2024-12-14T20:43:36.372-0500] {dag.py:4180} INFO - Setting next_dagrun for dataset_consumes_1_never_scheduled to None, run_after=None
[2024-12-14T20:43:36.372-0500] {logging_mixin.py:190} INFO - [2024-12-14T20:43:36.372-0500] {dag.py:4180} INFO - Setting next_dagrun for dataset_consumes_unknown_never_scheduled to None, run_after=None
[2024-12-14T20:43:36.373-0500] {logging_mixin.py:190} INFO - [2024-12-14T20:43:36.373-0500] {dag.py:4180} INFO - Setting next_dagrun for dataset_produces_1 to 2024-12-14 00:00:00+00:00, run_after=2024-12-15 00:00:00+00:00
[2024-12-14T20:43:36.373-0500] {logging_mixin.py:190} INFO - [2024-12-14T20:43:36.373-0500] {dag.py:4180} INFO - Setting next_dagrun for dataset_produces_2 to None, run_after=None
[2024-12-14T20:43:36.381-0500] {logging_mixin.py:190} INFO - [2024-12-14T20:43:36.381-0500] {workday.py:41} WARNING - Could not import pandas. Holidays will not be considered.
[2024-12-14T20:43:36.387-0500] {processor.py:208} INFO - Processing /opt/anaconda3/envs/python310/lib/python3.10/site-packages/airflow/example_dags/example_datasets.py took 0.371 seconds
[2024-12-14T20:45:43.746-0500] {processor.py:186} INFO - Started process (PID=8510) to work on /opt/anaconda3/envs/python310/lib/python3.10/site-packages/airflow/example_dags/example_datasets.py
[2024-12-14T20:45:43.747-0500] {processor.py:914} INFO - Processing file /opt/anaconda3/envs/python310/lib/python3.10/site-packages/airflow/example_dags/example_datasets.py for tasks to queue
[2024-12-14T20:45:43.747-0500] {logging_mixin.py:190} INFO - [2024-12-14T20:45:43.747-0500] {dagbag.py:588} INFO - Filling up the DagBag from /opt/anaconda3/envs/python310/lib/python3.10/site-packages/airflow/example_dags/example_datasets.py
[2024-12-14T20:45:43.768-0500] {processor.py:925} INFO - DAG(s) 'consume_1_or_both_2_and_3_with_dataset_expressions', 'conditional_dataset_and_time_based_timetable', 'dataset_consumes_1', 'dataset_consumes_1_never_scheduled', 'dataset_produces_1', 'dataset_consumes_unknown_never_scheduled', 'consume_1_or_2_with_dataset_expressions', 'dataset_consumes_1_and_2', 'consume_1_and_2_with_dataset_expressions', 'dataset_produces_2' retrieved from /opt/anaconda3/envs/python310/lib/python3.10/site-packages/airflow/example_dags/example_datasets.py
[2024-12-14T20:45:43.828-0500] {logging_mixin.py:190} INFO - [2024-12-14T20:45:43.828-0500] {dag.py:3239} INFO - Sync 10 DAGs
[2024-12-14T20:45:43.835-0500] {logging_mixin.py:190} INFO - [2024-12-14T20:45:43.835-0500] {dag.py:4180} INFO - Setting next_dagrun for conditional_dataset_and_time_based_timetable to 2024-12-11 01:00:00+00:00, run_after=2024-12-11 01:00:00+00:00
[2024-12-14T20:45:43.836-0500] {logging_mixin.py:190} INFO - [2024-12-14T20:45:43.836-0500] {dag.py:4180} INFO - Setting next_dagrun for consume_1_and_2_with_dataset_expressions to None, run_after=None
[2024-12-14T20:45:43.836-0500] {logging_mixin.py:190} INFO - [2024-12-14T20:45:43.836-0500] {dag.py:4180} INFO - Setting next_dagrun for consume_1_or_2_with_dataset_expressions to None, run_after=None
[2024-12-14T20:45:43.836-0500] {logging_mixin.py:190} INFO - [2024-12-14T20:45:43.836-0500] {dag.py:4180} INFO - Setting next_dagrun for consume_1_or_both_2_and_3_with_dataset_expressions to None, run_after=None
[2024-12-14T20:45:43.837-0500] {logging_mixin.py:190} INFO - [2024-12-14T20:45:43.837-0500] {dag.py:4180} INFO - Setting next_dagrun for dataset_consumes_1 to None, run_after=None
[2024-12-14T20:45:43.837-0500] {logging_mixin.py:190} INFO - [2024-12-14T20:45:43.837-0500] {dag.py:4180} INFO - Setting next_dagrun for dataset_consumes_1_and_2 to None, run_after=None
[2024-12-14T20:45:43.837-0500] {logging_mixin.py:190} INFO - [2024-12-14T20:45:43.837-0500] {dag.py:4180} INFO - Setting next_dagrun for dataset_consumes_1_never_scheduled to None, run_after=None
[2024-12-14T20:45:43.837-0500] {logging_mixin.py:190} INFO - [2024-12-14T20:45:43.837-0500] {dag.py:4180} INFO - Setting next_dagrun for dataset_consumes_unknown_never_scheduled to None, run_after=None
[2024-12-14T20:45:43.838-0500] {logging_mixin.py:190} INFO - [2024-12-14T20:45:43.838-0500] {dag.py:4180} INFO - Setting next_dagrun for dataset_produces_1 to 2024-12-14 00:00:00+00:00, run_after=2024-12-15 00:00:00+00:00
[2024-12-14T20:45:43.838-0500] {logging_mixin.py:190} INFO - [2024-12-14T20:45:43.838-0500] {dag.py:4180} INFO - Setting next_dagrun for dataset_produces_2 to None, run_after=None
[2024-12-14T20:45:43.848-0500] {processor.py:208} INFO - Processing /opt/anaconda3/envs/python310/lib/python3.10/site-packages/airflow/example_dags/example_datasets.py took 0.104 seconds
[2024-12-14T20:47:51.266-0500] {processor.py:186} INFO - Started process (PID=8728) to work on /opt/anaconda3/envs/python310/lib/python3.10/site-packages/airflow/example_dags/example_datasets.py
[2024-12-14T20:47:51.267-0500] {processor.py:914} INFO - Processing file /opt/anaconda3/envs/python310/lib/python3.10/site-packages/airflow/example_dags/example_datasets.py for tasks to queue
[2024-12-14T20:47:51.267-0500] {logging_mixin.py:190} INFO - [2024-12-14T20:47:51.267-0500] {dagbag.py:588} INFO - Filling up the DagBag from /opt/anaconda3/envs/python310/lib/python3.10/site-packages/airflow/example_dags/example_datasets.py
[2024-12-14T20:47:51.288-0500] {processor.py:925} INFO - DAG(s) 'dataset_produces_1', 'conditional_dataset_and_time_based_timetable', 'consume_1_and_2_with_dataset_expressions', 'dataset_produces_2', 'dataset_consumes_unknown_never_scheduled', 'consume_1_or_2_with_dataset_expressions', 'dataset_consumes_1', 'dataset_consumes_1_and_2', 'consume_1_or_both_2_and_3_with_dataset_expressions', 'dataset_consumes_1_never_scheduled' retrieved from /opt/anaconda3/envs/python310/lib/python3.10/site-packages/airflow/example_dags/example_datasets.py
[2024-12-14T20:47:51.349-0500] {logging_mixin.py:190} INFO - [2024-12-14T20:47:51.349-0500] {dag.py:3239} INFO - Sync 10 DAGs
[2024-12-14T20:47:51.356-0500] {logging_mixin.py:190} INFO - [2024-12-14T20:47:51.356-0500] {dag.py:4180} INFO - Setting next_dagrun for conditional_dataset_and_time_based_timetable to 2024-12-11 01:00:00+00:00, run_after=2024-12-11 01:00:00+00:00
[2024-12-14T20:47:51.357-0500] {logging_mixin.py:190} INFO - [2024-12-14T20:47:51.357-0500] {dag.py:4180} INFO - Setting next_dagrun for consume_1_and_2_with_dataset_expressions to None, run_after=None
[2024-12-14T20:47:51.357-0500] {logging_mixin.py:190} INFO - [2024-12-14T20:47:51.357-0500] {dag.py:4180} INFO - Setting next_dagrun for consume_1_or_2_with_dataset_expressions to None, run_after=None
[2024-12-14T20:47:51.357-0500] {logging_mixin.py:190} INFO - [2024-12-14T20:47:51.357-0500] {dag.py:4180} INFO - Setting next_dagrun for consume_1_or_both_2_and_3_with_dataset_expressions to None, run_after=None
[2024-12-14T20:47:51.358-0500] {logging_mixin.py:190} INFO - [2024-12-14T20:47:51.357-0500] {dag.py:4180} INFO - Setting next_dagrun for dataset_consumes_1 to None, run_after=None
[2024-12-14T20:47:51.358-0500] {logging_mixin.py:190} INFO - [2024-12-14T20:47:51.358-0500] {dag.py:4180} INFO - Setting next_dagrun for dataset_consumes_1_and_2 to None, run_after=None
[2024-12-14T20:47:51.358-0500] {logging_mixin.py:190} INFO - [2024-12-14T20:47:51.358-0500] {dag.py:4180} INFO - Setting next_dagrun for dataset_consumes_1_never_scheduled to None, run_after=None
[2024-12-14T20:47:51.358-0500] {logging_mixin.py:190} INFO - [2024-12-14T20:47:51.358-0500] {dag.py:4180} INFO - Setting next_dagrun for dataset_consumes_unknown_never_scheduled to None, run_after=None
[2024-12-14T20:47:51.359-0500] {logging_mixin.py:190} INFO - [2024-12-14T20:47:51.359-0500] {dag.py:4180} INFO - Setting next_dagrun for dataset_produces_1 to 2024-12-14 00:00:00+00:00, run_after=2024-12-15 00:00:00+00:00
[2024-12-14T20:47:51.359-0500] {logging_mixin.py:190} INFO - [2024-12-14T20:47:51.359-0500] {dag.py:4180} INFO - Setting next_dagrun for dataset_produces_2 to None, run_after=None
[2024-12-14T20:47:51.369-0500] {processor.py:208} INFO - Processing /opt/anaconda3/envs/python310/lib/python3.10/site-packages/airflow/example_dags/example_datasets.py took 0.104 seconds
[2024-12-14T20:50:02.127-0500] {processor.py:186} INFO - Started process (PID=8942) to work on /opt/anaconda3/envs/python310/lib/python3.10/site-packages/airflow/example_dags/example_datasets.py
[2024-12-14T20:50:02.128-0500] {processor.py:914} INFO - Processing file /opt/anaconda3/envs/python310/lib/python3.10/site-packages/airflow/example_dags/example_datasets.py for tasks to queue
[2024-12-14T20:50:02.128-0500] {logging_mixin.py:190} INFO - [2024-12-14T20:50:02.128-0500] {dagbag.py:588} INFO - Filling up the DagBag from /opt/anaconda3/envs/python310/lib/python3.10/site-packages/airflow/example_dags/example_datasets.py
[2024-12-14T20:50:02.145-0500] {processor.py:925} INFO - DAG(s) 'dataset_consumes_1_and_2', 'consume_1_or_2_with_dataset_expressions', 'dataset_consumes_unknown_never_scheduled', 'dataset_produces_2', 'consume_1_and_2_with_dataset_expressions', 'consume_1_or_both_2_and_3_with_dataset_expressions', 'conditional_dataset_and_time_based_timetable', 'dataset_consumes_1_never_scheduled', 'dataset_produces_1', 'dataset_consumes_1' retrieved from /opt/anaconda3/envs/python310/lib/python3.10/site-packages/airflow/example_dags/example_datasets.py
[2024-12-14T20:50:02.205-0500] {logging_mixin.py:190} INFO - [2024-12-14T20:50:02.205-0500] {dag.py:3239} INFO - Sync 10 DAGs
[2024-12-14T20:50:02.212-0500] {logging_mixin.py:190} INFO - [2024-12-14T20:50:02.211-0500] {dag.py:4180} INFO - Setting next_dagrun for conditional_dataset_and_time_based_timetable to 2024-12-11 01:00:00+00:00, run_after=2024-12-11 01:00:00+00:00
[2024-12-14T20:50:02.212-0500] {logging_mixin.py:190} INFO - [2024-12-14T20:50:02.212-0500] {dag.py:4180} INFO - Setting next_dagrun for consume_1_and_2_with_dataset_expressions to None, run_after=None
[2024-12-14T20:50:02.213-0500] {logging_mixin.py:190} INFO - [2024-12-14T20:50:02.213-0500] {dag.py:4180} INFO - Setting next_dagrun for consume_1_or_2_with_dataset_expressions to None, run_after=None
[2024-12-14T20:50:02.213-0500] {logging_mixin.py:190} INFO - [2024-12-14T20:50:02.213-0500] {dag.py:4180} INFO - Setting next_dagrun for consume_1_or_both_2_and_3_with_dataset_expressions to None, run_after=None
[2024-12-14T20:50:02.213-0500] {logging_mixin.py:190} INFO - [2024-12-14T20:50:02.213-0500] {dag.py:4180} INFO - Setting next_dagrun for dataset_consumes_1 to None, run_after=None
[2024-12-14T20:50:02.214-0500] {logging_mixin.py:190} INFO - [2024-12-14T20:50:02.214-0500] {dag.py:4180} INFO - Setting next_dagrun for dataset_consumes_1_and_2 to None, run_after=None
[2024-12-14T20:50:02.214-0500] {logging_mixin.py:190} INFO - [2024-12-14T20:50:02.214-0500] {dag.py:4180} INFO - Setting next_dagrun for dataset_consumes_1_never_scheduled to None, run_after=None
[2024-12-14T20:50:02.214-0500] {logging_mixin.py:190} INFO - [2024-12-14T20:50:02.214-0500] {dag.py:4180} INFO - Setting next_dagrun for dataset_consumes_unknown_never_scheduled to None, run_after=None
[2024-12-14T20:50:02.215-0500] {logging_mixin.py:190} INFO - [2024-12-14T20:50:02.215-0500] {dag.py:4180} INFO - Setting next_dagrun for dataset_produces_1 to 2024-12-14 00:00:00+00:00, run_after=2024-12-15 00:00:00+00:00
[2024-12-14T20:50:02.215-0500] {logging_mixin.py:190} INFO - [2024-12-14T20:50:02.215-0500] {dag.py:4180} INFO - Setting next_dagrun for dataset_produces_2 to None, run_after=None
[2024-12-14T20:50:02.224-0500] {processor.py:208} INFO - Processing /opt/anaconda3/envs/python310/lib/python3.10/site-packages/airflow/example_dags/example_datasets.py took 0.099 seconds
[2024-12-14T20:52:13.432-0500] {processor.py:186} INFO - Started process (PID=9178) to work on /opt/anaconda3/envs/python310/lib/python3.10/site-packages/airflow/example_dags/example_datasets.py
[2024-12-14T20:52:13.433-0500] {processor.py:914} INFO - Processing file /opt/anaconda3/envs/python310/lib/python3.10/site-packages/airflow/example_dags/example_datasets.py for tasks to queue
[2024-12-14T20:52:13.433-0500] {logging_mixin.py:190} INFO - [2024-12-14T20:52:13.433-0500] {dagbag.py:588} INFO - Filling up the DagBag from /opt/anaconda3/envs/python310/lib/python3.10/site-packages/airflow/example_dags/example_datasets.py
[2024-12-14T20:52:13.451-0500] {processor.py:925} INFO - DAG(s) 'conditional_dataset_and_time_based_timetable', 'dataset_consumes_1_never_scheduled', 'dataset_produces_1', 'consume_1_and_2_with_dataset_expressions', 'dataset_produces_2', 'dataset_consumes_1_and_2', 'dataset_consumes_1', 'consume_1_or_2_with_dataset_expressions', 'dataset_consumes_unknown_never_scheduled', 'consume_1_or_both_2_and_3_with_dataset_expressions' retrieved from /opt/anaconda3/envs/python310/lib/python3.10/site-packages/airflow/example_dags/example_datasets.py
[2024-12-14T20:52:13.511-0500] {logging_mixin.py:190} INFO - [2024-12-14T20:52:13.511-0500] {dag.py:3239} INFO - Sync 10 DAGs
[2024-12-14T20:52:13.518-0500] {logging_mixin.py:190} INFO - [2024-12-14T20:52:13.518-0500] {dag.py:4180} INFO - Setting next_dagrun for conditional_dataset_and_time_based_timetable to 2024-12-11 01:00:00+00:00, run_after=2024-12-11 01:00:00+00:00
[2024-12-14T20:52:13.519-0500] {logging_mixin.py:190} INFO - [2024-12-14T20:52:13.519-0500] {dag.py:4180} INFO - Setting next_dagrun for consume_1_and_2_with_dataset_expressions to None, run_after=None
[2024-12-14T20:52:13.519-0500] {logging_mixin.py:190} INFO - [2024-12-14T20:52:13.519-0500] {dag.py:4180} INFO - Setting next_dagrun for consume_1_or_2_with_dataset_expressions to None, run_after=None
[2024-12-14T20:52:13.520-0500] {logging_mixin.py:190} INFO - [2024-12-14T20:52:13.519-0500] {dag.py:4180} INFO - Setting next_dagrun for consume_1_or_both_2_and_3_with_dataset_expressions to None, run_after=None
[2024-12-14T20:52:13.520-0500] {logging_mixin.py:190} INFO - [2024-12-14T20:52:13.520-0500] {dag.py:4180} INFO - Setting next_dagrun for dataset_consumes_1 to None, run_after=None
[2024-12-14T20:52:13.520-0500] {logging_mixin.py:190} INFO - [2024-12-14T20:52:13.520-0500] {dag.py:4180} INFO - Setting next_dagrun for dataset_consumes_1_and_2 to None, run_after=None
[2024-12-14T20:52:13.520-0500] {logging_mixin.py:190} INFO - [2024-12-14T20:52:13.520-0500] {dag.py:4180} INFO - Setting next_dagrun for dataset_consumes_1_never_scheduled to None, run_after=None
[2024-12-14T20:52:13.521-0500] {logging_mixin.py:190} INFO - [2024-12-14T20:52:13.521-0500] {dag.py:4180} INFO - Setting next_dagrun for dataset_consumes_unknown_never_scheduled to None, run_after=None
[2024-12-14T20:52:13.521-0500] {logging_mixin.py:190} INFO - [2024-12-14T20:52:13.521-0500] {dag.py:4180} INFO - Setting next_dagrun for dataset_produces_1 to 2024-12-14 00:00:00+00:00, run_after=2024-12-15 00:00:00+00:00
[2024-12-14T20:52:13.522-0500] {logging_mixin.py:190} INFO - [2024-12-14T20:52:13.521-0500] {dag.py:4180} INFO - Setting next_dagrun for dataset_produces_2 to None, run_after=None
[2024-12-14T20:52:13.531-0500] {processor.py:208} INFO - Processing /opt/anaconda3/envs/python310/lib/python3.10/site-packages/airflow/example_dags/example_datasets.py took 0.100 seconds
[2024-12-14T20:54:22.410-0500] {processor.py:186} INFO - Started process (PID=9422) to work on /opt/anaconda3/envs/python310/lib/python3.10/site-packages/airflow/example_dags/example_datasets.py
[2024-12-14T20:54:22.411-0500] {processor.py:914} INFO - Processing file /opt/anaconda3/envs/python310/lib/python3.10/site-packages/airflow/example_dags/example_datasets.py for tasks to queue
[2024-12-14T20:54:22.411-0500] {logging_mixin.py:190} INFO - [2024-12-14T20:54:22.411-0500] {dagbag.py:588} INFO - Filling up the DagBag from /opt/anaconda3/envs/python310/lib/python3.10/site-packages/airflow/example_dags/example_datasets.py
[2024-12-14T20:54:22.428-0500] {processor.py:925} INFO - DAG(s) 'dataset_produces_2', 'consume_1_and_2_with_dataset_expressions', 'dataset_consumes_1_and_2', 'dataset_produces_1', 'consume_1_or_both_2_and_3_with_dataset_expressions', 'dataset_consumes_1_never_scheduled', 'conditional_dataset_and_time_based_timetable', 'dataset_consumes_unknown_never_scheduled', 'consume_1_or_2_with_dataset_expressions', 'dataset_consumes_1' retrieved from /opt/anaconda3/envs/python310/lib/python3.10/site-packages/airflow/example_dags/example_datasets.py
[2024-12-14T20:54:22.495-0500] {logging_mixin.py:190} INFO - [2024-12-14T20:54:22.495-0500] {dag.py:3239} INFO - Sync 10 DAGs
[2024-12-14T20:54:22.502-0500] {logging_mixin.py:190} INFO - [2024-12-14T20:54:22.502-0500] {dag.py:4180} INFO - Setting next_dagrun for conditional_dataset_and_time_based_timetable to 2024-12-11 01:00:00+00:00, run_after=2024-12-11 01:00:00+00:00
[2024-12-14T20:54:22.503-0500] {logging_mixin.py:190} INFO - [2024-12-14T20:54:22.503-0500] {dag.py:4180} INFO - Setting next_dagrun for consume_1_and_2_with_dataset_expressions to None, run_after=None
[2024-12-14T20:54:22.504-0500] {logging_mixin.py:190} INFO - [2024-12-14T20:54:22.504-0500] {dag.py:4180} INFO - Setting next_dagrun for consume_1_or_2_with_dataset_expressions to None, run_after=None
[2024-12-14T20:54:22.504-0500] {logging_mixin.py:190} INFO - [2024-12-14T20:54:22.504-0500] {dag.py:4180} INFO - Setting next_dagrun for consume_1_or_both_2_and_3_with_dataset_expressions to None, run_after=None
[2024-12-14T20:54:22.504-0500] {logging_mixin.py:190} INFO - [2024-12-14T20:54:22.504-0500] {dag.py:4180} INFO - Setting next_dagrun for dataset_consumes_1 to None, run_after=None
[2024-12-14T20:54:22.504-0500] {logging_mixin.py:190} INFO - [2024-12-14T20:54:22.504-0500] {dag.py:4180} INFO - Setting next_dagrun for dataset_consumes_1_and_2 to None, run_after=None
[2024-12-14T20:54:22.505-0500] {logging_mixin.py:190} INFO - [2024-12-14T20:54:22.505-0500] {dag.py:4180} INFO - Setting next_dagrun for dataset_consumes_1_never_scheduled to None, run_after=None
[2024-12-14T20:54:22.505-0500] {logging_mixin.py:190} INFO - [2024-12-14T20:54:22.505-0500] {dag.py:4180} INFO - Setting next_dagrun for dataset_consumes_unknown_never_scheduled to None, run_after=None
[2024-12-14T20:54:22.506-0500] {logging_mixin.py:190} INFO - [2024-12-14T20:54:22.506-0500] {dag.py:4180} INFO - Setting next_dagrun for dataset_produces_1 to 2024-12-14 00:00:00+00:00, run_after=2024-12-15 00:00:00+00:00
[2024-12-14T20:54:22.506-0500] {logging_mixin.py:190} INFO - [2024-12-14T20:54:22.506-0500] {dag.py:4180} INFO - Setting next_dagrun for dataset_produces_2 to None, run_after=None
[2024-12-14T20:54:22.515-0500] {processor.py:208} INFO - Processing /opt/anaconda3/envs/python310/lib/python3.10/site-packages/airflow/example_dags/example_datasets.py took 0.107 seconds
