[2024-12-14T20:43:51.285-0500] {processor.py:186} INFO - Started process (PID=8316) to work on /opt/anaconda3/envs/python310/lib/python3.10/site-packages/airflow/example_dags/example_branch_day_of_week_operator.py
[2024-12-14T20:43:51.285-0500] {processor.py:914} INFO - Processing file /opt/anaconda3/envs/python310/lib/python3.10/site-packages/airflow/example_dags/example_branch_day_of_week_operator.py for tasks to queue
[2024-12-14T20:43:51.286-0500] {logging_mixin.py:190} INFO - [2024-12-14T20:43:51.286-0500] {dagbag.py:588} INFO - Filling up the DagBag from /opt/anaconda3/envs/python310/lib/python3.10/site-packages/airflow/example_dags/example_branch_day_of_week_operator.py
[2024-12-14T20:43:51.290-0500] {processor.py:925} INFO - DAG(s) 'example_weekday_branch_operator' retrieved from /opt/anaconda3/envs/python310/lib/python3.10/site-packages/airflow/example_dags/example_branch_day_of_week_operator.py
[2024-12-14T20:43:51.371-0500] {logging_mixin.py:190} INFO - [2024-12-14T20:43:51.371-0500] {override.py:1911} INFO - Created Permission View: can read on DAG:example_weekday_branch_operator
[2024-12-14T20:43:51.374-0500] {logging_mixin.py:190} INFO - [2024-12-14T20:43:51.374-0500] {override.py:1911} INFO - Created Permission View: can delete on DAG:example_weekday_branch_operator
[2024-12-14T20:43:51.376-0500] {logging_mixin.py:190} INFO - [2024-12-14T20:43:51.376-0500] {override.py:1911} INFO - Created Permission View: can edit on DAG:example_weekday_branch_operator
[2024-12-14T20:43:51.378-0500] {logging_mixin.py:190} INFO - [2024-12-14T20:43:51.378-0500] {override.py:1911} INFO - Created Permission View: can read on DAG Run:example_weekday_branch_operator
[2024-12-14T20:43:51.380-0500] {logging_mixin.py:190} INFO - [2024-12-14T20:43:51.380-0500] {override.py:1911} INFO - Created Permission View: can delete on DAG Run:example_weekday_branch_operator
[2024-12-14T20:43:51.381-0500] {logging_mixin.py:190} INFO - [2024-12-14T20:43:51.381-0500] {override.py:1911} INFO - Created Permission View: menu access on DAG Run:example_weekday_branch_operator
[2024-12-14T20:43:51.383-0500] {logging_mixin.py:190} INFO - [2024-12-14T20:43:51.383-0500] {override.py:1911} INFO - Created Permission View: can create on DAG Run:example_weekday_branch_operator
[2024-12-14T20:43:51.383-0500] {logging_mixin.py:190} INFO - [2024-12-14T20:43:51.383-0500] {dag.py:3239} INFO - Sync 1 DAGs
[2024-12-14T20:43:51.387-0500] {logging_mixin.py:190} INFO - [2024-12-14T20:43:51.387-0500] {dag.py:3262} INFO - Creating ORM DAG for example_weekday_branch_operator
[2024-12-14T20:43:51.390-0500] {logging_mixin.py:190} INFO - [2024-12-14T20:43:51.390-0500] {dag.py:4180} INFO - Setting next_dagrun for example_weekday_branch_operator to 2024-12-14 00:00:00+00:00, run_after=2024-12-15 00:00:00+00:00
[2024-12-14T20:43:51.395-0500] {processor.py:208} INFO - Processing /opt/anaconda3/envs/python310/lib/python3.10/site-packages/airflow/example_dags/example_branch_day_of_week_operator.py took 0.112 seconds
[2024-12-14T20:45:59.594-0500] {processor.py:186} INFO - Started process (PID=8536) to work on /opt/anaconda3/envs/python310/lib/python3.10/site-packages/airflow/example_dags/example_branch_day_of_week_operator.py
[2024-12-14T20:45:59.594-0500] {processor.py:914} INFO - Processing file /opt/anaconda3/envs/python310/lib/python3.10/site-packages/airflow/example_dags/example_branch_day_of_week_operator.py for tasks to queue
[2024-12-14T20:45:59.595-0500] {logging_mixin.py:190} INFO - [2024-12-14T20:45:59.595-0500] {dagbag.py:588} INFO - Filling up the DagBag from /opt/anaconda3/envs/python310/lib/python3.10/site-packages/airflow/example_dags/example_branch_day_of_week_operator.py
[2024-12-14T20:45:59.599-0500] {processor.py:925} INFO - DAG(s) 'example_weekday_branch_operator' retrieved from /opt/anaconda3/envs/python310/lib/python3.10/site-packages/airflow/example_dags/example_branch_day_of_week_operator.py
[2024-12-14T20:45:59.652-0500] {logging_mixin.py:190} INFO - [2024-12-14T20:45:59.652-0500] {dag.py:3239} INFO - Sync 1 DAGs
[2024-12-14T20:45:59.659-0500] {logging_mixin.py:190} INFO - [2024-12-14T20:45:59.658-0500] {dag.py:4180} INFO - Setting next_dagrun for example_weekday_branch_operator to 2024-12-14 00:00:00+00:00, run_after=2024-12-15 00:00:00+00:00
[2024-12-14T20:45:59.664-0500] {processor.py:208} INFO - Processing /opt/anaconda3/envs/python310/lib/python3.10/site-packages/airflow/example_dags/example_branch_day_of_week_operator.py took 0.072 seconds
[2024-12-14T20:48:06.160-0500] {processor.py:186} INFO - Started process (PID=8757) to work on /opt/anaconda3/envs/python310/lib/python3.10/site-packages/airflow/example_dags/example_branch_day_of_week_operator.py
[2024-12-14T20:48:06.162-0500] {processor.py:914} INFO - Processing file /opt/anaconda3/envs/python310/lib/python3.10/site-packages/airflow/example_dags/example_branch_day_of_week_operator.py for tasks to queue
[2024-12-14T20:48:06.162-0500] {logging_mixin.py:190} INFO - [2024-12-14T20:48:06.162-0500] {dagbag.py:588} INFO - Filling up the DagBag from /opt/anaconda3/envs/python310/lib/python3.10/site-packages/airflow/example_dags/example_branch_day_of_week_operator.py
[2024-12-14T20:48:06.166-0500] {processor.py:925} INFO - DAG(s) 'example_weekday_branch_operator' retrieved from /opt/anaconda3/envs/python310/lib/python3.10/site-packages/airflow/example_dags/example_branch_day_of_week_operator.py
[2024-12-14T20:48:06.220-0500] {logging_mixin.py:190} INFO - [2024-12-14T20:48:06.220-0500] {dag.py:3239} INFO - Sync 1 DAGs
[2024-12-14T20:48:06.227-0500] {logging_mixin.py:190} INFO - [2024-12-14T20:48:06.227-0500] {dag.py:4180} INFO - Setting next_dagrun for example_weekday_branch_operator to 2024-12-14 00:00:00+00:00, run_after=2024-12-15 00:00:00+00:00
[2024-12-14T20:48:06.233-0500] {processor.py:208} INFO - Processing /opt/anaconda3/envs/python310/lib/python3.10/site-packages/airflow/example_dags/example_branch_day_of_week_operator.py took 0.074 seconds
[2024-12-14T20:50:16.784-0500] {processor.py:186} INFO - Started process (PID=8974) to work on /opt/anaconda3/envs/python310/lib/python3.10/site-packages/airflow/example_dags/example_branch_day_of_week_operator.py
[2024-12-14T20:50:16.785-0500] {processor.py:914} INFO - Processing file /opt/anaconda3/envs/python310/lib/python3.10/site-packages/airflow/example_dags/example_branch_day_of_week_operator.py for tasks to queue
[2024-12-14T20:50:16.785-0500] {logging_mixin.py:190} INFO - [2024-12-14T20:50:16.785-0500] {dagbag.py:588} INFO - Filling up the DagBag from /opt/anaconda3/envs/python310/lib/python3.10/site-packages/airflow/example_dags/example_branch_day_of_week_operator.py
[2024-12-14T20:50:16.788-0500] {processor.py:925} INFO - DAG(s) 'example_weekday_branch_operator' retrieved from /opt/anaconda3/envs/python310/lib/python3.10/site-packages/airflow/example_dags/example_branch_day_of_week_operator.py
[2024-12-14T20:50:16.842-0500] {logging_mixin.py:190} INFO - [2024-12-14T20:50:16.842-0500] {dag.py:3239} INFO - Sync 1 DAGs
[2024-12-14T20:50:16.848-0500] {logging_mixin.py:190} INFO - [2024-12-14T20:50:16.848-0500] {dag.py:4180} INFO - Setting next_dagrun for example_weekday_branch_operator to 2024-12-14 00:00:00+00:00, run_after=2024-12-15 00:00:00+00:00
[2024-12-14T20:50:16.854-0500] {processor.py:208} INFO - Processing /opt/anaconda3/envs/python310/lib/python3.10/site-packages/airflow/example_dags/example_branch_day_of_week_operator.py took 0.071 seconds
[2024-12-14T20:52:29.262-0500] {processor.py:186} INFO - Started process (PID=9209) to work on /opt/anaconda3/envs/python310/lib/python3.10/site-packages/airflow/example_dags/example_branch_day_of_week_operator.py
[2024-12-14T20:52:29.263-0500] {processor.py:914} INFO - Processing file /opt/anaconda3/envs/python310/lib/python3.10/site-packages/airflow/example_dags/example_branch_day_of_week_operator.py for tasks to queue
[2024-12-14T20:52:29.264-0500] {logging_mixin.py:190} INFO - [2024-12-14T20:52:29.264-0500] {dagbag.py:588} INFO - Filling up the DagBag from /opt/anaconda3/envs/python310/lib/python3.10/site-packages/airflow/example_dags/example_branch_day_of_week_operator.py
[2024-12-14T20:52:29.268-0500] {processor.py:925} INFO - DAG(s) 'example_weekday_branch_operator' retrieved from /opt/anaconda3/envs/python310/lib/python3.10/site-packages/airflow/example_dags/example_branch_day_of_week_operator.py
[2024-12-14T20:52:29.321-0500] {logging_mixin.py:190} INFO - [2024-12-14T20:52:29.321-0500] {dag.py:3239} INFO - Sync 1 DAGs
[2024-12-14T20:52:29.328-0500] {logging_mixin.py:190} INFO - [2024-12-14T20:52:29.328-0500] {dag.py:4180} INFO - Setting next_dagrun for example_weekday_branch_operator to 2024-12-14 00:00:00+00:00, run_after=2024-12-15 00:00:00+00:00
[2024-12-14T20:52:29.334-0500] {processor.py:208} INFO - Processing /opt/anaconda3/envs/python310/lib/python3.10/site-packages/airflow/example_dags/example_branch_day_of_week_operator.py took 0.072 seconds
[2024-12-14T20:54:35.726-0500] {processor.py:186} INFO - Started process (PID=9445) to work on /opt/anaconda3/envs/python310/lib/python3.10/site-packages/airflow/example_dags/example_branch_day_of_week_operator.py
[2024-12-14T20:54:35.727-0500] {processor.py:914} INFO - Processing file /opt/anaconda3/envs/python310/lib/python3.10/site-packages/airflow/example_dags/example_branch_day_of_week_operator.py for tasks to queue
[2024-12-14T20:54:35.727-0500] {logging_mixin.py:190} INFO - [2024-12-14T20:54:35.727-0500] {dagbag.py:588} INFO - Filling up the DagBag from /opt/anaconda3/envs/python310/lib/python3.10/site-packages/airflow/example_dags/example_branch_day_of_week_operator.py
[2024-12-14T20:54:35.731-0500] {processor.py:925} INFO - DAG(s) 'example_weekday_branch_operator' retrieved from /opt/anaconda3/envs/python310/lib/python3.10/site-packages/airflow/example_dags/example_branch_day_of_week_operator.py
[2024-12-14T20:54:35.785-0500] {logging_mixin.py:190} INFO - [2024-12-14T20:54:35.785-0500] {dag.py:3239} INFO - Sync 1 DAGs
[2024-12-14T20:54:35.791-0500] {logging_mixin.py:190} INFO - [2024-12-14T20:54:35.791-0500] {dag.py:4180} INFO - Setting next_dagrun for example_weekday_branch_operator to 2024-12-14 00:00:00+00:00, run_after=2024-12-15 00:00:00+00:00
[2024-12-14T20:54:35.797-0500] {processor.py:208} INFO - Processing /opt/anaconda3/envs/python310/lib/python3.10/site-packages/airflow/example_dags/example_branch_day_of_week_operator.py took 0.072 seconds
