[2024-12-14T20:43:49.503-0500] {processor.py:186} INFO - Started process (PID=8312) to work on /opt/anaconda3/envs/python310/lib/python3.10/site-packages/airflow/example_dags/example_branch_labels.py
[2024-12-14T20:43:49.503-0500] {processor.py:914} INFO - Processing file /opt/anaconda3/envs/python310/lib/python3.10/site-packages/airflow/example_dags/example_branch_labels.py for tasks to queue
[2024-12-14T20:43:49.504-0500] {logging_mixin.py:190} INFO - [2024-12-14T20:43:49.504-0500] {dagbag.py:588} INFO - Filling up the DagBag from /opt/anaconda3/envs/python310/lib/python3.10/site-packages/airflow/example_dags/example_branch_labels.py
[2024-12-14T20:43:49.508-0500] {processor.py:925} INFO - DAG(s) 'example_branch_labels' retrieved from /opt/anaconda3/envs/python310/lib/python3.10/site-packages/airflow/example_dags/example_branch_labels.py
[2024-12-14T20:43:49.590-0500] {logging_mixin.py:190} INFO - [2024-12-14T20:43:49.590-0500] {override.py:1911} INFO - Created Permission View: can delete on DAG:example_branch_labels
[2024-12-14T20:43:49.593-0500] {logging_mixin.py:190} INFO - [2024-12-14T20:43:49.593-0500] {override.py:1911} INFO - Created Permission View: can edit on DAG:example_branch_labels
[2024-12-14T20:43:49.595-0500] {logging_mixin.py:190} INFO - [2024-12-14T20:43:49.595-0500] {override.py:1911} INFO - Created Permission View: can read on DAG:example_branch_labels
[2024-12-14T20:43:49.597-0500] {logging_mixin.py:190} INFO - [2024-12-14T20:43:49.597-0500] {override.py:1911} INFO - Created Permission View: can create on DAG Run:example_branch_labels
[2024-12-14T20:43:49.599-0500] {logging_mixin.py:190} INFO - [2024-12-14T20:43:49.599-0500] {override.py:1911} INFO - Created Permission View: menu access on DAG Run:example_branch_labels
[2024-12-14T20:43:49.601-0500] {logging_mixin.py:190} INFO - [2024-12-14T20:43:49.601-0500] {override.py:1911} INFO - Created Permission View: can delete on DAG Run:example_branch_labels
[2024-12-14T20:43:49.602-0500] {logging_mixin.py:190} INFO - [2024-12-14T20:43:49.602-0500] {override.py:1911} INFO - Created Permission View: can read on DAG Run:example_branch_labels
[2024-12-14T20:43:49.602-0500] {logging_mixin.py:190} INFO - [2024-12-14T20:43:49.602-0500] {dag.py:3239} INFO - Sync 1 DAGs
[2024-12-14T20:43:49.606-0500] {logging_mixin.py:190} INFO - [2024-12-14T20:43:49.606-0500] {dag.py:3262} INFO - Creating ORM DAG for example_branch_labels
[2024-12-14T20:43:49.610-0500] {logging_mixin.py:190} INFO - [2024-12-14T20:43:49.609-0500] {dag.py:4180} INFO - Setting next_dagrun for example_branch_labels to 2024-12-14 00:00:00+00:00, run_after=2024-12-15 00:00:00+00:00
[2024-12-14T20:43:49.614-0500] {processor.py:208} INFO - Processing /opt/anaconda3/envs/python310/lib/python3.10/site-packages/airflow/example_dags/example_branch_labels.py took 0.112 seconds
[2024-12-14T20:45:57.828-0500] {processor.py:186} INFO - Started process (PID=8534) to work on /opt/anaconda3/envs/python310/lib/python3.10/site-packages/airflow/example_dags/example_branch_labels.py
[2024-12-14T20:45:57.829-0500] {processor.py:914} INFO - Processing file /opt/anaconda3/envs/python310/lib/python3.10/site-packages/airflow/example_dags/example_branch_labels.py for tasks to queue
[2024-12-14T20:45:57.830-0500] {logging_mixin.py:190} INFO - [2024-12-14T20:45:57.830-0500] {dagbag.py:588} INFO - Filling up the DagBag from /opt/anaconda3/envs/python310/lib/python3.10/site-packages/airflow/example_dags/example_branch_labels.py
[2024-12-14T20:45:57.833-0500] {processor.py:925} INFO - DAG(s) 'example_branch_labels' retrieved from /opt/anaconda3/envs/python310/lib/python3.10/site-packages/airflow/example_dags/example_branch_labels.py
[2024-12-14T20:45:57.887-0500] {logging_mixin.py:190} INFO - [2024-12-14T20:45:57.887-0500] {dag.py:3239} INFO - Sync 1 DAGs
[2024-12-14T20:45:57.893-0500] {logging_mixin.py:190} INFO - [2024-12-14T20:45:57.893-0500] {dag.py:4180} INFO - Setting next_dagrun for example_branch_labels to 2024-12-14 00:00:00+00:00, run_after=2024-12-15 00:00:00+00:00
[2024-12-14T20:45:57.899-0500] {processor.py:208} INFO - Processing /opt/anaconda3/envs/python310/lib/python3.10/site-packages/airflow/example_dags/example_branch_labels.py took 0.072 seconds
[2024-12-14T20:48:05.254-0500] {processor.py:186} INFO - Started process (PID=8755) to work on /opt/anaconda3/envs/python310/lib/python3.10/site-packages/airflow/example_dags/example_branch_labels.py
[2024-12-14T20:48:05.255-0500] {processor.py:914} INFO - Processing file /opt/anaconda3/envs/python310/lib/python3.10/site-packages/airflow/example_dags/example_branch_labels.py for tasks to queue
[2024-12-14T20:48:05.256-0500] {logging_mixin.py:190} INFO - [2024-12-14T20:48:05.256-0500] {dagbag.py:588} INFO - Filling up the DagBag from /opt/anaconda3/envs/python310/lib/python3.10/site-packages/airflow/example_dags/example_branch_labels.py
[2024-12-14T20:48:05.259-0500] {processor.py:925} INFO - DAG(s) 'example_branch_labels' retrieved from /opt/anaconda3/envs/python310/lib/python3.10/site-packages/airflow/example_dags/example_branch_labels.py
[2024-12-14T20:48:05.313-0500] {logging_mixin.py:190} INFO - [2024-12-14T20:48:05.313-0500] {dag.py:3239} INFO - Sync 1 DAGs
[2024-12-14T20:48:05.320-0500] {logging_mixin.py:190} INFO - [2024-12-14T20:48:05.320-0500] {dag.py:4180} INFO - Setting next_dagrun for example_branch_labels to 2024-12-14 00:00:00+00:00, run_after=2024-12-15 00:00:00+00:00
[2024-12-14T20:48:05.325-0500] {processor.py:208} INFO - Processing /opt/anaconda3/envs/python310/lib/python3.10/site-packages/airflow/example_dags/example_branch_labels.py took 0.072 seconds
[2024-12-14T20:50:15.029-0500] {processor.py:186} INFO - Started process (PID=8972) to work on /opt/anaconda3/envs/python310/lib/python3.10/site-packages/airflow/example_dags/example_branch_labels.py
[2024-12-14T20:50:15.030-0500] {processor.py:914} INFO - Processing file /opt/anaconda3/envs/python310/lib/python3.10/site-packages/airflow/example_dags/example_branch_labels.py for tasks to queue
[2024-12-14T20:50:15.030-0500] {logging_mixin.py:190} INFO - [2024-12-14T20:50:15.030-0500] {dagbag.py:588} INFO - Filling up the DagBag from /opt/anaconda3/envs/python310/lib/python3.10/site-packages/airflow/example_dags/example_branch_labels.py
[2024-12-14T20:50:15.033-0500] {processor.py:925} INFO - DAG(s) 'example_branch_labels' retrieved from /opt/anaconda3/envs/python310/lib/python3.10/site-packages/airflow/example_dags/example_branch_labels.py
[2024-12-14T20:50:15.089-0500] {logging_mixin.py:190} INFO - [2024-12-14T20:50:15.089-0500] {dag.py:3239} INFO - Sync 1 DAGs
[2024-12-14T20:50:15.095-0500] {logging_mixin.py:190} INFO - [2024-12-14T20:50:15.095-0500] {dag.py:4180} INFO - Setting next_dagrun for example_branch_labels to 2024-12-14 00:00:00+00:00, run_after=2024-12-15 00:00:00+00:00
[2024-12-14T20:50:15.101-0500] {processor.py:208} INFO - Processing /opt/anaconda3/envs/python310/lib/python3.10/site-packages/airflow/example_dags/example_branch_labels.py took 0.074 seconds
[2024-12-14T20:52:27.523-0500] {processor.py:186} INFO - Started process (PID=9202) to work on /opt/anaconda3/envs/python310/lib/python3.10/site-packages/airflow/example_dags/example_branch_labels.py
[2024-12-14T20:52:27.523-0500] {processor.py:914} INFO - Processing file /opt/anaconda3/envs/python310/lib/python3.10/site-packages/airflow/example_dags/example_branch_labels.py for tasks to queue
[2024-12-14T20:52:27.524-0500] {logging_mixin.py:190} INFO - [2024-12-14T20:52:27.524-0500] {dagbag.py:588} INFO - Filling up the DagBag from /opt/anaconda3/envs/python310/lib/python3.10/site-packages/airflow/example_dags/example_branch_labels.py
[2024-12-14T20:52:27.527-0500] {processor.py:925} INFO - DAG(s) 'example_branch_labels' retrieved from /opt/anaconda3/envs/python310/lib/python3.10/site-packages/airflow/example_dags/example_branch_labels.py
[2024-12-14T20:52:27.581-0500] {logging_mixin.py:190} INFO - [2024-12-14T20:52:27.581-0500] {dag.py:3239} INFO - Sync 1 DAGs
[2024-12-14T20:52:27.588-0500] {logging_mixin.py:190} INFO - [2024-12-14T20:52:27.588-0500] {dag.py:4180} INFO - Setting next_dagrun for example_branch_labels to 2024-12-14 00:00:00+00:00, run_after=2024-12-15 00:00:00+00:00
[2024-12-14T20:52:27.594-0500] {processor.py:208} INFO - Processing /opt/anaconda3/envs/python310/lib/python3.10/site-packages/airflow/example_dags/example_branch_labels.py took 0.072 seconds
[2024-12-14T20:54:34.698-0500] {processor.py:186} INFO - Started process (PID=9440) to work on /opt/anaconda3/envs/python310/lib/python3.10/site-packages/airflow/example_dags/example_branch_labels.py
[2024-12-14T20:54:34.699-0500] {processor.py:914} INFO - Processing file /opt/anaconda3/envs/python310/lib/python3.10/site-packages/airflow/example_dags/example_branch_labels.py for tasks to queue
[2024-12-14T20:54:34.699-0500] {logging_mixin.py:190} INFO - [2024-12-14T20:54:34.699-0500] {dagbag.py:588} INFO - Filling up the DagBag from /opt/anaconda3/envs/python310/lib/python3.10/site-packages/airflow/example_dags/example_branch_labels.py
[2024-12-14T20:54:34.703-0500] {processor.py:925} INFO - DAG(s) 'example_branch_labels' retrieved from /opt/anaconda3/envs/python310/lib/python3.10/site-packages/airflow/example_dags/example_branch_labels.py
[2024-12-14T20:54:34.757-0500] {logging_mixin.py:190} INFO - [2024-12-14T20:54:34.757-0500] {dag.py:3239} INFO - Sync 1 DAGs
[2024-12-14T20:54:34.763-0500] {logging_mixin.py:190} INFO - [2024-12-14T20:54:34.763-0500] {dag.py:4180} INFO - Setting next_dagrun for example_branch_labels to 2024-12-14 00:00:00+00:00, run_after=2024-12-15 00:00:00+00:00
[2024-12-14T20:54:34.769-0500] {processor.py:208} INFO - Processing /opt/anaconda3/envs/python310/lib/python3.10/site-packages/airflow/example_dags/example_branch_labels.py took 0.073 seconds
