[2024-12-14T20:43:48.811-0500] {processor.py:186} INFO - Started process (PID=8310) to work on /opt/anaconda3/envs/python310/lib/python3.10/site-packages/airflow/example_dags/example_branch_operator.py
[2024-12-14T20:43:48.812-0500] {processor.py:914} INFO - Processing file /opt/anaconda3/envs/python310/lib/python3.10/site-packages/airflow/example_dags/example_branch_operator.py for tasks to queue
[2024-12-14T20:43:48.812-0500] {logging_mixin.py:190} INFO - [2024-12-14T20:43:48.812-0500] {dagbag.py:588} INFO - Filling up the DagBag from /opt/anaconda3/envs/python310/lib/python3.10/site-packages/airflow/example_dags/example_branch_operator.py
[2024-12-14T20:43:48.839-0500] {processor.py:927} WARNING - No viable dags retrieved from /opt/anaconda3/envs/python310/lib/python3.10/site-packages/airflow/example_dags/example_branch_operator.py
[2024-12-14T20:43:48.868-0500] {processor.py:208} INFO - Processing /opt/anaconda3/envs/python310/lib/python3.10/site-packages/airflow/example_dags/example_branch_operator.py took 0.058 seconds
[2024-12-14T20:45:56.081-0500] {processor.py:186} INFO - Started process (PID=8532) to work on /opt/anaconda3/envs/python310/lib/python3.10/site-packages/airflow/example_dags/example_branch_operator.py
[2024-12-14T20:45:56.083-0500] {processor.py:914} INFO - Processing file /opt/anaconda3/envs/python310/lib/python3.10/site-packages/airflow/example_dags/example_branch_operator.py for tasks to queue
[2024-12-14T20:45:56.083-0500] {logging_mixin.py:190} INFO - [2024-12-14T20:45:56.083-0500] {dagbag.py:588} INFO - Filling up the DagBag from /opt/anaconda3/envs/python310/lib/python3.10/site-packages/airflow/example_dags/example_branch_operator.py
[2024-12-14T20:45:56.113-0500] {processor.py:927} WARNING - No viable dags retrieved from /opt/anaconda3/envs/python310/lib/python3.10/site-packages/airflow/example_dags/example_branch_operator.py
[2024-12-14T20:45:56.145-0500] {processor.py:208} INFO - Processing /opt/anaconda3/envs/python310/lib/python3.10/site-packages/airflow/example_dags/example_branch_operator.py took 0.065 seconds
[2024-12-14T20:48:03.778-0500] {processor.py:186} INFO - Started process (PID=8753) to work on /opt/anaconda3/envs/python310/lib/python3.10/site-packages/airflow/example_dags/example_branch_operator.py
[2024-12-14T20:48:03.779-0500] {processor.py:914} INFO - Processing file /opt/anaconda3/envs/python310/lib/python3.10/site-packages/airflow/example_dags/example_branch_operator.py for tasks to queue
[2024-12-14T20:48:03.780-0500] {logging_mixin.py:190} INFO - [2024-12-14T20:48:03.780-0500] {dagbag.py:588} INFO - Filling up the DagBag from /opt/anaconda3/envs/python310/lib/python3.10/site-packages/airflow/example_dags/example_branch_operator.py
[2024-12-14T20:48:03.806-0500] {processor.py:927} WARNING - No viable dags retrieved from /opt/anaconda3/envs/python310/lib/python3.10/site-packages/airflow/example_dags/example_branch_operator.py
[2024-12-14T20:48:03.835-0500] {processor.py:208} INFO - Processing /opt/anaconda3/envs/python310/lib/python3.10/site-packages/airflow/example_dags/example_branch_operator.py took 0.057 seconds
[2024-12-14T20:50:14.312-0500] {processor.py:186} INFO - Started process (PID=8970) to work on /opt/anaconda3/envs/python310/lib/python3.10/site-packages/airflow/example_dags/example_branch_operator.py
[2024-12-14T20:50:14.313-0500] {processor.py:914} INFO - Processing file /opt/anaconda3/envs/python310/lib/python3.10/site-packages/airflow/example_dags/example_branch_operator.py for tasks to queue
[2024-12-14T20:50:14.314-0500] {logging_mixin.py:190} INFO - [2024-12-14T20:50:14.313-0500] {dagbag.py:588} INFO - Filling up the DagBag from /opt/anaconda3/envs/python310/lib/python3.10/site-packages/airflow/example_dags/example_branch_operator.py
[2024-12-14T20:50:14.340-0500] {processor.py:927} WARNING - No viable dags retrieved from /opt/anaconda3/envs/python310/lib/python3.10/site-packages/airflow/example_dags/example_branch_operator.py
[2024-12-14T20:50:14.369-0500] {processor.py:208} INFO - Processing /opt/anaconda3/envs/python310/lib/python3.10/site-packages/airflow/example_dags/example_branch_operator.py took 0.058 seconds
[2024-12-14T20:52:25.788-0500] {processor.py:186} INFO - Started process (PID=9198) to work on /opt/anaconda3/envs/python310/lib/python3.10/site-packages/airflow/example_dags/example_branch_operator.py
[2024-12-14T20:52:25.790-0500] {processor.py:914} INFO - Processing file /opt/anaconda3/envs/python310/lib/python3.10/site-packages/airflow/example_dags/example_branch_operator.py for tasks to queue
[2024-12-14T20:52:25.790-0500] {logging_mixin.py:190} INFO - [2024-12-14T20:52:25.790-0500] {dagbag.py:588} INFO - Filling up the DagBag from /opt/anaconda3/envs/python310/lib/python3.10/site-packages/airflow/example_dags/example_branch_operator.py
[2024-12-14T20:52:25.816-0500] {processor.py:927} WARNING - No viable dags retrieved from /opt/anaconda3/envs/python310/lib/python3.10/site-packages/airflow/example_dags/example_branch_operator.py
[2024-12-14T20:52:25.845-0500] {processor.py:208} INFO - Processing /opt/anaconda3/envs/python310/lib/python3.10/site-packages/airflow/example_dags/example_branch_operator.py took 0.058 seconds
[2024-12-14T20:54:32.972-0500] {processor.py:186} INFO - Started process (PID=9438) to work on /opt/anaconda3/envs/python310/lib/python3.10/site-packages/airflow/example_dags/example_branch_operator.py
[2024-12-14T20:54:32.973-0500] {processor.py:914} INFO - Processing file /opt/anaconda3/envs/python310/lib/python3.10/site-packages/airflow/example_dags/example_branch_operator.py for tasks to queue
[2024-12-14T20:54:32.973-0500] {logging_mixin.py:190} INFO - [2024-12-14T20:54:32.973-0500] {dagbag.py:588} INFO - Filling up the DagBag from /opt/anaconda3/envs/python310/lib/python3.10/site-packages/airflow/example_dags/example_branch_operator.py
[2024-12-14T20:54:33.001-0500] {processor.py:927} WARNING - No viable dags retrieved from /opt/anaconda3/envs/python310/lib/python3.10/site-packages/airflow/example_dags/example_branch_operator.py
[2024-12-14T20:54:33.029-0500] {processor.py:208} INFO - Processing /opt/anaconda3/envs/python310/lib/python3.10/site-packages/airflow/example_dags/example_branch_operator.py took 0.058 seconds
