[2024-12-14T20:43:43.751-0500] {processor.py:186} INFO - Started process (PID=8304) to work on /opt/anaconda3/envs/python310/lib/python3.10/site-packages/airflow/example_dags/example_complex.py
[2024-12-14T20:43:43.752-0500] {processor.py:914} INFO - Processing file /opt/anaconda3/envs/python310/lib/python3.10/site-packages/airflow/example_dags/example_complex.py for tasks to queue
[2024-12-14T20:43:43.752-0500] {logging_mixin.py:190} INFO - [2024-12-14T20:43:43.752-0500] {dagbag.py:588} INFO - Filling up the DagBag from /opt/anaconda3/envs/python310/lib/python3.10/site-packages/airflow/example_dags/example_complex.py
[2024-12-14T20:43:43.757-0500] {processor.py:925} INFO - DAG(s) 'example_complex' retrieved from /opt/anaconda3/envs/python310/lib/python3.10/site-packages/airflow/example_dags/example_complex.py
[2024-12-14T20:43:43.843-0500] {logging_mixin.py:190} INFO - [2024-12-14T20:43:43.843-0500] {override.py:1911} INFO - Created Permission View: can delete on DAG:example_complex
[2024-12-14T20:43:43.846-0500] {logging_mixin.py:190} INFO - [2024-12-14T20:43:43.846-0500] {override.py:1911} INFO - Created Permission View: can edit on DAG:example_complex
[2024-12-14T20:43:43.848-0500] {logging_mixin.py:190} INFO - [2024-12-14T20:43:43.848-0500] {override.py:1911} INFO - Created Permission View: can read on DAG:example_complex
[2024-12-14T20:43:43.850-0500] {logging_mixin.py:190} INFO - [2024-12-14T20:43:43.850-0500] {override.py:1911} INFO - Created Permission View: can delete on DAG Run:example_complex
[2024-12-14T20:43:43.852-0500] {logging_mixin.py:190} INFO - [2024-12-14T20:43:43.852-0500] {override.py:1911} INFO - Created Permission View: menu access on DAG Run:example_complex
[2024-12-14T20:43:43.853-0500] {logging_mixin.py:190} INFO - [2024-12-14T20:43:43.853-0500] {override.py:1911} INFO - Created Permission View: can create on DAG Run:example_complex
[2024-12-14T20:43:43.855-0500] {logging_mixin.py:190} INFO - [2024-12-14T20:43:43.855-0500] {override.py:1911} INFO - Created Permission View: can read on DAG Run:example_complex
[2024-12-14T20:43:43.855-0500] {logging_mixin.py:190} INFO - [2024-12-14T20:43:43.855-0500] {dag.py:3239} INFO - Sync 1 DAGs
[2024-12-14T20:43:43.859-0500] {logging_mixin.py:190} INFO - [2024-12-14T20:43:43.859-0500] {dag.py:3262} INFO - Creating ORM DAG for example_complex
[2024-12-14T20:43:43.859-0500] {logging_mixin.py:190} INFO - [2024-12-14T20:43:43.859-0500] {dag.py:4180} INFO - Setting next_dagrun for example_complex to None, run_after=None
[2024-12-14T20:43:43.865-0500] {processor.py:208} INFO - Processing /opt/anaconda3/envs/python310/lib/python3.10/site-packages/airflow/example_dags/example_complex.py took 0.115 seconds
[2024-12-14T20:45:50.786-0500] {processor.py:186} INFO - Started process (PID=8526) to work on /opt/anaconda3/envs/python310/lib/python3.10/site-packages/airflow/example_dags/example_complex.py
[2024-12-14T20:45:50.787-0500] {processor.py:914} INFO - Processing file /opt/anaconda3/envs/python310/lib/python3.10/site-packages/airflow/example_dags/example_complex.py for tasks to queue
[2024-12-14T20:45:50.787-0500] {logging_mixin.py:190} INFO - [2024-12-14T20:45:50.787-0500] {dagbag.py:588} INFO - Filling up the DagBag from /opt/anaconda3/envs/python310/lib/python3.10/site-packages/airflow/example_dags/example_complex.py
[2024-12-14T20:45:50.792-0500] {processor.py:925} INFO - DAG(s) 'example_complex' retrieved from /opt/anaconda3/envs/python310/lib/python3.10/site-packages/airflow/example_dags/example_complex.py
[2024-12-14T20:45:50.850-0500] {logging_mixin.py:190} INFO - [2024-12-14T20:45:50.850-0500] {dag.py:3239} INFO - Sync 1 DAGs
[2024-12-14T20:45:50.854-0500] {logging_mixin.py:190} INFO - [2024-12-14T20:45:50.854-0500] {dag.py:4180} INFO - Setting next_dagrun for example_complex to None, run_after=None
[2024-12-14T20:45:50.860-0500] {processor.py:208} INFO - Processing /opt/anaconda3/envs/python310/lib/python3.10/site-packages/airflow/example_dags/example_complex.py took 0.075 seconds
[2024-12-14T20:47:58.627-0500] {processor.py:186} INFO - Started process (PID=8747) to work on /opt/anaconda3/envs/python310/lib/python3.10/site-packages/airflow/example_dags/example_complex.py
[2024-12-14T20:47:58.628-0500] {processor.py:914} INFO - Processing file /opt/anaconda3/envs/python310/lib/python3.10/site-packages/airflow/example_dags/example_complex.py for tasks to queue
[2024-12-14T20:47:58.628-0500] {logging_mixin.py:190} INFO - [2024-12-14T20:47:58.628-0500] {dagbag.py:588} INFO - Filling up the DagBag from /opt/anaconda3/envs/python310/lib/python3.10/site-packages/airflow/example_dags/example_complex.py
[2024-12-14T20:47:58.633-0500] {processor.py:925} INFO - DAG(s) 'example_complex' retrieved from /opt/anaconda3/envs/python310/lib/python3.10/site-packages/airflow/example_dags/example_complex.py
[2024-12-14T20:47:58.690-0500] {logging_mixin.py:190} INFO - [2024-12-14T20:47:58.690-0500] {dag.py:3239} INFO - Sync 1 DAGs
[2024-12-14T20:47:58.694-0500] {logging_mixin.py:190} INFO - [2024-12-14T20:47:58.694-0500] {dag.py:4180} INFO - Setting next_dagrun for example_complex to None, run_after=None
[2024-12-14T20:47:58.700-0500] {processor.py:208} INFO - Processing /opt/anaconda3/envs/python310/lib/python3.10/site-packages/airflow/example_dags/example_complex.py took 0.074 seconds
[2024-12-14T20:50:09.307-0500] {processor.py:186} INFO - Started process (PID=8963) to work on /opt/anaconda3/envs/python310/lib/python3.10/site-packages/airflow/example_dags/example_complex.py
[2024-12-14T20:50:09.308-0500] {processor.py:914} INFO - Processing file /opt/anaconda3/envs/python310/lib/python3.10/site-packages/airflow/example_dags/example_complex.py for tasks to queue
[2024-12-14T20:50:09.309-0500] {logging_mixin.py:190} INFO - [2024-12-14T20:50:09.309-0500] {dagbag.py:588} INFO - Filling up the DagBag from /opt/anaconda3/envs/python310/lib/python3.10/site-packages/airflow/example_dags/example_complex.py
[2024-12-14T20:50:09.314-0500] {processor.py:925} INFO - DAG(s) 'example_complex' retrieved from /opt/anaconda3/envs/python310/lib/python3.10/site-packages/airflow/example_dags/example_complex.py
[2024-12-14T20:50:09.374-0500] {logging_mixin.py:190} INFO - [2024-12-14T20:50:09.374-0500] {dag.py:3239} INFO - Sync 1 DAGs
[2024-12-14T20:50:09.378-0500] {logging_mixin.py:190} INFO - [2024-12-14T20:50:09.378-0500] {dag.py:4180} INFO - Setting next_dagrun for example_complex to None, run_after=None
[2024-12-14T20:50:09.384-0500] {processor.py:208} INFO - Processing /opt/anaconda3/envs/python310/lib/python3.10/site-packages/airflow/example_dags/example_complex.py took 0.078 seconds
[2024-12-14T20:52:20.447-0500] {processor.py:186} INFO - Started process (PID=9191) to work on /opt/anaconda3/envs/python310/lib/python3.10/site-packages/airflow/example_dags/example_complex.py
[2024-12-14T20:52:20.448-0500] {processor.py:914} INFO - Processing file /opt/anaconda3/envs/python310/lib/python3.10/site-packages/airflow/example_dags/example_complex.py for tasks to queue
[2024-12-14T20:52:20.448-0500] {logging_mixin.py:190} INFO - [2024-12-14T20:52:20.448-0500] {dagbag.py:588} INFO - Filling up the DagBag from /opt/anaconda3/envs/python310/lib/python3.10/site-packages/airflow/example_dags/example_complex.py
[2024-12-14T20:52:20.453-0500] {processor.py:925} INFO - DAG(s) 'example_complex' retrieved from /opt/anaconda3/envs/python310/lib/python3.10/site-packages/airflow/example_dags/example_complex.py
[2024-12-14T20:52:20.513-0500] {logging_mixin.py:190} INFO - [2024-12-14T20:52:20.513-0500] {dag.py:3239} INFO - Sync 1 DAGs
[2024-12-14T20:52:20.517-0500] {logging_mixin.py:190} INFO - [2024-12-14T20:52:20.517-0500] {dag.py:4180} INFO - Setting next_dagrun for example_complex to None, run_after=None
[2024-12-14T20:52:20.523-0500] {processor.py:208} INFO - Processing /opt/anaconda3/envs/python310/lib/python3.10/site-packages/airflow/example_dags/example_complex.py took 0.077 seconds
[2024-12-14T20:54:29.144-0500] {processor.py:186} INFO - Started process (PID=9432) to work on /opt/anaconda3/envs/python310/lib/python3.10/site-packages/airflow/example_dags/example_complex.py
[2024-12-14T20:54:29.144-0500] {processor.py:914} INFO - Processing file /opt/anaconda3/envs/python310/lib/python3.10/site-packages/airflow/example_dags/example_complex.py for tasks to queue
[2024-12-14T20:54:29.145-0500] {logging_mixin.py:190} INFO - [2024-12-14T20:54:29.145-0500] {dagbag.py:588} INFO - Filling up the DagBag from /opt/anaconda3/envs/python310/lib/python3.10/site-packages/airflow/example_dags/example_complex.py
[2024-12-14T20:54:29.150-0500] {processor.py:925} INFO - DAG(s) 'example_complex' retrieved from /opt/anaconda3/envs/python310/lib/python3.10/site-packages/airflow/example_dags/example_complex.py
[2024-12-14T20:54:29.207-0500] {logging_mixin.py:190} INFO - [2024-12-14T20:54:29.207-0500] {dag.py:3239} INFO - Sync 1 DAGs
[2024-12-14T20:54:29.211-0500] {logging_mixin.py:190} INFO - [2024-12-14T20:54:29.211-0500] {dag.py:4180} INFO - Setting next_dagrun for example_complex to None, run_after=None
[2024-12-14T20:54:29.217-0500] {processor.py:208} INFO - Processing /opt/anaconda3/envs/python310/lib/python3.10/site-packages/airflow/example_dags/example_complex.py took 0.074 seconds
