[2024-12-14T20:43:47.069-0500] {processor.py:186} INFO - Started process (PID=8308) to work on /opt/anaconda3/envs/python310/lib/python3.10/site-packages/airflow/example_dags/example_branch_operator_decorator.py
[2024-12-14T20:43:47.069-0500] {processor.py:914} INFO - Processing file /opt/anaconda3/envs/python310/lib/python3.10/site-packages/airflow/example_dags/example_branch_operator_decorator.py for tasks to queue
[2024-12-14T20:43:47.069-0500] {logging_mixin.py:190} INFO - [2024-12-14T20:43:47.069-0500] {dagbag.py:588} INFO - Filling up the DagBag from /opt/anaconda3/envs/python310/lib/python3.10/site-packages/airflow/example_dags/example_branch_operator_decorator.py
[2024-12-14T20:43:47.099-0500] {processor.py:927} WARNING - No viable dags retrieved from /opt/anaconda3/envs/python310/lib/python3.10/site-packages/airflow/example_dags/example_branch_operator_decorator.py
[2024-12-14T20:43:47.129-0500] {processor.py:208} INFO - Processing /opt/anaconda3/envs/python310/lib/python3.10/site-packages/airflow/example_dags/example_branch_operator_decorator.py took 0.061 seconds
[2024-12-14T20:45:54.312-0500] {processor.py:186} INFO - Started process (PID=8530) to work on /opt/anaconda3/envs/python310/lib/python3.10/site-packages/airflow/example_dags/example_branch_operator_decorator.py
[2024-12-14T20:45:54.314-0500] {processor.py:914} INFO - Processing file /opt/anaconda3/envs/python310/lib/python3.10/site-packages/airflow/example_dags/example_branch_operator_decorator.py for tasks to queue
[2024-12-14T20:45:54.314-0500] {logging_mixin.py:190} INFO - [2024-12-14T20:45:54.314-0500] {dagbag.py:588} INFO - Filling up the DagBag from /opt/anaconda3/envs/python310/lib/python3.10/site-packages/airflow/example_dags/example_branch_operator_decorator.py
[2024-12-14T20:45:54.341-0500] {processor.py:927} WARNING - No viable dags retrieved from /opt/anaconda3/envs/python310/lib/python3.10/site-packages/airflow/example_dags/example_branch_operator_decorator.py
[2024-12-14T20:45:54.370-0500] {processor.py:208} INFO - Processing /opt/anaconda3/envs/python310/lib/python3.10/site-packages/airflow/example_dags/example_branch_operator_decorator.py took 0.058 seconds
[2024-12-14T20:48:02.049-0500] {processor.py:186} INFO - Started process (PID=8751) to work on /opt/anaconda3/envs/python310/lib/python3.10/site-packages/airflow/example_dags/example_branch_operator_decorator.py
[2024-12-14T20:48:02.050-0500] {processor.py:914} INFO - Processing file /opt/anaconda3/envs/python310/lib/python3.10/site-packages/airflow/example_dags/example_branch_operator_decorator.py for tasks to queue
[2024-12-14T20:48:02.050-0500] {logging_mixin.py:190} INFO - [2024-12-14T20:48:02.050-0500] {dagbag.py:588} INFO - Filling up the DagBag from /opt/anaconda3/envs/python310/lib/python3.10/site-packages/airflow/example_dags/example_branch_operator_decorator.py
[2024-12-14T20:48:02.076-0500] {processor.py:927} WARNING - No viable dags retrieved from /opt/anaconda3/envs/python310/lib/python3.10/site-packages/airflow/example_dags/example_branch_operator_decorator.py
[2024-12-14T20:48:02.105-0500] {processor.py:208} INFO - Processing /opt/anaconda3/envs/python310/lib/python3.10/site-packages/airflow/example_dags/example_branch_operator_decorator.py took 0.058 seconds
[2024-12-14T20:50:12.576-0500] {processor.py:186} INFO - Started process (PID=8967) to work on /opt/anaconda3/envs/python310/lib/python3.10/site-packages/airflow/example_dags/example_branch_operator_decorator.py
[2024-12-14T20:50:12.577-0500] {processor.py:914} INFO - Processing file /opt/anaconda3/envs/python310/lib/python3.10/site-packages/airflow/example_dags/example_branch_operator_decorator.py for tasks to queue
[2024-12-14T20:50:12.578-0500] {logging_mixin.py:190} INFO - [2024-12-14T20:50:12.578-0500] {dagbag.py:588} INFO - Filling up the DagBag from /opt/anaconda3/envs/python310/lib/python3.10/site-packages/airflow/example_dags/example_branch_operator_decorator.py
[2024-12-14T20:50:12.604-0500] {processor.py:927} WARNING - No viable dags retrieved from /opt/anaconda3/envs/python310/lib/python3.10/site-packages/airflow/example_dags/example_branch_operator_decorator.py
[2024-12-14T20:50:12.634-0500] {processor.py:208} INFO - Processing /opt/anaconda3/envs/python310/lib/python3.10/site-packages/airflow/example_dags/example_branch_operator_decorator.py took 0.059 seconds
[2024-12-14T20:52:23.997-0500] {processor.py:186} INFO - Started process (PID=9196) to work on /opt/anaconda3/envs/python310/lib/python3.10/site-packages/airflow/example_dags/example_branch_operator_decorator.py
[2024-12-14T20:52:23.999-0500] {processor.py:914} INFO - Processing file /opt/anaconda3/envs/python310/lib/python3.10/site-packages/airflow/example_dags/example_branch_operator_decorator.py for tasks to queue
[2024-12-14T20:52:23.999-0500] {logging_mixin.py:190} INFO - [2024-12-14T20:52:23.999-0500] {dagbag.py:588} INFO - Filling up the DagBag from /opt/anaconda3/envs/python310/lib/python3.10/site-packages/airflow/example_dags/example_branch_operator_decorator.py
[2024-12-14T20:52:24.026-0500] {processor.py:927} WARNING - No viable dags retrieved from /opt/anaconda3/envs/python310/lib/python3.10/site-packages/airflow/example_dags/example_branch_operator_decorator.py
[2024-12-14T20:52:24.054-0500] {processor.py:208} INFO - Processing /opt/anaconda3/envs/python310/lib/python3.10/site-packages/airflow/example_dags/example_branch_operator_decorator.py took 0.058 seconds
[2024-12-14T20:54:31.238-0500] {processor.py:186} INFO - Started process (PID=9436) to work on /opt/anaconda3/envs/python310/lib/python3.10/site-packages/airflow/example_dags/example_branch_operator_decorator.py
[2024-12-14T20:54:31.239-0500] {processor.py:914} INFO - Processing file /opt/anaconda3/envs/python310/lib/python3.10/site-packages/airflow/example_dags/example_branch_operator_decorator.py for tasks to queue
[2024-12-14T20:54:31.240-0500] {logging_mixin.py:190} INFO - [2024-12-14T20:54:31.240-0500] {dagbag.py:588} INFO - Filling up the DagBag from /opt/anaconda3/envs/python310/lib/python3.10/site-packages/airflow/example_dags/example_branch_operator_decorator.py
[2024-12-14T20:54:31.267-0500] {processor.py:927} WARNING - No viable dags retrieved from /opt/anaconda3/envs/python310/lib/python3.10/site-packages/airflow/example_dags/example_branch_operator_decorator.py
[2024-12-14T20:54:31.296-0500] {processor.py:208} INFO - Processing /opt/anaconda3/envs/python310/lib/python3.10/site-packages/airflow/example_dags/example_branch_operator_decorator.py took 0.059 seconds
