[2024-12-14T20:43:38.125-0500] {processor.py:186} INFO - Started process (PID=8290) to work on /opt/anaconda3/envs/python310/lib/python3.10/site-packages/airflow/example_dags/example_dataset_alias_with_no_taskflow.py
[2024-12-14T20:43:38.126-0500] {processor.py:914} INFO - Processing file /opt/anaconda3/envs/python310/lib/python3.10/site-packages/airflow/example_dags/example_dataset_alias_with_no_taskflow.py for tasks to queue
[2024-12-14T20:43:38.126-0500] {logging_mixin.py:190} INFO - [2024-12-14T20:43:38.126-0500] {dagbag.py:588} INFO - Filling up the DagBag from /opt/anaconda3/envs/python310/lib/python3.10/site-packages/airflow/example_dags/example_dataset_alias_with_no_taskflow.py
[2024-12-14T20:43:38.200-0500] {processor.py:925} INFO - DAG(s) 'dataset_alias_example_alias_consumer_with_no_taskflow', 'dataset_s3_bucket_consumer_with_no_taskflow', 'dataset_s3_bucket_producer_with_no_taskflow', 'dataset_alias_example_alias_producer_with_no_taskflow' retrieved from /opt/anaconda3/envs/python310/lib/python3.10/site-packages/airflow/example_dags/example_dataset_alias_with_no_taskflow.py
[2024-12-14T20:43:38.236-0500] {logging_mixin.py:190} INFO - [2024-12-14T20:43:38.235-0500] {override.py:1911} INFO - Created Permission View: can edit on DAG:dataset_alias_example_alias_consumer_with_no_taskflow
[2024-12-14T20:43:38.238-0500] {logging_mixin.py:190} INFO - [2024-12-14T20:43:38.238-0500] {override.py:1911} INFO - Created Permission View: can delete on DAG:dataset_alias_example_alias_consumer_with_no_taskflow
[2024-12-14T20:43:38.240-0500] {logging_mixin.py:190} INFO - [2024-12-14T20:43:38.240-0500] {override.py:1911} INFO - Created Permission View: can read on DAG:dataset_alias_example_alias_consumer_with_no_taskflow
[2024-12-14T20:43:38.242-0500] {logging_mixin.py:190} INFO - [2024-12-14T20:43:38.242-0500] {override.py:1911} INFO - Created Permission View: can create on DAG Run:dataset_alias_example_alias_consumer_with_no_taskflow
[2024-12-14T20:43:38.244-0500] {logging_mixin.py:190} INFO - [2024-12-14T20:43:38.244-0500] {override.py:1911} INFO - Created Permission View: menu access on DAG Run:dataset_alias_example_alias_consumer_with_no_taskflow
[2024-12-14T20:43:38.246-0500] {logging_mixin.py:190} INFO - [2024-12-14T20:43:38.246-0500] {override.py:1911} INFO - Created Permission View: can delete on DAG Run:dataset_alias_example_alias_consumer_with_no_taskflow
[2024-12-14T20:43:38.247-0500] {logging_mixin.py:190} INFO - [2024-12-14T20:43:38.247-0500] {override.py:1911} INFO - Created Permission View: can read on DAG Run:dataset_alias_example_alias_consumer_with_no_taskflow
[2024-12-14T20:43:38.251-0500] {logging_mixin.py:190} INFO - [2024-12-14T20:43:38.251-0500] {override.py:1911} INFO - Created Permission View: can edit on DAG:dataset_s3_bucket_consumer_with_no_taskflow
[2024-12-14T20:43:38.253-0500] {logging_mixin.py:190} INFO - [2024-12-14T20:43:38.253-0500] {override.py:1911} INFO - Created Permission View: can delete on DAG:dataset_s3_bucket_consumer_with_no_taskflow
[2024-12-14T20:43:38.254-0500] {logging_mixin.py:190} INFO - [2024-12-14T20:43:38.254-0500] {override.py:1911} INFO - Created Permission View: can read on DAG:dataset_s3_bucket_consumer_with_no_taskflow
[2024-12-14T20:43:38.256-0500] {logging_mixin.py:190} INFO - [2024-12-14T20:43:38.256-0500] {override.py:1911} INFO - Created Permission View: can create on DAG Run:dataset_s3_bucket_consumer_with_no_taskflow
[2024-12-14T20:43:38.258-0500] {logging_mixin.py:190} INFO - [2024-12-14T20:43:38.258-0500] {override.py:1911} INFO - Created Permission View: menu access on DAG Run:dataset_s3_bucket_consumer_with_no_taskflow
[2024-12-14T20:43:38.260-0500] {logging_mixin.py:190} INFO - [2024-12-14T20:43:38.260-0500] {override.py:1911} INFO - Created Permission View: can delete on DAG Run:dataset_s3_bucket_consumer_with_no_taskflow
[2024-12-14T20:43:38.261-0500] {logging_mixin.py:190} INFO - [2024-12-14T20:43:38.261-0500] {override.py:1911} INFO - Created Permission View: can read on DAG Run:dataset_s3_bucket_consumer_with_no_taskflow
[2024-12-14T20:43:38.265-0500] {logging_mixin.py:190} INFO - [2024-12-14T20:43:38.265-0500] {override.py:1911} INFO - Created Permission View: can edit on DAG:dataset_s3_bucket_producer_with_no_taskflow
[2024-12-14T20:43:38.266-0500] {logging_mixin.py:190} INFO - [2024-12-14T20:43:38.266-0500] {override.py:1911} INFO - Created Permission View: can delete on DAG:dataset_s3_bucket_producer_with_no_taskflow
[2024-12-14T20:43:38.268-0500] {logging_mixin.py:190} INFO - [2024-12-14T20:43:38.268-0500] {override.py:1911} INFO - Created Permission View: can read on DAG:dataset_s3_bucket_producer_with_no_taskflow
[2024-12-14T20:43:38.270-0500] {logging_mixin.py:190} INFO - [2024-12-14T20:43:38.270-0500] {override.py:1911} INFO - Created Permission View: can create on DAG Run:dataset_s3_bucket_producer_with_no_taskflow
[2024-12-14T20:43:38.272-0500] {logging_mixin.py:190} INFO - [2024-12-14T20:43:38.272-0500] {override.py:1911} INFO - Created Permission View: menu access on DAG Run:dataset_s3_bucket_producer_with_no_taskflow
[2024-12-14T20:43:38.273-0500] {logging_mixin.py:190} INFO - [2024-12-14T20:43:38.273-0500] {override.py:1911} INFO - Created Permission View: can delete on DAG Run:dataset_s3_bucket_producer_with_no_taskflow
[2024-12-14T20:43:38.275-0500] {logging_mixin.py:190} INFO - [2024-12-14T20:43:38.275-0500] {override.py:1911} INFO - Created Permission View: can read on DAG Run:dataset_s3_bucket_producer_with_no_taskflow
[2024-12-14T20:43:38.279-0500] {logging_mixin.py:190} INFO - [2024-12-14T20:43:38.279-0500] {override.py:1911} INFO - Created Permission View: can edit on DAG:dataset_alias_example_alias_producer_with_no_taskflow
[2024-12-14T20:43:38.281-0500] {logging_mixin.py:190} INFO - [2024-12-14T20:43:38.281-0500] {override.py:1911} INFO - Created Permission View: can delete on DAG:dataset_alias_example_alias_producer_with_no_taskflow
[2024-12-14T20:43:38.282-0500] {logging_mixin.py:190} INFO - [2024-12-14T20:43:38.282-0500] {override.py:1911} INFO - Created Permission View: can read on DAG:dataset_alias_example_alias_producer_with_no_taskflow
[2024-12-14T20:43:38.284-0500] {logging_mixin.py:190} INFO - [2024-12-14T20:43:38.284-0500] {override.py:1911} INFO - Created Permission View: can create on DAG Run:dataset_alias_example_alias_producer_with_no_taskflow
[2024-12-14T20:43:38.286-0500] {logging_mixin.py:190} INFO - [2024-12-14T20:43:38.286-0500] {override.py:1911} INFO - Created Permission View: menu access on DAG Run:dataset_alias_example_alias_producer_with_no_taskflow
[2024-12-14T20:43:38.288-0500] {logging_mixin.py:190} INFO - [2024-12-14T20:43:38.288-0500] {override.py:1911} INFO - Created Permission View: can delete on DAG Run:dataset_alias_example_alias_producer_with_no_taskflow
[2024-12-14T20:43:38.289-0500] {logging_mixin.py:190} INFO - [2024-12-14T20:43:38.289-0500] {override.py:1911} INFO - Created Permission View: can read on DAG Run:dataset_alias_example_alias_producer_with_no_taskflow
[2024-12-14T20:43:38.290-0500] {logging_mixin.py:190} INFO - [2024-12-14T20:43:38.289-0500] {dag.py:3239} INFO - Sync 4 DAGs
[2024-12-14T20:43:38.293-0500] {logging_mixin.py:190} INFO - [2024-12-14T20:43:38.293-0500] {dag.py:3262} INFO - Creating ORM DAG for dataset_s3_bucket_producer_with_no_taskflow
[2024-12-14T20:43:38.293-0500] {logging_mixin.py:190} INFO - [2024-12-14T20:43:38.293-0500] {dag.py:3262} INFO - Creating ORM DAG for dataset_s3_bucket_consumer_with_no_taskflow
[2024-12-14T20:43:38.294-0500] {logging_mixin.py:190} INFO - [2024-12-14T20:43:38.294-0500] {dag.py:3262} INFO - Creating ORM DAG for dataset_alias_example_alias_consumer_with_no_taskflow
[2024-12-14T20:43:38.294-0500] {logging_mixin.py:190} INFO - [2024-12-14T20:43:38.294-0500] {dag.py:3262} INFO - Creating ORM DAG for dataset_alias_example_alias_producer_with_no_taskflow
[2024-12-14T20:43:38.296-0500] {logging_mixin.py:190} INFO - [2024-12-14T20:43:38.296-0500] {dag.py:4180} INFO - Setting next_dagrun for dataset_alias_example_alias_consumer_with_no_taskflow to None, run_after=None
[2024-12-14T20:43:38.296-0500] {logging_mixin.py:190} INFO - [2024-12-14T20:43:38.296-0500] {dag.py:4180} INFO - Setting next_dagrun for dataset_alias_example_alias_producer_with_no_taskflow to None, run_after=None
[2024-12-14T20:43:38.297-0500] {logging_mixin.py:190} INFO - [2024-12-14T20:43:38.296-0500] {dag.py:4180} INFO - Setting next_dagrun for dataset_s3_bucket_consumer_with_no_taskflow to None, run_after=None
[2024-12-14T20:43:38.297-0500] {logging_mixin.py:190} INFO - [2024-12-14T20:43:38.297-0500] {dag.py:4180} INFO - Setting next_dagrun for dataset_s3_bucket_producer_with_no_taskflow to None, run_after=None
[2024-12-14T20:43:38.301-0500] {logging_mixin.py:190} INFO - [2024-12-14T20:43:38.301-0500] {workday.py:41} WARNING - Could not import pandas. Holidays will not be considered.
[2024-12-14T20:43:38.307-0500] {processor.py:208} INFO - Processing /opt/anaconda3/envs/python310/lib/python3.10/site-packages/airflow/example_dags/example_dataset_alias_with_no_taskflow.py took 0.182 seconds
[2024-12-14T20:45:45.162-0500] {processor.py:186} INFO - Started process (PID=8513) to work on /opt/anaconda3/envs/python310/lib/python3.10/site-packages/airflow/example_dags/example_dataset_alias_with_no_taskflow.py
[2024-12-14T20:45:45.163-0500] {processor.py:914} INFO - Processing file /opt/anaconda3/envs/python310/lib/python3.10/site-packages/airflow/example_dags/example_dataset_alias_with_no_taskflow.py for tasks to queue
[2024-12-14T20:45:45.164-0500] {logging_mixin.py:190} INFO - [2024-12-14T20:45:45.164-0500] {dagbag.py:588} INFO - Filling up the DagBag from /opt/anaconda3/envs/python310/lib/python3.10/site-packages/airflow/example_dags/example_dataset_alias_with_no_taskflow.py
[2024-12-14T20:45:45.233-0500] {processor.py:925} INFO - DAG(s) 'dataset_alias_example_alias_consumer_with_no_taskflow', 'dataset_s3_bucket_consumer_with_no_taskflow', 'dataset_s3_bucket_producer_with_no_taskflow', 'dataset_alias_example_alias_producer_with_no_taskflow' retrieved from /opt/anaconda3/envs/python310/lib/python3.10/site-packages/airflow/example_dags/example_dataset_alias_with_no_taskflow.py
[2024-12-14T20:45:45.241-0500] {logging_mixin.py:190} INFO - [2024-12-14T20:45:45.241-0500] {dag.py:3239} INFO - Sync 4 DAGs
[2024-12-14T20:45:45.247-0500] {logging_mixin.py:190} INFO - [2024-12-14T20:45:45.247-0500] {dag.py:4180} INFO - Setting next_dagrun for dataset_alias_example_alias_consumer_with_no_taskflow to None, run_after=None
[2024-12-14T20:45:45.248-0500] {logging_mixin.py:190} INFO - [2024-12-14T20:45:45.248-0500] {dag.py:4180} INFO - Setting next_dagrun for dataset_alias_example_alias_producer_with_no_taskflow to None, run_after=None
[2024-12-14T20:45:45.248-0500] {logging_mixin.py:190} INFO - [2024-12-14T20:45:45.248-0500] {dag.py:4180} INFO - Setting next_dagrun for dataset_s3_bucket_consumer_with_no_taskflow to None, run_after=None
[2024-12-14T20:45:45.248-0500] {logging_mixin.py:190} INFO - [2024-12-14T20:45:45.248-0500] {dag.py:4180} INFO - Setting next_dagrun for dataset_s3_bucket_producer_with_no_taskflow to None, run_after=None
[2024-12-14T20:45:45.255-0500] {processor.py:208} INFO - Processing /opt/anaconda3/envs/python310/lib/python3.10/site-packages/airflow/example_dags/example_dataset_alias_with_no_taskflow.py took 0.094 seconds
[2024-12-14T20:47:53.075-0500] {processor.py:186} INFO - Started process (PID=8730) to work on /opt/anaconda3/envs/python310/lib/python3.10/site-packages/airflow/example_dags/example_dataset_alias_with_no_taskflow.py
[2024-12-14T20:47:53.078-0500] {processor.py:914} INFO - Processing file /opt/anaconda3/envs/python310/lib/python3.10/site-packages/airflow/example_dags/example_dataset_alias_with_no_taskflow.py for tasks to queue
[2024-12-14T20:47:53.079-0500] {logging_mixin.py:190} INFO - [2024-12-14T20:47:53.078-0500] {dagbag.py:588} INFO - Filling up the DagBag from /opt/anaconda3/envs/python310/lib/python3.10/site-packages/airflow/example_dags/example_dataset_alias_with_no_taskflow.py
[2024-12-14T20:47:53.148-0500] {processor.py:925} INFO - DAG(s) 'dataset_s3_bucket_consumer_with_no_taskflow', 'dataset_alias_example_alias_producer_with_no_taskflow', 'dataset_s3_bucket_producer_with_no_taskflow', 'dataset_alias_example_alias_consumer_with_no_taskflow' retrieved from /opt/anaconda3/envs/python310/lib/python3.10/site-packages/airflow/example_dags/example_dataset_alias_with_no_taskflow.py
[2024-12-14T20:47:53.156-0500] {logging_mixin.py:190} INFO - [2024-12-14T20:47:53.155-0500] {dag.py:3239} INFO - Sync 4 DAGs
[2024-12-14T20:47:53.161-0500] {logging_mixin.py:190} INFO - [2024-12-14T20:47:53.161-0500] {dag.py:4180} INFO - Setting next_dagrun for dataset_alias_example_alias_consumer_with_no_taskflow to None, run_after=None
[2024-12-14T20:47:53.163-0500] {logging_mixin.py:190} INFO - [2024-12-14T20:47:53.162-0500] {dag.py:4180} INFO - Setting next_dagrun for dataset_alias_example_alias_producer_with_no_taskflow to None, run_after=None
[2024-12-14T20:47:53.163-0500] {logging_mixin.py:190} INFO - [2024-12-14T20:47:53.163-0500] {dag.py:4180} INFO - Setting next_dagrun for dataset_s3_bucket_consumer_with_no_taskflow to None, run_after=None
[2024-12-14T20:47:53.163-0500] {logging_mixin.py:190} INFO - [2024-12-14T20:47:53.163-0500] {dag.py:4180} INFO - Setting next_dagrun for dataset_s3_bucket_producer_with_no_taskflow to None, run_after=None
[2024-12-14T20:47:53.170-0500] {processor.py:208} INFO - Processing /opt/anaconda3/envs/python310/lib/python3.10/site-packages/airflow/example_dags/example_dataset_alias_with_no_taskflow.py took 0.096 seconds
[2024-12-14T20:50:03.940-0500] {processor.py:186} INFO - Started process (PID=8950) to work on /opt/anaconda3/envs/python310/lib/python3.10/site-packages/airflow/example_dags/example_dataset_alias_with_no_taskflow.py
[2024-12-14T20:50:03.941-0500] {processor.py:914} INFO - Processing file /opt/anaconda3/envs/python310/lib/python3.10/site-packages/airflow/example_dags/example_dataset_alias_with_no_taskflow.py for tasks to queue
[2024-12-14T20:50:03.942-0500] {logging_mixin.py:190} INFO - [2024-12-14T20:50:03.942-0500] {dagbag.py:588} INFO - Filling up the DagBag from /opt/anaconda3/envs/python310/lib/python3.10/site-packages/airflow/example_dags/example_dataset_alias_with_no_taskflow.py
[2024-12-14T20:50:04.012-0500] {processor.py:925} INFO - DAG(s) 'dataset_alias_example_alias_producer_with_no_taskflow', 'dataset_s3_bucket_producer_with_no_taskflow', 'dataset_alias_example_alias_consumer_with_no_taskflow', 'dataset_s3_bucket_consumer_with_no_taskflow' retrieved from /opt/anaconda3/envs/python310/lib/python3.10/site-packages/airflow/example_dags/example_dataset_alias_with_no_taskflow.py
[2024-12-14T20:50:04.019-0500] {logging_mixin.py:190} INFO - [2024-12-14T20:50:04.019-0500] {dag.py:3239} INFO - Sync 4 DAGs
[2024-12-14T20:50:04.025-0500] {logging_mixin.py:190} INFO - [2024-12-14T20:50:04.025-0500] {dag.py:4180} INFO - Setting next_dagrun for dataset_alias_example_alias_consumer_with_no_taskflow to None, run_after=None
[2024-12-14T20:50:04.026-0500] {logging_mixin.py:190} INFO - [2024-12-14T20:50:04.026-0500] {dag.py:4180} INFO - Setting next_dagrun for dataset_alias_example_alias_producer_with_no_taskflow to None, run_after=None
[2024-12-14T20:50:04.026-0500] {logging_mixin.py:190} INFO - [2024-12-14T20:50:04.026-0500] {dag.py:4180} INFO - Setting next_dagrun for dataset_s3_bucket_consumer_with_no_taskflow to None, run_after=None
[2024-12-14T20:50:04.027-0500] {logging_mixin.py:190} INFO - [2024-12-14T20:50:04.027-0500] {dag.py:4180} INFO - Setting next_dagrun for dataset_s3_bucket_producer_with_no_taskflow to None, run_after=None
[2024-12-14T20:50:04.033-0500] {processor.py:208} INFO - Processing /opt/anaconda3/envs/python310/lib/python3.10/site-packages/airflow/example_dags/example_dataset_alias_with_no_taskflow.py took 0.094 seconds
[2024-12-14T20:52:14.888-0500] {processor.py:186} INFO - Started process (PID=9180) to work on /opt/anaconda3/envs/python310/lib/python3.10/site-packages/airflow/example_dags/example_dataset_alias_with_no_taskflow.py
[2024-12-14T20:52:14.889-0500] {processor.py:914} INFO - Processing file /opt/anaconda3/envs/python310/lib/python3.10/site-packages/airflow/example_dags/example_dataset_alias_with_no_taskflow.py for tasks to queue
[2024-12-14T20:52:14.889-0500] {logging_mixin.py:190} INFO - [2024-12-14T20:52:14.889-0500] {dagbag.py:588} INFO - Filling up the DagBag from /opt/anaconda3/envs/python310/lib/python3.10/site-packages/airflow/example_dags/example_dataset_alias_with_no_taskflow.py
[2024-12-14T20:52:14.959-0500] {processor.py:925} INFO - DAG(s) 'dataset_s3_bucket_consumer_with_no_taskflow', 'dataset_alias_example_alias_producer_with_no_taskflow', 'dataset_s3_bucket_producer_with_no_taskflow', 'dataset_alias_example_alias_consumer_with_no_taskflow' retrieved from /opt/anaconda3/envs/python310/lib/python3.10/site-packages/airflow/example_dags/example_dataset_alias_with_no_taskflow.py
[2024-12-14T20:52:14.966-0500] {logging_mixin.py:190} INFO - [2024-12-14T20:52:14.966-0500] {dag.py:3239} INFO - Sync 4 DAGs
[2024-12-14T20:52:14.972-0500] {logging_mixin.py:190} INFO - [2024-12-14T20:52:14.972-0500] {dag.py:4180} INFO - Setting next_dagrun for dataset_alias_example_alias_consumer_with_no_taskflow to None, run_after=None
[2024-12-14T20:52:14.973-0500] {logging_mixin.py:190} INFO - [2024-12-14T20:52:14.973-0500] {dag.py:4180} INFO - Setting next_dagrun for dataset_alias_example_alias_producer_with_no_taskflow to None, run_after=None
[2024-12-14T20:52:14.974-0500] {logging_mixin.py:190} INFO - [2024-12-14T20:52:14.974-0500] {dag.py:4180} INFO - Setting next_dagrun for dataset_s3_bucket_consumer_with_no_taskflow to None, run_after=None
[2024-12-14T20:52:14.974-0500] {logging_mixin.py:190} INFO - [2024-12-14T20:52:14.974-0500] {dag.py:4180} INFO - Setting next_dagrun for dataset_s3_bucket_producer_with_no_taskflow to None, run_after=None
[2024-12-14T20:52:14.981-0500] {processor.py:208} INFO - Processing /opt/anaconda3/envs/python310/lib/python3.10/site-packages/airflow/example_dags/example_dataset_alias_with_no_taskflow.py took 0.093 seconds
[2024-12-14T20:54:24.199-0500] {processor.py:186} INFO - Started process (PID=9424) to work on /opt/anaconda3/envs/python310/lib/python3.10/site-packages/airflow/example_dags/example_dataset_alias_with_no_taskflow.py
[2024-12-14T20:54:24.200-0500] {processor.py:914} INFO - Processing file /opt/anaconda3/envs/python310/lib/python3.10/site-packages/airflow/example_dags/example_dataset_alias_with_no_taskflow.py for tasks to queue
[2024-12-14T20:54:24.200-0500] {logging_mixin.py:190} INFO - [2024-12-14T20:54:24.200-0500] {dagbag.py:588} INFO - Filling up the DagBag from /opt/anaconda3/envs/python310/lib/python3.10/site-packages/airflow/example_dags/example_dataset_alias_with_no_taskflow.py
[2024-12-14T20:54:24.270-0500] {processor.py:925} INFO - DAG(s) 'dataset_s3_bucket_producer_with_no_taskflow', 'dataset_alias_example_alias_consumer_with_no_taskflow', 'dataset_alias_example_alias_producer_with_no_taskflow', 'dataset_s3_bucket_consumer_with_no_taskflow' retrieved from /opt/anaconda3/envs/python310/lib/python3.10/site-packages/airflow/example_dags/example_dataset_alias_with_no_taskflow.py
[2024-12-14T20:54:24.278-0500] {logging_mixin.py:190} INFO - [2024-12-14T20:54:24.278-0500] {dag.py:3239} INFO - Sync 4 DAGs
[2024-12-14T20:54:24.284-0500] {logging_mixin.py:190} INFO - [2024-12-14T20:54:24.284-0500] {dag.py:4180} INFO - Setting next_dagrun for dataset_alias_example_alias_consumer_with_no_taskflow to None, run_after=None
[2024-12-14T20:54:24.285-0500] {logging_mixin.py:190} INFO - [2024-12-14T20:54:24.285-0500] {dag.py:4180} INFO - Setting next_dagrun for dataset_alias_example_alias_producer_with_no_taskflow to None, run_after=None
[2024-12-14T20:54:24.285-0500] {logging_mixin.py:190} INFO - [2024-12-14T20:54:24.285-0500] {dag.py:4180} INFO - Setting next_dagrun for dataset_s3_bucket_consumer_with_no_taskflow to None, run_after=None
[2024-12-14T20:54:24.286-0500] {logging_mixin.py:190} INFO - [2024-12-14T20:54:24.286-0500] {dag.py:4180} INFO - Setting next_dagrun for dataset_s3_bucket_producer_with_no_taskflow to None, run_after=None
[2024-12-14T20:54:24.293-0500] {processor.py:208} INFO - Processing /opt/anaconda3/envs/python310/lib/python3.10/site-packages/airflow/example_dags/example_dataset_alias_with_no_taskflow.py took 0.095 seconds
