[2024-12-14T20:43:22.542-0500] {processor.py:186} INFO - Started process (PID=8255) to work on /opt/anaconda3/envs/python310/lib/python3.10/site-packages/airflow/example_dags/example_latest_only_with_trigger.py
[2024-12-14T20:43:22.542-0500] {processor.py:914} INFO - Processing file /opt/anaconda3/envs/python310/lib/python3.10/site-packages/airflow/example_dags/example_latest_only_with_trigger.py for tasks to queue
[2024-12-14T20:43:22.543-0500] {logging_mixin.py:190} INFO - [2024-12-14T20:43:22.543-0500] {dagbag.py:588} INFO - Filling up the DagBag from /opt/anaconda3/envs/python310/lib/python3.10/site-packages/airflow/example_dags/example_latest_only_with_trigger.py
[2024-12-14T20:43:22.546-0500] {processor.py:925} INFO - DAG(s) 'latest_only_with_trigger' retrieved from /opt/anaconda3/envs/python310/lib/python3.10/site-packages/airflow/example_dags/example_latest_only_with_trigger.py
[2024-12-14T20:43:22.630-0500] {logging_mixin.py:190} INFO - [2024-12-14T20:43:22.630-0500] {override.py:1911} INFO - Created Permission View: can edit on DAG:latest_only_with_trigger
[2024-12-14T20:43:22.633-0500] {logging_mixin.py:190} INFO - [2024-12-14T20:43:22.633-0500] {override.py:1911} INFO - Created Permission View: can read on DAG:latest_only_with_trigger
[2024-12-14T20:43:22.635-0500] {logging_mixin.py:190} INFO - [2024-12-14T20:43:22.635-0500] {override.py:1911} INFO - Created Permission View: can delete on DAG:latest_only_with_trigger
[2024-12-14T20:43:22.637-0500] {logging_mixin.py:190} INFO - [2024-12-14T20:43:22.637-0500] {override.py:1911} INFO - Created Permission View: can create on DAG Run:latest_only_with_trigger
[2024-12-14T20:43:22.639-0500] {logging_mixin.py:190} INFO - [2024-12-14T20:43:22.639-0500] {override.py:1911} INFO - Created Permission View: menu access on DAG Run:latest_only_with_trigger
[2024-12-14T20:43:22.641-0500] {logging_mixin.py:190} INFO - [2024-12-14T20:43:22.641-0500] {override.py:1911} INFO - Created Permission View: can read on DAG Run:latest_only_with_trigger
[2024-12-14T20:43:22.642-0500] {logging_mixin.py:190} INFO - [2024-12-14T20:43:22.642-0500] {override.py:1911} INFO - Created Permission View: can delete on DAG Run:latest_only_with_trigger
[2024-12-14T20:43:22.642-0500] {logging_mixin.py:190} INFO - [2024-12-14T20:43:22.642-0500] {dag.py:3239} INFO - Sync 1 DAGs
[2024-12-14T20:43:22.646-0500] {logging_mixin.py:190} INFO - [2024-12-14T20:43:22.646-0500] {dag.py:3262} INFO - Creating ORM DAG for latest_only_with_trigger
[2024-12-14T20:43:22.649-0500] {logging_mixin.py:190} INFO - [2024-12-14T20:43:22.649-0500] {dag.py:4180} INFO - Setting next_dagrun for latest_only_with_trigger to 2024-12-14 20:00:00+00:00, run_after=2024-12-15 00:00:00+00:00
[2024-12-14T20:43:22.655-0500] {processor.py:208} INFO - Processing /opt/anaconda3/envs/python310/lib/python3.10/site-packages/airflow/example_dags/example_latest_only_with_trigger.py took 0.114 seconds
[2024-12-14T20:44:55.507-0500] {processor.py:186} INFO - Started process (PID=8425) to work on /opt/anaconda3/envs/python310/lib/python3.10/site-packages/airflow/example_dags/example_latest_only_with_trigger.py
[2024-12-14T20:44:55.508-0500] {processor.py:914} INFO - Processing file /opt/anaconda3/envs/python310/lib/python3.10/site-packages/airflow/example_dags/example_latest_only_with_trigger.py for tasks to queue
[2024-12-14T20:44:55.508-0500] {logging_mixin.py:190} INFO - [2024-12-14T20:44:55.508-0500] {dagbag.py:588} INFO - Filling up the DagBag from /opt/anaconda3/envs/python310/lib/python3.10/site-packages/airflow/example_dags/example_latest_only_with_trigger.py
[2024-12-14T20:44:55.511-0500] {processor.py:925} INFO - DAG(s) 'latest_only_with_trigger' retrieved from /opt/anaconda3/envs/python310/lib/python3.10/site-packages/airflow/example_dags/example_latest_only_with_trigger.py
[2024-12-14T20:44:55.565-0500] {logging_mixin.py:190} INFO - [2024-12-14T20:44:55.565-0500] {dag.py:3239} INFO - Sync 1 DAGs
[2024-12-14T20:44:55.572-0500] {logging_mixin.py:190} INFO - [2024-12-14T20:44:55.571-0500] {dag.py:4180} INFO - Setting next_dagrun for latest_only_with_trigger to 2024-12-14 20:00:00+00:00, run_after=2024-12-15 00:00:00+00:00
[2024-12-14T20:44:55.578-0500] {processor.py:208} INFO - Processing /opt/anaconda3/envs/python310/lib/python3.10/site-packages/airflow/example_dags/example_latest_only_with_trigger.py took 0.072 seconds
[2024-12-14T20:47:02.588-0500] {processor.py:186} INFO - Started process (PID=8647) to work on /opt/anaconda3/envs/python310/lib/python3.10/site-packages/airflow/example_dags/example_latest_only_with_trigger.py
[2024-12-14T20:47:02.589-0500] {processor.py:914} INFO - Processing file /opt/anaconda3/envs/python310/lib/python3.10/site-packages/airflow/example_dags/example_latest_only_with_trigger.py for tasks to queue
[2024-12-14T20:47:02.590-0500] {logging_mixin.py:190} INFO - [2024-12-14T20:47:02.589-0500] {dagbag.py:588} INFO - Filling up the DagBag from /opt/anaconda3/envs/python310/lib/python3.10/site-packages/airflow/example_dags/example_latest_only_with_trigger.py
[2024-12-14T20:47:02.592-0500] {processor.py:925} INFO - DAG(s) 'latest_only_with_trigger' retrieved from /opt/anaconda3/envs/python310/lib/python3.10/site-packages/airflow/example_dags/example_latest_only_with_trigger.py
[2024-12-14T20:47:02.646-0500] {logging_mixin.py:190} INFO - [2024-12-14T20:47:02.646-0500] {dag.py:3239} INFO - Sync 1 DAGs
[2024-12-14T20:47:02.652-0500] {logging_mixin.py:190} INFO - [2024-12-14T20:47:02.652-0500] {dag.py:4180} INFO - Setting next_dagrun for latest_only_with_trigger to 2024-12-14 20:00:00+00:00, run_after=2024-12-15 00:00:00+00:00
[2024-12-14T20:47:02.658-0500] {processor.py:208} INFO - Processing /opt/anaconda3/envs/python310/lib/python3.10/site-packages/airflow/example_dags/example_latest_only_with_trigger.py took 0.071 seconds
[2024-12-14T20:49:11.235-0500] {processor.py:186} INFO - Started process (PID=8865) to work on /opt/anaconda3/envs/python310/lib/python3.10/site-packages/airflow/example_dags/example_latest_only_with_trigger.py
[2024-12-14T20:49:11.237-0500] {processor.py:914} INFO - Processing file /opt/anaconda3/envs/python310/lib/python3.10/site-packages/airflow/example_dags/example_latest_only_with_trigger.py for tasks to queue
[2024-12-14T20:49:11.237-0500] {logging_mixin.py:190} INFO - [2024-12-14T20:49:11.237-0500] {dagbag.py:588} INFO - Filling up the DagBag from /opt/anaconda3/envs/python310/lib/python3.10/site-packages/airflow/example_dags/example_latest_only_with_trigger.py
[2024-12-14T20:49:11.240-0500] {processor.py:925} INFO - DAG(s) 'latest_only_with_trigger' retrieved from /opt/anaconda3/envs/python310/lib/python3.10/site-packages/airflow/example_dags/example_latest_only_with_trigger.py
[2024-12-14T20:49:11.294-0500] {logging_mixin.py:190} INFO - [2024-12-14T20:49:11.294-0500] {dag.py:3239} INFO - Sync 1 DAGs
[2024-12-14T20:49:11.301-0500] {logging_mixin.py:190} INFO - [2024-12-14T20:49:11.301-0500] {dag.py:4180} INFO - Setting next_dagrun for latest_only_with_trigger to 2024-12-14 20:00:00+00:00, run_after=2024-12-15 00:00:00+00:00
[2024-12-14T20:49:11.306-0500] {processor.py:208} INFO - Processing /opt/anaconda3/envs/python310/lib/python3.10/site-packages/airflow/example_dags/example_latest_only_with_trigger.py took 0.072 seconds
[2024-12-14T20:51:23.885-0500] {processor.py:186} INFO - Started process (PID=9087) to work on /opt/anaconda3/envs/python310/lib/python3.10/site-packages/airflow/example_dags/example_latest_only_with_trigger.py
[2024-12-14T20:51:23.886-0500] {processor.py:914} INFO - Processing file /opt/anaconda3/envs/python310/lib/python3.10/site-packages/airflow/example_dags/example_latest_only_with_trigger.py for tasks to queue
[2024-12-14T20:51:23.886-0500] {logging_mixin.py:190} INFO - [2024-12-14T20:51:23.886-0500] {dagbag.py:588} INFO - Filling up the DagBag from /opt/anaconda3/envs/python310/lib/python3.10/site-packages/airflow/example_dags/example_latest_only_with_trigger.py
[2024-12-14T20:51:23.889-0500] {processor.py:925} INFO - DAG(s) 'latest_only_with_trigger' retrieved from /opt/anaconda3/envs/python310/lib/python3.10/site-packages/airflow/example_dags/example_latest_only_with_trigger.py
[2024-12-14T20:51:23.942-0500] {logging_mixin.py:190} INFO - [2024-12-14T20:51:23.942-0500] {dag.py:3239} INFO - Sync 1 DAGs
[2024-12-14T20:51:23.949-0500] {logging_mixin.py:190} INFO - [2024-12-14T20:51:23.948-0500] {dag.py:4180} INFO - Setting next_dagrun for latest_only_with_trigger to 2024-12-14 20:00:00+00:00, run_after=2024-12-15 00:00:00+00:00
[2024-12-14T20:51:23.955-0500] {processor.py:208} INFO - Processing /opt/anaconda3/envs/python310/lib/python3.10/site-packages/airflow/example_dags/example_latest_only_with_trigger.py took 0.070 seconds
[2024-12-14T20:53:34.450-0500] {processor.py:186} INFO - Started process (PID=9339) to work on /opt/anaconda3/envs/python310/lib/python3.10/site-packages/airflow/example_dags/example_latest_only_with_trigger.py
[2024-12-14T20:53:34.451-0500] {processor.py:914} INFO - Processing file /opt/anaconda3/envs/python310/lib/python3.10/site-packages/airflow/example_dags/example_latest_only_with_trigger.py for tasks to queue
[2024-12-14T20:53:34.451-0500] {logging_mixin.py:190} INFO - [2024-12-14T20:53:34.451-0500] {dagbag.py:588} INFO - Filling up the DagBag from /opt/anaconda3/envs/python310/lib/python3.10/site-packages/airflow/example_dags/example_latest_only_with_trigger.py
[2024-12-14T20:53:34.455-0500] {processor.py:925} INFO - DAG(s) 'latest_only_with_trigger' retrieved from /opt/anaconda3/envs/python310/lib/python3.10/site-packages/airflow/example_dags/example_latest_only_with_trigger.py
[2024-12-14T20:53:34.515-0500] {logging_mixin.py:190} INFO - [2024-12-14T20:53:34.514-0500] {dag.py:3239} INFO - Sync 1 DAGs
[2024-12-14T20:53:34.527-0500] {logging_mixin.py:190} INFO - [2024-12-14T20:53:34.527-0500] {dag.py:4180} INFO - Setting next_dagrun for latest_only_with_trigger to 2024-12-14 20:00:00+00:00, run_after=2024-12-15 00:00:00+00:00
[2024-12-14T20:53:34.533-0500] {processor.py:208} INFO - Processing /opt/anaconda3/envs/python310/lib/python3.10/site-packages/airflow/example_dags/example_latest_only_with_trigger.py took 0.085 seconds
