[2024-12-14T20:43:45.556-0500] {processor.py:186} INFO - Started process (PID=8306) to work on /opt/anaconda3/envs/python310/lib/python3.10/site-packages/airflow/example_dags/example_branch_python_dop_operator_3.py
[2024-12-14T20:43:45.556-0500] {processor.py:914} INFO - Processing file /opt/anaconda3/envs/python310/lib/python3.10/site-packages/airflow/example_dags/example_branch_python_dop_operator_3.py for tasks to queue
[2024-12-14T20:43:45.557-0500] {logging_mixin.py:190} INFO - [2024-12-14T20:43:45.557-0500] {dagbag.py:588} INFO - Filling up the DagBag from /opt/anaconda3/envs/python310/lib/python3.10/site-packages/airflow/example_dags/example_branch_python_dop_operator_3.py
[2024-12-14T20:43:45.591-0500] {processor.py:925} INFO - DAG(s) 'example_branch_dop_operator_v3' retrieved from /opt/anaconda3/envs/python310/lib/python3.10/site-packages/airflow/example_dags/example_branch_python_dop_operator_3.py
[2024-12-14T20:43:45.653-0500] {logging_mixin.py:190} INFO - [2024-12-14T20:43:45.653-0500] {override.py:1911} INFO - Created Permission View: can edit on DAG:example_branch_dop_operator_v3
[2024-12-14T20:43:45.656-0500] {logging_mixin.py:190} INFO - [2024-12-14T20:43:45.656-0500] {override.py:1911} INFO - Created Permission View: can delete on DAG:example_branch_dop_operator_v3
[2024-12-14T20:43:45.658-0500] {logging_mixin.py:190} INFO - [2024-12-14T20:43:45.658-0500] {override.py:1911} INFO - Created Permission View: can read on DAG:example_branch_dop_operator_v3
[2024-12-14T20:43:45.660-0500] {logging_mixin.py:190} INFO - [2024-12-14T20:43:45.660-0500] {override.py:1911} INFO - Created Permission View: can create on DAG Run:example_branch_dop_operator_v3
[2024-12-14T20:43:45.661-0500] {logging_mixin.py:190} INFO - [2024-12-14T20:43:45.661-0500] {override.py:1911} INFO - Created Permission View: can delete on DAG Run:example_branch_dop_operator_v3
[2024-12-14T20:43:45.663-0500] {logging_mixin.py:190} INFO - [2024-12-14T20:43:45.663-0500] {override.py:1911} INFO - Created Permission View: can read on DAG Run:example_branch_dop_operator_v3
[2024-12-14T20:43:45.665-0500] {logging_mixin.py:190} INFO - [2024-12-14T20:43:45.665-0500] {override.py:1911} INFO - Created Permission View: menu access on DAG Run:example_branch_dop_operator_v3
[2024-12-14T20:43:45.665-0500] {logging_mixin.py:190} INFO - [2024-12-14T20:43:45.665-0500] {dag.py:3239} INFO - Sync 1 DAGs
[2024-12-14T20:43:45.669-0500] {logging_mixin.py:190} INFO - [2024-12-14T20:43:45.669-0500] {dag.py:3262} INFO - Creating ORM DAG for example_branch_dop_operator_v3
[2024-12-14T20:43:45.673-0500] {logging_mixin.py:190} INFO - [2024-12-14T20:43:45.673-0500] {dag.py:4180} INFO - Setting next_dagrun for example_branch_dop_operator_v3 to 2024-12-15 01:42:00+00:00, run_after=2024-12-15 01:43:00+00:00
[2024-12-14T20:43:45.678-0500] {processor.py:208} INFO - Processing /opt/anaconda3/envs/python310/lib/python3.10/site-packages/airflow/example_dags/example_branch_python_dop_operator_3.py took 0.123 seconds
[2024-12-14T20:45:52.545-0500] {processor.py:186} INFO - Started process (PID=8528) to work on /opt/anaconda3/envs/python310/lib/python3.10/site-packages/airflow/example_dags/example_branch_python_dop_operator_3.py
[2024-12-14T20:45:52.546-0500] {processor.py:914} INFO - Processing file /opt/anaconda3/envs/python310/lib/python3.10/site-packages/airflow/example_dags/example_branch_python_dop_operator_3.py for tasks to queue
[2024-12-14T20:45:52.546-0500] {logging_mixin.py:190} INFO - [2024-12-14T20:45:52.546-0500] {dagbag.py:588} INFO - Filling up the DagBag from /opt/anaconda3/envs/python310/lib/python3.10/site-packages/airflow/example_dags/example_branch_python_dop_operator_3.py
[2024-12-14T20:45:52.580-0500] {processor.py:925} INFO - DAG(s) 'example_branch_dop_operator_v3' retrieved from /opt/anaconda3/envs/python310/lib/python3.10/site-packages/airflow/example_dags/example_branch_python_dop_operator_3.py
[2024-12-14T20:45:52.613-0500] {logging_mixin.py:190} INFO - [2024-12-14T20:45:52.612-0500] {dag.py:3239} INFO - Sync 1 DAGs
[2024-12-14T20:45:52.620-0500] {logging_mixin.py:190} INFO - [2024-12-14T20:45:52.620-0500] {dag.py:4180} INFO - Setting next_dagrun for example_branch_dop_operator_v3 to 2024-12-15 01:44:00+00:00, run_after=2024-12-15 01:45:00+00:00
[2024-12-14T20:45:52.626-0500] {processor.py:208} INFO - Processing /opt/anaconda3/envs/python310/lib/python3.10/site-packages/airflow/example_dags/example_branch_python_dop_operator_3.py took 0.082 seconds
[2024-12-14T20:48:00.384-0500] {processor.py:186} INFO - Started process (PID=8749) to work on /opt/anaconda3/envs/python310/lib/python3.10/site-packages/airflow/example_dags/example_branch_python_dop_operator_3.py
[2024-12-14T20:48:00.385-0500] {processor.py:914} INFO - Processing file /opt/anaconda3/envs/python310/lib/python3.10/site-packages/airflow/example_dags/example_branch_python_dop_operator_3.py for tasks to queue
[2024-12-14T20:48:00.385-0500] {logging_mixin.py:190} INFO - [2024-12-14T20:48:00.385-0500] {dagbag.py:588} INFO - Filling up the DagBag from /opt/anaconda3/envs/python310/lib/python3.10/site-packages/airflow/example_dags/example_branch_python_dop_operator_3.py
[2024-12-14T20:48:00.419-0500] {processor.py:925} INFO - DAG(s) 'example_branch_dop_operator_v3' retrieved from /opt/anaconda3/envs/python310/lib/python3.10/site-packages/airflow/example_dags/example_branch_python_dop_operator_3.py
[2024-12-14T20:48:00.452-0500] {logging_mixin.py:190} INFO - [2024-12-14T20:48:00.452-0500] {dag.py:3239} INFO - Sync 1 DAGs
[2024-12-14T20:48:00.459-0500] {logging_mixin.py:190} INFO - [2024-12-14T20:48:00.459-0500] {dag.py:4180} INFO - Setting next_dagrun for example_branch_dop_operator_v3 to 2024-12-15 01:47:00+00:00, run_after=2024-12-15 01:48:00+00:00
[2024-12-14T20:48:00.466-0500] {processor.py:208} INFO - Processing /opt/anaconda3/envs/python310/lib/python3.10/site-packages/airflow/example_dags/example_branch_python_dop_operator_3.py took 0.083 seconds
[2024-12-14T20:50:10.789-0500] {processor.py:186} INFO - Started process (PID=8965) to work on /opt/anaconda3/envs/python310/lib/python3.10/site-packages/airflow/example_dags/example_branch_python_dop_operator_3.py
[2024-12-14T20:50:10.790-0500] {processor.py:914} INFO - Processing file /opt/anaconda3/envs/python310/lib/python3.10/site-packages/airflow/example_dags/example_branch_python_dop_operator_3.py for tasks to queue
[2024-12-14T20:50:10.791-0500] {logging_mixin.py:190} INFO - [2024-12-14T20:50:10.790-0500] {dagbag.py:588} INFO - Filling up the DagBag from /opt/anaconda3/envs/python310/lib/python3.10/site-packages/airflow/example_dags/example_branch_python_dop_operator_3.py
[2024-12-14T20:50:10.826-0500] {processor.py:925} INFO - DAG(s) 'example_branch_dop_operator_v3' retrieved from /opt/anaconda3/envs/python310/lib/python3.10/site-packages/airflow/example_dags/example_branch_python_dop_operator_3.py
[2024-12-14T20:50:10.862-0500] {logging_mixin.py:190} INFO - [2024-12-14T20:50:10.862-0500] {dag.py:3239} INFO - Sync 1 DAGs
[2024-12-14T20:50:10.869-0500] {logging_mixin.py:190} INFO - [2024-12-14T20:50:10.869-0500] {dag.py:4180} INFO - Setting next_dagrun for example_branch_dop_operator_v3 to 2024-12-15 01:49:00+00:00, run_after=2024-12-15 01:50:00+00:00
[2024-12-14T20:50:10.877-0500] {processor.py:208} INFO - Processing /opt/anaconda3/envs/python310/lib/python3.10/site-packages/airflow/example_dags/example_branch_python_dop_operator_3.py took 0.089 seconds
[2024-12-14T20:52:22.238-0500] {processor.py:186} INFO - Started process (PID=9194) to work on /opt/anaconda3/envs/python310/lib/python3.10/site-packages/airflow/example_dags/example_branch_python_dop_operator_3.py
[2024-12-14T20:52:22.238-0500] {processor.py:914} INFO - Processing file /opt/anaconda3/envs/python310/lib/python3.10/site-packages/airflow/example_dags/example_branch_python_dop_operator_3.py for tasks to queue
[2024-12-14T20:52:22.239-0500] {logging_mixin.py:190} INFO - [2024-12-14T20:52:22.239-0500] {dagbag.py:588} INFO - Filling up the DagBag from /opt/anaconda3/envs/python310/lib/python3.10/site-packages/airflow/example_dags/example_branch_python_dop_operator_3.py
[2024-12-14T20:52:22.272-0500] {processor.py:925} INFO - DAG(s) 'example_branch_dop_operator_v3' retrieved from /opt/anaconda3/envs/python310/lib/python3.10/site-packages/airflow/example_dags/example_branch_python_dop_operator_3.py
[2024-12-14T20:52:22.305-0500] {logging_mixin.py:190} INFO - [2024-12-14T20:52:22.305-0500] {dag.py:3239} INFO - Sync 1 DAGs
[2024-12-14T20:52:22.312-0500] {logging_mixin.py:190} INFO - [2024-12-14T20:52:22.312-0500] {dag.py:4180} INFO - Setting next_dagrun for example_branch_dop_operator_v3 to 2024-12-15 01:51:00+00:00, run_after=2024-12-15 01:52:00+00:00
[2024-12-14T20:52:22.318-0500] {processor.py:208} INFO - Processing /opt/anaconda3/envs/python310/lib/python3.10/site-packages/airflow/example_dags/example_branch_python_dop_operator_3.py took 0.082 seconds
[2024-12-14T20:54:29.977-0500] {processor.py:186} INFO - Started process (PID=9434) to work on /opt/anaconda3/envs/python310/lib/python3.10/site-packages/airflow/example_dags/example_branch_python_dop_operator_3.py
[2024-12-14T20:54:29.978-0500] {processor.py:914} INFO - Processing file /opt/anaconda3/envs/python310/lib/python3.10/site-packages/airflow/example_dags/example_branch_python_dop_operator_3.py for tasks to queue
[2024-12-14T20:54:29.978-0500] {logging_mixin.py:190} INFO - [2024-12-14T20:54:29.978-0500] {dagbag.py:588} INFO - Filling up the DagBag from /opt/anaconda3/envs/python310/lib/python3.10/site-packages/airflow/example_dags/example_branch_python_dop_operator_3.py
[2024-12-14T20:54:30.012-0500] {processor.py:925} INFO - DAG(s) 'example_branch_dop_operator_v3' retrieved from /opt/anaconda3/envs/python310/lib/python3.10/site-packages/airflow/example_dags/example_branch_python_dop_operator_3.py
[2024-12-14T20:54:30.045-0500] {logging_mixin.py:190} INFO - [2024-12-14T20:54:30.045-0500] {dag.py:3239} INFO - Sync 1 DAGs
[2024-12-14T20:54:30.052-0500] {logging_mixin.py:190} INFO - [2024-12-14T20:54:30.052-0500] {dag.py:4180} INFO - Setting next_dagrun for example_branch_dop_operator_v3 to 2024-12-15 01:53:00+00:00, run_after=2024-12-15 01:54:00+00:00
[2024-12-14T20:54:30.058-0500] {processor.py:208} INFO - Processing /opt/anaconda3/envs/python310/lib/python3.10/site-packages/airflow/example_dags/example_branch_python_dop_operator_3.py took 0.082 seconds
