[2024-12-14T20:42:48.400-0500] {processor.py:186} INFO - Started process (PID=8191) to work on /opt/anaconda3/envs/python310/lib/python3.10/site-packages/airflow/example_dags/example_trigger_controller_dag.py
[2024-12-14T20:42:48.400-0500] {processor.py:914} INFO - Processing file /opt/anaconda3/envs/python310/lib/python3.10/site-packages/airflow/example_dags/example_trigger_controller_dag.py for tasks to queue
[2024-12-14T20:42:48.400-0500] {logging_mixin.py:190} INFO - [2024-12-14T20:42:48.400-0500] {dagbag.py:588} INFO - Filling up the DagBag from /opt/anaconda3/envs/python310/lib/python3.10/site-packages/airflow/example_dags/example_trigger_controller_dag.py
[2024-12-14T20:42:48.404-0500] {processor.py:925} INFO - DAG(s) 'example_trigger_controller_dag' retrieved from /opt/anaconda3/envs/python310/lib/python3.10/site-packages/airflow/example_dags/example_trigger_controller_dag.py
[2024-12-14T20:42:48.487-0500] {logging_mixin.py:190} INFO - [2024-12-14T20:42:48.486-0500] {override.py:1911} INFO - Created Permission View: can delete on DAG:example_trigger_controller_dag
[2024-12-14T20:42:48.489-0500] {logging_mixin.py:190} INFO - [2024-12-14T20:42:48.489-0500] {override.py:1911} INFO - Created Permission View: can read on DAG:example_trigger_controller_dag
[2024-12-14T20:42:48.491-0500] {logging_mixin.py:190} INFO - [2024-12-14T20:42:48.491-0500] {override.py:1911} INFO - Created Permission View: can edit on DAG:example_trigger_controller_dag
[2024-12-14T20:42:48.494-0500] {logging_mixin.py:190} INFO - [2024-12-14T20:42:48.493-0500] {override.py:1911} INFO - Created Permission View: can create on DAG Run:example_trigger_controller_dag
[2024-12-14T20:42:48.495-0500] {logging_mixin.py:190} INFO - [2024-12-14T20:42:48.495-0500] {override.py:1911} INFO - Created Permission View: can delete on DAG Run:example_trigger_controller_dag
[2024-12-14T20:42:48.497-0500] {logging_mixin.py:190} INFO - [2024-12-14T20:42:48.497-0500] {override.py:1911} INFO - Created Permission View: can read on DAG Run:example_trigger_controller_dag
[2024-12-14T20:42:48.498-0500] {logging_mixin.py:190} INFO - [2024-12-14T20:42:48.498-0500] {override.py:1911} INFO - Created Permission View: menu access on DAG Run:example_trigger_controller_dag
[2024-12-14T20:42:48.499-0500] {logging_mixin.py:190} INFO - [2024-12-14T20:42:48.499-0500] {dag.py:3239} INFO - Sync 1 DAGs
[2024-12-14T20:42:48.502-0500] {logging_mixin.py:190} INFO - [2024-12-14T20:42:48.502-0500] {dag.py:3262} INFO - Creating ORM DAG for example_trigger_controller_dag
[2024-12-14T20:42:48.505-0500] {logging_mixin.py:190} INFO - [2024-12-14T20:42:48.505-0500] {dag.py:4180} INFO - Setting next_dagrun for example_trigger_controller_dag to 2021-01-01 00:00:00+00:00, run_after=2021-01-01 00:00:00+00:00
[2024-12-14T20:42:48.510-0500] {processor.py:208} INFO - Processing /opt/anaconda3/envs/python310/lib/python3.10/site-packages/airflow/example_dags/example_trigger_controller_dag.py took 0.112 seconds
[2024-12-14T20:44:23.348-0500] {processor.py:186} INFO - Started process (PID=8368) to work on /opt/anaconda3/envs/python310/lib/python3.10/site-packages/airflow/example_dags/example_trigger_controller_dag.py
[2024-12-14T20:44:23.349-0500] {processor.py:914} INFO - Processing file /opt/anaconda3/envs/python310/lib/python3.10/site-packages/airflow/example_dags/example_trigger_controller_dag.py for tasks to queue
[2024-12-14T20:44:23.349-0500] {logging_mixin.py:190} INFO - [2024-12-14T20:44:23.349-0500] {dagbag.py:588} INFO - Filling up the DagBag from /opt/anaconda3/envs/python310/lib/python3.10/site-packages/airflow/example_dags/example_trigger_controller_dag.py
[2024-12-14T20:44:23.353-0500] {processor.py:925} INFO - DAG(s) 'example_trigger_controller_dag' retrieved from /opt/anaconda3/envs/python310/lib/python3.10/site-packages/airflow/example_dags/example_trigger_controller_dag.py
[2024-12-14T20:44:23.404-0500] {logging_mixin.py:190} INFO - [2024-12-14T20:44:23.404-0500] {dag.py:3239} INFO - Sync 1 DAGs
[2024-12-14T20:44:23.411-0500] {logging_mixin.py:190} INFO - [2024-12-14T20:44:23.411-0500] {dag.py:4180} INFO - Setting next_dagrun for example_trigger_controller_dag to 2021-01-01 00:00:00+00:00, run_after=2021-01-01 00:00:00+00:00
[2024-12-14T20:44:23.416-0500] {processor.py:208} INFO - Processing /opt/anaconda3/envs/python310/lib/python3.10/site-packages/airflow/example_dags/example_trigger_controller_dag.py took 0.069 seconds
[2024-12-14T20:45:26.090-0500] {processor.py:186} INFO - Started process (PID=8480) to work on /opt/anaconda3/envs/python310/lib/python3.10/site-packages/airflow/example_dags/example_trigger_controller_dag.py
[2024-12-14T20:45:26.090-0500] {processor.py:914} INFO - Processing file /opt/anaconda3/envs/python310/lib/python3.10/site-packages/airflow/example_dags/example_trigger_controller_dag.py for tasks to queue
[2024-12-14T20:45:26.090-0500] {logging_mixin.py:190} INFO - [2024-12-14T20:45:26.090-0500] {dagbag.py:588} INFO - Filling up the DagBag from /opt/anaconda3/envs/python310/lib/python3.10/site-packages/airflow/example_dags/example_trigger_controller_dag.py
[2024-12-14T20:45:26.094-0500] {processor.py:925} INFO - DAG(s) 'example_trigger_controller_dag' retrieved from /opt/anaconda3/envs/python310/lib/python3.10/site-packages/airflow/example_dags/example_trigger_controller_dag.py
[2024-12-14T20:45:26.156-0500] {logging_mixin.py:190} INFO - [2024-12-14T20:45:26.156-0500] {dag.py:3239} INFO - Sync 1 DAGs
[2024-12-14T20:45:26.162-0500] {logging_mixin.py:190} INFO - [2024-12-14T20:45:26.162-0500] {dag.py:4180} INFO - Setting next_dagrun for example_trigger_controller_dag to 2021-01-01 00:00:00+00:00, run_after=2021-01-01 00:00:00+00:00
[2024-12-14T20:45:26.169-0500] {processor.py:208} INFO - Processing /opt/anaconda3/envs/python310/lib/python3.10/site-packages/airflow/example_dags/example_trigger_controller_dag.py took 0.080 seconds
[2024-12-14T20:46:29.186-0500] {processor.py:186} INFO - Started process (PID=8586) to work on /opt/anaconda3/envs/python310/lib/python3.10/site-packages/airflow/example_dags/example_trigger_controller_dag.py
[2024-12-14T20:46:29.187-0500] {processor.py:914} INFO - Processing file /opt/anaconda3/envs/python310/lib/python3.10/site-packages/airflow/example_dags/example_trigger_controller_dag.py for tasks to queue
[2024-12-14T20:46:29.187-0500] {logging_mixin.py:190} INFO - [2024-12-14T20:46:29.187-0500] {dagbag.py:588} INFO - Filling up the DagBag from /opt/anaconda3/envs/python310/lib/python3.10/site-packages/airflow/example_dags/example_trigger_controller_dag.py
[2024-12-14T20:46:29.191-0500] {processor.py:925} INFO - DAG(s) 'example_trigger_controller_dag' retrieved from /opt/anaconda3/envs/python310/lib/python3.10/site-packages/airflow/example_dags/example_trigger_controller_dag.py
[2024-12-14T20:46:29.244-0500] {logging_mixin.py:190} INFO - [2024-12-14T20:46:29.243-0500] {dag.py:3239} INFO - Sync 1 DAGs
[2024-12-14T20:46:29.249-0500] {logging_mixin.py:190} INFO - [2024-12-14T20:46:29.249-0500] {dag.py:4180} INFO - Setting next_dagrun for example_trigger_controller_dag to 2021-01-01 00:00:00+00:00, run_after=2021-01-01 00:00:00+00:00
[2024-12-14T20:46:29.255-0500] {processor.py:208} INFO - Processing /opt/anaconda3/envs/python310/lib/python3.10/site-packages/airflow/example_dags/example_trigger_controller_dag.py took 0.070 seconds
[2024-12-14T20:47:31.938-0500] {processor.py:186} INFO - Started process (PID=8695) to work on /opt/anaconda3/envs/python310/lib/python3.10/site-packages/airflow/example_dags/example_trigger_controller_dag.py
[2024-12-14T20:47:31.939-0500] {processor.py:914} INFO - Processing file /opt/anaconda3/envs/python310/lib/python3.10/site-packages/airflow/example_dags/example_trigger_controller_dag.py for tasks to queue
[2024-12-14T20:47:31.939-0500] {logging_mixin.py:190} INFO - [2024-12-14T20:47:31.939-0500] {dagbag.py:588} INFO - Filling up the DagBag from /opt/anaconda3/envs/python310/lib/python3.10/site-packages/airflow/example_dags/example_trigger_controller_dag.py
[2024-12-14T20:47:31.943-0500] {processor.py:925} INFO - DAG(s) 'example_trigger_controller_dag' retrieved from /opt/anaconda3/envs/python310/lib/python3.10/site-packages/airflow/example_dags/example_trigger_controller_dag.py
[2024-12-14T20:47:31.997-0500] {logging_mixin.py:190} INFO - [2024-12-14T20:47:31.997-0500] {dag.py:3239} INFO - Sync 1 DAGs
[2024-12-14T20:47:32.003-0500] {logging_mixin.py:190} INFO - [2024-12-14T20:47:32.003-0500] {dag.py:4180} INFO - Setting next_dagrun for example_trigger_controller_dag to 2021-01-01 00:00:00+00:00, run_after=2021-01-01 00:00:00+00:00
[2024-12-14T20:47:32.010-0500] {processor.py:208} INFO - Processing /opt/anaconda3/envs/python310/lib/python3.10/site-packages/airflow/example_dags/example_trigger_controller_dag.py took 0.074 seconds
[2024-12-14T20:48:36.510-0500] {processor.py:186} INFO - Started process (PID=8807) to work on /opt/anaconda3/envs/python310/lib/python3.10/site-packages/airflow/example_dags/example_trigger_controller_dag.py
[2024-12-14T20:48:36.512-0500] {processor.py:914} INFO - Processing file /opt/anaconda3/envs/python310/lib/python3.10/site-packages/airflow/example_dags/example_trigger_controller_dag.py for tasks to queue
[2024-12-14T20:48:36.512-0500] {logging_mixin.py:190} INFO - [2024-12-14T20:48:36.512-0500] {dagbag.py:588} INFO - Filling up the DagBag from /opt/anaconda3/envs/python310/lib/python3.10/site-packages/airflow/example_dags/example_trigger_controller_dag.py
[2024-12-14T20:48:36.516-0500] {processor.py:925} INFO - DAG(s) 'example_trigger_controller_dag' retrieved from /opt/anaconda3/envs/python310/lib/python3.10/site-packages/airflow/example_dags/example_trigger_controller_dag.py
[2024-12-14T20:48:36.567-0500] {logging_mixin.py:190} INFO - [2024-12-14T20:48:36.567-0500] {dag.py:3239} INFO - Sync 1 DAGs
[2024-12-14T20:48:36.573-0500] {logging_mixin.py:190} INFO - [2024-12-14T20:48:36.573-0500] {dag.py:4180} INFO - Setting next_dagrun for example_trigger_controller_dag to 2021-01-01 00:00:00+00:00, run_after=2021-01-01 00:00:00+00:00
[2024-12-14T20:48:36.579-0500] {processor.py:208} INFO - Processing /opt/anaconda3/envs/python310/lib/python3.10/site-packages/airflow/example_dags/example_trigger_controller_dag.py took 0.070 seconds
[2024-12-14T20:49:42.782-0500] {processor.py:186} INFO - Started process (PID=8914) to work on /opt/anaconda3/envs/python310/lib/python3.10/site-packages/airflow/example_dags/example_trigger_controller_dag.py
[2024-12-14T20:49:42.783-0500] {processor.py:914} INFO - Processing file /opt/anaconda3/envs/python310/lib/python3.10/site-packages/airflow/example_dags/example_trigger_controller_dag.py for tasks to queue
[2024-12-14T20:49:42.783-0500] {logging_mixin.py:190} INFO - [2024-12-14T20:49:42.783-0500] {dagbag.py:588} INFO - Filling up the DagBag from /opt/anaconda3/envs/python310/lib/python3.10/site-packages/airflow/example_dags/example_trigger_controller_dag.py
[2024-12-14T20:49:42.787-0500] {processor.py:925} INFO - DAG(s) 'example_trigger_controller_dag' retrieved from /opt/anaconda3/envs/python310/lib/python3.10/site-packages/airflow/example_dags/example_trigger_controller_dag.py
[2024-12-14T20:49:42.839-0500] {logging_mixin.py:190} INFO - [2024-12-14T20:49:42.839-0500] {dag.py:3239} INFO - Sync 1 DAGs
[2024-12-14T20:49:42.845-0500] {logging_mixin.py:190} INFO - [2024-12-14T20:49:42.845-0500] {dag.py:4180} INFO - Setting next_dagrun for example_trigger_controller_dag to 2021-01-01 00:00:00+00:00, run_after=2021-01-01 00:00:00+00:00
[2024-12-14T20:49:42.851-0500] {processor.py:208} INFO - Processing /opt/anaconda3/envs/python310/lib/python3.10/site-packages/airflow/example_dags/example_trigger_controller_dag.py took 0.070 seconds
[2024-12-14T20:50:47.237-0500] {processor.py:186} INFO - Started process (PID=9027) to work on /opt/anaconda3/envs/python310/lib/python3.10/site-packages/airflow/example_dags/example_trigger_controller_dag.py
[2024-12-14T20:50:47.237-0500] {processor.py:914} INFO - Processing file /opt/anaconda3/envs/python310/lib/python3.10/site-packages/airflow/example_dags/example_trigger_controller_dag.py for tasks to queue
[2024-12-14T20:50:47.238-0500] {logging_mixin.py:190} INFO - [2024-12-14T20:50:47.238-0500] {dagbag.py:588} INFO - Filling up the DagBag from /opt/anaconda3/envs/python310/lib/python3.10/site-packages/airflow/example_dags/example_trigger_controller_dag.py
[2024-12-14T20:50:47.241-0500] {processor.py:925} INFO - DAG(s) 'example_trigger_controller_dag' retrieved from /opt/anaconda3/envs/python310/lib/python3.10/site-packages/airflow/example_dags/example_trigger_controller_dag.py
[2024-12-14T20:50:47.293-0500] {logging_mixin.py:190} INFO - [2024-12-14T20:50:47.293-0500] {dag.py:3239} INFO - Sync 1 DAGs
[2024-12-14T20:50:47.299-0500] {logging_mixin.py:190} INFO - [2024-12-14T20:50:47.299-0500] {dag.py:4180} INFO - Setting next_dagrun for example_trigger_controller_dag to 2021-01-01 00:00:00+00:00, run_after=2021-01-01 00:00:00+00:00
[2024-12-14T20:50:47.305-0500] {processor.py:208} INFO - Processing /opt/anaconda3/envs/python310/lib/python3.10/site-packages/airflow/example_dags/example_trigger_controller_dag.py took 0.069 seconds
[2024-12-14T20:51:52.019-0500] {processor.py:186} INFO - Started process (PID=9135) to work on /opt/anaconda3/envs/python310/lib/python3.10/site-packages/airflow/example_dags/example_trigger_controller_dag.py
[2024-12-14T20:51:52.019-0500] {processor.py:914} INFO - Processing file /opt/anaconda3/envs/python310/lib/python3.10/site-packages/airflow/example_dags/example_trigger_controller_dag.py for tasks to queue
[2024-12-14T20:51:52.020-0500] {logging_mixin.py:190} INFO - [2024-12-14T20:51:52.020-0500] {dagbag.py:588} INFO - Filling up the DagBag from /opt/anaconda3/envs/python310/lib/python3.10/site-packages/airflow/example_dags/example_trigger_controller_dag.py
[2024-12-14T20:51:52.023-0500] {processor.py:925} INFO - DAG(s) 'example_trigger_controller_dag' retrieved from /opt/anaconda3/envs/python310/lib/python3.10/site-packages/airflow/example_dags/example_trigger_controller_dag.py
[2024-12-14T20:51:52.076-0500] {logging_mixin.py:190} INFO - [2024-12-14T20:51:52.076-0500] {dag.py:3239} INFO - Sync 1 DAGs
[2024-12-14T20:51:52.082-0500] {logging_mixin.py:190} INFO - [2024-12-14T20:51:52.082-0500] {dag.py:4180} INFO - Setting next_dagrun for example_trigger_controller_dag to 2021-01-01 00:00:00+00:00, run_after=2021-01-01 00:00:00+00:00
[2024-12-14T20:51:52.088-0500] {processor.py:208} INFO - Processing /opt/anaconda3/envs/python310/lib/python3.10/site-packages/airflow/example_dags/example_trigger_controller_dag.py took 0.070 seconds
[2024-12-14T20:52:59.606-0500] {processor.py:186} INFO - Started process (PID=9257) to work on /opt/anaconda3/envs/python310/lib/python3.10/site-packages/airflow/example_dags/example_trigger_controller_dag.py
[2024-12-14T20:52:59.608-0500] {processor.py:914} INFO - Processing file /opt/anaconda3/envs/python310/lib/python3.10/site-packages/airflow/example_dags/example_trigger_controller_dag.py for tasks to queue
[2024-12-14T20:52:59.608-0500] {logging_mixin.py:190} INFO - [2024-12-14T20:52:59.608-0500] {dagbag.py:588} INFO - Filling up the DagBag from /opt/anaconda3/envs/python310/lib/python3.10/site-packages/airflow/example_dags/example_trigger_controller_dag.py
[2024-12-14T20:52:59.612-0500] {processor.py:925} INFO - DAG(s) 'example_trigger_controller_dag' retrieved from /opt/anaconda3/envs/python310/lib/python3.10/site-packages/airflow/example_dags/example_trigger_controller_dag.py
[2024-12-14T20:52:59.663-0500] {logging_mixin.py:190} INFO - [2024-12-14T20:52:59.663-0500] {dag.py:3239} INFO - Sync 1 DAGs
[2024-12-14T20:52:59.669-0500] {logging_mixin.py:190} INFO - [2024-12-14T20:52:59.669-0500] {dag.py:4180} INFO - Setting next_dagrun for example_trigger_controller_dag to 2021-01-01 00:00:00+00:00, run_after=2021-01-01 00:00:00+00:00
[2024-12-14T20:52:59.675-0500] {processor.py:208} INFO - Processing /opt/anaconda3/envs/python310/lib/python3.10/site-packages/airflow/example_dags/example_trigger_controller_dag.py took 0.070 seconds
[2024-12-14T20:54:03.910-0500] {processor.py:186} INFO - Started process (PID=9390) to work on /opt/anaconda3/envs/python310/lib/python3.10/site-packages/airflow/example_dags/example_trigger_controller_dag.py
[2024-12-14T20:54:03.912-0500] {processor.py:914} INFO - Processing file /opt/anaconda3/envs/python310/lib/python3.10/site-packages/airflow/example_dags/example_trigger_controller_dag.py for tasks to queue
[2024-12-14T20:54:03.912-0500] {logging_mixin.py:190} INFO - [2024-12-14T20:54:03.912-0500] {dagbag.py:588} INFO - Filling up the DagBag from /opt/anaconda3/envs/python310/lib/python3.10/site-packages/airflow/example_dags/example_trigger_controller_dag.py
[2024-12-14T20:54:03.916-0500] {processor.py:925} INFO - DAG(s) 'example_trigger_controller_dag' retrieved from /opt/anaconda3/envs/python310/lib/python3.10/site-packages/airflow/example_dags/example_trigger_controller_dag.py
[2024-12-14T20:54:03.967-0500] {logging_mixin.py:190} INFO - [2024-12-14T20:54:03.967-0500] {dag.py:3239} INFO - Sync 1 DAGs
[2024-12-14T20:54:03.973-0500] {logging_mixin.py:190} INFO - [2024-12-14T20:54:03.973-0500] {dag.py:4180} INFO - Setting next_dagrun for example_trigger_controller_dag to 2021-01-01 00:00:00+00:00, run_after=2021-01-01 00:00:00+00:00
[2024-12-14T20:54:03.979-0500] {processor.py:208} INFO - Processing /opt/anaconda3/envs/python310/lib/python3.10/site-packages/airflow/example_dags/example_trigger_controller_dag.py took 0.070 seconds
[2024-12-14T20:55:09.062-0500] {processor.py:186} INFO - Started process (PID=9499) to work on /opt/anaconda3/envs/python310/lib/python3.10/site-packages/airflow/example_dags/example_trigger_controller_dag.py
[2024-12-14T20:55:09.062-0500] {processor.py:914} INFO - Processing file /opt/anaconda3/envs/python310/lib/python3.10/site-packages/airflow/example_dags/example_trigger_controller_dag.py for tasks to queue
[2024-12-14T20:55:09.063-0500] {logging_mixin.py:190} INFO - [2024-12-14T20:55:09.063-0500] {dagbag.py:588} INFO - Filling up the DagBag from /opt/anaconda3/envs/python310/lib/python3.10/site-packages/airflow/example_dags/example_trigger_controller_dag.py
[2024-12-14T20:55:09.068-0500] {processor.py:925} INFO - DAG(s) 'example_trigger_controller_dag' retrieved from /opt/anaconda3/envs/python310/lib/python3.10/site-packages/airflow/example_dags/example_trigger_controller_dag.py
[2024-12-14T20:55:09.121-0500] {logging_mixin.py:190} INFO - [2024-12-14T20:55:09.121-0500] {dag.py:3239} INFO - Sync 1 DAGs
[2024-12-14T20:55:09.127-0500] {logging_mixin.py:190} INFO - [2024-12-14T20:55:09.127-0500] {dag.py:4180} INFO - Setting next_dagrun for example_trigger_controller_dag to 2021-01-01 00:00:00+00:00, run_after=2021-01-01 00:00:00+00:00
[2024-12-14T20:55:09.133-0500] {processor.py:208} INFO - Processing /opt/anaconda3/envs/python310/lib/python3.10/site-packages/airflow/example_dags/example_trigger_controller_dag.py took 0.074 seconds
