[2024-12-14T20:43:10.854-0500] {processor.py:186} INFO - Started process (PID=8239) to work on /opt/anaconda3/envs/python310/lib/python3.10/site-packages/airflow/example_dags/example_python_decorator.py
[2024-12-14T20:43:10.854-0500] {processor.py:914} INFO - Processing file /opt/anaconda3/envs/python310/lib/python3.10/site-packages/airflow/example_dags/example_python_decorator.py for tasks to queue
[2024-12-14T20:43:10.855-0500] {logging_mixin.py:190} INFO - [2024-12-14T20:43:10.855-0500] {dagbag.py:588} INFO - Filling up the DagBag from /opt/anaconda3/envs/python310/lib/python3.10/site-packages/airflow/example_dags/example_python_decorator.py
[2024-12-14T20:43:10.887-0500] {logging_mixin.py:190} INFO - [2024-12-14T20:43:10.886-0500] {example_python_decorator.py:80} WARNING - The virtalenv_python example task requires virtualenv, please install it.
[2024-12-14T20:43:10.887-0500] {processor.py:925} INFO - DAG(s) 'example_python_decorator' retrieved from /opt/anaconda3/envs/python310/lib/python3.10/site-packages/airflow/example_dags/example_python_decorator.py
[2024-12-14T20:43:10.950-0500] {logging_mixin.py:190} INFO - [2024-12-14T20:43:10.950-0500] {override.py:1911} INFO - Created Permission View: can edit on DAG:example_python_decorator
[2024-12-14T20:43:10.953-0500] {logging_mixin.py:190} INFO - [2024-12-14T20:43:10.953-0500] {override.py:1911} INFO - Created Permission View: can read on DAG:example_python_decorator
[2024-12-14T20:43:10.955-0500] {logging_mixin.py:190} INFO - [2024-12-14T20:43:10.955-0500] {override.py:1911} INFO - Created Permission View: can delete on DAG:example_python_decorator
[2024-12-14T20:43:10.957-0500] {logging_mixin.py:190} INFO - [2024-12-14T20:43:10.957-0500] {override.py:1911} INFO - Created Permission View: menu access on DAG Run:example_python_decorator
[2024-12-14T20:43:10.958-0500] {logging_mixin.py:190} INFO - [2024-12-14T20:43:10.958-0500] {override.py:1911} INFO - Created Permission View: can read on DAG Run:example_python_decorator
[2024-12-14T20:43:10.960-0500] {logging_mixin.py:190} INFO - [2024-12-14T20:43:10.960-0500] {override.py:1911} INFO - Created Permission View: can delete on DAG Run:example_python_decorator
[2024-12-14T20:43:10.962-0500] {logging_mixin.py:190} INFO - [2024-12-14T20:43:10.962-0500] {override.py:1911} INFO - Created Permission View: can create on DAG Run:example_python_decorator
[2024-12-14T20:43:10.962-0500] {logging_mixin.py:190} INFO - [2024-12-14T20:43:10.962-0500] {dag.py:3239} INFO - Sync 1 DAGs
[2024-12-14T20:43:10.965-0500] {logging_mixin.py:190} INFO - [2024-12-14T20:43:10.965-0500] {dag.py:3262} INFO - Creating ORM DAG for example_python_decorator
[2024-12-14T20:43:10.966-0500] {logging_mixin.py:190} INFO - [2024-12-14T20:43:10.966-0500] {dag.py:4180} INFO - Setting next_dagrun for example_python_decorator to None, run_after=None
[2024-12-14T20:43:10.971-0500] {processor.py:208} INFO - Processing /opt/anaconda3/envs/python310/lib/python3.10/site-packages/airflow/example_dags/example_python_decorator.py took 0.118 seconds
[2024-12-14T20:44:44.449-0500] {processor.py:186} INFO - Started process (PID=8409) to work on /opt/anaconda3/envs/python310/lib/python3.10/site-packages/airflow/example_dags/example_python_decorator.py
[2024-12-14T20:44:44.450-0500] {processor.py:914} INFO - Processing file /opt/anaconda3/envs/python310/lib/python3.10/site-packages/airflow/example_dags/example_python_decorator.py for tasks to queue
[2024-12-14T20:44:44.450-0500] {logging_mixin.py:190} INFO - [2024-12-14T20:44:44.450-0500] {dagbag.py:588} INFO - Filling up the DagBag from /opt/anaconda3/envs/python310/lib/python3.10/site-packages/airflow/example_dags/example_python_decorator.py
[2024-12-14T20:44:44.483-0500] {logging_mixin.py:190} INFO - [2024-12-14T20:44:44.483-0500] {example_python_decorator.py:80} WARNING - The virtalenv_python example task requires virtualenv, please install it.
[2024-12-14T20:44:44.484-0500] {processor.py:925} INFO - DAG(s) 'example_python_decorator' retrieved from /opt/anaconda3/envs/python310/lib/python3.10/site-packages/airflow/example_dags/example_python_decorator.py
[2024-12-14T20:44:44.517-0500] {logging_mixin.py:190} INFO - [2024-12-14T20:44:44.517-0500] {dag.py:3239} INFO - Sync 1 DAGs
[2024-12-14T20:44:44.521-0500] {logging_mixin.py:190} INFO - [2024-12-14T20:44:44.520-0500] {dag.py:4180} INFO - Setting next_dagrun for example_python_decorator to None, run_after=None
[2024-12-14T20:44:44.526-0500] {processor.py:208} INFO - Processing /opt/anaconda3/envs/python310/lib/python3.10/site-packages/airflow/example_dags/example_python_decorator.py took 0.078 seconds
[2024-12-14T20:46:51.461-0500] {processor.py:186} INFO - Started process (PID=8625) to work on /opt/anaconda3/envs/python310/lib/python3.10/site-packages/airflow/example_dags/example_python_decorator.py
[2024-12-14T20:46:51.462-0500] {processor.py:914} INFO - Processing file /opt/anaconda3/envs/python310/lib/python3.10/site-packages/airflow/example_dags/example_python_decorator.py for tasks to queue
[2024-12-14T20:46:51.462-0500] {logging_mixin.py:190} INFO - [2024-12-14T20:46:51.462-0500] {dagbag.py:588} INFO - Filling up the DagBag from /opt/anaconda3/envs/python310/lib/python3.10/site-packages/airflow/example_dags/example_python_decorator.py
[2024-12-14T20:46:51.495-0500] {logging_mixin.py:190} INFO - [2024-12-14T20:46:51.495-0500] {example_python_decorator.py:80} WARNING - The virtalenv_python example task requires virtualenv, please install it.
[2024-12-14T20:46:51.496-0500] {processor.py:925} INFO - DAG(s) 'example_python_decorator' retrieved from /opt/anaconda3/envs/python310/lib/python3.10/site-packages/airflow/example_dags/example_python_decorator.py
[2024-12-14T20:46:51.529-0500] {logging_mixin.py:190} INFO - [2024-12-14T20:46:51.529-0500] {dag.py:3239} INFO - Sync 1 DAGs
[2024-12-14T20:46:51.532-0500] {logging_mixin.py:190} INFO - [2024-12-14T20:46:51.532-0500] {dag.py:4180} INFO - Setting next_dagrun for example_python_decorator to None, run_after=None
[2024-12-14T20:46:51.538-0500] {processor.py:208} INFO - Processing /opt/anaconda3/envs/python310/lib/python3.10/site-packages/airflow/example_dags/example_python_decorator.py took 0.078 seconds
[2024-12-14T20:48:58.790-0500] {processor.py:186} INFO - Started process (PID=8845) to work on /opt/anaconda3/envs/python310/lib/python3.10/site-packages/airflow/example_dags/example_python_decorator.py
[2024-12-14T20:48:58.791-0500] {processor.py:914} INFO - Processing file /opt/anaconda3/envs/python310/lib/python3.10/site-packages/airflow/example_dags/example_python_decorator.py for tasks to queue
[2024-12-14T20:48:58.791-0500] {logging_mixin.py:190} INFO - [2024-12-14T20:48:58.791-0500] {dagbag.py:588} INFO - Filling up the DagBag from /opt/anaconda3/envs/python310/lib/python3.10/site-packages/airflow/example_dags/example_python_decorator.py
[2024-12-14T20:48:58.824-0500] {logging_mixin.py:190} INFO - [2024-12-14T20:48:58.824-0500] {example_python_decorator.py:80} WARNING - The virtalenv_python example task requires virtualenv, please install it.
[2024-12-14T20:48:58.824-0500] {processor.py:925} INFO - DAG(s) 'example_python_decorator' retrieved from /opt/anaconda3/envs/python310/lib/python3.10/site-packages/airflow/example_dags/example_python_decorator.py
[2024-12-14T20:48:58.857-0500] {logging_mixin.py:190} INFO - [2024-12-14T20:48:58.857-0500] {dag.py:3239} INFO - Sync 1 DAGs
[2024-12-14T20:48:58.861-0500] {logging_mixin.py:190} INFO - [2024-12-14T20:48:58.861-0500] {dag.py:4180} INFO - Setting next_dagrun for example_python_decorator to None, run_after=None
[2024-12-14T20:48:58.867-0500] {processor.py:208} INFO - Processing /opt/anaconda3/envs/python310/lib/python3.10/site-packages/airflow/example_dags/example_python_decorator.py took 0.078 seconds
[2024-12-14T20:51:11.591-0500] {processor.py:186} INFO - Started process (PID=9067) to work on /opt/anaconda3/envs/python310/lib/python3.10/site-packages/airflow/example_dags/example_python_decorator.py
[2024-12-14T20:51:11.591-0500] {processor.py:914} INFO - Processing file /opt/anaconda3/envs/python310/lib/python3.10/site-packages/airflow/example_dags/example_python_decorator.py for tasks to queue
[2024-12-14T20:51:11.591-0500] {logging_mixin.py:190} INFO - [2024-12-14T20:51:11.591-0500] {dagbag.py:588} INFO - Filling up the DagBag from /opt/anaconda3/envs/python310/lib/python3.10/site-packages/airflow/example_dags/example_python_decorator.py
[2024-12-14T20:51:11.624-0500] {logging_mixin.py:190} INFO - [2024-12-14T20:51:11.624-0500] {example_python_decorator.py:80} WARNING - The virtalenv_python example task requires virtualenv, please install it.
[2024-12-14T20:51:11.625-0500] {processor.py:925} INFO - DAG(s) 'example_python_decorator' retrieved from /opt/anaconda3/envs/python310/lib/python3.10/site-packages/airflow/example_dags/example_python_decorator.py
[2024-12-14T20:51:11.658-0500] {logging_mixin.py:190} INFO - [2024-12-14T20:51:11.658-0500] {dag.py:3239} INFO - Sync 1 DAGs
[2024-12-14T20:51:11.661-0500] {logging_mixin.py:190} INFO - [2024-12-14T20:51:11.661-0500] {dag.py:4180} INFO - Setting next_dagrun for example_python_decorator to None, run_after=None
[2024-12-14T20:51:11.667-0500] {processor.py:208} INFO - Processing /opt/anaconda3/envs/python310/lib/python3.10/site-packages/airflow/example_dags/example_python_decorator.py took 0.077 seconds
[2024-12-14T20:53:23.025-0500] {processor.py:186} INFO - Started process (PID=9316) to work on /opt/anaconda3/envs/python310/lib/python3.10/site-packages/airflow/example_dags/example_python_decorator.py
[2024-12-14T20:53:23.026-0500] {processor.py:914} INFO - Processing file /opt/anaconda3/envs/python310/lib/python3.10/site-packages/airflow/example_dags/example_python_decorator.py for tasks to queue
[2024-12-14T20:53:23.026-0500] {logging_mixin.py:190} INFO - [2024-12-14T20:53:23.026-0500] {dagbag.py:588} INFO - Filling up the DagBag from /opt/anaconda3/envs/python310/lib/python3.10/site-packages/airflow/example_dags/example_python_decorator.py
[2024-12-14T20:53:23.062-0500] {logging_mixin.py:190} INFO - [2024-12-14T20:53:23.062-0500] {example_python_decorator.py:80} WARNING - The virtalenv_python example task requires virtualenv, please install it.
[2024-12-14T20:53:23.063-0500] {processor.py:925} INFO - DAG(s) 'example_python_decorator' retrieved from /opt/anaconda3/envs/python310/lib/python3.10/site-packages/airflow/example_dags/example_python_decorator.py
[2024-12-14T20:53:23.100-0500] {logging_mixin.py:190} INFO - [2024-12-14T20:53:23.100-0500] {dag.py:3239} INFO - Sync 1 DAGs
[2024-12-14T20:53:23.104-0500] {logging_mixin.py:190} INFO - [2024-12-14T20:53:23.104-0500] {dag.py:4180} INFO - Setting next_dagrun for example_python_decorator to None, run_after=None
[2024-12-14T20:53:23.110-0500] {processor.py:208} INFO - Processing /opt/anaconda3/envs/python310/lib/python3.10/site-packages/airflow/example_dags/example_python_decorator.py took 0.086 seconds
