[2024-12-14T20:43:53.085-0500] {processor.py:186} INFO - Started process (PID=8318) to work on /opt/anaconda3/envs/python310/lib/python3.10/site-packages/airflow/example_dags/example_branch_datetime_operator.py
[2024-12-14T20:43:53.086-0500] {processor.py:914} INFO - Processing file /opt/anaconda3/envs/python310/lib/python3.10/site-packages/airflow/example_dags/example_branch_datetime_operator.py for tasks to queue
[2024-12-14T20:43:53.086-0500] {logging_mixin.py:190} INFO - [2024-12-14T20:43:53.086-0500] {dagbag.py:588} INFO - Filling up the DagBag from /opt/anaconda3/envs/python310/lib/python3.10/site-packages/airflow/example_dags/example_branch_datetime_operator.py
[2024-12-14T20:43:53.091-0500] {processor.py:925} INFO - DAG(s) 'example_branch_datetime_operator_3', 'example_branch_datetime_operator', 'example_branch_datetime_operator_2' retrieved from /opt/anaconda3/envs/python310/lib/python3.10/site-packages/airflow/example_dags/example_branch_datetime_operator.py
[2024-12-14T20:43:53.174-0500] {logging_mixin.py:190} INFO - [2024-12-14T20:43:53.174-0500] {override.py:1911} INFO - Created Permission View: can read on DAG:example_branch_datetime_operator_3
[2024-12-14T20:43:53.177-0500] {logging_mixin.py:190} INFO - [2024-12-14T20:43:53.177-0500] {override.py:1911} INFO - Created Permission View: can edit on DAG:example_branch_datetime_operator_3
[2024-12-14T20:43:53.179-0500] {logging_mixin.py:190} INFO - [2024-12-14T20:43:53.179-0500] {override.py:1911} INFO - Created Permission View: can delete on DAG:example_branch_datetime_operator_3
[2024-12-14T20:43:53.181-0500] {logging_mixin.py:190} INFO - [2024-12-14T20:43:53.181-0500] {override.py:1911} INFO - Created Permission View: can create on DAG Run:example_branch_datetime_operator_3
[2024-12-14T20:43:53.182-0500] {logging_mixin.py:190} INFO - [2024-12-14T20:43:53.182-0500] {override.py:1911} INFO - Created Permission View: can read on DAG Run:example_branch_datetime_operator_3
[2024-12-14T20:43:53.184-0500] {logging_mixin.py:190} INFO - [2024-12-14T20:43:53.184-0500] {override.py:1911} INFO - Created Permission View: can delete on DAG Run:example_branch_datetime_operator_3
[2024-12-14T20:43:53.186-0500] {logging_mixin.py:190} INFO - [2024-12-14T20:43:53.186-0500] {override.py:1911} INFO - Created Permission View: menu access on DAG Run:example_branch_datetime_operator_3
[2024-12-14T20:43:53.190-0500] {logging_mixin.py:190} INFO - [2024-12-14T20:43:53.190-0500] {override.py:1911} INFO - Created Permission View: can read on DAG:example_branch_datetime_operator
[2024-12-14T20:43:53.191-0500] {logging_mixin.py:190} INFO - [2024-12-14T20:43:53.191-0500] {override.py:1911} INFO - Created Permission View: can edit on DAG:example_branch_datetime_operator
[2024-12-14T20:43:53.193-0500] {logging_mixin.py:190} INFO - [2024-12-14T20:43:53.193-0500] {override.py:1911} INFO - Created Permission View: can delete on DAG:example_branch_datetime_operator
[2024-12-14T20:43:53.195-0500] {logging_mixin.py:190} INFO - [2024-12-14T20:43:53.195-0500] {override.py:1911} INFO - Created Permission View: can create on DAG Run:example_branch_datetime_operator
[2024-12-14T20:43:53.197-0500] {logging_mixin.py:190} INFO - [2024-12-14T20:43:53.197-0500] {override.py:1911} INFO - Created Permission View: can read on DAG Run:example_branch_datetime_operator
[2024-12-14T20:43:53.198-0500] {logging_mixin.py:190} INFO - [2024-12-14T20:43:53.198-0500] {override.py:1911} INFO - Created Permission View: can delete on DAG Run:example_branch_datetime_operator
[2024-12-14T20:43:53.200-0500] {logging_mixin.py:190} INFO - [2024-12-14T20:43:53.200-0500] {override.py:1911} INFO - Created Permission View: menu access on DAG Run:example_branch_datetime_operator
[2024-12-14T20:43:53.203-0500] {logging_mixin.py:190} INFO - [2024-12-14T20:43:53.203-0500] {override.py:1911} INFO - Created Permission View: can read on DAG:example_branch_datetime_operator_2
[2024-12-14T20:43:53.205-0500] {logging_mixin.py:190} INFO - [2024-12-14T20:43:53.205-0500] {override.py:1911} INFO - Created Permission View: can edit on DAG:example_branch_datetime_operator_2
[2024-12-14T20:43:53.207-0500] {logging_mixin.py:190} INFO - [2024-12-14T20:43:53.207-0500] {override.py:1911} INFO - Created Permission View: can delete on DAG:example_branch_datetime_operator_2
[2024-12-14T20:43:53.209-0500] {logging_mixin.py:190} INFO - [2024-12-14T20:43:53.209-0500] {override.py:1911} INFO - Created Permission View: can create on DAG Run:example_branch_datetime_operator_2
[2024-12-14T20:43:53.211-0500] {logging_mixin.py:190} INFO - [2024-12-14T20:43:53.210-0500] {override.py:1911} INFO - Created Permission View: can read on DAG Run:example_branch_datetime_operator_2
[2024-12-14T20:43:53.212-0500] {logging_mixin.py:190} INFO - [2024-12-14T20:43:53.212-0500] {override.py:1911} INFO - Created Permission View: can delete on DAG Run:example_branch_datetime_operator_2
[2024-12-14T20:43:53.214-0500] {logging_mixin.py:190} INFO - [2024-12-14T20:43:53.214-0500] {override.py:1911} INFO - Created Permission View: menu access on DAG Run:example_branch_datetime_operator_2
[2024-12-14T20:43:53.214-0500] {logging_mixin.py:190} INFO - [2024-12-14T20:43:53.214-0500] {dag.py:3239} INFO - Sync 3 DAGs
[2024-12-14T20:43:53.218-0500] {logging_mixin.py:190} INFO - [2024-12-14T20:43:53.218-0500] {dag.py:3262} INFO - Creating ORM DAG for example_branch_datetime_operator_3
[2024-12-14T20:43:53.218-0500] {logging_mixin.py:190} INFO - [2024-12-14T20:43:53.218-0500] {dag.py:3262} INFO - Creating ORM DAG for example_branch_datetime_operator
[2024-12-14T20:43:53.218-0500] {logging_mixin.py:190} INFO - [2024-12-14T20:43:53.218-0500] {dag.py:3262} INFO - Creating ORM DAG for example_branch_datetime_operator_2
[2024-12-14T20:43:53.221-0500] {logging_mixin.py:190} INFO - [2024-12-14T20:43:53.221-0500] {dag.py:4180} INFO - Setting next_dagrun for example_branch_datetime_operator to 2024-12-14 00:00:00+00:00, run_after=2024-12-15 00:00:00+00:00
[2024-12-14T20:43:53.222-0500] {logging_mixin.py:190} INFO - [2024-12-14T20:43:53.222-0500] {dag.py:4180} INFO - Setting next_dagrun for example_branch_datetime_operator_2 to 2024-12-14 00:00:00+00:00, run_after=2024-12-15 00:00:00+00:00
[2024-12-14T20:43:53.222-0500] {logging_mixin.py:190} INFO - [2024-12-14T20:43:53.222-0500] {dag.py:4180} INFO - Setting next_dagrun for example_branch_datetime_operator_3 to 2024-12-14 00:00:00+00:00, run_after=2024-12-15 00:00:00+00:00
[2024-12-14T20:43:53.228-0500] {processor.py:208} INFO - Processing /opt/anaconda3/envs/python310/lib/python3.10/site-packages/airflow/example_dags/example_branch_datetime_operator.py took 0.143 seconds
[2024-12-14T20:46:00.961-0500] {processor.py:186} INFO - Started process (PID=8538) to work on /opt/anaconda3/envs/python310/lib/python3.10/site-packages/airflow/example_dags/example_branch_datetime_operator.py
[2024-12-14T20:46:00.962-0500] {processor.py:914} INFO - Processing file /opt/anaconda3/envs/python310/lib/python3.10/site-packages/airflow/example_dags/example_branch_datetime_operator.py for tasks to queue
[2024-12-14T20:46:00.963-0500] {logging_mixin.py:190} INFO - [2024-12-14T20:46:00.963-0500] {dagbag.py:588} INFO - Filling up the DagBag from /opt/anaconda3/envs/python310/lib/python3.10/site-packages/airflow/example_dags/example_branch_datetime_operator.py
[2024-12-14T20:46:00.967-0500] {processor.py:925} INFO - DAG(s) 'example_branch_datetime_operator_3', 'example_branch_datetime_operator', 'example_branch_datetime_operator_2' retrieved from /opt/anaconda3/envs/python310/lib/python3.10/site-packages/airflow/example_dags/example_branch_datetime_operator.py
[2024-12-14T20:46:01.023-0500] {logging_mixin.py:190} INFO - [2024-12-14T20:46:01.023-0500] {dag.py:3239} INFO - Sync 3 DAGs
[2024-12-14T20:46:01.030-0500] {logging_mixin.py:190} INFO - [2024-12-14T20:46:01.030-0500] {dag.py:4180} INFO - Setting next_dagrun for example_branch_datetime_operator to 2024-12-14 00:00:00+00:00, run_after=2024-12-15 00:00:00+00:00
[2024-12-14T20:46:01.031-0500] {logging_mixin.py:190} INFO - [2024-12-14T20:46:01.031-0500] {dag.py:4180} INFO - Setting next_dagrun for example_branch_datetime_operator_2 to 2024-12-14 00:00:00+00:00, run_after=2024-12-15 00:00:00+00:00
[2024-12-14T20:46:01.032-0500] {logging_mixin.py:190} INFO - [2024-12-14T20:46:01.032-0500] {dag.py:4180} INFO - Setting next_dagrun for example_branch_datetime_operator_3 to 2024-12-14 00:00:00+00:00, run_after=2024-12-15 00:00:00+00:00
[2024-12-14T20:46:01.037-0500] {processor.py:208} INFO - Processing /opt/anaconda3/envs/python310/lib/python3.10/site-packages/airflow/example_dags/example_branch_datetime_operator.py took 0.077 seconds
[2024-12-14T20:48:07.916-0500] {processor.py:186} INFO - Started process (PID=8759) to work on /opt/anaconda3/envs/python310/lib/python3.10/site-packages/airflow/example_dags/example_branch_datetime_operator.py
[2024-12-14T20:48:07.917-0500] {processor.py:914} INFO - Processing file /opt/anaconda3/envs/python310/lib/python3.10/site-packages/airflow/example_dags/example_branch_datetime_operator.py for tasks to queue
[2024-12-14T20:48:07.918-0500] {logging_mixin.py:190} INFO - [2024-12-14T20:48:07.918-0500] {dagbag.py:588} INFO - Filling up the DagBag from /opt/anaconda3/envs/python310/lib/python3.10/site-packages/airflow/example_dags/example_branch_datetime_operator.py
[2024-12-14T20:48:07.922-0500] {processor.py:925} INFO - DAG(s) 'example_branch_datetime_operator', 'example_branch_datetime_operator_2', 'example_branch_datetime_operator_3' retrieved from /opt/anaconda3/envs/python310/lib/python3.10/site-packages/airflow/example_dags/example_branch_datetime_operator.py
[2024-12-14T20:48:07.977-0500] {logging_mixin.py:190} INFO - [2024-12-14T20:48:07.977-0500] {dag.py:3239} INFO - Sync 3 DAGs
[2024-12-14T20:48:07.984-0500] {logging_mixin.py:190} INFO - [2024-12-14T20:48:07.984-0500] {dag.py:4180} INFO - Setting next_dagrun for example_branch_datetime_operator to 2024-12-15 00:00:00+00:00, run_after=2024-12-16 00:00:00+00:00
[2024-12-14T20:48:07.986-0500] {logging_mixin.py:190} INFO - [2024-12-14T20:48:07.986-0500] {dag.py:4180} INFO - Setting next_dagrun for example_branch_datetime_operator_2 to 2024-12-14 00:00:00+00:00, run_after=2024-12-15 00:00:00+00:00
[2024-12-14T20:48:07.986-0500] {logging_mixin.py:190} INFO - [2024-12-14T20:48:07.986-0500] {dag.py:4180} INFO - Setting next_dagrun for example_branch_datetime_operator_3 to 2024-12-14 00:00:00+00:00, run_after=2024-12-15 00:00:00+00:00
[2024-12-14T20:48:07.992-0500] {processor.py:208} INFO - Processing /opt/anaconda3/envs/python310/lib/python3.10/site-packages/airflow/example_dags/example_branch_datetime_operator.py took 0.077 seconds
[2024-12-14T20:50:18.536-0500] {processor.py:186} INFO - Started process (PID=8976) to work on /opt/anaconda3/envs/python310/lib/python3.10/site-packages/airflow/example_dags/example_branch_datetime_operator.py
[2024-12-14T20:50:18.536-0500] {processor.py:914} INFO - Processing file /opt/anaconda3/envs/python310/lib/python3.10/site-packages/airflow/example_dags/example_branch_datetime_operator.py for tasks to queue
[2024-12-14T20:50:18.536-0500] {logging_mixin.py:190} INFO - [2024-12-14T20:50:18.536-0500] {dagbag.py:588} INFO - Filling up the DagBag from /opt/anaconda3/envs/python310/lib/python3.10/site-packages/airflow/example_dags/example_branch_datetime_operator.py
[2024-12-14T20:50:18.540-0500] {processor.py:925} INFO - DAG(s) 'example_branch_datetime_operator_2', 'example_branch_datetime_operator', 'example_branch_datetime_operator_3' retrieved from /opt/anaconda3/envs/python310/lib/python3.10/site-packages/airflow/example_dags/example_branch_datetime_operator.py
[2024-12-14T20:50:18.596-0500] {logging_mixin.py:190} INFO - [2024-12-14T20:50:18.596-0500] {dag.py:3239} INFO - Sync 3 DAGs
[2024-12-14T20:50:18.603-0500] {logging_mixin.py:190} INFO - [2024-12-14T20:50:18.603-0500] {dag.py:4180} INFO - Setting next_dagrun for example_branch_datetime_operator to 2024-12-15 00:00:00+00:00, run_after=2024-12-16 00:00:00+00:00
[2024-12-14T20:50:18.604-0500] {logging_mixin.py:190} INFO - [2024-12-14T20:50:18.604-0500] {dag.py:4180} INFO - Setting next_dagrun for example_branch_datetime_operator_2 to 2024-12-14 00:00:00+00:00, run_after=2024-12-15 00:00:00+00:00
[2024-12-14T20:50:18.605-0500] {logging_mixin.py:190} INFO - [2024-12-14T20:50:18.605-0500] {dag.py:4180} INFO - Setting next_dagrun for example_branch_datetime_operator_3 to 2024-12-14 00:00:00+00:00, run_after=2024-12-15 00:00:00+00:00
[2024-12-14T20:50:18.610-0500] {processor.py:208} INFO - Processing /opt/anaconda3/envs/python310/lib/python3.10/site-packages/airflow/example_dags/example_branch_datetime_operator.py took 0.076 seconds
[2024-12-14T20:52:30.669-0500] {processor.py:186} INFO - Started process (PID=9211) to work on /opt/anaconda3/envs/python310/lib/python3.10/site-packages/airflow/example_dags/example_branch_datetime_operator.py
[2024-12-14T20:52:30.671-0500] {processor.py:914} INFO - Processing file /opt/anaconda3/envs/python310/lib/python3.10/site-packages/airflow/example_dags/example_branch_datetime_operator.py for tasks to queue
[2024-12-14T20:52:30.671-0500] {logging_mixin.py:190} INFO - [2024-12-14T20:52:30.671-0500] {dagbag.py:588} INFO - Filling up the DagBag from /opt/anaconda3/envs/python310/lib/python3.10/site-packages/airflow/example_dags/example_branch_datetime_operator.py
[2024-12-14T20:52:30.675-0500] {processor.py:925} INFO - DAG(s) 'example_branch_datetime_operator_3', 'example_branch_datetime_operator_2', 'example_branch_datetime_operator' retrieved from /opt/anaconda3/envs/python310/lib/python3.10/site-packages/airflow/example_dags/example_branch_datetime_operator.py
[2024-12-14T20:52:30.730-0500] {logging_mixin.py:190} INFO - [2024-12-14T20:52:30.730-0500] {dag.py:3239} INFO - Sync 3 DAGs
[2024-12-14T20:52:30.737-0500] {logging_mixin.py:190} INFO - [2024-12-14T20:52:30.737-0500] {dag.py:4180} INFO - Setting next_dagrun for example_branch_datetime_operator to 2024-12-15 00:00:00+00:00, run_after=2024-12-16 00:00:00+00:00
[2024-12-14T20:52:30.739-0500] {logging_mixin.py:190} INFO - [2024-12-14T20:52:30.739-0500] {dag.py:4180} INFO - Setting next_dagrun for example_branch_datetime_operator_2 to 2024-12-14 00:00:00+00:00, run_after=2024-12-15 00:00:00+00:00
[2024-12-14T20:52:30.739-0500] {logging_mixin.py:190} INFO - [2024-12-14T20:52:30.739-0500] {dag.py:4180} INFO - Setting next_dagrun for example_branch_datetime_operator_3 to 2024-12-14 00:00:00+00:00, run_after=2024-12-15 00:00:00+00:00
[2024-12-14T20:52:30.745-0500] {processor.py:208} INFO - Processing /opt/anaconda3/envs/python310/lib/python3.10/site-packages/airflow/example_dags/example_branch_datetime_operator.py took 0.076 seconds
[2024-12-14T20:54:37.479-0500] {processor.py:186} INFO - Started process (PID=9450) to work on /opt/anaconda3/envs/python310/lib/python3.10/site-packages/airflow/example_dags/example_branch_datetime_operator.py
[2024-12-14T20:54:37.480-0500] {processor.py:914} INFO - Processing file /opt/anaconda3/envs/python310/lib/python3.10/site-packages/airflow/example_dags/example_branch_datetime_operator.py for tasks to queue
[2024-12-14T20:54:37.481-0500] {logging_mixin.py:190} INFO - [2024-12-14T20:54:37.481-0500] {dagbag.py:588} INFO - Filling up the DagBag from /opt/anaconda3/envs/python310/lib/python3.10/site-packages/airflow/example_dags/example_branch_datetime_operator.py
[2024-12-14T20:54:37.485-0500] {processor.py:925} INFO - DAG(s) 'example_branch_datetime_operator', 'example_branch_datetime_operator_2', 'example_branch_datetime_operator_3' retrieved from /opt/anaconda3/envs/python310/lib/python3.10/site-packages/airflow/example_dags/example_branch_datetime_operator.py
[2024-12-14T20:54:37.540-0500] {logging_mixin.py:190} INFO - [2024-12-14T20:54:37.540-0500] {dag.py:3239} INFO - Sync 3 DAGs
[2024-12-14T20:54:37.547-0500] {logging_mixin.py:190} INFO - [2024-12-14T20:54:37.547-0500] {dag.py:4180} INFO - Setting next_dagrun for example_branch_datetime_operator to 2024-12-15 00:00:00+00:00, run_after=2024-12-16 00:00:00+00:00
[2024-12-14T20:54:37.549-0500] {logging_mixin.py:190} INFO - [2024-12-14T20:54:37.549-0500] {dag.py:4180} INFO - Setting next_dagrun for example_branch_datetime_operator_2 to 2024-12-14 00:00:00+00:00, run_after=2024-12-15 00:00:00+00:00
[2024-12-14T20:54:37.549-0500] {logging_mixin.py:190} INFO - [2024-12-14T20:54:37.549-0500] {dag.py:4180} INFO - Setting next_dagrun for example_branch_datetime_operator_3 to 2024-12-14 00:00:00+00:00, run_after=2024-12-15 00:00:00+00:00
[2024-12-14T20:54:37.555-0500] {processor.py:208} INFO - Processing /opt/anaconda3/envs/python310/lib/python3.10/site-packages/airflow/example_dags/example_branch_datetime_operator.py took 0.077 seconds
