[2024-12-14T20:43:03.243-0500] {processor.py:186} INFO - Started process (PID=8221) to work on /opt/anaconda3/envs/python310/lib/python3.10/site-packages/airflow/example_dags/example_setup_teardown_taskflow.py
[2024-12-14T20:43:03.243-0500] {processor.py:914} INFO - Processing file /opt/anaconda3/envs/python310/lib/python3.10/site-packages/airflow/example_dags/example_setup_teardown_taskflow.py for tasks to queue
[2024-12-14T20:43:03.244-0500] {logging_mixin.py:190} INFO - [2024-12-14T20:43:03.244-0500] {dagbag.py:588} INFO - Filling up the DagBag from /opt/anaconda3/envs/python310/lib/python3.10/site-packages/airflow/example_dags/example_setup_teardown_taskflow.py
[2024-12-14T20:43:03.277-0500] {processor.py:925} INFO - DAG(s) 'example_setup_teardown_taskflow' retrieved from /opt/anaconda3/envs/python310/lib/python3.10/site-packages/airflow/example_dags/example_setup_teardown_taskflow.py
[2024-12-14T20:43:03.339-0500] {logging_mixin.py:190} INFO - [2024-12-14T20:43:03.339-0500] {override.py:1911} INFO - Created Permission View: can edit on DAG:example_setup_teardown_taskflow
[2024-12-14T20:43:03.342-0500] {logging_mixin.py:190} INFO - [2024-12-14T20:43:03.342-0500] {override.py:1911} INFO - Created Permission View: can read on DAG:example_setup_teardown_taskflow
[2024-12-14T20:43:03.344-0500] {logging_mixin.py:190} INFO - [2024-12-14T20:43:03.344-0500] {override.py:1911} INFO - Created Permission View: can delete on DAG:example_setup_teardown_taskflow
[2024-12-14T20:43:03.346-0500] {logging_mixin.py:190} INFO - [2024-12-14T20:43:03.346-0500] {override.py:1911} INFO - Created Permission View: can create on DAG Run:example_setup_teardown_taskflow
[2024-12-14T20:43:03.348-0500] {logging_mixin.py:190} INFO - [2024-12-14T20:43:03.348-0500] {override.py:1911} INFO - Created Permission View: menu access on DAG Run:example_setup_teardown_taskflow
[2024-12-14T20:43:03.349-0500] {logging_mixin.py:190} INFO - [2024-12-14T20:43:03.349-0500] {override.py:1911} INFO - Created Permission View: can read on DAG Run:example_setup_teardown_taskflow
[2024-12-14T20:43:03.351-0500] {logging_mixin.py:190} INFO - [2024-12-14T20:43:03.351-0500] {override.py:1911} INFO - Created Permission View: can delete on DAG Run:example_setup_teardown_taskflow
[2024-12-14T20:43:03.351-0500] {logging_mixin.py:190} INFO - [2024-12-14T20:43:03.351-0500] {dag.py:3239} INFO - Sync 1 DAGs
[2024-12-14T20:43:03.355-0500] {logging_mixin.py:190} INFO - [2024-12-14T20:43:03.355-0500] {dag.py:3262} INFO - Creating ORM DAG for example_setup_teardown_taskflow
[2024-12-14T20:43:03.355-0500] {logging_mixin.py:190} INFO - [2024-12-14T20:43:03.355-0500] {dag.py:4180} INFO - Setting next_dagrun for example_setup_teardown_taskflow to None, run_after=None
[2024-12-14T20:43:03.360-0500] {processor.py:208} INFO - Processing /opt/anaconda3/envs/python310/lib/python3.10/site-packages/airflow/example_dags/example_setup_teardown_taskflow.py took 0.118 seconds
[2024-12-14T20:44:37.048-0500] {processor.py:186} INFO - Started process (PID=8392) to work on /opt/anaconda3/envs/python310/lib/python3.10/site-packages/airflow/example_dags/example_setup_teardown_taskflow.py
[2024-12-14T20:44:37.050-0500] {processor.py:914} INFO - Processing file /opt/anaconda3/envs/python310/lib/python3.10/site-packages/airflow/example_dags/example_setup_teardown_taskflow.py for tasks to queue
[2024-12-14T20:44:37.050-0500] {logging_mixin.py:190} INFO - [2024-12-14T20:44:37.050-0500] {dagbag.py:588} INFO - Filling up the DagBag from /opt/anaconda3/envs/python310/lib/python3.10/site-packages/airflow/example_dags/example_setup_teardown_taskflow.py
[2024-12-14T20:44:37.083-0500] {processor.py:925} INFO - DAG(s) 'example_setup_teardown_taskflow' retrieved from /opt/anaconda3/envs/python310/lib/python3.10/site-packages/airflow/example_dags/example_setup_teardown_taskflow.py
[2024-12-14T20:44:37.116-0500] {logging_mixin.py:190} INFO - [2024-12-14T20:44:37.116-0500] {dag.py:3239} INFO - Sync 1 DAGs
[2024-12-14T20:44:37.119-0500] {logging_mixin.py:190} INFO - [2024-12-14T20:44:37.119-0500] {dag.py:4180} INFO - Setting next_dagrun for example_setup_teardown_taskflow to None, run_after=None
[2024-12-14T20:44:37.125-0500] {processor.py:208} INFO - Processing /opt/anaconda3/envs/python310/lib/python3.10/site-packages/airflow/example_dags/example_setup_teardown_taskflow.py took 0.078 seconds
[2024-12-14T20:46:43.942-0500] {processor.py:186} INFO - Started process (PID=8614) to work on /opt/anaconda3/envs/python310/lib/python3.10/site-packages/airflow/example_dags/example_setup_teardown_taskflow.py
[2024-12-14T20:46:43.943-0500] {processor.py:914} INFO - Processing file /opt/anaconda3/envs/python310/lib/python3.10/site-packages/airflow/example_dags/example_setup_teardown_taskflow.py for tasks to queue
[2024-12-14T20:46:43.943-0500] {logging_mixin.py:190} INFO - [2024-12-14T20:46:43.943-0500] {dagbag.py:588} INFO - Filling up the DagBag from /opt/anaconda3/envs/python310/lib/python3.10/site-packages/airflow/example_dags/example_setup_teardown_taskflow.py
[2024-12-14T20:46:43.977-0500] {processor.py:925} INFO - DAG(s) 'example_setup_teardown_taskflow' retrieved from /opt/anaconda3/envs/python310/lib/python3.10/site-packages/airflow/example_dags/example_setup_teardown_taskflow.py
[2024-12-14T20:46:44.011-0500] {logging_mixin.py:190} INFO - [2024-12-14T20:46:44.010-0500] {dag.py:3239} INFO - Sync 1 DAGs
[2024-12-14T20:46:44.014-0500] {logging_mixin.py:190} INFO - [2024-12-14T20:46:44.014-0500] {dag.py:4180} INFO - Setting next_dagrun for example_setup_teardown_taskflow to None, run_after=None
[2024-12-14T20:46:44.020-0500] {processor.py:208} INFO - Processing /opt/anaconda3/envs/python310/lib/python3.10/site-packages/airflow/example_dags/example_setup_teardown_taskflow.py took 0.079 seconds
[2024-12-14T20:48:51.408-0500] {processor.py:186} INFO - Started process (PID=8835) to work on /opt/anaconda3/envs/python310/lib/python3.10/site-packages/airflow/example_dags/example_setup_teardown_taskflow.py
[2024-12-14T20:48:51.409-0500] {processor.py:914} INFO - Processing file /opt/anaconda3/envs/python310/lib/python3.10/site-packages/airflow/example_dags/example_setup_teardown_taskflow.py for tasks to queue
[2024-12-14T20:48:51.410-0500] {logging_mixin.py:190} INFO - [2024-12-14T20:48:51.409-0500] {dagbag.py:588} INFO - Filling up the DagBag from /opt/anaconda3/envs/python310/lib/python3.10/site-packages/airflow/example_dags/example_setup_teardown_taskflow.py
[2024-12-14T20:48:51.442-0500] {processor.py:925} INFO - DAG(s) 'example_setup_teardown_taskflow' retrieved from /opt/anaconda3/envs/python310/lib/python3.10/site-packages/airflow/example_dags/example_setup_teardown_taskflow.py
[2024-12-14T20:48:51.475-0500] {logging_mixin.py:190} INFO - [2024-12-14T20:48:51.475-0500] {dag.py:3239} INFO - Sync 1 DAGs
[2024-12-14T20:48:51.479-0500] {logging_mixin.py:190} INFO - [2024-12-14T20:48:51.479-0500] {dag.py:4180} INFO - Setting next_dagrun for example_setup_teardown_taskflow to None, run_after=None
[2024-12-14T20:48:51.485-0500] {processor.py:208} INFO - Processing /opt/anaconda3/envs/python310/lib/python3.10/site-packages/airflow/example_dags/example_setup_teardown_taskflow.py took 0.078 seconds
[2024-12-14T20:51:02.803-0500] {processor.py:186} INFO - Started process (PID=9051) to work on /opt/anaconda3/envs/python310/lib/python3.10/site-packages/airflow/example_dags/example_setup_teardown_taskflow.py
[2024-12-14T20:51:02.803-0500] {processor.py:914} INFO - Processing file /opt/anaconda3/envs/python310/lib/python3.10/site-packages/airflow/example_dags/example_setup_teardown_taskflow.py for tasks to queue
[2024-12-14T20:51:02.804-0500] {logging_mixin.py:190} INFO - [2024-12-14T20:51:02.804-0500] {dagbag.py:588} INFO - Filling up the DagBag from /opt/anaconda3/envs/python310/lib/python3.10/site-packages/airflow/example_dags/example_setup_teardown_taskflow.py
[2024-12-14T20:51:02.837-0500] {processor.py:925} INFO - DAG(s) 'example_setup_teardown_taskflow' retrieved from /opt/anaconda3/envs/python310/lib/python3.10/site-packages/airflow/example_dags/example_setup_teardown_taskflow.py
[2024-12-14T20:51:02.870-0500] {logging_mixin.py:190} INFO - [2024-12-14T20:51:02.870-0500] {dag.py:3239} INFO - Sync 1 DAGs
[2024-12-14T20:51:02.874-0500] {logging_mixin.py:190} INFO - [2024-12-14T20:51:02.874-0500] {dag.py:4180} INFO - Setting next_dagrun for example_setup_teardown_taskflow to None, run_after=None
[2024-12-14T20:51:02.880-0500] {processor.py:208} INFO - Processing /opt/anaconda3/envs/python310/lib/python3.10/site-packages/airflow/example_dags/example_setup_teardown_taskflow.py took 0.078 seconds
[2024-12-14T20:53:13.915-0500] {processor.py:186} INFO - Started process (PID=9280) to work on /opt/anaconda3/envs/python310/lib/python3.10/site-packages/airflow/example_dags/example_setup_teardown_taskflow.py
[2024-12-14T20:53:13.916-0500] {processor.py:914} INFO - Processing file /opt/anaconda3/envs/python310/lib/python3.10/site-packages/airflow/example_dags/example_setup_teardown_taskflow.py for tasks to queue
[2024-12-14T20:53:13.917-0500] {logging_mixin.py:190} INFO - [2024-12-14T20:53:13.917-0500] {dagbag.py:588} INFO - Filling up the DagBag from /opt/anaconda3/envs/python310/lib/python3.10/site-packages/airflow/example_dags/example_setup_teardown_taskflow.py
[2024-12-14T20:53:13.950-0500] {processor.py:925} INFO - DAG(s) 'example_setup_teardown_taskflow' retrieved from /opt/anaconda3/envs/python310/lib/python3.10/site-packages/airflow/example_dags/example_setup_teardown_taskflow.py
[2024-12-14T20:53:13.984-0500] {logging_mixin.py:190} INFO - [2024-12-14T20:53:13.984-0500] {dag.py:3239} INFO - Sync 1 DAGs
[2024-12-14T20:53:13.987-0500] {logging_mixin.py:190} INFO - [2024-12-14T20:53:13.987-0500] {dag.py:4180} INFO - Setting next_dagrun for example_setup_teardown_taskflow to None, run_after=None
[2024-12-14T20:53:13.993-0500] {processor.py:208} INFO - Processing /opt/anaconda3/envs/python310/lib/python3.10/site-packages/airflow/example_dags/example_setup_teardown_taskflow.py took 0.079 seconds
