[2024-12-14T20:42:59.604-0500] {processor.py:186} INFO - Started process (PID=8217) to work on /opt/anaconda3/envs/python310/lib/python3.10/site-packages/airflow/example_dags/example_short_circuit_operator.py
[2024-12-14T20:42:59.605-0500] {processor.py:914} INFO - Processing file /opt/anaconda3/envs/python310/lib/python3.10/site-packages/airflow/example_dags/example_short_circuit_operator.py for tasks to queue
[2024-12-14T20:42:59.605-0500] {logging_mixin.py:190} INFO - [2024-12-14T20:42:59.605-0500] {dagbag.py:588} INFO - Filling up the DagBag from /opt/anaconda3/envs/python310/lib/python3.10/site-packages/airflow/example_dags/example_short_circuit_operator.py
[2024-12-14T20:42:59.635-0500] {processor.py:925} INFO - DAG(s) 'example_short_circuit_operator' retrieved from /opt/anaconda3/envs/python310/lib/python3.10/site-packages/airflow/example_dags/example_short_circuit_operator.py
[2024-12-14T20:42:59.697-0500] {logging_mixin.py:190} INFO - [2024-12-14T20:42:59.697-0500] {override.py:1911} INFO - Created Permission View: can edit on DAG:example_short_circuit_operator
[2024-12-14T20:42:59.700-0500] {logging_mixin.py:190} INFO - [2024-12-14T20:42:59.700-0500] {override.py:1911} INFO - Created Permission View: can read on DAG:example_short_circuit_operator
[2024-12-14T20:42:59.702-0500] {logging_mixin.py:190} INFO - [2024-12-14T20:42:59.702-0500] {override.py:1911} INFO - Created Permission View: can delete on DAG:example_short_circuit_operator
[2024-12-14T20:42:59.704-0500] {logging_mixin.py:190} INFO - [2024-12-14T20:42:59.704-0500] {override.py:1911} INFO - Created Permission View: menu access on DAG Run:example_short_circuit_operator
[2024-12-14T20:42:59.706-0500] {logging_mixin.py:190} INFO - [2024-12-14T20:42:59.706-0500] {override.py:1911} INFO - Created Permission View: can read on DAG Run:example_short_circuit_operator
[2024-12-14T20:42:59.707-0500] {logging_mixin.py:190} INFO - [2024-12-14T20:42:59.707-0500] {override.py:1911} INFO - Created Permission View: can create on DAG Run:example_short_circuit_operator
[2024-12-14T20:42:59.709-0500] {logging_mixin.py:190} INFO - [2024-12-14T20:42:59.709-0500] {override.py:1911} INFO - Created Permission View: can delete on DAG Run:example_short_circuit_operator
[2024-12-14T20:42:59.709-0500] {logging_mixin.py:190} INFO - [2024-12-14T20:42:59.709-0500] {dag.py:3239} INFO - Sync 1 DAGs
[2024-12-14T20:42:59.713-0500] {logging_mixin.py:190} INFO - [2024-12-14T20:42:59.713-0500] {dag.py:3262} INFO - Creating ORM DAG for example_short_circuit_operator
[2024-12-14T20:42:59.713-0500] {logging_mixin.py:190} INFO - [2024-12-14T20:42:59.713-0500] {dag.py:4180} INFO - Setting next_dagrun for example_short_circuit_operator to None, run_after=None
[2024-12-14T20:42:59.718-0500] {processor.py:208} INFO - Processing /opt/anaconda3/envs/python310/lib/python3.10/site-packages/airflow/example_dags/example_short_circuit_operator.py took 0.115 seconds
[2024-12-14T20:44:33.541-0500] {processor.py:186} INFO - Started process (PID=8388) to work on /opt/anaconda3/envs/python310/lib/python3.10/site-packages/airflow/example_dags/example_short_circuit_operator.py
[2024-12-14T20:44:33.542-0500] {processor.py:914} INFO - Processing file /opt/anaconda3/envs/python310/lib/python3.10/site-packages/airflow/example_dags/example_short_circuit_operator.py for tasks to queue
[2024-12-14T20:44:33.542-0500] {logging_mixin.py:190} INFO - [2024-12-14T20:44:33.542-0500] {dagbag.py:588} INFO - Filling up the DagBag from /opt/anaconda3/envs/python310/lib/python3.10/site-packages/airflow/example_dags/example_short_circuit_operator.py
[2024-12-14T20:44:33.571-0500] {processor.py:925} INFO - DAG(s) 'example_short_circuit_operator' retrieved from /opt/anaconda3/envs/python310/lib/python3.10/site-packages/airflow/example_dags/example_short_circuit_operator.py
[2024-12-14T20:44:33.605-0500] {logging_mixin.py:190} INFO - [2024-12-14T20:44:33.605-0500] {dag.py:3239} INFO - Sync 1 DAGs
[2024-12-14T20:44:33.608-0500] {logging_mixin.py:190} INFO - [2024-12-14T20:44:33.608-0500] {dag.py:4180} INFO - Setting next_dagrun for example_short_circuit_operator to None, run_after=None
[2024-12-14T20:44:33.614-0500] {processor.py:208} INFO - Processing /opt/anaconda3/envs/python310/lib/python3.10/site-packages/airflow/example_dags/example_short_circuit_operator.py took 0.075 seconds
[2024-12-14T20:46:40.406-0500] {processor.py:186} INFO - Started process (PID=8610) to work on /opt/anaconda3/envs/python310/lib/python3.10/site-packages/airflow/example_dags/example_short_circuit_operator.py
[2024-12-14T20:46:40.407-0500] {processor.py:914} INFO - Processing file /opt/anaconda3/envs/python310/lib/python3.10/site-packages/airflow/example_dags/example_short_circuit_operator.py for tasks to queue
[2024-12-14T20:46:40.408-0500] {logging_mixin.py:190} INFO - [2024-12-14T20:46:40.408-0500] {dagbag.py:588} INFO - Filling up the DagBag from /opt/anaconda3/envs/python310/lib/python3.10/site-packages/airflow/example_dags/example_short_circuit_operator.py
[2024-12-14T20:46:40.437-0500] {processor.py:925} INFO - DAG(s) 'example_short_circuit_operator' retrieved from /opt/anaconda3/envs/python310/lib/python3.10/site-packages/airflow/example_dags/example_short_circuit_operator.py
[2024-12-14T20:46:40.471-0500] {logging_mixin.py:190} INFO - [2024-12-14T20:46:40.471-0500] {dag.py:3239} INFO - Sync 1 DAGs
[2024-12-14T20:46:40.475-0500] {logging_mixin.py:190} INFO - [2024-12-14T20:46:40.475-0500] {dag.py:4180} INFO - Setting next_dagrun for example_short_circuit_operator to None, run_after=None
[2024-12-14T20:46:40.481-0500] {processor.py:208} INFO - Processing /opt/anaconda3/envs/python310/lib/python3.10/site-packages/airflow/example_dags/example_short_circuit_operator.py took 0.075 seconds
[2024-12-14T20:48:47.890-0500] {processor.py:186} INFO - Started process (PID=8831) to work on /opt/anaconda3/envs/python310/lib/python3.10/site-packages/airflow/example_dags/example_short_circuit_operator.py
[2024-12-14T20:48:47.891-0500] {processor.py:914} INFO - Processing file /opt/anaconda3/envs/python310/lib/python3.10/site-packages/airflow/example_dags/example_short_circuit_operator.py for tasks to queue
[2024-12-14T20:48:47.892-0500] {logging_mixin.py:190} INFO - [2024-12-14T20:48:47.892-0500] {dagbag.py:588} INFO - Filling up the DagBag from /opt/anaconda3/envs/python310/lib/python3.10/site-packages/airflow/example_dags/example_short_circuit_operator.py
[2024-12-14T20:48:47.921-0500] {processor.py:925} INFO - DAG(s) 'example_short_circuit_operator' retrieved from /opt/anaconda3/envs/python310/lib/python3.10/site-packages/airflow/example_dags/example_short_circuit_operator.py
[2024-12-14T20:48:47.955-0500] {logging_mixin.py:190} INFO - [2024-12-14T20:48:47.955-0500] {dag.py:3239} INFO - Sync 1 DAGs
[2024-12-14T20:48:47.958-0500] {logging_mixin.py:190} INFO - [2024-12-14T20:48:47.958-0500] {dag.py:4180} INFO - Setting next_dagrun for example_short_circuit_operator to None, run_after=None
[2024-12-14T20:48:47.964-0500] {processor.py:208} INFO - Processing /opt/anaconda3/envs/python310/lib/python3.10/site-packages/airflow/example_dags/example_short_circuit_operator.py took 0.075 seconds
[2024-12-14T20:50:59.289-0500] {processor.py:186} INFO - Started process (PID=9047) to work on /opt/anaconda3/envs/python310/lib/python3.10/site-packages/airflow/example_dags/example_short_circuit_operator.py
[2024-12-14T20:50:59.290-0500] {processor.py:914} INFO - Processing file /opt/anaconda3/envs/python310/lib/python3.10/site-packages/airflow/example_dags/example_short_circuit_operator.py for tasks to queue
[2024-12-14T20:50:59.290-0500] {logging_mixin.py:190} INFO - [2024-12-14T20:50:59.290-0500] {dagbag.py:588} INFO - Filling up the DagBag from /opt/anaconda3/envs/python310/lib/python3.10/site-packages/airflow/example_dags/example_short_circuit_operator.py
[2024-12-14T20:50:59.319-0500] {processor.py:925} INFO - DAG(s) 'example_short_circuit_operator' retrieved from /opt/anaconda3/envs/python310/lib/python3.10/site-packages/airflow/example_dags/example_short_circuit_operator.py
[2024-12-14T20:50:59.353-0500] {logging_mixin.py:190} INFO - [2024-12-14T20:50:59.353-0500] {dag.py:3239} INFO - Sync 1 DAGs
[2024-12-14T20:50:59.356-0500] {logging_mixin.py:190} INFO - [2024-12-14T20:50:59.356-0500] {dag.py:4180} INFO - Setting next_dagrun for example_short_circuit_operator to None, run_after=None
[2024-12-14T20:50:59.362-0500] {processor.py:208} INFO - Processing /opt/anaconda3/envs/python310/lib/python3.10/site-packages/airflow/example_dags/example_short_circuit_operator.py took 0.074 seconds
[2024-12-14T20:53:10.398-0500] {processor.py:186} INFO - Started process (PID=9276) to work on /opt/anaconda3/envs/python310/lib/python3.10/site-packages/airflow/example_dags/example_short_circuit_operator.py
[2024-12-14T20:53:10.399-0500] {processor.py:914} INFO - Processing file /opt/anaconda3/envs/python310/lib/python3.10/site-packages/airflow/example_dags/example_short_circuit_operator.py for tasks to queue
[2024-12-14T20:53:10.400-0500] {logging_mixin.py:190} INFO - [2024-12-14T20:53:10.400-0500] {dagbag.py:588} INFO - Filling up the DagBag from /opt/anaconda3/envs/python310/lib/python3.10/site-packages/airflow/example_dags/example_short_circuit_operator.py
[2024-12-14T20:53:10.429-0500] {processor.py:925} INFO - DAG(s) 'example_short_circuit_operator' retrieved from /opt/anaconda3/envs/python310/lib/python3.10/site-packages/airflow/example_dags/example_short_circuit_operator.py
[2024-12-14T20:53:10.463-0500] {logging_mixin.py:190} INFO - [2024-12-14T20:53:10.463-0500] {dag.py:3239} INFO - Sync 1 DAGs
[2024-12-14T20:53:10.466-0500] {logging_mixin.py:190} INFO - [2024-12-14T20:53:10.466-0500] {dag.py:4180} INFO - Setting next_dagrun for example_short_circuit_operator to None, run_after=None
[2024-12-14T20:53:10.472-0500] {processor.py:208} INFO - Processing /opt/anaconda3/envs/python310/lib/python3.10/site-packages/airflow/example_dags/example_short_circuit_operator.py took 0.075 seconds
[2024-12-14T20:55:19.703-0500] {processor.py:186} INFO - Started process (PID=9513) to work on /opt/anaconda3/envs/python310/lib/python3.10/site-packages/airflow/example_dags/example_short_circuit_operator.py
[2024-12-14T20:55:19.704-0500] {processor.py:914} INFO - Processing file /opt/anaconda3/envs/python310/lib/python3.10/site-packages/airflow/example_dags/example_short_circuit_operator.py for tasks to queue
[2024-12-14T20:55:19.705-0500] {logging_mixin.py:190} INFO - [2024-12-14T20:55:19.705-0500] {dagbag.py:588} INFO - Filling up the DagBag from /opt/anaconda3/envs/python310/lib/python3.10/site-packages/airflow/example_dags/example_short_circuit_operator.py
[2024-12-14T20:55:19.733-0500] {processor.py:925} INFO - DAG(s) 'example_short_circuit_operator' retrieved from /opt/anaconda3/envs/python310/lib/python3.10/site-packages/airflow/example_dags/example_short_circuit_operator.py
[2024-12-14T20:55:19.767-0500] {logging_mixin.py:190} INFO - [2024-12-14T20:55:19.767-0500] {dag.py:3239} INFO - Sync 1 DAGs
[2024-12-14T20:55:19.771-0500] {logging_mixin.py:190} INFO - [2024-12-14T20:55:19.771-0500] {dag.py:4180} INFO - Setting next_dagrun for example_short_circuit_operator to None, run_after=None
[2024-12-14T20:55:19.776-0500] {processor.py:208} INFO - Processing /opt/anaconda3/envs/python310/lib/python3.10/site-packages/airflow/example_dags/example_short_circuit_operator.py took 0.074 seconds
