[2024-12-14T20:43:25.208-0500] {processor.py:186} INFO - Started process (PID=8265) to work on /opt/anaconda3/envs/python310/lib/python3.10/site-packages/airflow/example_dags/example_kubernetes_executor.py
[2024-12-14T20:43:25.208-0500] {processor.py:914} INFO - Processing file /opt/anaconda3/envs/python310/lib/python3.10/site-packages/airflow/example_dags/example_kubernetes_executor.py for tasks to queue
[2024-12-14T20:43:25.209-0500] {logging_mixin.py:190} INFO - [2024-12-14T20:43:25.209-0500] {dagbag.py:588} INFO - Filling up the DagBag from /opt/anaconda3/envs/python310/lib/python3.10/site-packages/airflow/example_dags/example_kubernetes_executor.py
[2024-12-14T20:43:25.241-0500] {logging_mixin.py:190} INFO - [2024-12-14T20:43:25.241-0500] {example_kubernetes_executor.py:39} WARNING - The example_kubernetes_executor example DAG requires the kubernetes provider. Please install it with: pip install apache-airflow[cncf.kubernetes]
[2024-12-14T20:43:25.241-0500] {processor.py:927} WARNING - No viable dags retrieved from /opt/anaconda3/envs/python310/lib/python3.10/site-packages/airflow/example_dags/example_kubernetes_executor.py
[2024-12-14T20:43:25.271-0500] {processor.py:208} INFO - Processing /opt/anaconda3/envs/python310/lib/python3.10/site-packages/airflow/example_dags/example_kubernetes_executor.py took 0.064 seconds
[2024-12-14T20:44:58.488-0500] {processor.py:186} INFO - Started process (PID=8431) to work on /opt/anaconda3/envs/python310/lib/python3.10/site-packages/airflow/example_dags/example_kubernetes_executor.py
[2024-12-14T20:44:58.489-0500] {processor.py:914} INFO - Processing file /opt/anaconda3/envs/python310/lib/python3.10/site-packages/airflow/example_dags/example_kubernetes_executor.py for tasks to queue
[2024-12-14T20:44:58.490-0500] {logging_mixin.py:190} INFO - [2024-12-14T20:44:58.490-0500] {dagbag.py:588} INFO - Filling up the DagBag from /opt/anaconda3/envs/python310/lib/python3.10/site-packages/airflow/example_dags/example_kubernetes_executor.py
[2024-12-14T20:44:58.521-0500] {logging_mixin.py:190} INFO - [2024-12-14T20:44:58.521-0500] {example_kubernetes_executor.py:39} WARNING - The example_kubernetes_executor example DAG requires the kubernetes provider. Please install it with: pip install apache-airflow[cncf.kubernetes]
[2024-12-14T20:44:58.521-0500] {processor.py:927} WARNING - No viable dags retrieved from /opt/anaconda3/envs/python310/lib/python3.10/site-packages/airflow/example_dags/example_kubernetes_executor.py
[2024-12-14T20:44:58.551-0500] {processor.py:208} INFO - Processing /opt/anaconda3/envs/python310/lib/python3.10/site-packages/airflow/example_dags/example_kubernetes_executor.py took 0.064 seconds
[2024-12-14T20:47:06.380-0500] {processor.py:186} INFO - Started process (PID=8651) to work on /opt/anaconda3/envs/python310/lib/python3.10/site-packages/airflow/example_dags/example_kubernetes_executor.py
[2024-12-14T20:47:06.381-0500] {processor.py:914} INFO - Processing file /opt/anaconda3/envs/python310/lib/python3.10/site-packages/airflow/example_dags/example_kubernetes_executor.py for tasks to queue
[2024-12-14T20:47:06.382-0500] {logging_mixin.py:190} INFO - [2024-12-14T20:47:06.382-0500] {dagbag.py:588} INFO - Filling up the DagBag from /opt/anaconda3/envs/python310/lib/python3.10/site-packages/airflow/example_dags/example_kubernetes_executor.py
[2024-12-14T20:47:06.420-0500] {logging_mixin.py:190} INFO - [2024-12-14T20:47:06.420-0500] {example_kubernetes_executor.py:39} WARNING - The example_kubernetes_executor example DAG requires the kubernetes provider. Please install it with: pip install apache-airflow[cncf.kubernetes]
[2024-12-14T20:47:06.420-0500] {processor.py:927} WARNING - No viable dags retrieved from /opt/anaconda3/envs/python310/lib/python3.10/site-packages/airflow/example_dags/example_kubernetes_executor.py
[2024-12-14T20:47:06.452-0500] {processor.py:208} INFO - Processing /opt/anaconda3/envs/python310/lib/python3.10/site-packages/airflow/example_dags/example_kubernetes_executor.py took 0.074 seconds
[2024-12-14T20:49:14.772-0500] {processor.py:186} INFO - Started process (PID=8869) to work on /opt/anaconda3/envs/python310/lib/python3.10/site-packages/airflow/example_dags/example_kubernetes_executor.py
[2024-12-14T20:49:14.773-0500] {processor.py:914} INFO - Processing file /opt/anaconda3/envs/python310/lib/python3.10/site-packages/airflow/example_dags/example_kubernetes_executor.py for tasks to queue
[2024-12-14T20:49:14.773-0500] {logging_mixin.py:190} INFO - [2024-12-14T20:49:14.773-0500] {dagbag.py:588} INFO - Filling up the DagBag from /opt/anaconda3/envs/python310/lib/python3.10/site-packages/airflow/example_dags/example_kubernetes_executor.py
[2024-12-14T20:49:14.804-0500] {logging_mixin.py:190} INFO - [2024-12-14T20:49:14.804-0500] {example_kubernetes_executor.py:39} WARNING - The example_kubernetes_executor example DAG requires the kubernetes provider. Please install it with: pip install apache-airflow[cncf.kubernetes]
[2024-12-14T20:49:14.804-0500] {processor.py:927} WARNING - No viable dags retrieved from /opt/anaconda3/envs/python310/lib/python3.10/site-packages/airflow/example_dags/example_kubernetes_executor.py
[2024-12-14T20:49:14.834-0500] {processor.py:208} INFO - Processing /opt/anaconda3/envs/python310/lib/python3.10/site-packages/airflow/example_dags/example_kubernetes_executor.py took 0.063 seconds
[2024-12-14T20:51:27.375-0500] {processor.py:186} INFO - Started process (PID=9091) to work on /opt/anaconda3/envs/python310/lib/python3.10/site-packages/airflow/example_dags/example_kubernetes_executor.py
[2024-12-14T20:51:27.375-0500] {processor.py:914} INFO - Processing file /opt/anaconda3/envs/python310/lib/python3.10/site-packages/airflow/example_dags/example_kubernetes_executor.py for tasks to queue
[2024-12-14T20:51:27.376-0500] {logging_mixin.py:190} INFO - [2024-12-14T20:51:27.376-0500] {dagbag.py:588} INFO - Filling up the DagBag from /opt/anaconda3/envs/python310/lib/python3.10/site-packages/airflow/example_dags/example_kubernetes_executor.py
[2024-12-14T20:51:27.407-0500] {logging_mixin.py:190} INFO - [2024-12-14T20:51:27.407-0500] {example_kubernetes_executor.py:39} WARNING - The example_kubernetes_executor example DAG requires the kubernetes provider. Please install it with: pip install apache-airflow[cncf.kubernetes]
[2024-12-14T20:51:27.407-0500] {processor.py:927} WARNING - No viable dags retrieved from /opt/anaconda3/envs/python310/lib/python3.10/site-packages/airflow/example_dags/example_kubernetes_executor.py
[2024-12-14T20:51:27.437-0500] {processor.py:208} INFO - Processing /opt/anaconda3/envs/python310/lib/python3.10/site-packages/airflow/example_dags/example_kubernetes_executor.py took 0.063 seconds
[2024-12-14T20:53:38.114-0500] {processor.py:186} INFO - Started process (PID=9343) to work on /opt/anaconda3/envs/python310/lib/python3.10/site-packages/airflow/example_dags/example_kubernetes_executor.py
[2024-12-14T20:53:38.115-0500] {processor.py:914} INFO - Processing file /opt/anaconda3/envs/python310/lib/python3.10/site-packages/airflow/example_dags/example_kubernetes_executor.py for tasks to queue
[2024-12-14T20:53:38.115-0500] {logging_mixin.py:190} INFO - [2024-12-14T20:53:38.115-0500] {dagbag.py:588} INFO - Filling up the DagBag from /opt/anaconda3/envs/python310/lib/python3.10/site-packages/airflow/example_dags/example_kubernetes_executor.py
[2024-12-14T20:53:38.149-0500] {logging_mixin.py:190} INFO - [2024-12-14T20:53:38.149-0500] {example_kubernetes_executor.py:39} WARNING - The example_kubernetes_executor example DAG requires the kubernetes provider. Please install it with: pip install apache-airflow[cncf.kubernetes]
[2024-12-14T20:53:38.149-0500] {processor.py:927} WARNING - No viable dags retrieved from /opt/anaconda3/envs/python310/lib/python3.10/site-packages/airflow/example_dags/example_kubernetes_executor.py
[2024-12-14T20:53:38.178-0500] {processor.py:208} INFO - Processing /opt/anaconda3/envs/python310/lib/python3.10/site-packages/airflow/example_dags/example_kubernetes_executor.py took 0.065 seconds
