[2024-12-14T20:42:37.556-0500] {processor.py:186} INFO - Started process (PID=8175) to work on /opt/anaconda3/envs/python310/lib/python3.10/site-packages/airflow/example_dags/tutorial_dag.py
[2024-12-14T20:42:37.556-0500] {processor.py:914} INFO - Processing file /opt/anaconda3/envs/python310/lib/python3.10/site-packages/airflow/example_dags/tutorial_dag.py for tasks to queue
[2024-12-14T20:42:37.556-0500] {logging_mixin.py:190} INFO - [2024-12-14T20:42:37.556-0500] {dagbag.py:588} INFO - Filling up the DagBag from /opt/anaconda3/envs/python310/lib/python3.10/site-packages/airflow/example_dags/tutorial_dag.py
[2024-12-14T20:42:37.585-0500] {processor.py:925} INFO - DAG(s) 'tutorial_dag' retrieved from /opt/anaconda3/envs/python310/lib/python3.10/site-packages/airflow/example_dags/tutorial_dag.py
[2024-12-14T20:42:37.646-0500] {logging_mixin.py:190} INFO - [2024-12-14T20:42:37.646-0500] {override.py:1911} INFO - Created Permission View: can edit on DAG:tutorial_dag
[2024-12-14T20:42:37.649-0500] {logging_mixin.py:190} INFO - [2024-12-14T20:42:37.648-0500] {override.py:1911} INFO - Created Permission View: can delete on DAG:tutorial_dag
[2024-12-14T20:42:37.650-0500] {logging_mixin.py:190} INFO - [2024-12-14T20:42:37.650-0500] {override.py:1911} INFO - Created Permission View: can read on DAG:tutorial_dag
[2024-12-14T20:42:37.652-0500] {logging_mixin.py:190} INFO - [2024-12-14T20:42:37.652-0500] {override.py:1911} INFO - Created Permission View: can delete on DAG Run:tutorial_dag
[2024-12-14T20:42:37.654-0500] {logging_mixin.py:190} INFO - [2024-12-14T20:42:37.654-0500] {override.py:1911} INFO - Created Permission View: menu access on DAG Run:tutorial_dag
[2024-12-14T20:42:37.656-0500] {logging_mixin.py:190} INFO - [2024-12-14T20:42:37.656-0500] {override.py:1911} INFO - Created Permission View: can read on DAG Run:tutorial_dag
[2024-12-14T20:42:37.657-0500] {logging_mixin.py:190} INFO - [2024-12-14T20:42:37.657-0500] {override.py:1911} INFO - Created Permission View: can create on DAG Run:tutorial_dag
[2024-12-14T20:42:37.657-0500] {logging_mixin.py:190} INFO - [2024-12-14T20:42:37.657-0500] {dag.py:3239} INFO - Sync 1 DAGs
[2024-12-14T20:42:37.662-0500] {logging_mixin.py:190} INFO - [2024-12-14T20:42:37.662-0500] {dag.py:3262} INFO - Creating ORM DAG for tutorial_dag
[2024-12-14T20:42:37.662-0500] {logging_mixin.py:190} INFO - [2024-12-14T20:42:37.662-0500] {dag.py:4180} INFO - Setting next_dagrun for tutorial_dag to None, run_after=None
[2024-12-14T20:42:37.667-0500] {processor.py:208} INFO - Processing /opt/anaconda3/envs/python310/lib/python3.10/site-packages/airflow/example_dags/tutorial_dag.py took 0.112 seconds
[2024-12-14T20:44:13.099-0500] {processor.py:186} INFO - Started process (PID=8355) to work on /opt/anaconda3/envs/python310/lib/python3.10/site-packages/airflow/example_dags/tutorial_dag.py
[2024-12-14T20:44:13.100-0500] {processor.py:914} INFO - Processing file /opt/anaconda3/envs/python310/lib/python3.10/site-packages/airflow/example_dags/tutorial_dag.py for tasks to queue
[2024-12-14T20:44:13.101-0500] {logging_mixin.py:190} INFO - [2024-12-14T20:44:13.101-0500] {dagbag.py:588} INFO - Filling up the DagBag from /opt/anaconda3/envs/python310/lib/python3.10/site-packages/airflow/example_dags/tutorial_dag.py
[2024-12-14T20:44:13.129-0500] {processor.py:925} INFO - DAG(s) 'tutorial_dag' retrieved from /opt/anaconda3/envs/python310/lib/python3.10/site-packages/airflow/example_dags/tutorial_dag.py
[2024-12-14T20:44:13.162-0500] {logging_mixin.py:190} INFO - [2024-12-14T20:44:13.162-0500] {dag.py:3239} INFO - Sync 1 DAGs
[2024-12-14T20:44:13.165-0500] {logging_mixin.py:190} INFO - [2024-12-14T20:44:13.165-0500] {dag.py:4180} INFO - Setting next_dagrun for tutorial_dag to None, run_after=None
[2024-12-14T20:44:13.171-0500] {processor.py:208} INFO - Processing /opt/anaconda3/envs/python310/lib/python3.10/site-packages/airflow/example_dags/tutorial_dag.py took 0.073 seconds
[2024-12-14T20:45:15.412-0500] {processor.py:186} INFO - Started process (PID=8462) to work on /opt/anaconda3/envs/python310/lib/python3.10/site-packages/airflow/example_dags/tutorial_dag.py
[2024-12-14T20:45:15.414-0500] {processor.py:914} INFO - Processing file /opt/anaconda3/envs/python310/lib/python3.10/site-packages/airflow/example_dags/tutorial_dag.py for tasks to queue
[2024-12-14T20:45:15.414-0500] {logging_mixin.py:190} INFO - [2024-12-14T20:45:15.414-0500] {dagbag.py:588} INFO - Filling up the DagBag from /opt/anaconda3/envs/python310/lib/python3.10/site-packages/airflow/example_dags/tutorial_dag.py
[2024-12-14T20:45:15.442-0500] {processor.py:925} INFO - DAG(s) 'tutorial_dag' retrieved from /opt/anaconda3/envs/python310/lib/python3.10/site-packages/airflow/example_dags/tutorial_dag.py
[2024-12-14T20:45:15.475-0500] {logging_mixin.py:190} INFO - [2024-12-14T20:45:15.475-0500] {dag.py:3239} INFO - Sync 1 DAGs
[2024-12-14T20:45:15.479-0500] {logging_mixin.py:190} INFO - [2024-12-14T20:45:15.479-0500] {dag.py:4180} INFO - Setting next_dagrun for tutorial_dag to None, run_after=None
[2024-12-14T20:45:15.484-0500] {processor.py:208} INFO - Processing /opt/anaconda3/envs/python310/lib/python3.10/site-packages/airflow/example_dags/tutorial_dag.py took 0.073 seconds
[2024-12-14T20:46:19.875-0500] {processor.py:186} INFO - Started process (PID=8574) to work on /opt/anaconda3/envs/python310/lib/python3.10/site-packages/airflow/example_dags/tutorial_dag.py
[2024-12-14T20:46:19.876-0500] {processor.py:914} INFO - Processing file /opt/anaconda3/envs/python310/lib/python3.10/site-packages/airflow/example_dags/tutorial_dag.py for tasks to queue
[2024-12-14T20:46:19.876-0500] {logging_mixin.py:190} INFO - [2024-12-14T20:46:19.876-0500] {dagbag.py:588} INFO - Filling up the DagBag from /opt/anaconda3/envs/python310/lib/python3.10/site-packages/airflow/example_dags/tutorial_dag.py
[2024-12-14T20:46:19.906-0500] {processor.py:925} INFO - DAG(s) 'tutorial_dag' retrieved from /opt/anaconda3/envs/python310/lib/python3.10/site-packages/airflow/example_dags/tutorial_dag.py
[2024-12-14T20:46:19.939-0500] {logging_mixin.py:190} INFO - [2024-12-14T20:46:19.939-0500] {dag.py:3239} INFO - Sync 1 DAGs
[2024-12-14T20:46:19.942-0500] {logging_mixin.py:190} INFO - [2024-12-14T20:46:19.942-0500] {dag.py:4180} INFO - Setting next_dagrun for tutorial_dag to None, run_after=None
[2024-12-14T20:46:19.948-0500] {processor.py:208} INFO - Processing /opt/anaconda3/envs/python310/lib/python3.10/site-packages/airflow/example_dags/tutorial_dag.py took 0.074 seconds
[2024-12-14T20:47:22.594-0500] {processor.py:186} INFO - Started process (PID=8677) to work on /opt/anaconda3/envs/python310/lib/python3.10/site-packages/airflow/example_dags/tutorial_dag.py
[2024-12-14T20:47:22.595-0500] {processor.py:914} INFO - Processing file /opt/anaconda3/envs/python310/lib/python3.10/site-packages/airflow/example_dags/tutorial_dag.py for tasks to queue
[2024-12-14T20:47:22.595-0500] {logging_mixin.py:190} INFO - [2024-12-14T20:47:22.595-0500] {dagbag.py:588} INFO - Filling up the DagBag from /opt/anaconda3/envs/python310/lib/python3.10/site-packages/airflow/example_dags/tutorial_dag.py
[2024-12-14T20:47:22.623-0500] {processor.py:925} INFO - DAG(s) 'tutorial_dag' retrieved from /opt/anaconda3/envs/python310/lib/python3.10/site-packages/airflow/example_dags/tutorial_dag.py
[2024-12-14T20:47:22.656-0500] {logging_mixin.py:190} INFO - [2024-12-14T20:47:22.656-0500] {dag.py:3239} INFO - Sync 1 DAGs
[2024-12-14T20:47:22.660-0500] {logging_mixin.py:190} INFO - [2024-12-14T20:47:22.659-0500] {dag.py:4180} INFO - Setting next_dagrun for tutorial_dag to None, run_after=None
[2024-12-14T20:47:22.665-0500] {processor.py:208} INFO - Processing /opt/anaconda3/envs/python310/lib/python3.10/site-packages/airflow/example_dags/tutorial_dag.py took 0.073 seconds
[2024-12-14T20:48:26.486-0500] {processor.py:186} INFO - Started process (PID=8789) to work on /opt/anaconda3/envs/python310/lib/python3.10/site-packages/airflow/example_dags/tutorial_dag.py
[2024-12-14T20:48:26.488-0500] {processor.py:914} INFO - Processing file /opt/anaconda3/envs/python310/lib/python3.10/site-packages/airflow/example_dags/tutorial_dag.py for tasks to queue
[2024-12-14T20:48:26.488-0500] {logging_mixin.py:190} INFO - [2024-12-14T20:48:26.488-0500] {dagbag.py:588} INFO - Filling up the DagBag from /opt/anaconda3/envs/python310/lib/python3.10/site-packages/airflow/example_dags/tutorial_dag.py
[2024-12-14T20:48:26.516-0500] {processor.py:925} INFO - DAG(s) 'tutorial_dag' retrieved from /opt/anaconda3/envs/python310/lib/python3.10/site-packages/airflow/example_dags/tutorial_dag.py
[2024-12-14T20:48:26.549-0500] {logging_mixin.py:190} INFO - [2024-12-14T20:48:26.548-0500] {dag.py:3239} INFO - Sync 1 DAGs
[2024-12-14T20:48:26.552-0500] {logging_mixin.py:190} INFO - [2024-12-14T20:48:26.552-0500] {dag.py:4180} INFO - Setting next_dagrun for tutorial_dag to None, run_after=None
[2024-12-14T20:48:26.558-0500] {processor.py:208} INFO - Processing /opt/anaconda3/envs/python310/lib/python3.10/site-packages/airflow/example_dags/tutorial_dag.py took 0.072 seconds
[2024-12-14T20:49:32.308-0500] {processor.py:186} INFO - Started process (PID=8901) to work on /opt/anaconda3/envs/python310/lib/python3.10/site-packages/airflow/example_dags/tutorial_dag.py
[2024-12-14T20:49:32.309-0500] {processor.py:914} INFO - Processing file /opt/anaconda3/envs/python310/lib/python3.10/site-packages/airflow/example_dags/tutorial_dag.py for tasks to queue
[2024-12-14T20:49:32.309-0500] {logging_mixin.py:190} INFO - [2024-12-14T20:49:32.309-0500] {dagbag.py:588} INFO - Filling up the DagBag from /opt/anaconda3/envs/python310/lib/python3.10/site-packages/airflow/example_dags/tutorial_dag.py
[2024-12-14T20:49:32.338-0500] {processor.py:925} INFO - DAG(s) 'tutorial_dag' retrieved from /opt/anaconda3/envs/python310/lib/python3.10/site-packages/airflow/example_dags/tutorial_dag.py
[2024-12-14T20:49:32.371-0500] {logging_mixin.py:190} INFO - [2024-12-14T20:49:32.371-0500] {dag.py:3239} INFO - Sync 1 DAGs
[2024-12-14T20:49:32.374-0500] {logging_mixin.py:190} INFO - [2024-12-14T20:49:32.374-0500] {dag.py:4180} INFO - Setting next_dagrun for tutorial_dag to None, run_after=None
[2024-12-14T20:49:32.380-0500] {processor.py:208} INFO - Processing /opt/anaconda3/envs/python310/lib/python3.10/site-packages/airflow/example_dags/tutorial_dag.py took 0.073 seconds
[2024-12-14T20:50:37.932-0500] {processor.py:186} INFO - Started process (PID=9012) to work on /opt/anaconda3/envs/python310/lib/python3.10/site-packages/airflow/example_dags/tutorial_dag.py
[2024-12-14T20:50:37.933-0500] {processor.py:914} INFO - Processing file /opt/anaconda3/envs/python310/lib/python3.10/site-packages/airflow/example_dags/tutorial_dag.py for tasks to queue
[2024-12-14T20:50:37.933-0500] {logging_mixin.py:190} INFO - [2024-12-14T20:50:37.933-0500] {dagbag.py:588} INFO - Filling up the DagBag from /opt/anaconda3/envs/python310/lib/python3.10/site-packages/airflow/example_dags/tutorial_dag.py
[2024-12-14T20:50:37.963-0500] {processor.py:925} INFO - DAG(s) 'tutorial_dag' retrieved from /opt/anaconda3/envs/python310/lib/python3.10/site-packages/airflow/example_dags/tutorial_dag.py
[2024-12-14T20:50:37.996-0500] {logging_mixin.py:190} INFO - [2024-12-14T20:50:37.996-0500] {dag.py:3239} INFO - Sync 1 DAGs
[2024-12-14T20:50:38.000-0500] {logging_mixin.py:190} INFO - [2024-12-14T20:50:38.000-0500] {dag.py:4180} INFO - Setting next_dagrun for tutorial_dag to None, run_after=None
[2024-12-14T20:50:38.006-0500] {processor.py:208} INFO - Processing /opt/anaconda3/envs/python310/lib/python3.10/site-packages/airflow/example_dags/tutorial_dag.py took 0.075 seconds
[2024-12-14T20:51:42.362-0500] {processor.py:186} INFO - Started process (PID=9119) to work on /opt/anaconda3/envs/python310/lib/python3.10/site-packages/airflow/example_dags/tutorial_dag.py
[2024-12-14T20:51:42.362-0500] {processor.py:914} INFO - Processing file /opt/anaconda3/envs/python310/lib/python3.10/site-packages/airflow/example_dags/tutorial_dag.py for tasks to queue
[2024-12-14T20:51:42.362-0500] {logging_mixin.py:190} INFO - [2024-12-14T20:51:42.362-0500] {dagbag.py:588} INFO - Filling up the DagBag from /opt/anaconda3/envs/python310/lib/python3.10/site-packages/airflow/example_dags/tutorial_dag.py
[2024-12-14T20:51:42.390-0500] {processor.py:925} INFO - DAG(s) 'tutorial_dag' retrieved from /opt/anaconda3/envs/python310/lib/python3.10/site-packages/airflow/example_dags/tutorial_dag.py
[2024-12-14T20:51:42.423-0500] {logging_mixin.py:190} INFO - [2024-12-14T20:51:42.423-0500] {dag.py:3239} INFO - Sync 1 DAGs
[2024-12-14T20:51:42.426-0500] {logging_mixin.py:190} INFO - [2024-12-14T20:51:42.426-0500] {dag.py:4180} INFO - Setting next_dagrun for tutorial_dag to None, run_after=None
[2024-12-14T20:51:42.432-0500] {processor.py:208} INFO - Processing /opt/anaconda3/envs/python310/lib/python3.10/site-packages/airflow/example_dags/tutorial_dag.py took 0.072 seconds
[2024-12-14T20:52:49.050-0500] {processor.py:186} INFO - Started process (PID=9243) to work on /opt/anaconda3/envs/python310/lib/python3.10/site-packages/airflow/example_dags/tutorial_dag.py
[2024-12-14T20:52:49.051-0500] {processor.py:914} INFO - Processing file /opt/anaconda3/envs/python310/lib/python3.10/site-packages/airflow/example_dags/tutorial_dag.py for tasks to queue
[2024-12-14T20:52:49.051-0500] {logging_mixin.py:190} INFO - [2024-12-14T20:52:49.051-0500] {dagbag.py:588} INFO - Filling up the DagBag from /opt/anaconda3/envs/python310/lib/python3.10/site-packages/airflow/example_dags/tutorial_dag.py
[2024-12-14T20:52:49.082-0500] {processor.py:925} INFO - DAG(s) 'tutorial_dag' retrieved from /opt/anaconda3/envs/python310/lib/python3.10/site-packages/airflow/example_dags/tutorial_dag.py
[2024-12-14T20:52:49.115-0500] {logging_mixin.py:190} INFO - [2024-12-14T20:52:49.115-0500] {dag.py:3239} INFO - Sync 1 DAGs
[2024-12-14T20:52:49.118-0500] {logging_mixin.py:190} INFO - [2024-12-14T20:52:49.118-0500] {dag.py:4180} INFO - Setting next_dagrun for tutorial_dag to None, run_after=None
[2024-12-14T20:52:49.124-0500] {processor.py:208} INFO - Processing /opt/anaconda3/envs/python310/lib/python3.10/site-packages/airflow/example_dags/tutorial_dag.py took 0.076 seconds
[2024-12-14T20:53:53.525-0500] {processor.py:186} INFO - Started process (PID=9371) to work on /opt/anaconda3/envs/python310/lib/python3.10/site-packages/airflow/example_dags/tutorial_dag.py
[2024-12-14T20:53:53.526-0500] {processor.py:914} INFO - Processing file /opt/anaconda3/envs/python310/lib/python3.10/site-packages/airflow/example_dags/tutorial_dag.py for tasks to queue
[2024-12-14T20:53:53.527-0500] {logging_mixin.py:190} INFO - [2024-12-14T20:53:53.527-0500] {dagbag.py:588} INFO - Filling up the DagBag from /opt/anaconda3/envs/python310/lib/python3.10/site-packages/airflow/example_dags/tutorial_dag.py
[2024-12-14T20:53:53.556-0500] {processor.py:925} INFO - DAG(s) 'tutorial_dag' retrieved from /opt/anaconda3/envs/python310/lib/python3.10/site-packages/airflow/example_dags/tutorial_dag.py
[2024-12-14T20:53:53.589-0500] {logging_mixin.py:190} INFO - [2024-12-14T20:53:53.589-0500] {dag.py:3239} INFO - Sync 1 DAGs
[2024-12-14T20:53:53.592-0500] {logging_mixin.py:190} INFO - [2024-12-14T20:53:53.592-0500] {dag.py:4180} INFO - Setting next_dagrun for tutorial_dag to None, run_after=None
[2024-12-14T20:53:53.598-0500] {processor.py:208} INFO - Processing /opt/anaconda3/envs/python310/lib/python3.10/site-packages/airflow/example_dags/tutorial_dag.py took 0.074 seconds
[2024-12-14T20:54:58.557-0500] {processor.py:186} INFO - Started process (PID=9481) to work on /opt/anaconda3/envs/python310/lib/python3.10/site-packages/airflow/example_dags/tutorial_dag.py
[2024-12-14T20:54:58.558-0500] {processor.py:914} INFO - Processing file /opt/anaconda3/envs/python310/lib/python3.10/site-packages/airflow/example_dags/tutorial_dag.py for tasks to queue
[2024-12-14T20:54:58.558-0500] {logging_mixin.py:190} INFO - [2024-12-14T20:54:58.558-0500] {dagbag.py:588} INFO - Filling up the DagBag from /opt/anaconda3/envs/python310/lib/python3.10/site-packages/airflow/example_dags/tutorial_dag.py
[2024-12-14T20:54:58.586-0500] {processor.py:925} INFO - DAG(s) 'tutorial_dag' retrieved from /opt/anaconda3/envs/python310/lib/python3.10/site-packages/airflow/example_dags/tutorial_dag.py
[2024-12-14T20:54:58.619-0500] {logging_mixin.py:190} INFO - [2024-12-14T20:54:58.618-0500] {dag.py:3239} INFO - Sync 1 DAGs
[2024-12-14T20:54:58.622-0500] {logging_mixin.py:190} INFO - [2024-12-14T20:54:58.622-0500] {dag.py:4180} INFO - Setting next_dagrun for tutorial_dag to None, run_after=None
[2024-12-14T20:54:58.628-0500] {processor.py:208} INFO - Processing /opt/anaconda3/envs/python310/lib/python3.10/site-packages/airflow/example_dags/tutorial_dag.py took 0.072 seconds
