[2024-12-14T20:42:31.056-0500] {processor.py:186} INFO - Started process (PID=8012) to work on /opt/anaconda3/envs/python310/lib/python3.10/site-packages/airflow/example_dags/tutorial_taskflow_templates.py
[2024-12-14T20:42:31.056-0500] {processor.py:914} INFO - Processing file /opt/anaconda3/envs/python310/lib/python3.10/site-packages/airflow/example_dags/tutorial_taskflow_templates.py for tasks to queue
[2024-12-14T20:42:31.056-0500] {logging_mixin.py:190} INFO - [2024-12-14T20:42:31.056-0500] {dagbag.py:588} INFO - Filling up the DagBag from /opt/anaconda3/envs/python310/lib/python3.10/site-packages/airflow/example_dags/tutorial_taskflow_templates.py
[2024-12-14T20:42:31.094-0500] {processor.py:925} INFO - DAG(s) 'tutorial_taskflow_templates' retrieved from /opt/anaconda3/envs/python310/lib/python3.10/site-packages/airflow/example_dags/tutorial_taskflow_templates.py
[2024-12-14T20:42:31.161-0500] {logging_mixin.py:190} INFO - [2024-12-14T20:42:31.161-0500] {override.py:1911} INFO - Created Permission View: can edit on DAG:tutorial_taskflow_templates
[2024-12-14T20:42:31.164-0500] {logging_mixin.py:190} INFO - [2024-12-14T20:42:31.164-0500] {override.py:1911} INFO - Created Permission View: can read on DAG:tutorial_taskflow_templates
[2024-12-14T20:42:31.166-0500] {logging_mixin.py:190} INFO - [2024-12-14T20:42:31.166-0500] {override.py:1911} INFO - Created Permission View: can delete on DAG:tutorial_taskflow_templates
[2024-12-14T20:42:31.168-0500] {logging_mixin.py:190} INFO - [2024-12-14T20:42:31.168-0500] {override.py:1911} INFO - Created Permission View: menu access on DAG Run:tutorial_taskflow_templates
[2024-12-14T20:42:31.170-0500] {logging_mixin.py:190} INFO - [2024-12-14T20:42:31.170-0500] {override.py:1911} INFO - Created Permission View: can read on DAG Run:tutorial_taskflow_templates
[2024-12-14T20:42:31.171-0500] {logging_mixin.py:190} INFO - [2024-12-14T20:42:31.171-0500] {override.py:1911} INFO - Created Permission View: can create on DAG Run:tutorial_taskflow_templates
[2024-12-14T20:42:31.173-0500] {logging_mixin.py:190} INFO - [2024-12-14T20:42:31.173-0500] {override.py:1911} INFO - Created Permission View: can delete on DAG Run:tutorial_taskflow_templates
[2024-12-14T20:42:31.173-0500] {logging_mixin.py:190} INFO - [2024-12-14T20:42:31.173-0500] {dag.py:3239} INFO - Sync 1 DAGs
[2024-12-14T20:42:31.177-0500] {logging_mixin.py:190} INFO - [2024-12-14T20:42:31.177-0500] {dag.py:3262} INFO - Creating ORM DAG for tutorial_taskflow_templates
[2024-12-14T20:42:31.180-0500] {logging_mixin.py:190} INFO - [2024-12-14T20:42:31.180-0500] {dag.py:4180} INFO - Setting next_dagrun for tutorial_taskflow_templates to 2024-12-14 00:00:00+00:00, run_after=2024-12-15 00:00:00+00:00
[2024-12-14T20:42:31.185-0500] {processor.py:208} INFO - Processing /opt/anaconda3/envs/python310/lib/python3.10/site-packages/airflow/example_dags/tutorial_taskflow_templates.py took 0.131 seconds
[2024-12-14T20:44:06.035-0500] {processor.py:186} INFO - Started process (PID=8341) to work on /opt/anaconda3/envs/python310/lib/python3.10/site-packages/airflow/example_dags/tutorial_taskflow_templates.py
[2024-12-14T20:44:06.036-0500] {processor.py:914} INFO - Processing file /opt/anaconda3/envs/python310/lib/python3.10/site-packages/airflow/example_dags/tutorial_taskflow_templates.py for tasks to queue
[2024-12-14T20:44:06.036-0500] {logging_mixin.py:190} INFO - [2024-12-14T20:44:06.036-0500] {dagbag.py:588} INFO - Filling up the DagBag from /opt/anaconda3/envs/python310/lib/python3.10/site-packages/airflow/example_dags/tutorial_taskflow_templates.py
[2024-12-14T20:44:06.072-0500] {processor.py:925} INFO - DAG(s) 'tutorial_taskflow_templates' retrieved from /opt/anaconda3/envs/python310/lib/python3.10/site-packages/airflow/example_dags/tutorial_taskflow_templates.py
[2024-12-14T20:44:06.108-0500] {logging_mixin.py:190} INFO - [2024-12-14T20:44:06.108-0500] {dag.py:3239} INFO - Sync 1 DAGs
[2024-12-14T20:44:06.114-0500] {logging_mixin.py:190} INFO - [2024-12-14T20:44:06.114-0500] {dag.py:4180} INFO - Setting next_dagrun for tutorial_taskflow_templates to 2024-12-14 00:00:00+00:00, run_after=2024-12-15 00:00:00+00:00
[2024-12-14T20:44:06.120-0500] {processor.py:208} INFO - Processing /opt/anaconda3/envs/python310/lib/python3.10/site-packages/airflow/example_dags/tutorial_taskflow_templates.py took 0.086 seconds
[2024-12-14T20:45:08.351-0500] {processor.py:186} INFO - Started process (PID=8453) to work on /opt/anaconda3/envs/python310/lib/python3.10/site-packages/airflow/example_dags/tutorial_taskflow_templates.py
[2024-12-14T20:45:08.352-0500] {processor.py:914} INFO - Processing file /opt/anaconda3/envs/python310/lib/python3.10/site-packages/airflow/example_dags/tutorial_taskflow_templates.py for tasks to queue
[2024-12-14T20:45:08.353-0500] {logging_mixin.py:190} INFO - [2024-12-14T20:45:08.352-0500] {dagbag.py:588} INFO - Filling up the DagBag from /opt/anaconda3/envs/python310/lib/python3.10/site-packages/airflow/example_dags/tutorial_taskflow_templates.py
[2024-12-14T20:45:08.387-0500] {processor.py:925} INFO - DAG(s) 'tutorial_taskflow_templates' retrieved from /opt/anaconda3/envs/python310/lib/python3.10/site-packages/airflow/example_dags/tutorial_taskflow_templates.py
[2024-12-14T20:45:08.420-0500] {logging_mixin.py:190} INFO - [2024-12-14T20:45:08.420-0500] {dag.py:3239} INFO - Sync 1 DAGs
[2024-12-14T20:45:08.426-0500] {logging_mixin.py:190} INFO - [2024-12-14T20:45:08.426-0500] {dag.py:4180} INFO - Setting next_dagrun for tutorial_taskflow_templates to 2024-12-14 00:00:00+00:00, run_after=2024-12-15 00:00:00+00:00
[2024-12-14T20:45:08.432-0500] {processor.py:208} INFO - Processing /opt/anaconda3/envs/python310/lib/python3.10/site-packages/airflow/example_dags/tutorial_taskflow_templates.py took 0.082 seconds
[2024-12-14T20:46:14.051-0500] {processor.py:186} INFO - Started process (PID=8560) to work on /opt/anaconda3/envs/python310/lib/python3.10/site-packages/airflow/example_dags/tutorial_taskflow_templates.py
[2024-12-14T20:46:14.052-0500] {processor.py:914} INFO - Processing file /opt/anaconda3/envs/python310/lib/python3.10/site-packages/airflow/example_dags/tutorial_taskflow_templates.py for tasks to queue
[2024-12-14T20:46:14.053-0500] {logging_mixin.py:190} INFO - [2024-12-14T20:46:14.052-0500] {dagbag.py:588} INFO - Filling up the DagBag from /opt/anaconda3/envs/python310/lib/python3.10/site-packages/airflow/example_dags/tutorial_taskflow_templates.py
[2024-12-14T20:46:14.086-0500] {processor.py:925} INFO - DAG(s) 'tutorial_taskflow_templates' retrieved from /opt/anaconda3/envs/python310/lib/python3.10/site-packages/airflow/example_dags/tutorial_taskflow_templates.py
[2024-12-14T20:46:14.120-0500] {logging_mixin.py:190} INFO - [2024-12-14T20:46:14.120-0500] {dag.py:3239} INFO - Sync 1 DAGs
[2024-12-14T20:46:14.126-0500] {logging_mixin.py:190} INFO - [2024-12-14T20:46:14.126-0500] {dag.py:4180} INFO - Setting next_dagrun for tutorial_taskflow_templates to 2024-12-14 00:00:00+00:00, run_after=2024-12-15 00:00:00+00:00
[2024-12-14T20:46:14.132-0500] {processor.py:208} INFO - Processing /opt/anaconda3/envs/python310/lib/python3.10/site-packages/airflow/example_dags/tutorial_taskflow_templates.py took 0.082 seconds
[2024-12-14T20:47:16.874-0500] {processor.py:186} INFO - Started process (PID=8669) to work on /opt/anaconda3/envs/python310/lib/python3.10/site-packages/airflow/example_dags/tutorial_taskflow_templates.py
[2024-12-14T20:47:16.875-0500] {processor.py:914} INFO - Processing file /opt/anaconda3/envs/python310/lib/python3.10/site-packages/airflow/example_dags/tutorial_taskflow_templates.py for tasks to queue
[2024-12-14T20:47:16.876-0500] {logging_mixin.py:190} INFO - [2024-12-14T20:47:16.876-0500] {dagbag.py:588} INFO - Filling up the DagBag from /opt/anaconda3/envs/python310/lib/python3.10/site-packages/airflow/example_dags/tutorial_taskflow_templates.py
[2024-12-14T20:47:16.913-0500] {processor.py:925} INFO - DAG(s) 'tutorial_taskflow_templates' retrieved from /opt/anaconda3/envs/python310/lib/python3.10/site-packages/airflow/example_dags/tutorial_taskflow_templates.py
[2024-12-14T20:47:16.946-0500] {logging_mixin.py:190} INFO - [2024-12-14T20:47:16.946-0500] {dag.py:3239} INFO - Sync 1 DAGs
[2024-12-14T20:47:16.953-0500] {logging_mixin.py:190} INFO - [2024-12-14T20:47:16.953-0500] {dag.py:4180} INFO - Setting next_dagrun for tutorial_taskflow_templates to 2024-12-14 00:00:00+00:00, run_after=2024-12-15 00:00:00+00:00
[2024-12-14T20:47:16.959-0500] {processor.py:208} INFO - Processing /opt/anaconda3/envs/python310/lib/python3.10/site-packages/airflow/example_dags/tutorial_taskflow_templates.py took 0.086 seconds
[2024-12-14T20:48:20.734-0500] {processor.py:186} INFO - Started process (PID=8781) to work on /opt/anaconda3/envs/python310/lib/python3.10/site-packages/airflow/example_dags/tutorial_taskflow_templates.py
[2024-12-14T20:48:20.735-0500] {processor.py:914} INFO - Processing file /opt/anaconda3/envs/python310/lib/python3.10/site-packages/airflow/example_dags/tutorial_taskflow_templates.py for tasks to queue
[2024-12-14T20:48:20.735-0500] {logging_mixin.py:190} INFO - [2024-12-14T20:48:20.735-0500] {dagbag.py:588} INFO - Filling up the DagBag from /opt/anaconda3/envs/python310/lib/python3.10/site-packages/airflow/example_dags/tutorial_taskflow_templates.py
[2024-12-14T20:48:20.770-0500] {processor.py:925} INFO - DAG(s) 'tutorial_taskflow_templates' retrieved from /opt/anaconda3/envs/python310/lib/python3.10/site-packages/airflow/example_dags/tutorial_taskflow_templates.py
[2024-12-14T20:48:20.803-0500] {logging_mixin.py:190} INFO - [2024-12-14T20:48:20.803-0500] {dag.py:3239} INFO - Sync 1 DAGs
[2024-12-14T20:48:20.809-0500] {logging_mixin.py:190} INFO - [2024-12-14T20:48:20.809-0500] {dag.py:4180} INFO - Setting next_dagrun for tutorial_taskflow_templates to 2024-12-14 00:00:00+00:00, run_after=2024-12-15 00:00:00+00:00
[2024-12-14T20:48:20.815-0500] {processor.py:208} INFO - Processing /opt/anaconda3/envs/python310/lib/python3.10/site-packages/airflow/example_dags/tutorial_taskflow_templates.py took 0.082 seconds
[2024-12-14T20:49:25.218-0500] {processor.py:186} INFO - Started process (PID=8887) to work on /opt/anaconda3/envs/python310/lib/python3.10/site-packages/airflow/example_dags/tutorial_taskflow_templates.py
[2024-12-14T20:49:25.218-0500] {processor.py:914} INFO - Processing file /opt/anaconda3/envs/python310/lib/python3.10/site-packages/airflow/example_dags/tutorial_taskflow_templates.py for tasks to queue
[2024-12-14T20:49:25.219-0500] {logging_mixin.py:190} INFO - [2024-12-14T20:49:25.219-0500] {dagbag.py:588} INFO - Filling up the DagBag from /opt/anaconda3/envs/python310/lib/python3.10/site-packages/airflow/example_dags/tutorial_taskflow_templates.py
[2024-12-14T20:49:25.253-0500] {processor.py:925} INFO - DAG(s) 'tutorial_taskflow_templates' retrieved from /opt/anaconda3/envs/python310/lib/python3.10/site-packages/airflow/example_dags/tutorial_taskflow_templates.py
[2024-12-14T20:49:25.286-0500] {logging_mixin.py:190} INFO - [2024-12-14T20:49:25.286-0500] {dag.py:3239} INFO - Sync 1 DAGs
[2024-12-14T20:49:25.292-0500] {logging_mixin.py:190} INFO - [2024-12-14T20:49:25.292-0500] {dag.py:4180} INFO - Setting next_dagrun for tutorial_taskflow_templates to 2024-12-14 00:00:00+00:00, run_after=2024-12-15 00:00:00+00:00
[2024-12-14T20:49:25.298-0500] {processor.py:208} INFO - Processing /opt/anaconda3/envs/python310/lib/python3.10/site-packages/airflow/example_dags/tutorial_taskflow_templates.py took 0.082 seconds
[2024-12-14T20:50:30.874-0500] {processor.py:186} INFO - Started process (PID=8998) to work on /opt/anaconda3/envs/python310/lib/python3.10/site-packages/airflow/example_dags/tutorial_taskflow_templates.py
[2024-12-14T20:50:30.875-0500] {processor.py:914} INFO - Processing file /opt/anaconda3/envs/python310/lib/python3.10/site-packages/airflow/example_dags/tutorial_taskflow_templates.py for tasks to queue
[2024-12-14T20:50:30.875-0500] {logging_mixin.py:190} INFO - [2024-12-14T20:50:30.875-0500] {dagbag.py:588} INFO - Filling up the DagBag from /opt/anaconda3/envs/python310/lib/python3.10/site-packages/airflow/example_dags/tutorial_taskflow_templates.py
[2024-12-14T20:50:30.909-0500] {processor.py:925} INFO - DAG(s) 'tutorial_taskflow_templates' retrieved from /opt/anaconda3/envs/python310/lib/python3.10/site-packages/airflow/example_dags/tutorial_taskflow_templates.py
[2024-12-14T20:50:30.942-0500] {logging_mixin.py:190} INFO - [2024-12-14T20:50:30.942-0500] {dag.py:3239} INFO - Sync 1 DAGs
[2024-12-14T20:50:30.948-0500] {logging_mixin.py:190} INFO - [2024-12-14T20:50:30.948-0500] {dag.py:4180} INFO - Setting next_dagrun for tutorial_taskflow_templates to 2024-12-14 00:00:00+00:00, run_after=2024-12-15 00:00:00+00:00
[2024-12-14T20:50:30.954-0500] {processor.py:208} INFO - Processing /opt/anaconda3/envs/python310/lib/python3.10/site-packages/airflow/example_dags/tutorial_taskflow_templates.py took 0.081 seconds
[2024-12-14T20:51:35.310-0500] {processor.py:186} INFO - Started process (PID=9104) to work on /opt/anaconda3/envs/python310/lib/python3.10/site-packages/airflow/example_dags/tutorial_taskflow_templates.py
[2024-12-14T20:51:35.311-0500] {processor.py:914} INFO - Processing file /opt/anaconda3/envs/python310/lib/python3.10/site-packages/airflow/example_dags/tutorial_taskflow_templates.py for tasks to queue
[2024-12-14T20:51:35.311-0500] {logging_mixin.py:190} INFO - [2024-12-14T20:51:35.311-0500] {dagbag.py:588} INFO - Filling up the DagBag from /opt/anaconda3/envs/python310/lib/python3.10/site-packages/airflow/example_dags/tutorial_taskflow_templates.py
[2024-12-14T20:51:35.345-0500] {processor.py:925} INFO - DAG(s) 'tutorial_taskflow_templates' retrieved from /opt/anaconda3/envs/python310/lib/python3.10/site-packages/airflow/example_dags/tutorial_taskflow_templates.py
[2024-12-14T20:51:35.378-0500] {logging_mixin.py:190} INFO - [2024-12-14T20:51:35.378-0500] {dag.py:3239} INFO - Sync 1 DAGs
[2024-12-14T20:51:35.384-0500] {logging_mixin.py:190} INFO - [2024-12-14T20:51:35.384-0500] {dag.py:4180} INFO - Setting next_dagrun for tutorial_taskflow_templates to 2024-12-14 00:00:00+00:00, run_after=2024-12-15 00:00:00+00:00
[2024-12-14T20:51:35.390-0500] {processor.py:208} INFO - Processing /opt/anaconda3/envs/python310/lib/python3.10/site-packages/airflow/example_dags/tutorial_taskflow_templates.py took 0.081 seconds
[2024-12-14T20:52:43.543-0500] {processor.py:186} INFO - Started process (PID=9230) to work on /opt/anaconda3/envs/python310/lib/python3.10/site-packages/airflow/example_dags/tutorial_taskflow_templates.py
[2024-12-14T20:52:43.545-0500] {processor.py:914} INFO - Processing file /opt/anaconda3/envs/python310/lib/python3.10/site-packages/airflow/example_dags/tutorial_taskflow_templates.py for tasks to queue
[2024-12-14T20:52:43.546-0500] {logging_mixin.py:190} INFO - [2024-12-14T20:52:43.546-0500] {dagbag.py:588} INFO - Filling up the DagBag from /opt/anaconda3/envs/python310/lib/python3.10/site-packages/airflow/example_dags/tutorial_taskflow_templates.py
[2024-12-14T20:52:43.582-0500] {processor.py:925} INFO - DAG(s) 'tutorial_taskflow_templates' retrieved from /opt/anaconda3/envs/python310/lib/python3.10/site-packages/airflow/example_dags/tutorial_taskflow_templates.py
[2024-12-14T20:52:43.617-0500] {logging_mixin.py:190} INFO - [2024-12-14T20:52:43.617-0500] {dag.py:3239} INFO - Sync 1 DAGs
[2024-12-14T20:52:43.623-0500] {logging_mixin.py:190} INFO - [2024-12-14T20:52:43.623-0500] {dag.py:4180} INFO - Setting next_dagrun for tutorial_taskflow_templates to 2024-12-14 00:00:00+00:00, run_after=2024-12-15 00:00:00+00:00
[2024-12-14T20:52:43.630-0500] {processor.py:208} INFO - Processing /opt/anaconda3/envs/python310/lib/python3.10/site-packages/airflow/example_dags/tutorial_taskflow_templates.py took 0.088 seconds
[2024-12-14T20:53:47.457-0500] {processor.py:186} INFO - Started process (PID=9358) to work on /opt/anaconda3/envs/python310/lib/python3.10/site-packages/airflow/example_dags/tutorial_taskflow_templates.py
[2024-12-14T20:53:47.458-0500] {processor.py:914} INFO - Processing file /opt/anaconda3/envs/python310/lib/python3.10/site-packages/airflow/example_dags/tutorial_taskflow_templates.py for tasks to queue
[2024-12-14T20:53:47.459-0500] {logging_mixin.py:190} INFO - [2024-12-14T20:53:47.459-0500] {dagbag.py:588} INFO - Filling up the DagBag from /opt/anaconda3/envs/python310/lib/python3.10/site-packages/airflow/example_dags/tutorial_taskflow_templates.py
[2024-12-14T20:53:47.496-0500] {processor.py:925} INFO - DAG(s) 'tutorial_taskflow_templates' retrieved from /opt/anaconda3/envs/python310/lib/python3.10/site-packages/airflow/example_dags/tutorial_taskflow_templates.py
[2024-12-14T20:53:47.532-0500] {logging_mixin.py:190} INFO - [2024-12-14T20:53:47.532-0500] {dag.py:3239} INFO - Sync 1 DAGs
[2024-12-14T20:53:47.538-0500] {logging_mixin.py:190} INFO - [2024-12-14T20:53:47.538-0500] {dag.py:4180} INFO - Setting next_dagrun for tutorial_taskflow_templates to 2024-12-14 00:00:00+00:00, run_after=2024-12-15 00:00:00+00:00
[2024-12-14T20:53:47.544-0500] {processor.py:208} INFO - Processing /opt/anaconda3/envs/python310/lib/python3.10/site-packages/airflow/example_dags/tutorial_taskflow_templates.py took 0.088 seconds
[2024-12-14T20:54:51.448-0500] {processor.py:186} INFO - Started process (PID=9468) to work on /opt/anaconda3/envs/python310/lib/python3.10/site-packages/airflow/example_dags/tutorial_taskflow_templates.py
[2024-12-14T20:54:51.449-0500] {processor.py:914} INFO - Processing file /opt/anaconda3/envs/python310/lib/python3.10/site-packages/airflow/example_dags/tutorial_taskflow_templates.py for tasks to queue
[2024-12-14T20:54:51.449-0500] {logging_mixin.py:190} INFO - [2024-12-14T20:54:51.449-0500] {dagbag.py:588} INFO - Filling up the DagBag from /opt/anaconda3/envs/python310/lib/python3.10/site-packages/airflow/example_dags/tutorial_taskflow_templates.py
[2024-12-14T20:54:51.484-0500] {processor.py:925} INFO - DAG(s) 'tutorial_taskflow_templates' retrieved from /opt/anaconda3/envs/python310/lib/python3.10/site-packages/airflow/example_dags/tutorial_taskflow_templates.py
[2024-12-14T20:54:51.518-0500] {logging_mixin.py:190} INFO - [2024-12-14T20:54:51.518-0500] {dag.py:3239} INFO - Sync 1 DAGs
[2024-12-14T20:54:51.524-0500] {logging_mixin.py:190} INFO - [2024-12-14T20:54:51.524-0500] {dag.py:4180} INFO - Setting next_dagrun for tutorial_taskflow_templates to 2024-12-14 00:00:00+00:00, run_after=2024-12-15 00:00:00+00:00
[2024-12-14T20:54:51.530-0500] {processor.py:208} INFO - Processing /opt/anaconda3/envs/python310/lib/python3.10/site-packages/airflow/example_dags/tutorial_taskflow_templates.py took 0.083 seconds
