[2024-12-14T20:42:39.361-0500] {processor.py:186} INFO - Started process (PID=8177) to work on /opt/anaconda3/envs/python310/lib/python3.10/site-packages/airflow/example_dags/tutorial.py
[2024-12-14T20:42:39.362-0500] {processor.py:914} INFO - Processing file /opt/anaconda3/envs/python310/lib/python3.10/site-packages/airflow/example_dags/tutorial.py for tasks to queue
[2024-12-14T20:42:39.362-0500] {logging_mixin.py:190} INFO - [2024-12-14T20:42:39.362-0500] {dagbag.py:588} INFO - Filling up the DagBag from /opt/anaconda3/envs/python310/lib/python3.10/site-packages/airflow/example_dags/tutorial.py
[2024-12-14T20:42:39.365-0500] {processor.py:925} INFO - DAG(s) 'tutorial' retrieved from /opt/anaconda3/envs/python310/lib/python3.10/site-packages/airflow/example_dags/tutorial.py
[2024-12-14T20:42:39.456-0500] {logging_mixin.py:190} INFO - [2024-12-14T20:42:39.455-0500] {override.py:1911} INFO - Created Permission View: can delete on DAG:tutorial
[2024-12-14T20:42:39.458-0500] {logging_mixin.py:190} INFO - [2024-12-14T20:42:39.458-0500] {override.py:1911} INFO - Created Permission View: can edit on DAG:tutorial
[2024-12-14T20:42:39.460-0500] {logging_mixin.py:190} INFO - [2024-12-14T20:42:39.460-0500] {override.py:1911} INFO - Created Permission View: can read on DAG:tutorial
[2024-12-14T20:42:39.463-0500] {logging_mixin.py:190} INFO - [2024-12-14T20:42:39.463-0500] {override.py:1911} INFO - Created Permission View: menu access on DAG Run:tutorial
[2024-12-14T20:42:39.464-0500] {logging_mixin.py:190} INFO - [2024-12-14T20:42:39.464-0500] {override.py:1911} INFO - Created Permission View: can create on DAG Run:tutorial
[2024-12-14T20:42:39.466-0500] {logging_mixin.py:190} INFO - [2024-12-14T20:42:39.466-0500] {override.py:1911} INFO - Created Permission View: can delete on DAG Run:tutorial
[2024-12-14T20:42:39.468-0500] {logging_mixin.py:190} INFO - [2024-12-14T20:42:39.467-0500] {override.py:1911} INFO - Created Permission View: can read on DAG Run:tutorial
[2024-12-14T20:42:39.468-0500] {logging_mixin.py:190} INFO - [2024-12-14T20:42:39.468-0500] {dag.py:3239} INFO - Sync 1 DAGs
[2024-12-14T20:42:39.471-0500] {logging_mixin.py:190} INFO - [2024-12-14T20:42:39.471-0500] {dag.py:3262} INFO - Creating ORM DAG for tutorial
[2024-12-14T20:42:39.475-0500] {logging_mixin.py:190} INFO - [2024-12-14T20:42:39.475-0500] {dag.py:4180} INFO - Setting next_dagrun for tutorial to 2024-12-14 00:00:00+00:00, run_after=2024-12-15 00:00:00+00:00
[2024-12-14T20:42:39.480-0500] {processor.py:208} INFO - Processing /opt/anaconda3/envs/python310/lib/python3.10/site-packages/airflow/example_dags/tutorial.py took 0.120 seconds
[2024-12-14T20:44:14.895-0500] {processor.py:186} INFO - Started process (PID=8357) to work on /opt/anaconda3/envs/python310/lib/python3.10/site-packages/airflow/example_dags/tutorial.py
[2024-12-14T20:44:14.895-0500] {processor.py:914} INFO - Processing file /opt/anaconda3/envs/python310/lib/python3.10/site-packages/airflow/example_dags/tutorial.py for tasks to queue
[2024-12-14T20:44:14.896-0500] {logging_mixin.py:190} INFO - [2024-12-14T20:44:14.896-0500] {dagbag.py:588} INFO - Filling up the DagBag from /opt/anaconda3/envs/python310/lib/python3.10/site-packages/airflow/example_dags/tutorial.py
[2024-12-14T20:44:14.899-0500] {processor.py:925} INFO - DAG(s) 'tutorial' retrieved from /opt/anaconda3/envs/python310/lib/python3.10/site-packages/airflow/example_dags/tutorial.py
[2024-12-14T20:44:14.958-0500] {logging_mixin.py:190} INFO - [2024-12-14T20:44:14.958-0500] {dag.py:3239} INFO - Sync 1 DAGs
[2024-12-14T20:44:14.966-0500] {logging_mixin.py:190} INFO - [2024-12-14T20:44:14.965-0500] {dag.py:4180} INFO - Setting next_dagrun for tutorial to 2024-12-14 00:00:00+00:00, run_after=2024-12-15 00:00:00+00:00
[2024-12-14T20:44:14.971-0500] {processor.py:208} INFO - Processing /opt/anaconda3/envs/python310/lib/python3.10/site-packages/airflow/example_dags/tutorial.py took 0.078 seconds
[2024-12-14T20:45:17.221-0500] {processor.py:186} INFO - Started process (PID=8469) to work on /opt/anaconda3/envs/python310/lib/python3.10/site-packages/airflow/example_dags/tutorial.py
[2024-12-14T20:45:17.222-0500] {processor.py:914} INFO - Processing file /opt/anaconda3/envs/python310/lib/python3.10/site-packages/airflow/example_dags/tutorial.py for tasks to queue
[2024-12-14T20:45:17.223-0500] {logging_mixin.py:190} INFO - [2024-12-14T20:45:17.223-0500] {dagbag.py:588} INFO - Filling up the DagBag from /opt/anaconda3/envs/python310/lib/python3.10/site-packages/airflow/example_dags/tutorial.py
[2024-12-14T20:45:17.226-0500] {processor.py:925} INFO - DAG(s) 'tutorial' retrieved from /opt/anaconda3/envs/python310/lib/python3.10/site-packages/airflow/example_dags/tutorial.py
[2024-12-14T20:45:17.279-0500] {logging_mixin.py:190} INFO - [2024-12-14T20:45:17.279-0500] {dag.py:3239} INFO - Sync 1 DAGs
[2024-12-14T20:45:17.285-0500] {logging_mixin.py:190} INFO - [2024-12-14T20:45:17.285-0500] {dag.py:4180} INFO - Setting next_dagrun for tutorial to 2024-12-14 00:00:00+00:00, run_after=2024-12-15 00:00:00+00:00
[2024-12-14T20:45:17.291-0500] {processor.py:208} INFO - Processing /opt/anaconda3/envs/python310/lib/python3.10/site-packages/airflow/example_dags/tutorial.py took 0.071 seconds
[2024-12-14T20:46:21.636-0500] {processor.py:186} INFO - Started process (PID=8576) to work on /opt/anaconda3/envs/python310/lib/python3.10/site-packages/airflow/example_dags/tutorial.py
[2024-12-14T20:46:21.637-0500] {processor.py:914} INFO - Processing file /opt/anaconda3/envs/python310/lib/python3.10/site-packages/airflow/example_dags/tutorial.py for tasks to queue
[2024-12-14T20:46:21.638-0500] {logging_mixin.py:190} INFO - [2024-12-14T20:46:21.638-0500] {dagbag.py:588} INFO - Filling up the DagBag from /opt/anaconda3/envs/python310/lib/python3.10/site-packages/airflow/example_dags/tutorial.py
[2024-12-14T20:46:21.641-0500] {processor.py:925} INFO - DAG(s) 'tutorial' retrieved from /opt/anaconda3/envs/python310/lib/python3.10/site-packages/airflow/example_dags/tutorial.py
[2024-12-14T20:46:21.694-0500] {logging_mixin.py:190} INFO - [2024-12-14T20:46:21.694-0500] {dag.py:3239} INFO - Sync 1 DAGs
[2024-12-14T20:46:21.701-0500] {logging_mixin.py:190} INFO - [2024-12-14T20:46:21.701-0500] {dag.py:4180} INFO - Setting next_dagrun for tutorial to 2024-12-14 00:00:00+00:00, run_after=2024-12-15 00:00:00+00:00
[2024-12-14T20:46:21.707-0500] {processor.py:208} INFO - Processing /opt/anaconda3/envs/python310/lib/python3.10/site-packages/airflow/example_dags/tutorial.py took 0.072 seconds
[2024-12-14T20:47:24.371-0500] {processor.py:186} INFO - Started process (PID=8685) to work on /opt/anaconda3/envs/python310/lib/python3.10/site-packages/airflow/example_dags/tutorial.py
[2024-12-14T20:47:24.372-0500] {processor.py:914} INFO - Processing file /opt/anaconda3/envs/python310/lib/python3.10/site-packages/airflow/example_dags/tutorial.py for tasks to queue
[2024-12-14T20:47:24.372-0500] {logging_mixin.py:190} INFO - [2024-12-14T20:47:24.372-0500] {dagbag.py:588} INFO - Filling up the DagBag from /opt/anaconda3/envs/python310/lib/python3.10/site-packages/airflow/example_dags/tutorial.py
[2024-12-14T20:47:24.375-0500] {processor.py:925} INFO - DAG(s) 'tutorial' retrieved from /opt/anaconda3/envs/python310/lib/python3.10/site-packages/airflow/example_dags/tutorial.py
[2024-12-14T20:47:24.429-0500] {logging_mixin.py:190} INFO - [2024-12-14T20:47:24.429-0500] {dag.py:3239} INFO - Sync 1 DAGs
[2024-12-14T20:47:24.436-0500] {logging_mixin.py:190} INFO - [2024-12-14T20:47:24.436-0500] {dag.py:4180} INFO - Setting next_dagrun for tutorial to 2024-12-14 00:00:00+00:00, run_after=2024-12-15 00:00:00+00:00
[2024-12-14T20:47:24.441-0500] {processor.py:208} INFO - Processing /opt/anaconda3/envs/python310/lib/python3.10/site-packages/airflow/example_dags/tutorial.py took 0.072 seconds
[2024-12-14T20:48:28.259-0500] {processor.py:186} INFO - Started process (PID=8797) to work on /opt/anaconda3/envs/python310/lib/python3.10/site-packages/airflow/example_dags/tutorial.py
[2024-12-14T20:48:28.260-0500] {processor.py:914} INFO - Processing file /opt/anaconda3/envs/python310/lib/python3.10/site-packages/airflow/example_dags/tutorial.py for tasks to queue
[2024-12-14T20:48:28.260-0500] {logging_mixin.py:190} INFO - [2024-12-14T20:48:28.260-0500] {dagbag.py:588} INFO - Filling up the DagBag from /opt/anaconda3/envs/python310/lib/python3.10/site-packages/airflow/example_dags/tutorial.py
[2024-12-14T20:48:28.263-0500] {processor.py:925} INFO - DAG(s) 'tutorial' retrieved from /opt/anaconda3/envs/python310/lib/python3.10/site-packages/airflow/example_dags/tutorial.py
[2024-12-14T20:48:28.317-0500] {logging_mixin.py:190} INFO - [2024-12-14T20:48:28.317-0500] {dag.py:3239} INFO - Sync 1 DAGs
[2024-12-14T20:48:28.324-0500] {logging_mixin.py:190} INFO - [2024-12-14T20:48:28.324-0500] {dag.py:4180} INFO - Setting next_dagrun for tutorial to 2024-12-14 00:00:00+00:00, run_after=2024-12-15 00:00:00+00:00
[2024-12-14T20:48:28.330-0500] {processor.py:208} INFO - Processing /opt/anaconda3/envs/python310/lib/python3.10/site-packages/airflow/example_dags/tutorial.py took 0.072 seconds
[2024-12-14T20:49:34.064-0500] {processor.py:186} INFO - Started process (PID=8903) to work on /opt/anaconda3/envs/python310/lib/python3.10/site-packages/airflow/example_dags/tutorial.py
[2024-12-14T20:49:34.064-0500] {processor.py:914} INFO - Processing file /opt/anaconda3/envs/python310/lib/python3.10/site-packages/airflow/example_dags/tutorial.py for tasks to queue
[2024-12-14T20:49:34.065-0500] {logging_mixin.py:190} INFO - [2024-12-14T20:49:34.065-0500] {dagbag.py:588} INFO - Filling up the DagBag from /opt/anaconda3/envs/python310/lib/python3.10/site-packages/airflow/example_dags/tutorial.py
[2024-12-14T20:49:34.067-0500] {processor.py:925} INFO - DAG(s) 'tutorial' retrieved from /opt/anaconda3/envs/python310/lib/python3.10/site-packages/airflow/example_dags/tutorial.py
[2024-12-14T20:49:34.121-0500] {logging_mixin.py:190} INFO - [2024-12-14T20:49:34.121-0500] {dag.py:3239} INFO - Sync 1 DAGs
[2024-12-14T20:49:34.127-0500] {logging_mixin.py:190} INFO - [2024-12-14T20:49:34.127-0500] {dag.py:4180} INFO - Setting next_dagrun for tutorial to 2024-12-14 00:00:00+00:00, run_after=2024-12-15 00:00:00+00:00
[2024-12-14T20:49:34.133-0500] {processor.py:208} INFO - Processing /opt/anaconda3/envs/python310/lib/python3.10/site-packages/airflow/example_dags/tutorial.py took 0.070 seconds
[2024-12-14T20:50:39.706-0500] {processor.py:186} INFO - Started process (PID=9014) to work on /opt/anaconda3/envs/python310/lib/python3.10/site-packages/airflow/example_dags/tutorial.py
[2024-12-14T20:50:39.706-0500] {processor.py:914} INFO - Processing file /opt/anaconda3/envs/python310/lib/python3.10/site-packages/airflow/example_dags/tutorial.py for tasks to queue
[2024-12-14T20:50:39.706-0500] {logging_mixin.py:190} INFO - [2024-12-14T20:50:39.706-0500] {dagbag.py:588} INFO - Filling up the DagBag from /opt/anaconda3/envs/python310/lib/python3.10/site-packages/airflow/example_dags/tutorial.py
[2024-12-14T20:50:39.709-0500] {processor.py:925} INFO - DAG(s) 'tutorial' retrieved from /opt/anaconda3/envs/python310/lib/python3.10/site-packages/airflow/example_dags/tutorial.py
[2024-12-14T20:50:39.763-0500] {logging_mixin.py:190} INFO - [2024-12-14T20:50:39.762-0500] {dag.py:3239} INFO - Sync 1 DAGs
[2024-12-14T20:50:39.769-0500] {logging_mixin.py:190} INFO - [2024-12-14T20:50:39.768-0500] {dag.py:4180} INFO - Setting next_dagrun for tutorial to 2024-12-14 00:00:00+00:00, run_after=2024-12-15 00:00:00+00:00
[2024-12-14T20:50:39.775-0500] {processor.py:208} INFO - Processing /opt/anaconda3/envs/python310/lib/python3.10/site-packages/airflow/example_dags/tutorial.py took 0.070 seconds
[2024-12-14T20:51:44.111-0500] {processor.py:186} INFO - Started process (PID=9121) to work on /opt/anaconda3/envs/python310/lib/python3.10/site-packages/airflow/example_dags/tutorial.py
[2024-12-14T20:51:44.111-0500] {processor.py:914} INFO - Processing file /opt/anaconda3/envs/python310/lib/python3.10/site-packages/airflow/example_dags/tutorial.py for tasks to queue
[2024-12-14T20:51:44.111-0500] {logging_mixin.py:190} INFO - [2024-12-14T20:51:44.111-0500] {dagbag.py:588} INFO - Filling up the DagBag from /opt/anaconda3/envs/python310/lib/python3.10/site-packages/airflow/example_dags/tutorial.py
[2024-12-14T20:51:44.114-0500] {processor.py:925} INFO - DAG(s) 'tutorial' retrieved from /opt/anaconda3/envs/python310/lib/python3.10/site-packages/airflow/example_dags/tutorial.py
[2024-12-14T20:51:44.167-0500] {logging_mixin.py:190} INFO - [2024-12-14T20:51:44.167-0500] {dag.py:3239} INFO - Sync 1 DAGs
[2024-12-14T20:51:44.173-0500] {logging_mixin.py:190} INFO - [2024-12-14T20:51:44.173-0500] {dag.py:4180} INFO - Setting next_dagrun for tutorial to 2024-12-14 00:00:00+00:00, run_after=2024-12-15 00:00:00+00:00
[2024-12-14T20:51:44.179-0500] {processor.py:208} INFO - Processing /opt/anaconda3/envs/python310/lib/python3.10/site-packages/airflow/example_dags/tutorial.py took 0.070 seconds
[2024-12-14T20:52:50.803-0500] {processor.py:186} INFO - Started process (PID=9245) to work on /opt/anaconda3/envs/python310/lib/python3.10/site-packages/airflow/example_dags/tutorial.py
[2024-12-14T20:52:50.804-0500] {processor.py:914} INFO - Processing file /opt/anaconda3/envs/python310/lib/python3.10/site-packages/airflow/example_dags/tutorial.py for tasks to queue
[2024-12-14T20:52:50.804-0500] {logging_mixin.py:190} INFO - [2024-12-14T20:52:50.804-0500] {dagbag.py:588} INFO - Filling up the DagBag from /opt/anaconda3/envs/python310/lib/python3.10/site-packages/airflow/example_dags/tutorial.py
[2024-12-14T20:52:50.807-0500] {processor.py:925} INFO - DAG(s) 'tutorial' retrieved from /opt/anaconda3/envs/python310/lib/python3.10/site-packages/airflow/example_dags/tutorial.py
[2024-12-14T20:52:50.860-0500] {logging_mixin.py:190} INFO - [2024-12-14T20:52:50.860-0500] {dag.py:3239} INFO - Sync 1 DAGs
[2024-12-14T20:52:50.867-0500] {logging_mixin.py:190} INFO - [2024-12-14T20:52:50.867-0500] {dag.py:4180} INFO - Setting next_dagrun for tutorial to 2024-12-14 00:00:00+00:00, run_after=2024-12-15 00:00:00+00:00
[2024-12-14T20:52:50.872-0500] {processor.py:208} INFO - Processing /opt/anaconda3/envs/python310/lib/python3.10/site-packages/airflow/example_dags/tutorial.py took 0.071 seconds
[2024-12-14T20:53:55.451-0500] {processor.py:186} INFO - Started process (PID=9373) to work on /opt/anaconda3/envs/python310/lib/python3.10/site-packages/airflow/example_dags/tutorial.py
[2024-12-14T20:53:55.452-0500] {processor.py:914} INFO - Processing file /opt/anaconda3/envs/python310/lib/python3.10/site-packages/airflow/example_dags/tutorial.py for tasks to queue
[2024-12-14T20:53:55.452-0500] {logging_mixin.py:190} INFO - [2024-12-14T20:53:55.452-0500] {dagbag.py:588} INFO - Filling up the DagBag from /opt/anaconda3/envs/python310/lib/python3.10/site-packages/airflow/example_dags/tutorial.py
[2024-12-14T20:53:55.455-0500] {processor.py:925} INFO - DAG(s) 'tutorial' retrieved from /opt/anaconda3/envs/python310/lib/python3.10/site-packages/airflow/example_dags/tutorial.py
[2024-12-14T20:53:55.533-0500] {logging_mixin.py:190} INFO - [2024-12-14T20:53:55.532-0500] {dag.py:3239} INFO - Sync 1 DAGs
[2024-12-14T20:53:55.541-0500] {logging_mixin.py:190} INFO - [2024-12-14T20:53:55.541-0500] {dag.py:4180} INFO - Setting next_dagrun for tutorial to 2024-12-14 00:00:00+00:00, run_after=2024-12-15 00:00:00+00:00
[2024-12-14T20:53:55.549-0500] {processor.py:208} INFO - Processing /opt/anaconda3/envs/python310/lib/python3.10/site-packages/airflow/example_dags/tutorial.py took 0.099 seconds
[2024-12-14T20:55:00.318-0500] {processor.py:186} INFO - Started process (PID=9483) to work on /opt/anaconda3/envs/python310/lib/python3.10/site-packages/airflow/example_dags/tutorial.py
[2024-12-14T20:55:00.320-0500] {processor.py:914} INFO - Processing file /opt/anaconda3/envs/python310/lib/python3.10/site-packages/airflow/example_dags/tutorial.py for tasks to queue
[2024-12-14T20:55:00.320-0500] {logging_mixin.py:190} INFO - [2024-12-14T20:55:00.320-0500] {dagbag.py:588} INFO - Filling up the DagBag from /opt/anaconda3/envs/python310/lib/python3.10/site-packages/airflow/example_dags/tutorial.py
[2024-12-14T20:55:00.323-0500] {processor.py:925} INFO - DAG(s) 'tutorial' retrieved from /opt/anaconda3/envs/python310/lib/python3.10/site-packages/airflow/example_dags/tutorial.py
[2024-12-14T20:55:00.378-0500] {logging_mixin.py:190} INFO - [2024-12-14T20:55:00.378-0500] {dag.py:3239} INFO - Sync 1 DAGs
[2024-12-14T20:55:00.384-0500] {logging_mixin.py:190} INFO - [2024-12-14T20:55:00.384-0500] {dag.py:4180} INFO - Setting next_dagrun for tutorial to 2024-12-14 00:00:00+00:00, run_after=2024-12-15 00:00:00+00:00
[2024-12-14T20:55:00.391-0500] {processor.py:208} INFO - Processing /opt/anaconda3/envs/python310/lib/python3.10/site-packages/airflow/example_dags/tutorial.py took 0.074 seconds
