[2024-12-14T20:48:47.159-0500] {local_task_job_runner.py:123} INFO - ::group::Pre task execution logs
[2024-12-14T20:48:47.162-0500] {taskinstance.py:2613} INFO - Dependencies all met for dep_context=non-requeueable deps ti=<TaskInstance: example_branch_datetime_operator.datetime_branch manual__2024-12-15T01:48:44.325385+00:00 [queued]>
[2024-12-14T20:48:47.164-0500] {taskinstance.py:2613} INFO - Dependencies all met for dep_context=requeueable deps ti=<TaskInstance: example_branch_datetime_operator.datetime_branch manual__2024-12-15T01:48:44.325385+00:00 [queued]>
[2024-12-14T20:48:47.164-0500] {taskinstance.py:2866} INFO - Starting attempt 1 of 1
[2024-12-14T20:48:47.168-0500] {taskinstance.py:2889} INFO - Executing <Task(BranchDateTimeOperator): datetime_branch> on 2024-12-15 01:48:44.325385+00:00
[2024-12-14T20:48:47.170-0500] {standard_task_runner.py:72} INFO - Started process 8830 to run task
[2024-12-14T20:48:47.173-0500] {standard_task_runner.py:104} INFO - Running: ['airflow', 'tasks', 'run', 'example_branch_datetime_operator', 'datetime_branch', 'manual__2024-12-15T01:48:44.325385+00:00', '--job-id', '3', '--raw', '--subdir', '/opt/anaconda3/envs/python310/lib/python3.10/site-packages/airflow/example_dags/example_branch_datetime_operator.py', '--cfg-path', '/var/folders/jw/j912b4gd5xj0c7j8p3syth7r0000gn/T/tmp69so84i3']
[2024-12-14T20:48:47.174-0500] {standard_task_runner.py:105} INFO - Job 3: Subtask datetime_branch
[2024-12-14T20:48:47.187-0500] {task_command.py:467} INFO - Running <TaskInstance: example_branch_datetime_operator.datetime_branch manual__2024-12-15T01:48:44.325385+00:00 [running]> on host mac-3930.lan
[2024-12-14T20:48:47.205-0500] {taskinstance.py:3132} INFO - Exporting env vars: AIRFLOW_CTX_DAG_OWNER='airflow' AIRFLOW_CTX_DAG_ID='example_branch_datetime_operator' AIRFLOW_CTX_TASK_ID='datetime_branch' AIRFLOW_CTX_EXECUTION_DATE='2024-12-15T01:48:44.325385+00:00' AIRFLOW_CTX_TRY_NUMBER='1' AIRFLOW_CTX_DAG_RUN_ID='manual__2024-12-15T01:48:44.325385+00:00'
[2024-12-14T20:48:47.206-0500] {logging_mixin.py:190} INFO - Task instance is in running state
[2024-12-14T20:48:47.206-0500] {logging_mixin.py:190} INFO -  Previous state of the Task instance: queued
[2024-12-14T20:48:47.206-0500] {logging_mixin.py:190} INFO - Current task name:datetime_branch state:running start_date:2024-12-15 01:48:47.162987+00:00
[2024-12-14T20:48:47.206-0500] {logging_mixin.py:190} INFO - Dag name:example_branch_datetime_operator and current dag run status:running
[2024-12-14T20:48:47.207-0500] {taskinstance.py:731} INFO - ::endgroup::
[2024-12-14T20:48:47.207-0500] {branch.py:38} INFO - Branch into ['date_outside_range']
[2024-12-14T20:48:47.207-0500] {skipmixin.py:230} INFO - Following branch ('date_outside_range',)
[2024-12-14T20:48:47.209-0500] {skipmixin.py:278} INFO - Skipping tasks [('date_in_range', -1)]
[2024-12-14T20:48:47.215-0500] {taskinstance.py:340} INFO - ::group::Post task execution logs
[2024-12-14T20:48:47.215-0500] {taskinstance.py:352} INFO - Marking task as SUCCESS. dag_id=example_branch_datetime_operator, task_id=datetime_branch, run_id=manual__2024-12-15T01:48:44.325385+00:00, execution_date=20241215T014844, start_date=20241215T014847, end_date=20241215T014847
[2024-12-14T20:48:47.217-0500] {logging_mixin.py:190} INFO - Task instance in success state
[2024-12-14T20:48:47.218-0500] {logging_mixin.py:190} INFO -  Previous state of the Task instance: running
[2024-12-14T20:48:47.218-0500] {logging_mixin.py:190} INFO - Dag name:example_branch_datetime_operator queued_at:2024-12-15 01:48:44.332032+00:00
[2024-12-14T20:48:47.218-0500] {logging_mixin.py:190} INFO - Task hostname:mac-3930.lan operator:BranchDateTimeOperator
[2024-12-14T20:48:47.235-0500] {local_task_job_runner.py:266} INFO - Task exited with return code 0
[2024-12-14T20:48:47.241-0500] {taskinstance.py:3895} INFO - 0 downstream tasks scheduled from follow-on schedule check
[2024-12-14T20:48:47.241-0500] {local_task_job_runner.py:245} INFO - ::endgroup::
