[2024-12-19T19:00:02.314-0500] {local_task_job_runner.py:123} INFO - ::group::Pre task execution logs
[2024-12-19T19:00:02.317-0500] {taskinstance.py:2613} INFO - Dependencies all met for dep_context=non-requeueable deps ti=<TaskInstance: executing_python_etl_dag.read_the_csv_files scheduled__2024-12-19T00:00:00+00:00 [queued]>
[2024-12-19T19:00:02.319-0500] {taskinstance.py:2613} INFO - Dependencies all met for dep_context=requeueable deps ti=<TaskInstance: executing_python_etl_dag.read_the_csv_files scheduled__2024-12-19T00:00:00+00:00 [queued]>
[2024-12-19T19:00:02.319-0500] {taskinstance.py:2866} INFO - Starting attempt 1 of 1
[2024-12-19T19:00:02.323-0500] {taskinstance.py:2889} INFO - Executing <Task(PythonOperator): read_the_csv_files> on 2024-12-19 00:00:00+00:00
[2024-12-19T19:00:02.326-0500] {standard_task_runner.py:72} INFO - Started process 18053 to run task
[2024-12-19T19:00:02.329-0500] {standard_task_runner.py:104} INFO - Running: ['airflow', 'tasks', 'run', 'executing_python_etl_dag', 'read_the_csv_files', 'scheduled__2024-12-19T00:00:00+00:00', '--job-id', '106', '--raw', '--subdir', 'DAGS_FOLDER/etl.py', '--cfg-path', '/var/folders/jw/j912b4gd5xj0c7j8p3syth7r0000gn/T/tmpr3a1rl4e']
[2024-12-19T19:00:02.332-0500] {standard_task_runner.py:105} INFO - Job 106: Subtask read_the_csv_files
[2024-12-19T19:00:02.350-0500] {task_command.py:467} INFO - Running <TaskInstance: executing_python_etl_dag.read_the_csv_files scheduled__2024-12-19T00:00:00+00:00 [running]> on host mac-4952.lan
[2024-12-19T19:00:02.372-0500] {taskinstance.py:3132} INFO - Exporting env vars: AIRFLOW_CTX_DAG_OWNER='venkatesh' AIRFLOW_CTX_DAG_ID='executing_python_etl_dag' AIRFLOW_CTX_TASK_ID='read_the_csv_files' AIRFLOW_CTX_EXECUTION_DATE='2024-12-19T00:00:00+00:00' AIRFLOW_CTX_TRY_NUMBER='1' AIRFLOW_CTX_DAG_RUN_ID='scheduled__2024-12-19T00:00:00+00:00'
[2024-12-19T19:00:02.373-0500] {taskinstance.py:731} INFO - ::endgroup::
[2024-12-19T19:00:02.395-0500] {logging_mixin.py:190} INFO -    sale_id  product_id  customer_id   sale_date  sale_amount
0        1           1          316  2024-07-16       733.05
1        2          24          891  2024-03-26        26.97
2        3          43          364  2024-04-27       316.11
3        4           4          379  2024-10-14       111.81
4        5           6          963  2024-07-11       482.48
[2024-12-19T19:00:02.399-0500] {logging_mixin.py:190} INFO -    customer_id  ...                                   customer_address
0            1  ...     176 Long Keys Apt. 905\nFrazierburgh, NV 37529
1            2  ...  472 Mary Villages Suite 888\nEast Zacharyland,...
2            3  ...       126 Michelle Parkways\nJoshuahaven, MI 87974
3            4  ...       311 Odonnell Square\nBlackburnside, OK 54857
4            5  ...  26100 Smith Heights Suite 402\nWest Jonathan, ...

[5 rows x 4 columns]
[2024-12-19T19:00:02.400-0500] {logging_mixin.py:190} INFO -    product_id product_name     category
0           1    Product_1  Electronics
1           2    Product_2     Clothing
2           3    Product_3        Books
3           4    Product_4        Books
4           5    Product_5         Home
[2024-12-19T19:00:02.412-0500] {python.py:240} INFO - Done. Returned value was: None
[2024-12-19T19:00:02.414-0500] {taskinstance.py:340} INFO - ::group::Post task execution logs
[2024-12-19T19:00:02.415-0500] {taskinstance.py:352} INFO - Marking task as SUCCESS. dag_id=executing_python_etl_dag, task_id=read_the_csv_files, run_id=scheduled__2024-12-19T00:00:00+00:00, execution_date=20241219T000000, start_date=20241220T000002, end_date=20241220T000002
[2024-12-19T19:00:02.434-0500] {local_task_job_runner.py:266} INFO - Task exited with return code 0
[2024-12-19T19:00:02.442-0500] {taskinstance.py:3895} INFO - 1 downstream tasks scheduled from follow-on schedule check
[2024-12-19T19:00:02.442-0500] {local_task_job_runner.py:245} INFO - ::endgroup::
[2024-12-19T19:00:14.628-0500] {local_task_job_runner.py:123} INFO - ::group::Pre task execution logs
[2024-12-19T19:00:14.632-0500] {taskinstance.py:2613} INFO - Dependencies all met for dep_context=non-requeueable deps ti=<TaskInstance: executing_python_etl_dag.read_the_csv_files scheduled__2024-12-19T00:00:00+00:00 [queued]>
[2024-12-19T19:00:14.634-0500] {taskinstance.py:2613} INFO - Dependencies all met for dep_context=requeueable deps ti=<TaskInstance: executing_python_etl_dag.read_the_csv_files scheduled__2024-12-19T00:00:00+00:00 [queued]>
[2024-12-19T19:00:14.634-0500] {taskinstance.py:2866} INFO - Starting attempt 1 of 1
[2024-12-19T19:00:14.637-0500] {taskinstance.py:2889} INFO - Executing <Task(PythonOperator): read_the_csv_files> on 2024-12-19 00:00:00+00:00
[2024-12-19T19:00:14.640-0500] {standard_task_runner.py:72} INFO - Started process 18683 to run task
[2024-12-19T19:00:14.643-0500] {standard_task_runner.py:104} INFO - Running: ['airflow', 'tasks', 'run', 'executing_python_etl_dag', 'read_the_csv_files', 'scheduled__2024-12-19T00:00:00+00:00', '--job-id', '106', '--raw', '--subdir', 'DAGS_FOLDER/etl.py', '--cfg-path', '/var/folders/jw/j912b4gd5xj0c7j8p3syth7r0000gn/T/tmpm3xhi6w2']
[2024-12-19T19:00:14.644-0500] {standard_task_runner.py:105} INFO - Job 106: Subtask read_the_csv_files
[2024-12-19T19:00:14.662-0500] {task_command.py:467} INFO - Running <TaskInstance: executing_python_etl_dag.read_the_csv_files scheduled__2024-12-19T00:00:00+00:00 [running]> on host mac-4952.lan
[2024-12-19T19:00:14.681-0500] {taskinstance.py:3132} INFO - Exporting env vars: AIRFLOW_CTX_DAG_OWNER='venkatesh' AIRFLOW_CTX_DAG_ID='executing_python_etl_dag' AIRFLOW_CTX_TASK_ID='read_the_csv_files' AIRFLOW_CTX_EXECUTION_DATE='2024-12-19T00:00:00+00:00' AIRFLOW_CTX_TRY_NUMBER='1' AIRFLOW_CTX_DAG_RUN_ID='scheduled__2024-12-19T00:00:00+00:00'
[2024-12-19T19:00:14.682-0500] {taskinstance.py:731} INFO - ::endgroup::
[2024-12-19T19:00:14.711-0500] {logging_mixin.py:190} INFO -    sale_id  product_id  customer_id   sale_date  sale_amount
0        1           1          316  2024-07-16       733.05
1        2          24          891  2024-03-26        26.97
2        3          43          364  2024-04-27       316.11
3        4           4          379  2024-10-14       111.81
4        5           6          963  2024-07-11       482.48
[2024-12-19T19:00:14.713-0500] {logging_mixin.py:190} INFO -    customer_id  ...                                   customer_address
0            1  ...     176 Long Keys Apt. 905\nFrazierburgh, NV 37529
1            2  ...  472 Mary Villages Suite 888\nEast Zacharyland,...
2            3  ...       126 Michelle Parkways\nJoshuahaven, MI 87974
3            4  ...       311 Odonnell Square\nBlackburnside, OK 54857
4            5  ...  26100 Smith Heights Suite 402\nWest Jonathan, ...

[5 rows x 4 columns]
[2024-12-19T19:00:14.714-0500] {logging_mixin.py:190} INFO -    product_id product_name     category
0           1    Product_1  Electronics
1           2    Product_2     Clothing
2           3    Product_3        Books
3           4    Product_4        Books
4           5    Product_5         Home
[2024-12-19T19:00:14.729-0500] {python.py:240} INFO - Done. Returned value was: None
[2024-12-19T19:00:14.731-0500] {taskinstance.py:340} INFO - ::group::Post task execution logs
[2024-12-19T19:00:14.732-0500] {taskinstance.py:352} INFO - Marking task as SUCCESS. dag_id=executing_python_etl_dag, task_id=read_the_csv_files, run_id=scheduled__2024-12-19T00:00:00+00:00, execution_date=20241219T000000, start_date=20241220T000014, end_date=20241220T000014
[2024-12-19T19:00:14.749-0500] {local_task_job_runner.py:266} INFO - Task exited with return code 0
[2024-12-19T19:00:14.758-0500] {taskinstance.py:3895} INFO - 1 downstream tasks scheduled from follow-on schedule check
[2024-12-19T19:00:14.758-0500] {local_task_job_runner.py:245} INFO - ::endgroup::
[2024-12-19T19:00:30.232-0500] {local_task_job_runner.py:123} INFO - ::group::Pre task execution logs
[2024-12-19T19:00:30.235-0500] {taskinstance.py:2613} INFO - Dependencies all met for dep_context=non-requeueable deps ti=<TaskInstance: executing_python_etl_dag.read_the_csv_files scheduled__2024-12-19T00:00:00+00:00 [queued]>
[2024-12-19T19:00:30.237-0500] {taskinstance.py:2613} INFO - Dependencies all met for dep_context=requeueable deps ti=<TaskInstance: executing_python_etl_dag.read_the_csv_files scheduled__2024-12-19T00:00:00+00:00 [queued]>
[2024-12-19T19:00:30.237-0500] {taskinstance.py:2866} INFO - Starting attempt 1 of 1
[2024-12-19T19:00:30.241-0500] {taskinstance.py:2889} INFO - Executing <Task(PythonOperator): read_the_csv_files> on 2024-12-19 00:00:00+00:00
[2024-12-19T19:00:30.243-0500] {standard_task_runner.py:72} INFO - Started process 19759 to run task
[2024-12-19T19:00:30.247-0500] {standard_task_runner.py:104} INFO - Running: ['airflow', 'tasks', 'run', 'executing_python_etl_dag', 'read_the_csv_files', 'scheduled__2024-12-19T00:00:00+00:00', '--job-id', '106', '--raw', '--subdir', 'DAGS_FOLDER/etl.py', '--cfg-path', '/var/folders/jw/j912b4gd5xj0c7j8p3syth7r0000gn/T/tmp209hce3t']
[2024-12-19T19:00:30.248-0500] {standard_task_runner.py:105} INFO - Job 106: Subtask read_the_csv_files
[2024-12-19T19:00:30.265-0500] {task_command.py:467} INFO - Running <TaskInstance: executing_python_etl_dag.read_the_csv_files scheduled__2024-12-19T00:00:00+00:00 [running]> on host mac-4952.lan
[2024-12-19T19:00:30.284-0500] {taskinstance.py:3132} INFO - Exporting env vars: AIRFLOW_CTX_DAG_OWNER='venkatesh' AIRFLOW_CTX_DAG_ID='executing_python_etl_dag' AIRFLOW_CTX_TASK_ID='read_the_csv_files' AIRFLOW_CTX_EXECUTION_DATE='2024-12-19T00:00:00+00:00' AIRFLOW_CTX_TRY_NUMBER='1' AIRFLOW_CTX_DAG_RUN_ID='scheduled__2024-12-19T00:00:00+00:00'
[2024-12-19T19:00:30.285-0500] {taskinstance.py:731} INFO - ::endgroup::
[2024-12-19T19:00:30.299-0500] {logging_mixin.py:190} INFO -    sale_id  product_id  customer_id   sale_date  sale_amount
0        1           1          316  2024-07-16       733.05
1        2          24          891  2024-03-26        26.97
2        3          43          364  2024-04-27       316.11
3        4           4          379  2024-10-14       111.81
4        5           6          963  2024-07-11       482.48
[2024-12-19T19:00:30.301-0500] {logging_mixin.py:190} INFO -    customer_id  ...                                   customer_address
0            1  ...     176 Long Keys Apt. 905\nFrazierburgh, NV 37529
1            2  ...  472 Mary Villages Suite 888\nEast Zacharyland,...
2            3  ...       126 Michelle Parkways\nJoshuahaven, MI 87974
3            4  ...       311 Odonnell Square\nBlackburnside, OK 54857
4            5  ...  26100 Smith Heights Suite 402\nWest Jonathan, ...

[5 rows x 4 columns]
[2024-12-19T19:00:30.302-0500] {logging_mixin.py:190} INFO -    product_id product_name     category
0           1    Product_1  Electronics
1           2    Product_2     Clothing
2           3    Product_3        Books
3           4    Product_4        Books
4           5    Product_5         Home
[2024-12-19T19:00:30.314-0500] {python.py:240} INFO - Done. Returned value was: None
[2024-12-19T19:00:30.316-0500] {taskinstance.py:340} INFO - ::group::Post task execution logs
[2024-12-19T19:00:30.316-0500] {taskinstance.py:352} INFO - Marking task as SUCCESS. dag_id=executing_python_etl_dag, task_id=read_the_csv_files, run_id=scheduled__2024-12-19T00:00:00+00:00, execution_date=20241219T000000, start_date=20241220T000030, end_date=20241220T000030
[2024-12-19T19:00:30.353-0500] {local_task_job_runner.py:266} INFO - Task exited with return code 0
[2024-12-19T19:00:30.362-0500] {taskinstance.py:3895} INFO - 1 downstream tasks scheduled from follow-on schedule check
[2024-12-19T19:00:30.363-0500] {local_task_job_runner.py:245} INFO - ::endgroup::
