[2024-12-15T13:40:57.829-0500] {local_task_job_runner.py:123} INFO - ::group::Pre task execution logs
[2024-12-15T13:40:57.832-0500] {taskinstance.py:2613} INFO - Dependencies all met for dep_context=non-requeueable deps ti=<TaskInstance: executing_multiple_dags.task_d manual__2024-12-15T18:40:33.598050+00:00 [queued]>
[2024-12-15T13:40:57.834-0500] {taskinstance.py:2613} INFO - Dependencies all met for dep_context=requeueable deps ti=<TaskInstance: executing_multiple_dags.task_d manual__2024-12-15T18:40:33.598050+00:00 [queued]>
[2024-12-15T13:40:57.834-0500] {taskinstance.py:2866} INFO - Starting attempt 1 of 1
[2024-12-15T13:40:57.837-0500] {taskinstance.py:2889} INFO - Executing <Task(BashOperator): task_d> on 2024-12-15 18:40:33.598050+00:00
[2024-12-15T13:40:57.839-0500] {standard_task_runner.py:72} INFO - Started process 29337 to run task
[2024-12-15T13:40:57.842-0500] {standard_task_runner.py:104} INFO - Running: ['airflow', 'tasks', 'run', 'executing_multiple_dags', 'task_d', 'manual__2024-12-15T18:40:33.598050+00:00', '--job-id', '40', '--raw', '--subdir', 'DAGS_FOLDER/simple_hello_world.py', '--cfg-path', '/var/folders/jw/j912b4gd5xj0c7j8p3syth7r0000gn/T/tmp0v1lieiv']
[2024-12-15T13:40:57.843-0500] {standard_task_runner.py:105} INFO - Job 40: Subtask task_d
[2024-12-15T13:40:57.856-0500] {task_command.py:467} INFO - Running <TaskInstance: executing_multiple_dags.task_d manual__2024-12-15T18:40:33.598050+00:00 [running]> on host mac-4031.lan
[2024-12-15T13:40:57.877-0500] {taskinstance.py:3132} INFO - Exporting env vars: AIRFLOW_CTX_DAG_OWNER='venkatesh' AIRFLOW_CTX_DAG_ID='executing_multiple_dags' AIRFLOW_CTX_TASK_ID='task_d' AIRFLOW_CTX_EXECUTION_DATE='2024-12-15T18:40:33.598050+00:00' AIRFLOW_CTX_TRY_NUMBER='1' AIRFLOW_CTX_DAG_RUN_ID='manual__2024-12-15T18:40:33.598050+00:00'
[2024-12-15T13:40:57.877-0500] {taskinstance.py:731} INFO - ::endgroup::
[2024-12-15T13:40:57.881-0500] {subprocess.py:78} INFO - Tmp dir root location: /var/folders/jw/j912b4gd5xj0c7j8p3syth7r0000gn/T
[2024-12-15T13:40:57.882-0500] {subprocess.py:88} INFO - Running command: ['/bin/bash', '-c', '\n        echo task_D has completed!!\n        ']
[2024-12-15T13:40:57.885-0500] {subprocess.py:99} INFO - Output:
[2024-12-15T13:40:57.888-0500] {subprocess.py:106} INFO - task_D has completed!!
[2024-12-15T13:40:57.888-0500] {subprocess.py:110} INFO - Command exited with return code 0
[2024-12-15T13:40:57.894-0500] {taskinstance.py:340} INFO - ::group::Post task execution logs
[2024-12-15T13:40:57.895-0500] {taskinstance.py:352} INFO - Marking task as SUCCESS. dag_id=executing_multiple_dags, task_id=task_d, run_id=manual__2024-12-15T18:40:33.598050+00:00, execution_date=20241215T184033, start_date=20241215T184057, end_date=20241215T184057
[2024-12-15T13:40:57.904-0500] {local_task_job_runner.py:266} INFO - Task exited with return code 0
[2024-12-15T13:40:57.909-0500] {taskinstance.py:3895} INFO - 0 downstream tasks scheduled from follow-on schedule check
[2024-12-15T13:40:57.909-0500] {local_task_job_runner.py:245} INFO - ::endgroup::
