[2024-12-16T19:00:00.725-0500] {processor.py:186} INFO - Started process (PID=39955) to work on /Users/apple/airflow/dags/multiple_python_operator_dag.py
[2024-12-16T19:00:00.726-0500] {processor.py:914} INFO - Processing file /Users/apple/airflow/dags/multiple_python_operator_dag.py for tasks to queue
[2024-12-16T19:00:00.726-0500] {logging_mixin.py:190} INFO - [2024-12-16T19:00:00.726-0500] {dagbag.py:588} INFO - Filling up the DagBag from /Users/apple/airflow/dags/multiple_python_operator_dag.py
[2024-12-16T19:00:00.757-0500] {processor.py:925} INFO - DAG(s) 'executing_python_operators_dag' retrieved from /Users/apple/airflow/dags/multiple_python_operator_dag.py
[2024-12-16T19:00:00.857-0500] {logging_mixin.py:190} INFO - [2024-12-16T19:00:00.857-0500] {dag.py:3239} INFO - Sync 1 DAGs
[2024-12-16T19:00:00.866-0500] {logging_mixin.py:190} INFO - [2024-12-16T19:00:00.866-0500] {dag.py:4180} INFO - Setting next_dagrun for executing_python_operators_dag to 2024-12-16 00:00:00+00:00, run_after=2024-12-17 00:00:00+00:00
[2024-12-16T19:00:00.877-0500] {processor.py:208} INFO - Processing /Users/apple/airflow/dags/multiple_python_operator_dag.py took 0.152 seconds
[2024-12-16T19:00:32.255-0500] {processor.py:186} INFO - Started process (PID=40103) to work on /Users/apple/airflow/dags/multiple_python_operator_dag.py
[2024-12-16T19:00:32.256-0500] {processor.py:914} INFO - Processing file /Users/apple/airflow/dags/multiple_python_operator_dag.py for tasks to queue
[2024-12-16T19:00:32.257-0500] {logging_mixin.py:190} INFO - [2024-12-16T19:00:32.257-0500] {dagbag.py:588} INFO - Filling up the DagBag from /Users/apple/airflow/dags/multiple_python_operator_dag.py
[2024-12-16T19:00:32.286-0500] {processor.py:925} INFO - DAG(s) 'executing_python_operators_dag' retrieved from /Users/apple/airflow/dags/multiple_python_operator_dag.py
[2024-12-16T19:00:32.318-0500] {logging_mixin.py:190} INFO - [2024-12-16T19:00:32.318-0500] {dag.py:3239} INFO - Sync 1 DAGs
[2024-12-16T19:00:32.324-0500] {logging_mixin.py:190} INFO - [2024-12-16T19:00:32.324-0500] {dag.py:4180} INFO - Setting next_dagrun for executing_python_operators_dag to 2024-12-16 00:00:00+00:00, run_after=2024-12-17 00:00:00+00:00
[2024-12-16T19:00:32.330-0500] {processor.py:208} INFO - Processing /Users/apple/airflow/dags/multiple_python_operator_dag.py took 0.076 seconds
[2024-12-16T19:01:03.015-0500] {processor.py:186} INFO - Started process (PID=40249) to work on /Users/apple/airflow/dags/multiple_python_operator_dag.py
[2024-12-16T19:01:03.015-0500] {processor.py:914} INFO - Processing file /Users/apple/airflow/dags/multiple_python_operator_dag.py for tasks to queue
[2024-12-16T19:01:03.016-0500] {logging_mixin.py:190} INFO - [2024-12-16T19:01:03.015-0500] {dagbag.py:588} INFO - Filling up the DagBag from /Users/apple/airflow/dags/multiple_python_operator_dag.py
[2024-12-16T19:01:03.045-0500] {processor.py:925} INFO - DAG(s) 'executing_python_operators_dag' retrieved from /Users/apple/airflow/dags/multiple_python_operator_dag.py
[2024-12-16T19:01:03.077-0500] {logging_mixin.py:190} INFO - [2024-12-16T19:01:03.077-0500] {dag.py:3239} INFO - Sync 1 DAGs
[2024-12-16T19:01:03.083-0500] {logging_mixin.py:190} INFO - [2024-12-16T19:01:03.083-0500] {dag.py:4180} INFO - Setting next_dagrun for executing_python_operators_dag to 2024-12-16 00:00:00+00:00, run_after=2024-12-17 00:00:00+00:00
[2024-12-16T19:01:03.089-0500] {processor.py:208} INFO - Processing /Users/apple/airflow/dags/multiple_python_operator_dag.py took 0.075 seconds
[2024-12-16T19:01:33.813-0500] {processor.py:186} INFO - Started process (PID=40395) to work on /Users/apple/airflow/dags/multiple_python_operator_dag.py
[2024-12-16T19:01:33.814-0500] {processor.py:914} INFO - Processing file /Users/apple/airflow/dags/multiple_python_operator_dag.py for tasks to queue
[2024-12-16T19:01:33.814-0500] {logging_mixin.py:190} INFO - [2024-12-16T19:01:33.814-0500] {dagbag.py:588} INFO - Filling up the DagBag from /Users/apple/airflow/dags/multiple_python_operator_dag.py
[2024-12-16T19:01:33.843-0500] {processor.py:925} INFO - DAG(s) 'executing_python_operators_dag' retrieved from /Users/apple/airflow/dags/multiple_python_operator_dag.py
[2024-12-16T19:01:33.875-0500] {logging_mixin.py:190} INFO - [2024-12-16T19:01:33.875-0500] {dag.py:3239} INFO - Sync 1 DAGs
[2024-12-16T19:01:33.881-0500] {logging_mixin.py:190} INFO - [2024-12-16T19:01:33.881-0500] {dag.py:4180} INFO - Setting next_dagrun for executing_python_operators_dag to 2024-12-16 00:00:00+00:00, run_after=2024-12-17 00:00:00+00:00
[2024-12-16T19:01:33.887-0500] {processor.py:208} INFO - Processing /Users/apple/airflow/dags/multiple_python_operator_dag.py took 0.075 seconds
[2024-12-16T19:02:04.613-0500] {processor.py:186} INFO - Started process (PID=40546) to work on /Users/apple/airflow/dags/multiple_python_operator_dag.py
[2024-12-16T19:02:04.614-0500] {processor.py:914} INFO - Processing file /Users/apple/airflow/dags/multiple_python_operator_dag.py for tasks to queue
[2024-12-16T19:02:04.615-0500] {logging_mixin.py:190} INFO - [2024-12-16T19:02:04.615-0500] {dagbag.py:588} INFO - Filling up the DagBag from /Users/apple/airflow/dags/multiple_python_operator_dag.py
[2024-12-16T19:02:04.644-0500] {processor.py:925} INFO - DAG(s) 'executing_python_operators_dag' retrieved from /Users/apple/airflow/dags/multiple_python_operator_dag.py
[2024-12-16T19:02:04.676-0500] {logging_mixin.py:190} INFO - [2024-12-16T19:02:04.676-0500] {dag.py:3239} INFO - Sync 1 DAGs
[2024-12-16T19:02:04.682-0500] {logging_mixin.py:190} INFO - [2024-12-16T19:02:04.682-0500] {dag.py:4180} INFO - Setting next_dagrun for executing_python_operators_dag to 2024-12-16 00:00:00+00:00, run_after=2024-12-17 00:00:00+00:00
[2024-12-16T19:02:04.687-0500] {processor.py:208} INFO - Processing /Users/apple/airflow/dags/multiple_python_operator_dag.py took 0.075 seconds
[2024-12-16T19:02:35.461-0500] {processor.py:186} INFO - Started process (PID=40689) to work on /Users/apple/airflow/dags/multiple_python_operator_dag.py
[2024-12-16T19:02:35.462-0500] {processor.py:914} INFO - Processing file /Users/apple/airflow/dags/multiple_python_operator_dag.py for tasks to queue
[2024-12-16T19:02:35.462-0500] {logging_mixin.py:190} INFO - [2024-12-16T19:02:35.462-0500] {dagbag.py:588} INFO - Filling up the DagBag from /Users/apple/airflow/dags/multiple_python_operator_dag.py
[2024-12-16T19:02:35.499-0500] {processor.py:925} INFO - DAG(s) 'executing_python_operators_dag' retrieved from /Users/apple/airflow/dags/multiple_python_operator_dag.py
[2024-12-16T19:02:35.533-0500] {logging_mixin.py:190} INFO - [2024-12-16T19:02:35.533-0500] {dag.py:3239} INFO - Sync 1 DAGs
[2024-12-16T19:02:35.539-0500] {logging_mixin.py:190} INFO - [2024-12-16T19:02:35.539-0500] {dag.py:4180} INFO - Setting next_dagrun for executing_python_operators_dag to 2024-12-16 00:00:00+00:00, run_after=2024-12-17 00:00:00+00:00
[2024-12-16T19:02:35.545-0500] {processor.py:208} INFO - Processing /Users/apple/airflow/dags/multiple_python_operator_dag.py took 0.085 seconds
[2024-12-16T19:03:06.257-0500] {processor.py:186} INFO - Started process (PID=40842) to work on /Users/apple/airflow/dags/multiple_python_operator_dag.py
[2024-12-16T19:03:06.258-0500] {processor.py:914} INFO - Processing file /Users/apple/airflow/dags/multiple_python_operator_dag.py for tasks to queue
[2024-12-16T19:03:06.258-0500] {logging_mixin.py:190} INFO - [2024-12-16T19:03:06.258-0500] {dagbag.py:588} INFO - Filling up the DagBag from /Users/apple/airflow/dags/multiple_python_operator_dag.py
[2024-12-16T19:03:06.288-0500] {processor.py:925} INFO - DAG(s) 'executing_python_operators_dag' retrieved from /Users/apple/airflow/dags/multiple_python_operator_dag.py
[2024-12-16T19:03:06.321-0500] {logging_mixin.py:190} INFO - [2024-12-16T19:03:06.321-0500] {dag.py:3239} INFO - Sync 1 DAGs
[2024-12-16T19:03:06.327-0500] {logging_mixin.py:190} INFO - [2024-12-16T19:03:06.327-0500] {dag.py:4180} INFO - Setting next_dagrun for executing_python_operators_dag to 2024-12-16 00:00:00+00:00, run_after=2024-12-17 00:00:00+00:00
[2024-12-16T19:03:06.333-0500] {processor.py:208} INFO - Processing /Users/apple/airflow/dags/multiple_python_operator_dag.py took 0.077 seconds
[2024-12-16T19:03:38.330-0500] {processor.py:186} INFO - Started process (PID=40995) to work on /Users/apple/airflow/dags/multiple_python_operator_dag.py
[2024-12-16T19:03:38.331-0500] {processor.py:914} INFO - Processing file /Users/apple/airflow/dags/multiple_python_operator_dag.py for tasks to queue
[2024-12-16T19:03:38.332-0500] {logging_mixin.py:190} INFO - [2024-12-16T19:03:38.332-0500] {dagbag.py:588} INFO - Filling up the DagBag from /Users/apple/airflow/dags/multiple_python_operator_dag.py
[2024-12-16T19:03:38.361-0500] {processor.py:925} INFO - DAG(s) 'executing_python_operators_dag' retrieved from /Users/apple/airflow/dags/multiple_python_operator_dag.py
[2024-12-16T19:03:38.394-0500] {logging_mixin.py:190} INFO - [2024-12-16T19:03:38.393-0500] {dag.py:3239} INFO - Sync 1 DAGs
[2024-12-16T19:03:38.399-0500] {logging_mixin.py:190} INFO - [2024-12-16T19:03:38.399-0500] {dag.py:4180} INFO - Setting next_dagrun for executing_python_operators_dag to 2024-12-16 00:00:00+00:00, run_after=2024-12-17 00:00:00+00:00
[2024-12-16T19:03:38.405-0500] {processor.py:208} INFO - Processing /Users/apple/airflow/dags/multiple_python_operator_dag.py took 0.076 seconds
[2024-12-16T19:04:09.559-0500] {processor.py:186} INFO - Started process (PID=41143) to work on /Users/apple/airflow/dags/multiple_python_operator_dag.py
[2024-12-16T19:04:09.560-0500] {processor.py:914} INFO - Processing file /Users/apple/airflow/dags/multiple_python_operator_dag.py for tasks to queue
[2024-12-16T19:04:09.560-0500] {logging_mixin.py:190} INFO - [2024-12-16T19:04:09.560-0500] {dagbag.py:588} INFO - Filling up the DagBag from /Users/apple/airflow/dags/multiple_python_operator_dag.py
[2024-12-16T19:04:09.590-0500] {processor.py:925} INFO - DAG(s) 'executing_python_operators_dag' retrieved from /Users/apple/airflow/dags/multiple_python_operator_dag.py
[2024-12-16T19:04:09.623-0500] {logging_mixin.py:190} INFO - [2024-12-16T19:04:09.622-0500] {dag.py:3239} INFO - Sync 1 DAGs
[2024-12-16T19:04:09.629-0500] {logging_mixin.py:190} INFO - [2024-12-16T19:04:09.628-0500] {dag.py:4180} INFO - Setting next_dagrun for executing_python_operators_dag to 2024-12-16 00:00:00+00:00, run_after=2024-12-17 00:00:00+00:00
[2024-12-16T19:04:09.634-0500] {processor.py:208} INFO - Processing /Users/apple/airflow/dags/multiple_python_operator_dag.py took 0.076 seconds
[2024-12-16T19:04:40.940-0500] {processor.py:186} INFO - Started process (PID=41298) to work on /Users/apple/airflow/dags/multiple_python_operator_dag.py
[2024-12-16T19:04:40.940-0500] {processor.py:914} INFO - Processing file /Users/apple/airflow/dags/multiple_python_operator_dag.py for tasks to queue
[2024-12-16T19:04:40.941-0500] {logging_mixin.py:190} INFO - [2024-12-16T19:04:40.941-0500] {dagbag.py:588} INFO - Filling up the DagBag from /Users/apple/airflow/dags/multiple_python_operator_dag.py
[2024-12-16T19:04:40.969-0500] {processor.py:925} INFO - DAG(s) 'executing_python_operators_dag' retrieved from /Users/apple/airflow/dags/multiple_python_operator_dag.py
[2024-12-16T19:04:41.001-0500] {logging_mixin.py:190} INFO - [2024-12-16T19:04:41.001-0500] {dag.py:3239} INFO - Sync 1 DAGs
[2024-12-16T19:04:41.007-0500] {logging_mixin.py:190} INFO - [2024-12-16T19:04:41.007-0500] {dag.py:4180} INFO - Setting next_dagrun for executing_python_operators_dag to 2024-12-16 00:00:00+00:00, run_after=2024-12-17 00:00:00+00:00
[2024-12-16T19:04:41.012-0500] {processor.py:208} INFO - Processing /Users/apple/airflow/dags/multiple_python_operator_dag.py took 0.074 seconds
[2024-12-16T19:05:11.685-0500] {processor.py:186} INFO - Started process (PID=41437) to work on /Users/apple/airflow/dags/multiple_python_operator_dag.py
[2024-12-16T19:05:11.685-0500] {processor.py:914} INFO - Processing file /Users/apple/airflow/dags/multiple_python_operator_dag.py for tasks to queue
[2024-12-16T19:05:11.686-0500] {logging_mixin.py:190} INFO - [2024-12-16T19:05:11.686-0500] {dagbag.py:588} INFO - Filling up the DagBag from /Users/apple/airflow/dags/multiple_python_operator_dag.py
[2024-12-16T19:05:11.715-0500] {processor.py:925} INFO - DAG(s) 'executing_python_operators_dag' retrieved from /Users/apple/airflow/dags/multiple_python_operator_dag.py
[2024-12-16T19:05:11.748-0500] {logging_mixin.py:190} INFO - [2024-12-16T19:05:11.748-0500] {dag.py:3239} INFO - Sync 1 DAGs
[2024-12-16T19:05:11.754-0500] {logging_mixin.py:190} INFO - [2024-12-16T19:05:11.754-0500] {dag.py:4180} INFO - Setting next_dagrun for executing_python_operators_dag to 2024-12-16 00:00:00+00:00, run_after=2024-12-17 00:00:00+00:00
[2024-12-16T19:05:11.761-0500] {processor.py:208} INFO - Processing /Users/apple/airflow/dags/multiple_python_operator_dag.py took 0.077 seconds
[2024-12-16T19:05:42.476-0500] {processor.py:186} INFO - Started process (PID=41590) to work on /Users/apple/airflow/dags/multiple_python_operator_dag.py
[2024-12-16T19:05:42.478-0500] {processor.py:914} INFO - Processing file /Users/apple/airflow/dags/multiple_python_operator_dag.py for tasks to queue
[2024-12-16T19:05:42.479-0500] {logging_mixin.py:190} INFO - [2024-12-16T19:05:42.479-0500] {dagbag.py:588} INFO - Filling up the DagBag from /Users/apple/airflow/dags/multiple_python_operator_dag.py
[2024-12-16T19:05:42.509-0500] {processor.py:925} INFO - DAG(s) 'executing_python_operators_dag' retrieved from /Users/apple/airflow/dags/multiple_python_operator_dag.py
[2024-12-16T19:05:42.542-0500] {logging_mixin.py:190} INFO - [2024-12-16T19:05:42.542-0500] {dag.py:3239} INFO - Sync 1 DAGs
[2024-12-16T19:05:42.548-0500] {logging_mixin.py:190} INFO - [2024-12-16T19:05:42.547-0500] {dag.py:4180} INFO - Setting next_dagrun for executing_python_operators_dag to 2024-12-16 00:00:00+00:00, run_after=2024-12-17 00:00:00+00:00
[2024-12-16T19:05:42.553-0500] {processor.py:208} INFO - Processing /Users/apple/airflow/dags/multiple_python_operator_dag.py took 0.078 seconds
[2024-12-16T19:06:13.657-0500] {processor.py:186} INFO - Started process (PID=41725) to work on /Users/apple/airflow/dags/multiple_python_operator_dag.py
[2024-12-16T19:06:13.658-0500] {processor.py:914} INFO - Processing file /Users/apple/airflow/dags/multiple_python_operator_dag.py for tasks to queue
[2024-12-16T19:06:13.658-0500] {logging_mixin.py:190} INFO - [2024-12-16T19:06:13.658-0500] {dagbag.py:588} INFO - Filling up the DagBag from /Users/apple/airflow/dags/multiple_python_operator_dag.py
[2024-12-16T19:06:13.689-0500] {processor.py:925} INFO - DAG(s) 'executing_python_operators_dag' retrieved from /Users/apple/airflow/dags/multiple_python_operator_dag.py
[2024-12-16T19:06:13.722-0500] {logging_mixin.py:190} INFO - [2024-12-16T19:06:13.722-0500] {dag.py:3239} INFO - Sync 1 DAGs
[2024-12-16T19:06:13.728-0500] {logging_mixin.py:190} INFO - [2024-12-16T19:06:13.728-0500] {dag.py:4180} INFO - Setting next_dagrun for executing_python_operators_dag to 2024-12-16 00:00:00+00:00, run_after=2024-12-17 00:00:00+00:00
[2024-12-16T19:06:13.734-0500] {processor.py:208} INFO - Processing /Users/apple/airflow/dags/multiple_python_operator_dag.py took 0.078 seconds
[2024-12-16T19:06:44.474-0500] {processor.py:186} INFO - Started process (PID=41872) to work on /Users/apple/airflow/dags/multiple_python_operator_dag.py
[2024-12-16T19:06:44.477-0500] {processor.py:914} INFO - Processing file /Users/apple/airflow/dags/multiple_python_operator_dag.py for tasks to queue
[2024-12-16T19:06:44.477-0500] {logging_mixin.py:190} INFO - [2024-12-16T19:06:44.477-0500] {dagbag.py:588} INFO - Filling up the DagBag from /Users/apple/airflow/dags/multiple_python_operator_dag.py
[2024-12-16T19:06:44.507-0500] {processor.py:925} INFO - DAG(s) 'executing_python_operators_dag' retrieved from /Users/apple/airflow/dags/multiple_python_operator_dag.py
[2024-12-16T19:06:44.540-0500] {logging_mixin.py:190} INFO - [2024-12-16T19:06:44.540-0500] {dag.py:3239} INFO - Sync 1 DAGs
[2024-12-16T19:06:44.546-0500] {logging_mixin.py:190} INFO - [2024-12-16T19:06:44.546-0500] {dag.py:4180} INFO - Setting next_dagrun for executing_python_operators_dag to 2024-12-16 00:00:00+00:00, run_after=2024-12-17 00:00:00+00:00
[2024-12-16T19:06:44.551-0500] {processor.py:208} INFO - Processing /Users/apple/airflow/dags/multiple_python_operator_dag.py took 0.078 seconds
[2024-12-16T19:07:15.301-0500] {processor.py:186} INFO - Started process (PID=42010) to work on /Users/apple/airflow/dags/multiple_python_operator_dag.py
[2024-12-16T19:07:15.302-0500] {processor.py:914} INFO - Processing file /Users/apple/airflow/dags/multiple_python_operator_dag.py for tasks to queue
[2024-12-16T19:07:15.302-0500] {logging_mixin.py:190} INFO - [2024-12-16T19:07:15.302-0500] {dagbag.py:588} INFO - Filling up the DagBag from /Users/apple/airflow/dags/multiple_python_operator_dag.py
[2024-12-16T19:07:15.332-0500] {processor.py:925} INFO - DAG(s) 'executing_python_operators_dag' retrieved from /Users/apple/airflow/dags/multiple_python_operator_dag.py
[2024-12-16T19:07:15.365-0500] {logging_mixin.py:190} INFO - [2024-12-16T19:07:15.365-0500] {dag.py:3239} INFO - Sync 1 DAGs
[2024-12-16T19:07:15.372-0500] {logging_mixin.py:190} INFO - [2024-12-16T19:07:15.371-0500] {dag.py:4180} INFO - Setting next_dagrun for executing_python_operators_dag to 2024-12-16 00:00:00+00:00, run_after=2024-12-17 00:00:00+00:00
[2024-12-16T19:07:15.377-0500] {processor.py:208} INFO - Processing /Users/apple/airflow/dags/multiple_python_operator_dag.py took 0.078 seconds
[2024-12-16T19:07:47.668-0500] {processor.py:186} INFO - Started process (PID=42163) to work on /Users/apple/airflow/dags/multiple_python_operator_dag.py
[2024-12-16T19:07:47.669-0500] {processor.py:914} INFO - Processing file /Users/apple/airflow/dags/multiple_python_operator_dag.py for tasks to queue
[2024-12-16T19:07:47.669-0500] {logging_mixin.py:190} INFO - [2024-12-16T19:07:47.669-0500] {dagbag.py:588} INFO - Filling up the DagBag from /Users/apple/airflow/dags/multiple_python_operator_dag.py
[2024-12-16T19:07:47.698-0500] {processor.py:925} INFO - DAG(s) 'executing_python_operators_dag' retrieved from /Users/apple/airflow/dags/multiple_python_operator_dag.py
[2024-12-16T19:07:47.732-0500] {logging_mixin.py:190} INFO - [2024-12-16T19:07:47.732-0500] {dag.py:3239} INFO - Sync 1 DAGs
[2024-12-16T19:07:47.738-0500] {logging_mixin.py:190} INFO - [2024-12-16T19:07:47.738-0500] {dag.py:4180} INFO - Setting next_dagrun for executing_python_operators_dag to 2024-12-16 00:00:00+00:00, run_after=2024-12-17 00:00:00+00:00
[2024-12-16T19:07:47.744-0500] {processor.py:208} INFO - Processing /Users/apple/airflow/dags/multiple_python_operator_dag.py took 0.077 seconds
[2024-12-16T19:08:18.451-0500] {processor.py:186} INFO - Started process (PID=42324) to work on /Users/apple/airflow/dags/multiple_python_operator_dag.py
[2024-12-16T19:08:18.452-0500] {processor.py:914} INFO - Processing file /Users/apple/airflow/dags/multiple_python_operator_dag.py for tasks to queue
[2024-12-16T19:08:18.452-0500] {logging_mixin.py:190} INFO - [2024-12-16T19:08:18.452-0500] {dagbag.py:588} INFO - Filling up the DagBag from /Users/apple/airflow/dags/multiple_python_operator_dag.py
[2024-12-16T19:08:18.484-0500] {processor.py:925} INFO - DAG(s) 'executing_python_operators_dag' retrieved from /Users/apple/airflow/dags/multiple_python_operator_dag.py
[2024-12-16T19:08:18.518-0500] {logging_mixin.py:190} INFO - [2024-12-16T19:08:18.518-0500] {dag.py:3239} INFO - Sync 1 DAGs
[2024-12-16T19:08:18.524-0500] {logging_mixin.py:190} INFO - [2024-12-16T19:08:18.524-0500] {dag.py:4180} INFO - Setting next_dagrun for executing_python_operators_dag to 2024-12-16 00:00:00+00:00, run_after=2024-12-17 00:00:00+00:00
[2024-12-16T19:08:18.532-0500] {processor.py:208} INFO - Processing /Users/apple/airflow/dags/multiple_python_operator_dag.py took 0.082 seconds
[2024-12-16T19:08:49.267-0500] {processor.py:186} INFO - Started process (PID=42466) to work on /Users/apple/airflow/dags/multiple_python_operator_dag.py
[2024-12-16T19:08:49.267-0500] {processor.py:914} INFO - Processing file /Users/apple/airflow/dags/multiple_python_operator_dag.py for tasks to queue
[2024-12-16T19:08:49.268-0500] {logging_mixin.py:190} INFO - [2024-12-16T19:08:49.268-0500] {dagbag.py:588} INFO - Filling up the DagBag from /Users/apple/airflow/dags/multiple_python_operator_dag.py
[2024-12-16T19:08:49.299-0500] {processor.py:925} INFO - DAG(s) 'executing_python_operators_dag' retrieved from /Users/apple/airflow/dags/multiple_python_operator_dag.py
[2024-12-16T19:08:49.333-0500] {logging_mixin.py:190} INFO - [2024-12-16T19:08:49.333-0500] {dag.py:3239} INFO - Sync 1 DAGs
[2024-12-16T19:08:49.339-0500] {logging_mixin.py:190} INFO - [2024-12-16T19:08:49.339-0500] {dag.py:4180} INFO - Setting next_dagrun for executing_python_operators_dag to 2024-12-16 00:00:00+00:00, run_after=2024-12-17 00:00:00+00:00
[2024-12-16T19:08:49.346-0500] {processor.py:208} INFO - Processing /Users/apple/airflow/dags/multiple_python_operator_dag.py took 0.081 seconds
[2024-12-16T19:09:21.816-0500] {processor.py:186} INFO - Started process (PID=42644) to work on /Users/apple/airflow/dags/multiple_python_operator_dag.py
[2024-12-16T19:09:21.816-0500] {processor.py:914} INFO - Processing file /Users/apple/airflow/dags/multiple_python_operator_dag.py for tasks to queue
[2024-12-16T19:09:21.817-0500] {logging_mixin.py:190} INFO - [2024-12-16T19:09:21.817-0500] {dagbag.py:588} INFO - Filling up the DagBag from /Users/apple/airflow/dags/multiple_python_operator_dag.py
[2024-12-16T19:09:21.846-0500] {processor.py:925} INFO - DAG(s) 'executing_python_operators_dag' retrieved from /Users/apple/airflow/dags/multiple_python_operator_dag.py
[2024-12-16T19:09:21.880-0500] {logging_mixin.py:190} INFO - [2024-12-16T19:09:21.880-0500] {dag.py:3239} INFO - Sync 1 DAGs
[2024-12-16T19:09:21.886-0500] {logging_mixin.py:190} INFO - [2024-12-16T19:09:21.886-0500] {dag.py:4180} INFO - Setting next_dagrun for executing_python_operators_dag to 2024-12-16 00:00:00+00:00, run_after=2024-12-17 00:00:00+00:00
[2024-12-16T19:09:21.892-0500] {processor.py:208} INFO - Processing /Users/apple/airflow/dags/multiple_python_operator_dag.py took 0.078 seconds
[2024-12-16T19:09:53.469-0500] {processor.py:186} INFO - Started process (PID=42787) to work on /Users/apple/airflow/dags/multiple_python_operator_dag.py
[2024-12-16T19:09:53.470-0500] {processor.py:914} INFO - Processing file /Users/apple/airflow/dags/multiple_python_operator_dag.py for tasks to queue
[2024-12-16T19:09:53.470-0500] {logging_mixin.py:190} INFO - [2024-12-16T19:09:53.470-0500] {dagbag.py:588} INFO - Filling up the DagBag from /Users/apple/airflow/dags/multiple_python_operator_dag.py
[2024-12-16T19:09:53.500-0500] {processor.py:925} INFO - DAG(s) 'executing_python_operators_dag' retrieved from /Users/apple/airflow/dags/multiple_python_operator_dag.py
[2024-12-16T19:09:53.533-0500] {logging_mixin.py:190} INFO - [2024-12-16T19:09:53.533-0500] {dag.py:3239} INFO - Sync 1 DAGs
[2024-12-16T19:09:53.540-0500] {logging_mixin.py:190} INFO - [2024-12-16T19:09:53.540-0500] {dag.py:4180} INFO - Setting next_dagrun for executing_python_operators_dag to 2024-12-16 00:00:00+00:00, run_after=2024-12-17 00:00:00+00:00
[2024-12-16T19:09:53.547-0500] {processor.py:208} INFO - Processing /Users/apple/airflow/dags/multiple_python_operator_dag.py took 0.079 seconds
[2024-12-16T19:10:24.604-0500] {processor.py:186} INFO - Started process (PID=42936) to work on /Users/apple/airflow/dags/multiple_python_operator_dag.py
[2024-12-16T19:10:24.604-0500] {processor.py:914} INFO - Processing file /Users/apple/airflow/dags/multiple_python_operator_dag.py for tasks to queue
[2024-12-16T19:10:24.605-0500] {logging_mixin.py:190} INFO - [2024-12-16T19:10:24.605-0500] {dagbag.py:588} INFO - Filling up the DagBag from /Users/apple/airflow/dags/multiple_python_operator_dag.py
[2024-12-16T19:10:24.641-0500] {processor.py:925} INFO - DAG(s) 'executing_python_operators_dag' retrieved from /Users/apple/airflow/dags/multiple_python_operator_dag.py
[2024-12-16T19:10:24.674-0500] {logging_mixin.py:190} INFO - [2024-12-16T19:10:24.674-0500] {dag.py:3239} INFO - Sync 1 DAGs
[2024-12-16T19:10:24.680-0500] {logging_mixin.py:190} INFO - [2024-12-16T19:10:24.680-0500] {dag.py:4180} INFO - Setting next_dagrun for executing_python_operators_dag to 2024-12-16 00:00:00+00:00, run_after=2024-12-17 00:00:00+00:00
[2024-12-16T19:10:24.687-0500] {processor.py:208} INFO - Processing /Users/apple/airflow/dags/multiple_python_operator_dag.py took 0.086 seconds
[2024-12-16T19:10:55.497-0500] {processor.py:186} INFO - Started process (PID=43082) to work on /Users/apple/airflow/dags/multiple_python_operator_dag.py
[2024-12-16T19:10:55.499-0500] {processor.py:914} INFO - Processing file /Users/apple/airflow/dags/multiple_python_operator_dag.py for tasks to queue
[2024-12-16T19:10:55.499-0500] {logging_mixin.py:190} INFO - [2024-12-16T19:10:55.499-0500] {dagbag.py:588} INFO - Filling up the DagBag from /Users/apple/airflow/dags/multiple_python_operator_dag.py
[2024-12-16T19:10:55.528-0500] {processor.py:925} INFO - DAG(s) 'executing_python_operators_dag' retrieved from /Users/apple/airflow/dags/multiple_python_operator_dag.py
[2024-12-16T19:10:55.561-0500] {logging_mixin.py:190} INFO - [2024-12-16T19:10:55.561-0500] {dag.py:3239} INFO - Sync 1 DAGs
[2024-12-16T19:10:55.567-0500] {logging_mixin.py:190} INFO - [2024-12-16T19:10:55.567-0500] {dag.py:4180} INFO - Setting next_dagrun for executing_python_operators_dag to 2024-12-16 00:00:00+00:00, run_after=2024-12-17 00:00:00+00:00
[2024-12-16T19:10:55.573-0500] {processor.py:208} INFO - Processing /Users/apple/airflow/dags/multiple_python_operator_dag.py took 0.076 seconds
[2024-12-16T19:11:26.840-0500] {processor.py:186} INFO - Started process (PID=43228) to work on /Users/apple/airflow/dags/multiple_python_operator_dag.py
[2024-12-16T19:11:26.841-0500] {processor.py:914} INFO - Processing file /Users/apple/airflow/dags/multiple_python_operator_dag.py for tasks to queue
[2024-12-16T19:11:26.842-0500] {logging_mixin.py:190} INFO - [2024-12-16T19:11:26.842-0500] {dagbag.py:588} INFO - Filling up the DagBag from /Users/apple/airflow/dags/multiple_python_operator_dag.py
[2024-12-16T19:11:26.876-0500] {processor.py:925} INFO - DAG(s) 'executing_python_operators_dag' retrieved from /Users/apple/airflow/dags/multiple_python_operator_dag.py
[2024-12-16T19:11:26.913-0500] {logging_mixin.py:190} INFO - [2024-12-16T19:11:26.912-0500] {dag.py:3239} INFO - Sync 1 DAGs
[2024-12-16T19:11:26.919-0500] {logging_mixin.py:190} INFO - [2024-12-16T19:11:26.919-0500] {dag.py:4180} INFO - Setting next_dagrun for executing_python_operators_dag to 2024-12-16 00:00:00+00:00, run_after=2024-12-17 00:00:00+00:00
[2024-12-16T19:11:26.925-0500] {processor.py:208} INFO - Processing /Users/apple/airflow/dags/multiple_python_operator_dag.py took 0.086 seconds
[2024-12-16T19:11:57.684-0500] {processor.py:186} INFO - Started process (PID=43376) to work on /Users/apple/airflow/dags/multiple_python_operator_dag.py
[2024-12-16T19:11:57.685-0500] {processor.py:914} INFO - Processing file /Users/apple/airflow/dags/multiple_python_operator_dag.py for tasks to queue
[2024-12-16T19:11:57.685-0500] {logging_mixin.py:190} INFO - [2024-12-16T19:11:57.685-0500] {dagbag.py:588} INFO - Filling up the DagBag from /Users/apple/airflow/dags/multiple_python_operator_dag.py
[2024-12-16T19:11:57.714-0500] {processor.py:925} INFO - DAG(s) 'executing_python_operators_dag' retrieved from /Users/apple/airflow/dags/multiple_python_operator_dag.py
[2024-12-16T19:11:57.748-0500] {logging_mixin.py:190} INFO - [2024-12-16T19:11:57.747-0500] {dag.py:3239} INFO - Sync 1 DAGs
[2024-12-16T19:11:57.754-0500] {logging_mixin.py:190} INFO - [2024-12-16T19:11:57.753-0500] {dag.py:4180} INFO - Setting next_dagrun for executing_python_operators_dag to 2024-12-16 00:00:00+00:00, run_after=2024-12-17 00:00:00+00:00
[2024-12-16T19:11:57.759-0500] {processor.py:208} INFO - Processing /Users/apple/airflow/dags/multiple_python_operator_dag.py took 0.076 seconds
[2024-12-16T19:12:29.105-0500] {processor.py:186} INFO - Started process (PID=43722) to work on /Users/apple/airflow/dags/multiple_python_operator_dag.py
[2024-12-16T19:12:29.107-0500] {processor.py:914} INFO - Processing file /Users/apple/airflow/dags/multiple_python_operator_dag.py for tasks to queue
[2024-12-16T19:12:29.107-0500] {logging_mixin.py:190} INFO - [2024-12-16T19:12:29.107-0500] {dagbag.py:588} INFO - Filling up the DagBag from /Users/apple/airflow/dags/multiple_python_operator_dag.py
[2024-12-16T19:12:29.142-0500] {processor.py:925} INFO - DAG(s) 'executing_python_operators_dag' retrieved from /Users/apple/airflow/dags/multiple_python_operator_dag.py
[2024-12-16T19:12:29.177-0500] {logging_mixin.py:190} INFO - [2024-12-16T19:12:29.177-0500] {dag.py:3239} INFO - Sync 1 DAGs
[2024-12-16T19:12:29.184-0500] {logging_mixin.py:190} INFO - [2024-12-16T19:12:29.184-0500] {dag.py:4180} INFO - Setting next_dagrun for executing_python_operators_dag to 2024-12-16 00:00:00+00:00, run_after=2024-12-17 00:00:00+00:00
[2024-12-16T19:12:29.190-0500] {processor.py:208} INFO - Processing /Users/apple/airflow/dags/multiple_python_operator_dag.py took 0.086 seconds
[2024-12-16T19:13:00.460-0500] {processor.py:186} INFO - Started process (PID=43901) to work on /Users/apple/airflow/dags/multiple_python_operator_dag.py
[2024-12-16T19:13:00.460-0500] {processor.py:914} INFO - Processing file /Users/apple/airflow/dags/multiple_python_operator_dag.py for tasks to queue
[2024-12-16T19:13:00.460-0500] {logging_mixin.py:190} INFO - [2024-12-16T19:13:00.460-0500] {dagbag.py:588} INFO - Filling up the DagBag from /Users/apple/airflow/dags/multiple_python_operator_dag.py
[2024-12-16T19:13:00.500-0500] {processor.py:925} INFO - DAG(s) 'executing_python_operators_dag' retrieved from /Users/apple/airflow/dags/multiple_python_operator_dag.py
[2024-12-16T19:13:00.534-0500] {logging_mixin.py:190} INFO - [2024-12-16T19:13:00.534-0500] {dag.py:3239} INFO - Sync 1 DAGs
[2024-12-16T19:13:00.541-0500] {logging_mixin.py:190} INFO - [2024-12-16T19:13:00.540-0500] {dag.py:4180} INFO - Setting next_dagrun for executing_python_operators_dag to 2024-12-16 00:00:00+00:00, run_after=2024-12-17 00:00:00+00:00
[2024-12-16T19:13:00.547-0500] {processor.py:208} INFO - Processing /Users/apple/airflow/dags/multiple_python_operator_dag.py took 0.089 seconds
[2024-12-16T19:13:31.751-0500] {processor.py:186} INFO - Started process (PID=44121) to work on /Users/apple/airflow/dags/multiple_python_operator_dag.py
[2024-12-16T19:13:31.753-0500] {processor.py:914} INFO - Processing file /Users/apple/airflow/dags/multiple_python_operator_dag.py for tasks to queue
[2024-12-16T19:13:31.753-0500] {logging_mixin.py:190} INFO - [2024-12-16T19:13:31.753-0500] {dagbag.py:588} INFO - Filling up the DagBag from /Users/apple/airflow/dags/multiple_python_operator_dag.py
[2024-12-16T19:13:31.782-0500] {processor.py:925} INFO - DAG(s) 'executing_python_operators_dag' retrieved from /Users/apple/airflow/dags/multiple_python_operator_dag.py
[2024-12-16T19:13:31.815-0500] {logging_mixin.py:190} INFO - [2024-12-16T19:13:31.815-0500] {dag.py:3239} INFO - Sync 1 DAGs
[2024-12-16T19:13:31.821-0500] {logging_mixin.py:190} INFO - [2024-12-16T19:13:31.821-0500] {dag.py:4180} INFO - Setting next_dagrun for executing_python_operators_dag to 2024-12-16 00:00:00+00:00, run_after=2024-12-17 00:00:00+00:00
[2024-12-16T19:13:31.826-0500] {processor.py:208} INFO - Processing /Users/apple/airflow/dags/multiple_python_operator_dag.py took 0.076 seconds
[2024-12-16T19:14:02.930-0500] {processor.py:186} INFO - Started process (PID=44312) to work on /Users/apple/airflow/dags/multiple_python_operator_dag.py
[2024-12-16T19:14:02.931-0500] {processor.py:914} INFO - Processing file /Users/apple/airflow/dags/multiple_python_operator_dag.py for tasks to queue
[2024-12-16T19:14:02.931-0500] {logging_mixin.py:190} INFO - [2024-12-16T19:14:02.931-0500] {dagbag.py:588} INFO - Filling up the DagBag from /Users/apple/airflow/dags/multiple_python_operator_dag.py
[2024-12-16T19:14:02.961-0500] {processor.py:925} INFO - DAG(s) 'executing_python_operators_dag' retrieved from /Users/apple/airflow/dags/multiple_python_operator_dag.py
[2024-12-16T19:14:02.994-0500] {logging_mixin.py:190} INFO - [2024-12-16T19:14:02.994-0500] {dag.py:3239} INFO - Sync 1 DAGs
[2024-12-16T19:14:03.000-0500] {logging_mixin.py:190} INFO - [2024-12-16T19:14:03.000-0500] {dag.py:4180} INFO - Setting next_dagrun for executing_python_operators_dag to 2024-12-16 00:00:00+00:00, run_after=2024-12-17 00:00:00+00:00
[2024-12-16T19:14:03.005-0500] {processor.py:208} INFO - Processing /Users/apple/airflow/dags/multiple_python_operator_dag.py took 0.076 seconds
[2024-12-16T19:14:34.047-0500] {processor.py:186} INFO - Started process (PID=44519) to work on /Users/apple/airflow/dags/multiple_python_operator_dag.py
[2024-12-16T19:14:34.048-0500] {processor.py:914} INFO - Processing file /Users/apple/airflow/dags/multiple_python_operator_dag.py for tasks to queue
[2024-12-16T19:14:34.048-0500] {logging_mixin.py:190} INFO - [2024-12-16T19:14:34.048-0500] {dagbag.py:588} INFO - Filling up the DagBag from /Users/apple/airflow/dags/multiple_python_operator_dag.py
[2024-12-16T19:14:34.078-0500] {processor.py:925} INFO - DAG(s) 'executing_python_operators_dag' retrieved from /Users/apple/airflow/dags/multiple_python_operator_dag.py
[2024-12-16T19:14:34.111-0500] {logging_mixin.py:190} INFO - [2024-12-16T19:14:34.111-0500] {dag.py:3239} INFO - Sync 1 DAGs
[2024-12-16T19:14:34.117-0500] {logging_mixin.py:190} INFO - [2024-12-16T19:14:34.117-0500] {dag.py:4180} INFO - Setting next_dagrun for executing_python_operators_dag to 2024-12-16 00:00:00+00:00, run_after=2024-12-17 00:00:00+00:00
[2024-12-16T19:14:34.123-0500] {processor.py:208} INFO - Processing /Users/apple/airflow/dags/multiple_python_operator_dag.py took 0.077 seconds
[2024-12-16T19:15:05.111-0500] {processor.py:186} INFO - Started process (PID=44718) to work on /Users/apple/airflow/dags/multiple_python_operator_dag.py
[2024-12-16T19:15:05.112-0500] {processor.py:914} INFO - Processing file /Users/apple/airflow/dags/multiple_python_operator_dag.py for tasks to queue
[2024-12-16T19:15:05.112-0500] {logging_mixin.py:190} INFO - [2024-12-16T19:15:05.112-0500] {dagbag.py:588} INFO - Filling up the DagBag from /Users/apple/airflow/dags/multiple_python_operator_dag.py
[2024-12-16T19:15:05.142-0500] {processor.py:925} INFO - DAG(s) 'executing_python_operators_dag' retrieved from /Users/apple/airflow/dags/multiple_python_operator_dag.py
[2024-12-16T19:15:05.180-0500] {logging_mixin.py:190} INFO - [2024-12-16T19:15:05.180-0500] {dag.py:3239} INFO - Sync 1 DAGs
[2024-12-16T19:15:05.188-0500] {logging_mixin.py:190} INFO - [2024-12-16T19:15:05.188-0500] {dag.py:4180} INFO - Setting next_dagrun for executing_python_operators_dag to 2024-12-16 00:00:00+00:00, run_after=2024-12-17 00:00:00+00:00
[2024-12-16T19:15:05.195-0500] {processor.py:208} INFO - Processing /Users/apple/airflow/dags/multiple_python_operator_dag.py took 0.085 seconds
[2024-12-16T19:15:36.662-0500] {processor.py:186} INFO - Started process (PID=44923) to work on /Users/apple/airflow/dags/multiple_python_operator_dag.py
[2024-12-16T19:15:36.663-0500] {processor.py:914} INFO - Processing file /Users/apple/airflow/dags/multiple_python_operator_dag.py for tasks to queue
[2024-12-16T19:15:36.663-0500] {logging_mixin.py:190} INFO - [2024-12-16T19:15:36.663-0500] {dagbag.py:588} INFO - Filling up the DagBag from /Users/apple/airflow/dags/multiple_python_operator_dag.py
[2024-12-16T19:15:36.694-0500] {processor.py:925} INFO - DAG(s) 'executing_python_operators_dag' retrieved from /Users/apple/airflow/dags/multiple_python_operator_dag.py
[2024-12-16T19:15:36.727-0500] {logging_mixin.py:190} INFO - [2024-12-16T19:15:36.727-0500] {dag.py:3239} INFO - Sync 1 DAGs
[2024-12-16T19:15:36.733-0500] {logging_mixin.py:190} INFO - [2024-12-16T19:15:36.733-0500] {dag.py:4180} INFO - Setting next_dagrun for executing_python_operators_dag to 2024-12-16 00:00:00+00:00, run_after=2024-12-17 00:00:00+00:00
[2024-12-16T19:15:36.739-0500] {processor.py:208} INFO - Processing /Users/apple/airflow/dags/multiple_python_operator_dag.py took 0.078 seconds
[2024-12-16T19:16:08.021-0500] {processor.py:186} INFO - Started process (PID=45145) to work on /Users/apple/airflow/dags/multiple_python_operator_dag.py
[2024-12-16T19:16:08.022-0500] {processor.py:914} INFO - Processing file /Users/apple/airflow/dags/multiple_python_operator_dag.py for tasks to queue
[2024-12-16T19:16:08.022-0500] {logging_mixin.py:190} INFO - [2024-12-16T19:16:08.022-0500] {dagbag.py:588} INFO - Filling up the DagBag from /Users/apple/airflow/dags/multiple_python_operator_dag.py
[2024-12-16T19:16:08.052-0500] {processor.py:925} INFO - DAG(s) 'executing_python_operators_dag' retrieved from /Users/apple/airflow/dags/multiple_python_operator_dag.py
[2024-12-16T19:16:08.084-0500] {logging_mixin.py:190} INFO - [2024-12-16T19:16:08.084-0500] {dag.py:3239} INFO - Sync 1 DAGs
[2024-12-16T19:16:08.090-0500] {logging_mixin.py:190} INFO - [2024-12-16T19:16:08.090-0500] {dag.py:4180} INFO - Setting next_dagrun for executing_python_operators_dag to 2024-12-16 00:00:00+00:00, run_after=2024-12-17 00:00:00+00:00
[2024-12-16T19:16:08.095-0500] {processor.py:208} INFO - Processing /Users/apple/airflow/dags/multiple_python_operator_dag.py took 0.075 seconds
[2024-12-16T19:16:39.619-0500] {processor.py:186} INFO - Started process (PID=45350) to work on /Users/apple/airflow/dags/multiple_python_operator_dag.py
[2024-12-16T19:16:39.620-0500] {processor.py:914} INFO - Processing file /Users/apple/airflow/dags/multiple_python_operator_dag.py for tasks to queue
[2024-12-16T19:16:39.621-0500] {logging_mixin.py:190} INFO - [2024-12-16T19:16:39.621-0500] {dagbag.py:588} INFO - Filling up the DagBag from /Users/apple/airflow/dags/multiple_python_operator_dag.py
[2024-12-16T19:16:39.651-0500] {processor.py:925} INFO - DAG(s) 'executing_python_operators_dag' retrieved from /Users/apple/airflow/dags/multiple_python_operator_dag.py
[2024-12-16T19:16:39.683-0500] {logging_mixin.py:190} INFO - [2024-12-16T19:16:39.683-0500] {dag.py:3239} INFO - Sync 1 DAGs
[2024-12-16T19:16:39.689-0500] {logging_mixin.py:190} INFO - [2024-12-16T19:16:39.689-0500] {dag.py:4180} INFO - Setting next_dagrun for executing_python_operators_dag to 2024-12-16 00:00:00+00:00, run_after=2024-12-17 00:00:00+00:00
[2024-12-16T19:16:39.694-0500] {processor.py:208} INFO - Processing /Users/apple/airflow/dags/multiple_python_operator_dag.py took 0.076 seconds
[2024-12-16T19:17:10.819-0500] {processor.py:186} INFO - Started process (PID=45514) to work on /Users/apple/airflow/dags/multiple_python_operator_dag.py
[2024-12-16T19:17:10.821-0500] {processor.py:914} INFO - Processing file /Users/apple/airflow/dags/multiple_python_operator_dag.py for tasks to queue
[2024-12-16T19:17:10.821-0500] {logging_mixin.py:190} INFO - [2024-12-16T19:17:10.821-0500] {dagbag.py:588} INFO - Filling up the DagBag from /Users/apple/airflow/dags/multiple_python_operator_dag.py
[2024-12-16T19:17:10.850-0500] {processor.py:925} INFO - DAG(s) 'executing_python_operators_dag' retrieved from /Users/apple/airflow/dags/multiple_python_operator_dag.py
[2024-12-16T19:17:10.883-0500] {logging_mixin.py:190} INFO - [2024-12-16T19:17:10.883-0500] {dag.py:3239} INFO - Sync 1 DAGs
[2024-12-16T19:17:10.889-0500] {logging_mixin.py:190} INFO - [2024-12-16T19:17:10.889-0500] {dag.py:4180} INFO - Setting next_dagrun for executing_python_operators_dag to 2024-12-16 00:00:00+00:00, run_after=2024-12-17 00:00:00+00:00
[2024-12-16T19:17:10.895-0500] {processor.py:208} INFO - Processing /Users/apple/airflow/dags/multiple_python_operator_dag.py took 0.077 seconds
[2024-12-16T19:17:42.046-0500] {processor.py:186} INFO - Started process (PID=45731) to work on /Users/apple/airflow/dags/multiple_python_operator_dag.py
[2024-12-16T19:17:42.047-0500] {processor.py:914} INFO - Processing file /Users/apple/airflow/dags/multiple_python_operator_dag.py for tasks to queue
[2024-12-16T19:17:42.048-0500] {logging_mixin.py:190} INFO - [2024-12-16T19:17:42.048-0500] {dagbag.py:588} INFO - Filling up the DagBag from /Users/apple/airflow/dags/multiple_python_operator_dag.py
[2024-12-16T19:17:42.077-0500] {processor.py:925} INFO - DAG(s) 'executing_python_operators_dag' retrieved from /Users/apple/airflow/dags/multiple_python_operator_dag.py
[2024-12-16T19:17:42.110-0500] {logging_mixin.py:190} INFO - [2024-12-16T19:17:42.110-0500] {dag.py:3239} INFO - Sync 1 DAGs
[2024-12-16T19:17:42.116-0500] {logging_mixin.py:190} INFO - [2024-12-16T19:17:42.116-0500] {dag.py:4180} INFO - Setting next_dagrun for executing_python_operators_dag to 2024-12-16 00:00:00+00:00, run_after=2024-12-17 00:00:00+00:00
[2024-12-16T19:17:42.121-0500] {processor.py:208} INFO - Processing /Users/apple/airflow/dags/multiple_python_operator_dag.py took 0.076 seconds
[2024-12-16T19:18:13.042-0500] {processor.py:186} INFO - Started process (PID=45954) to work on /Users/apple/airflow/dags/multiple_python_operator_dag.py
[2024-12-16T19:18:13.043-0500] {processor.py:914} INFO - Processing file /Users/apple/airflow/dags/multiple_python_operator_dag.py for tasks to queue
[2024-12-16T19:18:13.044-0500] {logging_mixin.py:190} INFO - [2024-12-16T19:18:13.044-0500] {dagbag.py:588} INFO - Filling up the DagBag from /Users/apple/airflow/dags/multiple_python_operator_dag.py
[2024-12-16T19:18:13.073-0500] {processor.py:925} INFO - DAG(s) 'executing_python_operators_dag' retrieved from /Users/apple/airflow/dags/multiple_python_operator_dag.py
[2024-12-16T19:18:13.105-0500] {logging_mixin.py:190} INFO - [2024-12-16T19:18:13.105-0500] {dag.py:3239} INFO - Sync 1 DAGs
[2024-12-16T19:18:13.111-0500] {logging_mixin.py:190} INFO - [2024-12-16T19:18:13.111-0500] {dag.py:4180} INFO - Setting next_dagrun for executing_python_operators_dag to 2024-12-16 00:00:00+00:00, run_after=2024-12-17 00:00:00+00:00
[2024-12-16T19:18:13.117-0500] {processor.py:208} INFO - Processing /Users/apple/airflow/dags/multiple_python_operator_dag.py took 0.075 seconds
[2024-12-16T19:18:44.098-0500] {processor.py:186} INFO - Started process (PID=46161) to work on /Users/apple/airflow/dags/multiple_python_operator_dag.py
[2024-12-16T19:18:44.099-0500] {processor.py:914} INFO - Processing file /Users/apple/airflow/dags/multiple_python_operator_dag.py for tasks to queue
[2024-12-16T19:18:44.099-0500] {logging_mixin.py:190} INFO - [2024-12-16T19:18:44.099-0500] {dagbag.py:588} INFO - Filling up the DagBag from /Users/apple/airflow/dags/multiple_python_operator_dag.py
[2024-12-16T19:18:44.129-0500] {processor.py:925} INFO - DAG(s) 'executing_python_operators_dag' retrieved from /Users/apple/airflow/dags/multiple_python_operator_dag.py
[2024-12-16T19:18:44.162-0500] {logging_mixin.py:190} INFO - [2024-12-16T19:18:44.162-0500] {dag.py:3239} INFO - Sync 1 DAGs
[2024-12-16T19:18:44.168-0500] {logging_mixin.py:190} INFO - [2024-12-16T19:18:44.168-0500] {dag.py:4180} INFO - Setting next_dagrun for executing_python_operators_dag to 2024-12-16 00:00:00+00:00, run_after=2024-12-17 00:00:00+00:00
[2024-12-16T19:18:44.173-0500] {processor.py:208} INFO - Processing /Users/apple/airflow/dags/multiple_python_operator_dag.py took 0.077 seconds
[2024-12-16T19:19:15.259-0500] {processor.py:186} INFO - Started process (PID=46352) to work on /Users/apple/airflow/dags/multiple_python_operator_dag.py
[2024-12-16T19:19:15.260-0500] {processor.py:914} INFO - Processing file /Users/apple/airflow/dags/multiple_python_operator_dag.py for tasks to queue
[2024-12-16T19:19:15.261-0500] {logging_mixin.py:190} INFO - [2024-12-16T19:19:15.261-0500] {dagbag.py:588} INFO - Filling up the DagBag from /Users/apple/airflow/dags/multiple_python_operator_dag.py
[2024-12-16T19:19:15.291-0500] {processor.py:925} INFO - DAG(s) 'executing_python_operators_dag' retrieved from /Users/apple/airflow/dags/multiple_python_operator_dag.py
[2024-12-16T19:19:15.323-0500] {logging_mixin.py:190} INFO - [2024-12-16T19:19:15.323-0500] {dag.py:3239} INFO - Sync 1 DAGs
[2024-12-16T19:19:15.329-0500] {logging_mixin.py:190} INFO - [2024-12-16T19:19:15.329-0500] {dag.py:4180} INFO - Setting next_dagrun for executing_python_operators_dag to 2024-12-16 00:00:00+00:00, run_after=2024-12-17 00:00:00+00:00
[2024-12-16T19:19:15.338-0500] {processor.py:208} INFO - Processing /Users/apple/airflow/dags/multiple_python_operator_dag.py took 0.080 seconds
