[2024-12-16T19:00:25.956-0500] {processor.py:186} INFO - Started process (PID=40059) to work on /Users/apple/airflow/dags/scala_airflow.py
[2024-12-16T19:00:25.957-0500] {processor.py:914} INFO - Processing file /Users/apple/airflow/dags/scala_airflow.py for tasks to queue
[2024-12-16T19:00:25.958-0500] {logging_mixin.py:190} INFO - [2024-12-16T19:00:25.958-0500] {dagbag.py:588} INFO - Filling up the DagBag from /Users/apple/airflow/dags/scala_airflow.py
[2024-12-16T19:00:25.964-0500] {processor.py:925} INFO - DAG(s) 'execute_spark_jar_with_main_class' retrieved from /Users/apple/airflow/dags/scala_airflow.py
[2024-12-16T19:00:26.019-0500] {logging_mixin.py:190} INFO - [2024-12-16T19:00:26.019-0500] {dag.py:3239} INFO - Sync 1 DAGs
[2024-12-16T19:00:26.023-0500] {logging_mixin.py:190} INFO - [2024-12-16T19:00:26.023-0500] {dag.py:4180} INFO - Setting next_dagrun for execute_spark_jar_with_main_class to None, run_after=None
[2024-12-16T19:00:26.030-0500] {processor.py:208} INFO - Processing /Users/apple/airflow/dags/scala_airflow.py took 0.075 seconds
[2024-12-16T19:00:57.913-0500] {processor.py:186} INFO - Started process (PID=40212) to work on /Users/apple/airflow/dags/scala_airflow.py
[2024-12-16T19:00:57.915-0500] {processor.py:914} INFO - Processing file /Users/apple/airflow/dags/scala_airflow.py for tasks to queue
[2024-12-16T19:00:57.915-0500] {logging_mixin.py:190} INFO - [2024-12-16T19:00:57.915-0500] {dagbag.py:588} INFO - Filling up the DagBag from /Users/apple/airflow/dags/scala_airflow.py
[2024-12-16T19:00:57.921-0500] {processor.py:925} INFO - DAG(s) 'execute_spark_jar_with_main_class' retrieved from /Users/apple/airflow/dags/scala_airflow.py
[2024-12-16T19:00:57.976-0500] {logging_mixin.py:190} INFO - [2024-12-16T19:00:57.976-0500] {dag.py:3239} INFO - Sync 1 DAGs
[2024-12-16T19:00:57.980-0500] {logging_mixin.py:190} INFO - [2024-12-16T19:00:57.980-0500] {dag.py:4180} INFO - Setting next_dagrun for execute_spark_jar_with_main_class to None, run_after=None
[2024-12-16T19:00:57.986-0500] {processor.py:208} INFO - Processing /Users/apple/airflow/dags/scala_airflow.py took 0.074 seconds
[2024-12-16T19:01:28.663-0500] {processor.py:186} INFO - Started process (PID=40369) to work on /Users/apple/airflow/dags/scala_airflow.py
[2024-12-16T19:01:28.664-0500] {processor.py:914} INFO - Processing file /Users/apple/airflow/dags/scala_airflow.py for tasks to queue
[2024-12-16T19:01:28.665-0500] {logging_mixin.py:190} INFO - [2024-12-16T19:01:28.664-0500] {dagbag.py:588} INFO - Filling up the DagBag from /Users/apple/airflow/dags/scala_airflow.py
[2024-12-16T19:01:28.671-0500] {processor.py:925} INFO - DAG(s) 'execute_spark_jar_with_main_class' retrieved from /Users/apple/airflow/dags/scala_airflow.py
[2024-12-16T19:01:28.726-0500] {logging_mixin.py:190} INFO - [2024-12-16T19:01:28.726-0500] {dag.py:3239} INFO - Sync 1 DAGs
[2024-12-16T19:01:28.730-0500] {logging_mixin.py:190} INFO - [2024-12-16T19:01:28.730-0500] {dag.py:4180} INFO - Setting next_dagrun for execute_spark_jar_with_main_class to None, run_after=None
[2024-12-16T19:01:28.736-0500] {processor.py:208} INFO - Processing /Users/apple/airflow/dags/scala_airflow.py took 0.074 seconds
[2024-12-16T19:01:59.711-0500] {processor.py:186} INFO - Started process (PID=40512) to work on /Users/apple/airflow/dags/scala_airflow.py
[2024-12-16T19:01:59.712-0500] {processor.py:914} INFO - Processing file /Users/apple/airflow/dags/scala_airflow.py for tasks to queue
[2024-12-16T19:01:59.713-0500] {logging_mixin.py:190} INFO - [2024-12-16T19:01:59.713-0500] {dagbag.py:588} INFO - Filling up the DagBag from /Users/apple/airflow/dags/scala_airflow.py
[2024-12-16T19:01:59.719-0500] {processor.py:925} INFO - DAG(s) 'execute_spark_jar_with_main_class' retrieved from /Users/apple/airflow/dags/scala_airflow.py
[2024-12-16T19:01:59.774-0500] {logging_mixin.py:190} INFO - [2024-12-16T19:01:59.774-0500] {dag.py:3239} INFO - Sync 1 DAGs
[2024-12-16T19:01:59.778-0500] {logging_mixin.py:190} INFO - [2024-12-16T19:01:59.778-0500] {dag.py:4180} INFO - Setting next_dagrun for execute_spark_jar_with_main_class to None, run_after=None
[2024-12-16T19:01:59.786-0500] {processor.py:208} INFO - Processing /Users/apple/airflow/dags/scala_airflow.py took 0.076 seconds
[2024-12-16T19:02:30.962-0500] {processor.py:186} INFO - Started process (PID=40661) to work on /Users/apple/airflow/dags/scala_airflow.py
[2024-12-16T19:02:30.963-0500] {processor.py:914} INFO - Processing file /Users/apple/airflow/dags/scala_airflow.py for tasks to queue
[2024-12-16T19:02:30.964-0500] {logging_mixin.py:190} INFO - [2024-12-16T19:02:30.964-0500] {dagbag.py:588} INFO - Filling up the DagBag from /Users/apple/airflow/dags/scala_airflow.py
[2024-12-16T19:02:30.972-0500] {processor.py:925} INFO - DAG(s) 'execute_spark_jar_with_main_class' retrieved from /Users/apple/airflow/dags/scala_airflow.py
[2024-12-16T19:02:31.033-0500] {logging_mixin.py:190} INFO - [2024-12-16T19:02:31.033-0500] {dag.py:3239} INFO - Sync 1 DAGs
[2024-12-16T19:02:31.038-0500] {logging_mixin.py:190} INFO - [2024-12-16T19:02:31.038-0500] {dag.py:4180} INFO - Setting next_dagrun for execute_spark_jar_with_main_class to None, run_after=None
[2024-12-16T19:02:31.045-0500] {processor.py:208} INFO - Processing /Users/apple/airflow/dags/scala_airflow.py took 0.085 seconds
[2024-12-16T19:03:02.091-0500] {processor.py:186} INFO - Started process (PID=40817) to work on /Users/apple/airflow/dags/scala_airflow.py
[2024-12-16T19:03:02.093-0500] {processor.py:914} INFO - Processing file /Users/apple/airflow/dags/scala_airflow.py for tasks to queue
[2024-12-16T19:03:02.093-0500] {logging_mixin.py:190} INFO - [2024-12-16T19:03:02.093-0500] {dagbag.py:588} INFO - Filling up the DagBag from /Users/apple/airflow/dags/scala_airflow.py
[2024-12-16T19:03:02.099-0500] {processor.py:925} INFO - DAG(s) 'execute_spark_jar_with_main_class' retrieved from /Users/apple/airflow/dags/scala_airflow.py
[2024-12-16T19:03:02.154-0500] {logging_mixin.py:190} INFO - [2024-12-16T19:03:02.154-0500] {dag.py:3239} INFO - Sync 1 DAGs
[2024-12-16T19:03:02.159-0500] {logging_mixin.py:190} INFO - [2024-12-16T19:03:02.159-0500] {dag.py:4180} INFO - Setting next_dagrun for execute_spark_jar_with_main_class to None, run_after=None
[2024-12-16T19:03:02.165-0500] {processor.py:208} INFO - Processing /Users/apple/airflow/dags/scala_airflow.py took 0.075 seconds
[2024-12-16T19:03:33.137-0500] {processor.py:186} INFO - Started process (PID=40960) to work on /Users/apple/airflow/dags/scala_airflow.py
[2024-12-16T19:03:33.139-0500] {processor.py:914} INFO - Processing file /Users/apple/airflow/dags/scala_airflow.py for tasks to queue
[2024-12-16T19:03:33.139-0500] {logging_mixin.py:190} INFO - [2024-12-16T19:03:33.139-0500] {dagbag.py:588} INFO - Filling up the DagBag from /Users/apple/airflow/dags/scala_airflow.py
[2024-12-16T19:03:33.145-0500] {processor.py:925} INFO - DAG(s) 'execute_spark_jar_with_main_class' retrieved from /Users/apple/airflow/dags/scala_airflow.py
[2024-12-16T19:03:33.199-0500] {logging_mixin.py:190} INFO - [2024-12-16T19:03:33.199-0500] {dag.py:3239} INFO - Sync 1 DAGs
[2024-12-16T19:03:33.203-0500] {logging_mixin.py:190} INFO - [2024-12-16T19:03:33.203-0500] {dag.py:4180} INFO - Setting next_dagrun for execute_spark_jar_with_main_class to None, run_after=None
[2024-12-16T19:03:33.209-0500] {processor.py:208} INFO - Processing /Users/apple/airflow/dags/scala_airflow.py took 0.072 seconds
[2024-12-16T19:04:04.027-0500] {processor.py:186} INFO - Started process (PID=41118) to work on /Users/apple/airflow/dags/scala_airflow.py
[2024-12-16T19:04:04.028-0500] {processor.py:914} INFO - Processing file /Users/apple/airflow/dags/scala_airflow.py for tasks to queue
[2024-12-16T19:04:04.028-0500] {logging_mixin.py:190} INFO - [2024-12-16T19:04:04.028-0500] {dagbag.py:588} INFO - Filling up the DagBag from /Users/apple/airflow/dags/scala_airflow.py
[2024-12-16T19:04:04.034-0500] {processor.py:925} INFO - DAG(s) 'execute_spark_jar_with_main_class' retrieved from /Users/apple/airflow/dags/scala_airflow.py
[2024-12-16T19:04:04.086-0500] {logging_mixin.py:190} INFO - [2024-12-16T19:04:04.086-0500] {dag.py:3239} INFO - Sync 1 DAGs
[2024-12-16T19:04:04.091-0500] {logging_mixin.py:190} INFO - [2024-12-16T19:04:04.091-0500] {dag.py:4180} INFO - Setting next_dagrun for execute_spark_jar_with_main_class to None, run_after=None
[2024-12-16T19:04:04.097-0500] {processor.py:208} INFO - Processing /Users/apple/airflow/dags/scala_airflow.py took 0.071 seconds
[2024-12-16T19:04:34.932-0500] {processor.py:186} INFO - Started process (PID=41256) to work on /Users/apple/airflow/dags/scala_airflow.py
[2024-12-16T19:04:34.932-0500] {processor.py:914} INFO - Processing file /Users/apple/airflow/dags/scala_airflow.py for tasks to queue
[2024-12-16T19:04:34.933-0500] {logging_mixin.py:190} INFO - [2024-12-16T19:04:34.932-0500] {dagbag.py:588} INFO - Filling up the DagBag from /Users/apple/airflow/dags/scala_airflow.py
[2024-12-16T19:04:34.938-0500] {processor.py:925} INFO - DAG(s) 'execute_spark_jar_with_main_class' retrieved from /Users/apple/airflow/dags/scala_airflow.py
[2024-12-16T19:04:34.989-0500] {logging_mixin.py:190} INFO - [2024-12-16T19:04:34.989-0500] {dag.py:3239} INFO - Sync 1 DAGs
[2024-12-16T19:04:34.993-0500] {logging_mixin.py:190} INFO - [2024-12-16T19:04:34.993-0500] {dag.py:4180} INFO - Setting next_dagrun for execute_spark_jar_with_main_class to None, run_after=None
[2024-12-16T19:04:34.999-0500] {processor.py:208} INFO - Processing /Users/apple/airflow/dags/scala_airflow.py took 0.069 seconds
[2024-12-16T19:05:06.025-0500] {processor.py:186} INFO - Started process (PID=41413) to work on /Users/apple/airflow/dags/scala_airflow.py
[2024-12-16T19:05:06.027-0500] {processor.py:914} INFO - Processing file /Users/apple/airflow/dags/scala_airflow.py for tasks to queue
[2024-12-16T19:05:06.027-0500] {logging_mixin.py:190} INFO - [2024-12-16T19:05:06.027-0500] {dagbag.py:588} INFO - Filling up the DagBag from /Users/apple/airflow/dags/scala_airflow.py
[2024-12-16T19:05:06.032-0500] {processor.py:925} INFO - DAG(s) 'execute_spark_jar_with_main_class' retrieved from /Users/apple/airflow/dags/scala_airflow.py
[2024-12-16T19:05:06.088-0500] {logging_mixin.py:190} INFO - [2024-12-16T19:05:06.087-0500] {dag.py:3239} INFO - Sync 1 DAGs
[2024-12-16T19:05:06.092-0500] {logging_mixin.py:190} INFO - [2024-12-16T19:05:06.091-0500] {dag.py:4180} INFO - Setting next_dagrun for execute_spark_jar_with_main_class to None, run_after=None
[2024-12-16T19:05:06.097-0500] {processor.py:208} INFO - Processing /Users/apple/airflow/dags/scala_airflow.py took 0.073 seconds
[2024-12-16T19:05:36.877-0500] {processor.py:186} INFO - Started process (PID=41554) to work on /Users/apple/airflow/dags/scala_airflow.py
[2024-12-16T19:05:36.878-0500] {processor.py:914} INFO - Processing file /Users/apple/airflow/dags/scala_airflow.py for tasks to queue
[2024-12-16T19:05:36.878-0500] {logging_mixin.py:190} INFO - [2024-12-16T19:05:36.878-0500] {dagbag.py:588} INFO - Filling up the DagBag from /Users/apple/airflow/dags/scala_airflow.py
[2024-12-16T19:05:36.883-0500] {processor.py:925} INFO - DAG(s) 'execute_spark_jar_with_main_class' retrieved from /Users/apple/airflow/dags/scala_airflow.py
[2024-12-16T19:05:36.935-0500] {logging_mixin.py:190} INFO - [2024-12-16T19:05:36.935-0500] {dag.py:3239} INFO - Sync 1 DAGs
[2024-12-16T19:05:36.939-0500] {logging_mixin.py:190} INFO - [2024-12-16T19:05:36.939-0500] {dag.py:4180} INFO - Setting next_dagrun for execute_spark_jar_with_main_class to None, run_after=None
[2024-12-16T19:05:36.945-0500] {processor.py:208} INFO - Processing /Users/apple/airflow/dags/scala_airflow.py took 0.069 seconds
[2024-12-16T19:06:08.270-0500] {processor.py:186} INFO - Started process (PID=41699) to work on /Users/apple/airflow/dags/scala_airflow.py
[2024-12-16T19:06:08.271-0500] {processor.py:914} INFO - Processing file /Users/apple/airflow/dags/scala_airflow.py for tasks to queue
[2024-12-16T19:06:08.271-0500] {logging_mixin.py:190} INFO - [2024-12-16T19:06:08.271-0500] {dagbag.py:588} INFO - Filling up the DagBag from /Users/apple/airflow/dags/scala_airflow.py
[2024-12-16T19:06:08.275-0500] {processor.py:925} INFO - DAG(s) 'execute_spark_jar_with_main_class' retrieved from /Users/apple/airflow/dags/scala_airflow.py
[2024-12-16T19:06:08.328-0500] {logging_mixin.py:190} INFO - [2024-12-16T19:06:08.328-0500] {dag.py:3239} INFO - Sync 1 DAGs
[2024-12-16T19:06:08.335-0500] {logging_mixin.py:190} INFO - [2024-12-16T19:06:08.335-0500] {dag.py:4180} INFO - Setting next_dagrun for execute_spark_jar_with_main_class to None, run_after=None
[2024-12-16T19:06:08.341-0500] {processor.py:208} INFO - Processing /Users/apple/airflow/dags/scala_airflow.py took 0.072 seconds
[2024-12-16T19:06:39.480-0500] {processor.py:186} INFO - Started process (PID=41848) to work on /Users/apple/airflow/dags/scala_airflow.py
[2024-12-16T19:06:39.482-0500] {processor.py:914} INFO - Processing file /Users/apple/airflow/dags/scala_airflow.py for tasks to queue
[2024-12-16T19:06:39.482-0500] {logging_mixin.py:190} INFO - [2024-12-16T19:06:39.482-0500] {dagbag.py:588} INFO - Filling up the DagBag from /Users/apple/airflow/dags/scala_airflow.py
[2024-12-16T19:06:39.487-0500] {processor.py:925} INFO - DAG(s) 'execute_spark_jar_with_main_class' retrieved from /Users/apple/airflow/dags/scala_airflow.py
[2024-12-16T19:06:39.540-0500] {logging_mixin.py:190} INFO - [2024-12-16T19:06:39.539-0500] {dag.py:3239} INFO - Sync 1 DAGs
[2024-12-16T19:06:39.544-0500] {logging_mixin.py:190} INFO - [2024-12-16T19:06:39.543-0500] {dag.py:4180} INFO - Setting next_dagrun for execute_spark_jar_with_main_class to None, run_after=None
[2024-12-16T19:06:39.550-0500] {processor.py:208} INFO - Processing /Users/apple/airflow/dags/scala_airflow.py took 0.070 seconds
[2024-12-16T19:07:10.737-0500] {processor.py:186} INFO - Started process (PID=41986) to work on /Users/apple/airflow/dags/scala_airflow.py
[2024-12-16T19:07:10.739-0500] {processor.py:914} INFO - Processing file /Users/apple/airflow/dags/scala_airflow.py for tasks to queue
[2024-12-16T19:07:10.740-0500] {logging_mixin.py:190} INFO - [2024-12-16T19:07:10.739-0500] {dagbag.py:588} INFO - Filling up the DagBag from /Users/apple/airflow/dags/scala_airflow.py
[2024-12-16T19:07:10.745-0500] {processor.py:925} INFO - DAG(s) 'execute_spark_jar_with_main_class' retrieved from /Users/apple/airflow/dags/scala_airflow.py
[2024-12-16T19:07:10.801-0500] {logging_mixin.py:190} INFO - [2024-12-16T19:07:10.800-0500] {dag.py:3239} INFO - Sync 1 DAGs
[2024-12-16T19:07:10.805-0500] {logging_mixin.py:190} INFO - [2024-12-16T19:07:10.805-0500] {dag.py:4180} INFO - Setting next_dagrun for execute_spark_jar_with_main_class to None, run_after=None
[2024-12-16T19:07:10.811-0500] {processor.py:208} INFO - Processing /Users/apple/airflow/dags/scala_airflow.py took 0.075 seconds
[2024-12-16T19:07:42.267-0500] {processor.py:186} INFO - Started process (PID=42138) to work on /Users/apple/airflow/dags/scala_airflow.py
[2024-12-16T19:07:42.269-0500] {processor.py:914} INFO - Processing file /Users/apple/airflow/dags/scala_airflow.py for tasks to queue
[2024-12-16T19:07:42.269-0500] {logging_mixin.py:190} INFO - [2024-12-16T19:07:42.269-0500] {dagbag.py:588} INFO - Filling up the DagBag from /Users/apple/airflow/dags/scala_airflow.py
[2024-12-16T19:07:42.275-0500] {processor.py:925} INFO - DAG(s) 'execute_spark_jar_with_main_class' retrieved from /Users/apple/airflow/dags/scala_airflow.py
[2024-12-16T19:07:42.331-0500] {logging_mixin.py:190} INFO - [2024-12-16T19:07:42.331-0500] {dag.py:3239} INFO - Sync 1 DAGs
[2024-12-16T19:07:42.336-0500] {logging_mixin.py:190} INFO - [2024-12-16T19:07:42.335-0500] {dag.py:4180} INFO - Setting next_dagrun for execute_spark_jar_with_main_class to None, run_after=None
[2024-12-16T19:07:42.344-0500] {processor.py:208} INFO - Processing /Users/apple/airflow/dags/scala_airflow.py took 0.078 seconds
[2024-12-16T19:08:13.602-0500] {processor.py:186} INFO - Started process (PID=42288) to work on /Users/apple/airflow/dags/scala_airflow.py
[2024-12-16T19:08:13.603-0500] {processor.py:914} INFO - Processing file /Users/apple/airflow/dags/scala_airflow.py for tasks to queue
[2024-12-16T19:08:13.603-0500] {logging_mixin.py:190} INFO - [2024-12-16T19:08:13.603-0500] {dagbag.py:588} INFO - Filling up the DagBag from /Users/apple/airflow/dags/scala_airflow.py
[2024-12-16T19:08:13.609-0500] {processor.py:925} INFO - DAG(s) 'execute_spark_jar_with_main_class' retrieved from /Users/apple/airflow/dags/scala_airflow.py
[2024-12-16T19:08:13.666-0500] {logging_mixin.py:190} INFO - [2024-12-16T19:08:13.665-0500] {dag.py:3239} INFO - Sync 1 DAGs
[2024-12-16T19:08:13.670-0500] {logging_mixin.py:190} INFO - [2024-12-16T19:08:13.670-0500] {dag.py:4180} INFO - Setting next_dagrun for execute_spark_jar_with_main_class to None, run_after=None
[2024-12-16T19:08:13.677-0500] {processor.py:208} INFO - Processing /Users/apple/airflow/dags/scala_airflow.py took 0.076 seconds
[2024-12-16T19:08:44.716-0500] {processor.py:186} INFO - Started process (PID=42441) to work on /Users/apple/airflow/dags/scala_airflow.py
[2024-12-16T19:08:44.717-0500] {processor.py:914} INFO - Processing file /Users/apple/airflow/dags/scala_airflow.py for tasks to queue
[2024-12-16T19:08:44.718-0500] {logging_mixin.py:190} INFO - [2024-12-16T19:08:44.718-0500] {dagbag.py:588} INFO - Filling up the DagBag from /Users/apple/airflow/dags/scala_airflow.py
[2024-12-16T19:08:44.723-0500] {processor.py:925} INFO - DAG(s) 'execute_spark_jar_with_main_class' retrieved from /Users/apple/airflow/dags/scala_airflow.py
[2024-12-16T19:08:44.778-0500] {logging_mixin.py:190} INFO - [2024-12-16T19:08:44.778-0500] {dag.py:3239} INFO - Sync 1 DAGs
[2024-12-16T19:08:44.782-0500] {logging_mixin.py:190} INFO - [2024-12-16T19:08:44.782-0500] {dag.py:4180} INFO - Setting next_dagrun for execute_spark_jar_with_main_class to None, run_after=None
[2024-12-16T19:08:44.790-0500] {processor.py:208} INFO - Processing /Users/apple/airflow/dags/scala_airflow.py took 0.075 seconds
[2024-12-16T19:09:16.054-0500] {processor.py:186} INFO - Started process (PID=42590) to work on /Users/apple/airflow/dags/scala_airflow.py
[2024-12-16T19:09:16.057-0500] {processor.py:914} INFO - Processing file /Users/apple/airflow/dags/scala_airflow.py for tasks to queue
[2024-12-16T19:09:16.057-0500] {logging_mixin.py:190} INFO - [2024-12-16T19:09:16.057-0500] {dagbag.py:588} INFO - Filling up the DagBag from /Users/apple/airflow/dags/scala_airflow.py
[2024-12-16T19:09:16.063-0500] {processor.py:925} INFO - DAG(s) 'execute_spark_jar_with_main_class' retrieved from /Users/apple/airflow/dags/scala_airflow.py
[2024-12-16T19:09:16.120-0500] {logging_mixin.py:190} INFO - [2024-12-16T19:09:16.119-0500] {dag.py:3239} INFO - Sync 1 DAGs
[2024-12-16T19:09:16.124-0500] {logging_mixin.py:190} INFO - [2024-12-16T19:09:16.124-0500] {dag.py:4180} INFO - Setting next_dagrun for execute_spark_jar_with_main_class to None, run_after=None
[2024-12-16T19:09:16.131-0500] {processor.py:208} INFO - Processing /Users/apple/airflow/dags/scala_airflow.py took 0.078 seconds
[2024-12-16T19:09:47.234-0500] {processor.py:186} INFO - Started process (PID=42753) to work on /Users/apple/airflow/dags/scala_airflow.py
[2024-12-16T19:09:47.235-0500] {processor.py:914} INFO - Processing file /Users/apple/airflow/dags/scala_airflow.py for tasks to queue
[2024-12-16T19:09:47.235-0500] {logging_mixin.py:190} INFO - [2024-12-16T19:09:47.235-0500] {dagbag.py:588} INFO - Filling up the DagBag from /Users/apple/airflow/dags/scala_airflow.py
[2024-12-16T19:09:47.241-0500] {processor.py:925} INFO - DAG(s) 'execute_spark_jar_with_main_class' retrieved from /Users/apple/airflow/dags/scala_airflow.py
[2024-12-16T19:09:47.298-0500] {logging_mixin.py:190} INFO - [2024-12-16T19:09:47.298-0500] {dag.py:3239} INFO - Sync 1 DAGs
[2024-12-16T19:09:47.302-0500] {logging_mixin.py:190} INFO - [2024-12-16T19:09:47.302-0500] {dag.py:4180} INFO - Setting next_dagrun for execute_spark_jar_with_main_class to None, run_after=None
[2024-12-16T19:09:47.309-0500] {processor.py:208} INFO - Processing /Users/apple/airflow/dags/scala_airflow.py took 0.077 seconds
[2024-12-16T19:10:18.319-0500] {processor.py:186} INFO - Started process (PID=42903) to work on /Users/apple/airflow/dags/scala_airflow.py
[2024-12-16T19:10:18.321-0500] {processor.py:914} INFO - Processing file /Users/apple/airflow/dags/scala_airflow.py for tasks to queue
[2024-12-16T19:10:18.321-0500] {logging_mixin.py:190} INFO - [2024-12-16T19:10:18.321-0500] {dagbag.py:588} INFO - Filling up the DagBag from /Users/apple/airflow/dags/scala_airflow.py
[2024-12-16T19:10:18.327-0500] {processor.py:925} INFO - DAG(s) 'execute_spark_jar_with_main_class' retrieved from /Users/apple/airflow/dags/scala_airflow.py
[2024-12-16T19:10:18.383-0500] {logging_mixin.py:190} INFO - [2024-12-16T19:10:18.383-0500] {dag.py:3239} INFO - Sync 1 DAGs
[2024-12-16T19:10:18.387-0500] {logging_mixin.py:190} INFO - [2024-12-16T19:10:18.387-0500] {dag.py:4180} INFO - Setting next_dagrun for execute_spark_jar_with_main_class to None, run_after=None
[2024-12-16T19:10:18.393-0500] {processor.py:208} INFO - Processing /Users/apple/airflow/dags/scala_airflow.py took 0.075 seconds
[2024-12-16T19:10:49.365-0500] {processor.py:186} INFO - Started process (PID=43049) to work on /Users/apple/airflow/dags/scala_airflow.py
[2024-12-16T19:10:49.366-0500] {processor.py:914} INFO - Processing file /Users/apple/airflow/dags/scala_airflow.py for tasks to queue
[2024-12-16T19:10:49.367-0500] {logging_mixin.py:190} INFO - [2024-12-16T19:10:49.367-0500] {dagbag.py:588} INFO - Filling up the DagBag from /Users/apple/airflow/dags/scala_airflow.py
[2024-12-16T19:10:49.375-0500] {processor.py:925} INFO - DAG(s) 'execute_spark_jar_with_main_class' retrieved from /Users/apple/airflow/dags/scala_airflow.py
[2024-12-16T19:10:49.439-0500] {logging_mixin.py:190} INFO - [2024-12-16T19:10:49.439-0500] {dag.py:3239} INFO - Sync 1 DAGs
[2024-12-16T19:10:49.444-0500] {logging_mixin.py:190} INFO - [2024-12-16T19:10:49.444-0500] {dag.py:4180} INFO - Setting next_dagrun for execute_spark_jar_with_main_class to None, run_after=None
[2024-12-16T19:10:49.451-0500] {processor.py:208} INFO - Processing /Users/apple/airflow/dags/scala_airflow.py took 0.088 seconds
[2024-12-16T19:11:20.270-0500] {processor.py:186} INFO - Started process (PID=43195) to work on /Users/apple/airflow/dags/scala_airflow.py
[2024-12-16T19:11:20.271-0500] {processor.py:914} INFO - Processing file /Users/apple/airflow/dags/scala_airflow.py for tasks to queue
[2024-12-16T19:11:20.272-0500] {logging_mixin.py:190} INFO - [2024-12-16T19:11:20.272-0500] {dagbag.py:588} INFO - Filling up the DagBag from /Users/apple/airflow/dags/scala_airflow.py
[2024-12-16T19:11:20.277-0500] {processor.py:925} INFO - DAG(s) 'execute_spark_jar_with_main_class' retrieved from /Users/apple/airflow/dags/scala_airflow.py
[2024-12-16T19:11:20.333-0500] {logging_mixin.py:190} INFO - [2024-12-16T19:11:20.333-0500] {dag.py:3239} INFO - Sync 1 DAGs
[2024-12-16T19:11:20.337-0500] {logging_mixin.py:190} INFO - [2024-12-16T19:11:20.337-0500] {dag.py:4180} INFO - Setting next_dagrun for execute_spark_jar_with_main_class to None, run_after=None
[2024-12-16T19:11:20.343-0500] {processor.py:208} INFO - Processing /Users/apple/airflow/dags/scala_airflow.py took 0.074 seconds
[2024-12-16T19:11:51.590-0500] {processor.py:186} INFO - Started process (PID=43343) to work on /Users/apple/airflow/dags/scala_airflow.py
[2024-12-16T19:11:51.593-0500] {processor.py:914} INFO - Processing file /Users/apple/airflow/dags/scala_airflow.py for tasks to queue
[2024-12-16T19:11:51.593-0500] {logging_mixin.py:190} INFO - [2024-12-16T19:11:51.593-0500] {dagbag.py:588} INFO - Filling up the DagBag from /Users/apple/airflow/dags/scala_airflow.py
[2024-12-16T19:11:51.600-0500] {processor.py:925} INFO - DAG(s) 'execute_spark_jar_with_main_class' retrieved from /Users/apple/airflow/dags/scala_airflow.py
[2024-12-16T19:11:51.658-0500] {logging_mixin.py:190} INFO - [2024-12-16T19:11:51.657-0500] {dag.py:3239} INFO - Sync 1 DAGs
[2024-12-16T19:11:51.662-0500] {logging_mixin.py:190} INFO - [2024-12-16T19:11:51.662-0500] {dag.py:4180} INFO - Setting next_dagrun for execute_spark_jar_with_main_class to None, run_after=None
[2024-12-16T19:11:51.668-0500] {processor.py:208} INFO - Processing /Users/apple/airflow/dags/scala_airflow.py took 0.080 seconds
[2024-12-16T19:12:23.693-0500] {processor.py:186} INFO - Started process (PID=43692) to work on /Users/apple/airflow/dags/scala_airflow.py
[2024-12-16T19:12:23.695-0500] {processor.py:914} INFO - Processing file /Users/apple/airflow/dags/scala_airflow.py for tasks to queue
[2024-12-16T19:12:23.695-0500] {logging_mixin.py:190} INFO - [2024-12-16T19:12:23.695-0500] {dagbag.py:588} INFO - Filling up the DagBag from /Users/apple/airflow/dags/scala_airflow.py
[2024-12-16T19:12:23.701-0500] {processor.py:925} INFO - DAG(s) 'execute_spark_jar_with_main_class' retrieved from /Users/apple/airflow/dags/scala_airflow.py
[2024-12-16T19:12:23.761-0500] {logging_mixin.py:190} INFO - [2024-12-16T19:12:23.761-0500] {dag.py:3239} INFO - Sync 1 DAGs
[2024-12-16T19:12:23.766-0500] {logging_mixin.py:190} INFO - [2024-12-16T19:12:23.765-0500] {dag.py:4180} INFO - Setting next_dagrun for execute_spark_jar_with_main_class to None, run_after=None
[2024-12-16T19:12:23.772-0500] {processor.py:208} INFO - Processing /Users/apple/airflow/dags/scala_airflow.py took 0.081 seconds
[2024-12-16T19:12:55.061-0500] {processor.py:186} INFO - Started process (PID=43853) to work on /Users/apple/airflow/dags/scala_airflow.py
[2024-12-16T19:12:55.062-0500] {processor.py:914} INFO - Processing file /Users/apple/airflow/dags/scala_airflow.py for tasks to queue
[2024-12-16T19:12:55.063-0500] {logging_mixin.py:190} INFO - [2024-12-16T19:12:55.063-0500] {dagbag.py:588} INFO - Filling up the DagBag from /Users/apple/airflow/dags/scala_airflow.py
[2024-12-16T19:12:55.068-0500] {processor.py:925} INFO - DAG(s) 'execute_spark_jar_with_main_class' retrieved from /Users/apple/airflow/dags/scala_airflow.py
[2024-12-16T19:12:55.128-0500] {logging_mixin.py:190} INFO - [2024-12-16T19:12:55.128-0500] {dag.py:3239} INFO - Sync 1 DAGs
[2024-12-16T19:12:55.133-0500] {logging_mixin.py:190} INFO - [2024-12-16T19:12:55.133-0500] {dag.py:4180} INFO - Setting next_dagrun for execute_spark_jar_with_main_class to None, run_after=None
[2024-12-16T19:12:55.140-0500] {processor.py:208} INFO - Processing /Users/apple/airflow/dags/scala_airflow.py took 0.081 seconds
