[2024-12-16T19:00:27.706-0500] {processor.py:186} INFO - Started process (PID=40070) to work on /Users/apple/airflow/dags/simple_dag_using_bash.py
[2024-12-16T19:00:27.707-0500] {processor.py:914} INFO - Processing file /Users/apple/airflow/dags/simple_dag_using_bash.py for tasks to queue
[2024-12-16T19:00:27.707-0500] {logging_mixin.py:190} INFO - [2024-12-16T19:00:27.707-0500] {dagbag.py:588} INFO - Filling up the DagBag from /Users/apple/airflow/dags/simple_dag_using_bash.py
[2024-12-16T19:00:27.740-0500] {processor.py:925} INFO - DAG(s) 'executing_multiple_dags' retrieved from /Users/apple/airflow/dags/simple_dag_using_bash.py
[2024-12-16T19:00:27.814-0500] {logging_mixin.py:190} INFO - [2024-12-16T19:00:27.814-0500] {dag.py:3239} INFO - Sync 1 DAGs
[2024-12-16T19:00:27.820-0500] {logging_mixin.py:190} INFO - [2024-12-16T19:00:27.820-0500] {dag.py:4180} INFO - Setting next_dagrun for executing_multiple_dags to None, run_after=None
[2024-12-16T19:00:27.825-0500] {processor.py:208} INFO - Processing /Users/apple/airflow/dags/simple_dag_using_bash.py took 0.120 seconds
[2024-12-16T19:00:59.541-0500] {processor.py:186} INFO - Started process (PID=40224) to work on /Users/apple/airflow/dags/simple_dag_using_bash.py
[2024-12-16T19:00:59.542-0500] {processor.py:914} INFO - Processing file /Users/apple/airflow/dags/simple_dag_using_bash.py for tasks to queue
[2024-12-16T19:00:59.543-0500] {logging_mixin.py:190} INFO - [2024-12-16T19:00:59.543-0500] {dagbag.py:588} INFO - Filling up the DagBag from /Users/apple/airflow/dags/simple_dag_using_bash.py
[2024-12-16T19:00:59.575-0500] {processor.py:925} INFO - DAG(s) 'executing_multiple_dags' retrieved from /Users/apple/airflow/dags/simple_dag_using_bash.py
[2024-12-16T19:00:59.608-0500] {logging_mixin.py:190} INFO - [2024-12-16T19:00:59.608-0500] {dag.py:3239} INFO - Sync 1 DAGs
[2024-12-16T19:00:59.614-0500] {logging_mixin.py:190} INFO - [2024-12-16T19:00:59.614-0500] {dag.py:4180} INFO - Setting next_dagrun for executing_multiple_dags to None, run_after=None
[2024-12-16T19:00:59.619-0500] {processor.py:208} INFO - Processing /Users/apple/airflow/dags/simple_dag_using_bash.py took 0.079 seconds
[2024-12-16T19:01:30.408-0500] {processor.py:186} INFO - Started process (PID=40381) to work on /Users/apple/airflow/dags/simple_dag_using_bash.py
[2024-12-16T19:01:30.410-0500] {processor.py:914} INFO - Processing file /Users/apple/airflow/dags/simple_dag_using_bash.py for tasks to queue
[2024-12-16T19:01:30.410-0500] {logging_mixin.py:190} INFO - [2024-12-16T19:01:30.410-0500] {dagbag.py:588} INFO - Filling up the DagBag from /Users/apple/airflow/dags/simple_dag_using_bash.py
[2024-12-16T19:01:30.441-0500] {processor.py:925} INFO - DAG(s) 'executing_multiple_dags' retrieved from /Users/apple/airflow/dags/simple_dag_using_bash.py
[2024-12-16T19:01:30.474-0500] {logging_mixin.py:190} INFO - [2024-12-16T19:01:30.473-0500] {dag.py:3239} INFO - Sync 1 DAGs
[2024-12-16T19:01:30.480-0500] {logging_mixin.py:190} INFO - [2024-12-16T19:01:30.479-0500] {dag.py:4180} INFO - Setting next_dagrun for executing_multiple_dags to None, run_after=None
[2024-12-16T19:01:30.485-0500] {processor.py:208} INFO - Processing /Users/apple/airflow/dags/simple_dag_using_bash.py took 0.078 seconds
[2024-12-16T19:02:01.403-0500] {processor.py:186} INFO - Started process (PID=40524) to work on /Users/apple/airflow/dags/simple_dag_using_bash.py
[2024-12-16T19:02:01.403-0500] {processor.py:914} INFO - Processing file /Users/apple/airflow/dags/simple_dag_using_bash.py for tasks to queue
[2024-12-16T19:02:01.403-0500] {logging_mixin.py:190} INFO - [2024-12-16T19:02:01.403-0500] {dagbag.py:588} INFO - Filling up the DagBag from /Users/apple/airflow/dags/simple_dag_using_bash.py
[2024-12-16T19:02:01.438-0500] {processor.py:925} INFO - DAG(s) 'executing_multiple_dags' retrieved from /Users/apple/airflow/dags/simple_dag_using_bash.py
[2024-12-16T19:02:01.470-0500] {logging_mixin.py:190} INFO - [2024-12-16T19:02:01.470-0500] {dag.py:3239} INFO - Sync 1 DAGs
[2024-12-16T19:02:01.476-0500] {logging_mixin.py:190} INFO - [2024-12-16T19:02:01.476-0500] {dag.py:4180} INFO - Setting next_dagrun for executing_multiple_dags to None, run_after=None
[2024-12-16T19:02:01.481-0500] {processor.py:208} INFO - Processing /Users/apple/airflow/dags/simple_dag_using_bash.py took 0.080 seconds
[2024-12-16T19:02:32.620-0500] {processor.py:186} INFO - Started process (PID=40672) to work on /Users/apple/airflow/dags/simple_dag_using_bash.py
[2024-12-16T19:02:32.620-0500] {processor.py:914} INFO - Processing file /Users/apple/airflow/dags/simple_dag_using_bash.py for tasks to queue
[2024-12-16T19:02:32.621-0500] {logging_mixin.py:190} INFO - [2024-12-16T19:02:32.621-0500] {dagbag.py:588} INFO - Filling up the DagBag from /Users/apple/airflow/dags/simple_dag_using_bash.py
[2024-12-16T19:02:32.654-0500] {processor.py:925} INFO - DAG(s) 'executing_multiple_dags' retrieved from /Users/apple/airflow/dags/simple_dag_using_bash.py
[2024-12-16T19:02:32.688-0500] {logging_mixin.py:190} INFO - [2024-12-16T19:02:32.687-0500] {dag.py:3239} INFO - Sync 1 DAGs
[2024-12-16T19:02:32.693-0500] {logging_mixin.py:190} INFO - [2024-12-16T19:02:32.693-0500] {dag.py:4180} INFO - Setting next_dagrun for executing_multiple_dags to None, run_after=None
[2024-12-16T19:02:32.699-0500] {processor.py:208} INFO - Processing /Users/apple/airflow/dags/simple_dag_using_bash.py took 0.081 seconds
[2024-12-16T19:03:03.789-0500] {processor.py:186} INFO - Started process (PID=40819) to work on /Users/apple/airflow/dags/simple_dag_using_bash.py
[2024-12-16T19:03:03.790-0500] {processor.py:914} INFO - Processing file /Users/apple/airflow/dags/simple_dag_using_bash.py for tasks to queue
[2024-12-16T19:03:03.790-0500] {logging_mixin.py:190} INFO - [2024-12-16T19:03:03.790-0500] {dagbag.py:588} INFO - Filling up the DagBag from /Users/apple/airflow/dags/simple_dag_using_bash.py
[2024-12-16T19:03:03.821-0500] {processor.py:925} INFO - DAG(s) 'executing_multiple_dags' retrieved from /Users/apple/airflow/dags/simple_dag_using_bash.py
[2024-12-16T19:03:03.853-0500] {logging_mixin.py:190} INFO - [2024-12-16T19:03:03.853-0500] {dag.py:3239} INFO - Sync 1 DAGs
[2024-12-16T19:03:03.859-0500] {logging_mixin.py:190} INFO - [2024-12-16T19:03:03.859-0500] {dag.py:4180} INFO - Setting next_dagrun for executing_multiple_dags to None, run_after=None
[2024-12-16T19:03:03.864-0500] {processor.py:208} INFO - Processing /Users/apple/airflow/dags/simple_dag_using_bash.py took 0.076 seconds
[2024-12-16T19:03:34.839-0500] {processor.py:186} INFO - Started process (PID=40971) to work on /Users/apple/airflow/dags/simple_dag_using_bash.py
[2024-12-16T19:03:34.840-0500] {processor.py:914} INFO - Processing file /Users/apple/airflow/dags/simple_dag_using_bash.py for tasks to queue
[2024-12-16T19:03:34.840-0500] {logging_mixin.py:190} INFO - [2024-12-16T19:03:34.840-0500] {dagbag.py:588} INFO - Filling up the DagBag from /Users/apple/airflow/dags/simple_dag_using_bash.py
[2024-12-16T19:03:34.874-0500] {processor.py:925} INFO - DAG(s) 'executing_multiple_dags' retrieved from /Users/apple/airflow/dags/simple_dag_using_bash.py
[2024-12-16T19:03:34.906-0500] {logging_mixin.py:190} INFO - [2024-12-16T19:03:34.905-0500] {dag.py:3239} INFO - Sync 1 DAGs
[2024-12-16T19:03:34.911-0500] {logging_mixin.py:190} INFO - [2024-12-16T19:03:34.911-0500] {dag.py:4180} INFO - Setting next_dagrun for executing_multiple_dags to None, run_after=None
[2024-12-16T19:03:34.916-0500] {processor.py:208} INFO - Processing /Users/apple/airflow/dags/simple_dag_using_bash.py took 0.079 seconds
[2024-12-16T19:04:05.771-0500] {processor.py:186} INFO - Started process (PID=41120) to work on /Users/apple/airflow/dags/simple_dag_using_bash.py
[2024-12-16T19:04:05.771-0500] {processor.py:914} INFO - Processing file /Users/apple/airflow/dags/simple_dag_using_bash.py for tasks to queue
[2024-12-16T19:04:05.772-0500] {logging_mixin.py:190} INFO - [2024-12-16T19:04:05.772-0500] {dagbag.py:588} INFO - Filling up the DagBag from /Users/apple/airflow/dags/simple_dag_using_bash.py
[2024-12-16T19:04:05.804-0500] {processor.py:925} INFO - DAG(s) 'executing_multiple_dags' retrieved from /Users/apple/airflow/dags/simple_dag_using_bash.py
[2024-12-16T19:04:05.836-0500] {logging_mixin.py:190} INFO - [2024-12-16T19:04:05.836-0500] {dag.py:3239} INFO - Sync 1 DAGs
[2024-12-16T19:04:05.842-0500] {logging_mixin.py:190} INFO - [2024-12-16T19:04:05.842-0500] {dag.py:4180} INFO - Setting next_dagrun for executing_multiple_dags to None, run_after=None
[2024-12-16T19:04:05.848-0500] {processor.py:208} INFO - Processing /Users/apple/airflow/dags/simple_dag_using_bash.py took 0.078 seconds
[2024-12-16T19:04:36.666-0500] {processor.py:186} INFO - Started process (PID=41268) to work on /Users/apple/airflow/dags/simple_dag_using_bash.py
[2024-12-16T19:04:36.667-0500] {processor.py:914} INFO - Processing file /Users/apple/airflow/dags/simple_dag_using_bash.py for tasks to queue
[2024-12-16T19:04:36.667-0500] {logging_mixin.py:190} INFO - [2024-12-16T19:04:36.667-0500] {dagbag.py:588} INFO - Filling up the DagBag from /Users/apple/airflow/dags/simple_dag_using_bash.py
[2024-12-16T19:04:36.695-0500] {processor.py:925} INFO - DAG(s) 'executing_multiple_dags' retrieved from /Users/apple/airflow/dags/simple_dag_using_bash.py
[2024-12-16T19:04:36.727-0500] {logging_mixin.py:190} INFO - [2024-12-16T19:04:36.727-0500] {dag.py:3239} INFO - Sync 1 DAGs
[2024-12-16T19:04:36.732-0500] {logging_mixin.py:190} INFO - [2024-12-16T19:04:36.732-0500] {dag.py:4180} INFO - Setting next_dagrun for executing_multiple_dags to None, run_after=None
[2024-12-16T19:04:36.737-0500] {processor.py:208} INFO - Processing /Users/apple/airflow/dags/simple_dag_using_bash.py took 0.072 seconds
[2024-12-16T19:05:07.689-0500] {processor.py:186} INFO - Started process (PID=41415) to work on /Users/apple/airflow/dags/simple_dag_using_bash.py
[2024-12-16T19:05:07.690-0500] {processor.py:914} INFO - Processing file /Users/apple/airflow/dags/simple_dag_using_bash.py for tasks to queue
[2024-12-16T19:05:07.690-0500] {logging_mixin.py:190} INFO - [2024-12-16T19:05:07.690-0500] {dagbag.py:588} INFO - Filling up the DagBag from /Users/apple/airflow/dags/simple_dag_using_bash.py
[2024-12-16T19:05:07.721-0500] {processor.py:925} INFO - DAG(s) 'executing_multiple_dags' retrieved from /Users/apple/airflow/dags/simple_dag_using_bash.py
[2024-12-16T19:05:07.754-0500] {logging_mixin.py:190} INFO - [2024-12-16T19:05:07.754-0500] {dag.py:3239} INFO - Sync 1 DAGs
[2024-12-16T19:05:07.760-0500] {logging_mixin.py:190} INFO - [2024-12-16T19:05:07.760-0500] {dag.py:4180} INFO - Setting next_dagrun for executing_multiple_dags to None, run_after=None
[2024-12-16T19:05:07.766-0500] {processor.py:208} INFO - Processing /Users/apple/airflow/dags/simple_dag_using_bash.py took 0.077 seconds
[2024-12-16T19:05:38.634-0500] {processor.py:186} INFO - Started process (PID=41568) to work on /Users/apple/airflow/dags/simple_dag_using_bash.py
[2024-12-16T19:05:38.635-0500] {processor.py:914} INFO - Processing file /Users/apple/airflow/dags/simple_dag_using_bash.py for tasks to queue
[2024-12-16T19:05:38.635-0500] {logging_mixin.py:190} INFO - [2024-12-16T19:05:38.635-0500] {dagbag.py:588} INFO - Filling up the DagBag from /Users/apple/airflow/dags/simple_dag_using_bash.py
[2024-12-16T19:05:38.666-0500] {processor.py:925} INFO - DAG(s) 'executing_multiple_dags' retrieved from /Users/apple/airflow/dags/simple_dag_using_bash.py
[2024-12-16T19:05:38.699-0500] {logging_mixin.py:190} INFO - [2024-12-16T19:05:38.699-0500] {dag.py:3239} INFO - Sync 1 DAGs
[2024-12-16T19:05:38.705-0500] {logging_mixin.py:190} INFO - [2024-12-16T19:05:38.705-0500] {dag.py:4180} INFO - Setting next_dagrun for executing_multiple_dags to None, run_after=None
[2024-12-16T19:05:38.710-0500] {processor.py:208} INFO - Processing /Users/apple/airflow/dags/simple_dag_using_bash.py took 0.077 seconds
[2024-12-16T19:06:10.080-0500] {processor.py:186} INFO - Started process (PID=41710) to work on /Users/apple/airflow/dags/simple_dag_using_bash.py
[2024-12-16T19:06:10.081-0500] {processor.py:914} INFO - Processing file /Users/apple/airflow/dags/simple_dag_using_bash.py for tasks to queue
[2024-12-16T19:06:10.081-0500] {logging_mixin.py:190} INFO - [2024-12-16T19:06:10.081-0500] {dagbag.py:588} INFO - Filling up the DagBag from /Users/apple/airflow/dags/simple_dag_using_bash.py
[2024-12-16T19:06:10.112-0500] {processor.py:925} INFO - DAG(s) 'executing_multiple_dags' retrieved from /Users/apple/airflow/dags/simple_dag_using_bash.py
[2024-12-16T19:06:10.145-0500] {logging_mixin.py:190} INFO - [2024-12-16T19:06:10.145-0500] {dag.py:3239} INFO - Sync 1 DAGs
[2024-12-16T19:06:10.151-0500] {logging_mixin.py:190} INFO - [2024-12-16T19:06:10.151-0500] {dag.py:4180} INFO - Setting next_dagrun for executing_multiple_dags to None, run_after=None
[2024-12-16T19:06:10.157-0500] {processor.py:208} INFO - Processing /Users/apple/airflow/dags/simple_dag_using_bash.py took 0.078 seconds
[2024-12-16T19:06:41.230-0500] {processor.py:186} INFO - Started process (PID=41850) to work on /Users/apple/airflow/dags/simple_dag_using_bash.py
[2024-12-16T19:06:41.231-0500] {processor.py:914} INFO - Processing file /Users/apple/airflow/dags/simple_dag_using_bash.py for tasks to queue
[2024-12-16T19:06:41.231-0500] {logging_mixin.py:190} INFO - [2024-12-16T19:06:41.231-0500] {dagbag.py:588} INFO - Filling up the DagBag from /Users/apple/airflow/dags/simple_dag_using_bash.py
[2024-12-16T19:06:41.261-0500] {processor.py:925} INFO - DAG(s) 'executing_multiple_dags' retrieved from /Users/apple/airflow/dags/simple_dag_using_bash.py
[2024-12-16T19:06:41.293-0500] {logging_mixin.py:190} INFO - [2024-12-16T19:06:41.293-0500] {dag.py:3239} INFO - Sync 1 DAGs
[2024-12-16T19:06:41.298-0500] {logging_mixin.py:190} INFO - [2024-12-16T19:06:41.298-0500] {dag.py:4180} INFO - Setting next_dagrun for executing_multiple_dags to None, run_after=None
[2024-12-16T19:06:41.304-0500] {processor.py:208} INFO - Processing /Users/apple/airflow/dags/simple_dag_using_bash.py took 0.075 seconds
[2024-12-16T19:07:12.534-0500] {processor.py:186} INFO - Started process (PID=41997) to work on /Users/apple/airflow/dags/simple_dag_using_bash.py
[2024-12-16T19:07:12.535-0500] {processor.py:914} INFO - Processing file /Users/apple/airflow/dags/simple_dag_using_bash.py for tasks to queue
[2024-12-16T19:07:12.536-0500] {logging_mixin.py:190} INFO - [2024-12-16T19:07:12.536-0500] {dagbag.py:588} INFO - Filling up the DagBag from /Users/apple/airflow/dags/simple_dag_using_bash.py
[2024-12-16T19:07:12.567-0500] {processor.py:925} INFO - DAG(s) 'executing_multiple_dags' retrieved from /Users/apple/airflow/dags/simple_dag_using_bash.py
[2024-12-16T19:07:12.600-0500] {logging_mixin.py:190} INFO - [2024-12-16T19:07:12.600-0500] {dag.py:3239} INFO - Sync 1 DAGs
[2024-12-16T19:07:12.606-0500] {logging_mixin.py:190} INFO - [2024-12-16T19:07:12.606-0500] {dag.py:4180} INFO - Setting next_dagrun for executing_multiple_dags to None, run_after=None
[2024-12-16T19:07:12.611-0500] {processor.py:208} INFO - Processing /Users/apple/airflow/dags/simple_dag_using_bash.py took 0.078 seconds
[2024-12-16T19:07:44.072-0500] {processor.py:186} INFO - Started process (PID=42149) to work on /Users/apple/airflow/dags/simple_dag_using_bash.py
[2024-12-16T19:07:44.073-0500] {processor.py:914} INFO - Processing file /Users/apple/airflow/dags/simple_dag_using_bash.py for tasks to queue
[2024-12-16T19:07:44.074-0500] {logging_mixin.py:190} INFO - [2024-12-16T19:07:44.074-0500] {dagbag.py:588} INFO - Filling up the DagBag from /Users/apple/airflow/dags/simple_dag_using_bash.py
[2024-12-16T19:07:44.106-0500] {processor.py:925} INFO - DAG(s) 'executing_multiple_dags' retrieved from /Users/apple/airflow/dags/simple_dag_using_bash.py
[2024-12-16T19:07:44.139-0500] {logging_mixin.py:190} INFO - [2024-12-16T19:07:44.139-0500] {dag.py:3239} INFO - Sync 1 DAGs
[2024-12-16T19:07:44.145-0500] {logging_mixin.py:190} INFO - [2024-12-16T19:07:44.145-0500] {dag.py:4180} INFO - Setting next_dagrun for executing_multiple_dags to None, run_after=None
[2024-12-16T19:07:44.151-0500] {processor.py:208} INFO - Processing /Users/apple/airflow/dags/simple_dag_using_bash.py took 0.080 seconds
[2024-12-16T19:08:15.502-0500] {processor.py:186} INFO - Started process (PID=42302) to work on /Users/apple/airflow/dags/simple_dag_using_bash.py
[2024-12-16T19:08:15.503-0500] {processor.py:914} INFO - Processing file /Users/apple/airflow/dags/simple_dag_using_bash.py for tasks to queue
[2024-12-16T19:08:15.503-0500] {logging_mixin.py:190} INFO - [2024-12-16T19:08:15.503-0500] {dagbag.py:588} INFO - Filling up the DagBag from /Users/apple/airflow/dags/simple_dag_using_bash.py
[2024-12-16T19:08:15.536-0500] {processor.py:925} INFO - DAG(s) 'executing_multiple_dags' retrieved from /Users/apple/airflow/dags/simple_dag_using_bash.py
[2024-12-16T19:08:15.569-0500] {logging_mixin.py:190} INFO - [2024-12-16T19:08:15.568-0500] {dag.py:3239} INFO - Sync 1 DAGs
[2024-12-16T19:08:15.575-0500] {logging_mixin.py:190} INFO - [2024-12-16T19:08:15.575-0500] {dag.py:4180} INFO - Setting next_dagrun for executing_multiple_dags to None, run_after=None
[2024-12-16T19:08:15.581-0500] {processor.py:208} INFO - Processing /Users/apple/airflow/dags/simple_dag_using_bash.py took 0.080 seconds
[2024-12-16T19:08:46.485-0500] {processor.py:186} INFO - Started process (PID=42452) to work on /Users/apple/airflow/dags/simple_dag_using_bash.py
[2024-12-16T19:08:46.487-0500] {processor.py:914} INFO - Processing file /Users/apple/airflow/dags/simple_dag_using_bash.py for tasks to queue
[2024-12-16T19:08:46.487-0500] {logging_mixin.py:190} INFO - [2024-12-16T19:08:46.487-0500] {dagbag.py:588} INFO - Filling up the DagBag from /Users/apple/airflow/dags/simple_dag_using_bash.py
[2024-12-16T19:08:46.520-0500] {processor.py:925} INFO - DAG(s) 'executing_multiple_dags' retrieved from /Users/apple/airflow/dags/simple_dag_using_bash.py
[2024-12-16T19:08:46.554-0500] {logging_mixin.py:190} INFO - [2024-12-16T19:08:46.554-0500] {dag.py:3239} INFO - Sync 1 DAGs
[2024-12-16T19:08:46.560-0500] {logging_mixin.py:190} INFO - [2024-12-16T19:08:46.560-0500] {dag.py:4180} INFO - Setting next_dagrun for executing_multiple_dags to None, run_after=None
[2024-12-16T19:08:46.566-0500] {processor.py:208} INFO - Processing /Users/apple/airflow/dags/simple_dag_using_bash.py took 0.082 seconds
[2024-12-16T19:09:17.979-0500] {processor.py:186} INFO - Started process (PID=42606) to work on /Users/apple/airflow/dags/simple_dag_using_bash.py
[2024-12-16T19:09:17.980-0500] {processor.py:914} INFO - Processing file /Users/apple/airflow/dags/simple_dag_using_bash.py for tasks to queue
[2024-12-16T19:09:17.980-0500] {logging_mixin.py:190} INFO - [2024-12-16T19:09:17.980-0500] {dagbag.py:588} INFO - Filling up the DagBag from /Users/apple/airflow/dags/simple_dag_using_bash.py
[2024-12-16T19:09:18.030-0500] {processor.py:925} INFO - DAG(s) 'executing_multiple_dags' retrieved from /Users/apple/airflow/dags/simple_dag_using_bash.py
[2024-12-16T19:09:18.069-0500] {logging_mixin.py:190} INFO - [2024-12-16T19:09:18.069-0500] {dag.py:3239} INFO - Sync 1 DAGs
[2024-12-16T19:09:18.075-0500] {logging_mixin.py:190} INFO - [2024-12-16T19:09:18.075-0500] {dag.py:4180} INFO - Setting next_dagrun for executing_multiple_dags to None, run_after=None
[2024-12-16T19:09:18.081-0500] {processor.py:208} INFO - Processing /Users/apple/airflow/dags/simple_dag_using_bash.py took 0.104 seconds
[2024-12-16T19:09:48.851-0500] {processor.py:186} INFO - Started process (PID=42764) to work on /Users/apple/airflow/dags/simple_dag_using_bash.py
[2024-12-16T19:09:48.852-0500] {processor.py:914} INFO - Processing file /Users/apple/airflow/dags/simple_dag_using_bash.py for tasks to queue
[2024-12-16T19:09:48.852-0500] {logging_mixin.py:190} INFO - [2024-12-16T19:09:48.852-0500] {dagbag.py:588} INFO - Filling up the DagBag from /Users/apple/airflow/dags/simple_dag_using_bash.py
[2024-12-16T19:09:48.883-0500] {processor.py:925} INFO - DAG(s) 'executing_multiple_dags' retrieved from /Users/apple/airflow/dags/simple_dag_using_bash.py
[2024-12-16T19:09:48.915-0500] {logging_mixin.py:190} INFO - [2024-12-16T19:09:48.915-0500] {dag.py:3239} INFO - Sync 1 DAGs
[2024-12-16T19:09:48.921-0500] {logging_mixin.py:190} INFO - [2024-12-16T19:09:48.921-0500] {dag.py:4180} INFO - Setting next_dagrun for executing_multiple_dags to None, run_after=None
[2024-12-16T19:09:48.927-0500] {processor.py:208} INFO - Processing /Users/apple/airflow/dags/simple_dag_using_bash.py took 0.076 seconds
[2024-12-16T19:10:19.979-0500] {processor.py:186} INFO - Started process (PID=42914) to work on /Users/apple/airflow/dags/simple_dag_using_bash.py
[2024-12-16T19:10:19.980-0500] {processor.py:914} INFO - Processing file /Users/apple/airflow/dags/simple_dag_using_bash.py for tasks to queue
[2024-12-16T19:10:19.980-0500] {logging_mixin.py:190} INFO - [2024-12-16T19:10:19.980-0500] {dagbag.py:588} INFO - Filling up the DagBag from /Users/apple/airflow/dags/simple_dag_using_bash.py
[2024-12-16T19:10:20.011-0500] {processor.py:925} INFO - DAG(s) 'executing_multiple_dags' retrieved from /Users/apple/airflow/dags/simple_dag_using_bash.py
[2024-12-16T19:10:20.043-0500] {logging_mixin.py:190} INFO - [2024-12-16T19:10:20.043-0500] {dag.py:3239} INFO - Sync 1 DAGs
[2024-12-16T19:10:20.050-0500] {logging_mixin.py:190} INFO - [2024-12-16T19:10:20.050-0500] {dag.py:4180} INFO - Setting next_dagrun for executing_multiple_dags to None, run_after=None
[2024-12-16T19:10:20.055-0500] {processor.py:208} INFO - Processing /Users/apple/airflow/dags/simple_dag_using_bash.py took 0.077 seconds
[2024-12-16T19:10:50.922-0500] {processor.py:186} INFO - Started process (PID=43060) to work on /Users/apple/airflow/dags/simple_dag_using_bash.py
[2024-12-16T19:10:50.924-0500] {processor.py:914} INFO - Processing file /Users/apple/airflow/dags/simple_dag_using_bash.py for tasks to queue
[2024-12-16T19:10:50.924-0500] {logging_mixin.py:190} INFO - [2024-12-16T19:10:50.924-0500] {dagbag.py:588} INFO - Filling up the DagBag from /Users/apple/airflow/dags/simple_dag_using_bash.py
[2024-12-16T19:10:50.955-0500] {processor.py:925} INFO - DAG(s) 'executing_multiple_dags' retrieved from /Users/apple/airflow/dags/simple_dag_using_bash.py
[2024-12-16T19:10:50.990-0500] {logging_mixin.py:190} INFO - [2024-12-16T19:10:50.990-0500] {dag.py:3239} INFO - Sync 1 DAGs
[2024-12-16T19:10:50.996-0500] {logging_mixin.py:190} INFO - [2024-12-16T19:10:50.996-0500] {dag.py:4180} INFO - Setting next_dagrun for executing_multiple_dags to None, run_after=None
[2024-12-16T19:10:51.002-0500] {processor.py:208} INFO - Processing /Users/apple/airflow/dags/simple_dag_using_bash.py took 0.080 seconds
[2024-12-16T19:11:22.192-0500] {processor.py:186} INFO - Started process (PID=43206) to work on /Users/apple/airflow/dags/simple_dag_using_bash.py
[2024-12-16T19:11:22.193-0500] {processor.py:914} INFO - Processing file /Users/apple/airflow/dags/simple_dag_using_bash.py for tasks to queue
[2024-12-16T19:11:22.193-0500] {logging_mixin.py:190} INFO - [2024-12-16T19:11:22.193-0500] {dagbag.py:588} INFO - Filling up the DagBag from /Users/apple/airflow/dags/simple_dag_using_bash.py
[2024-12-16T19:11:22.228-0500] {processor.py:925} INFO - DAG(s) 'executing_multiple_dags' retrieved from /Users/apple/airflow/dags/simple_dag_using_bash.py
[2024-12-16T19:11:22.264-0500] {logging_mixin.py:190} INFO - [2024-12-16T19:11:22.264-0500] {dag.py:3239} INFO - Sync 1 DAGs
[2024-12-16T19:11:22.270-0500] {logging_mixin.py:190} INFO - [2024-12-16T19:11:22.270-0500] {dag.py:4180} INFO - Setting next_dagrun for executing_multiple_dags to None, run_after=None
[2024-12-16T19:11:22.277-0500] {processor.py:208} INFO - Processing /Users/apple/airflow/dags/simple_dag_using_bash.py took 0.086 seconds
[2024-12-16T19:11:53.040-0500] {processor.py:186} INFO - Started process (PID=43345) to work on /Users/apple/airflow/dags/simple_dag_using_bash.py
[2024-12-16T19:11:53.041-0500] {processor.py:914} INFO - Processing file /Users/apple/airflow/dags/simple_dag_using_bash.py for tasks to queue
[2024-12-16T19:11:53.042-0500] {logging_mixin.py:190} INFO - [2024-12-16T19:11:53.041-0500] {dagbag.py:588} INFO - Filling up the DagBag from /Users/apple/airflow/dags/simple_dag_using_bash.py
[2024-12-16T19:11:53.076-0500] {processor.py:925} INFO - DAG(s) 'executing_multiple_dags' retrieved from /Users/apple/airflow/dags/simple_dag_using_bash.py
[2024-12-16T19:11:53.110-0500] {logging_mixin.py:190} INFO - [2024-12-16T19:11:53.110-0500] {dag.py:3239} INFO - Sync 1 DAGs
[2024-12-16T19:11:53.116-0500] {logging_mixin.py:190} INFO - [2024-12-16T19:11:53.116-0500] {dag.py:4180} INFO - Setting next_dagrun for executing_multiple_dags to None, run_after=None
[2024-12-16T19:11:53.121-0500] {processor.py:208} INFO - Processing /Users/apple/airflow/dags/simple_dag_using_bash.py took 0.082 seconds
[2024-12-16T19:12:25.490-0500] {processor.py:186} INFO - Started process (PID=43705) to work on /Users/apple/airflow/dags/simple_dag_using_bash.py
[2024-12-16T19:12:25.491-0500] {processor.py:914} INFO - Processing file /Users/apple/airflow/dags/simple_dag_using_bash.py for tasks to queue
[2024-12-16T19:12:25.492-0500] {logging_mixin.py:190} INFO - [2024-12-16T19:12:25.492-0500] {dagbag.py:588} INFO - Filling up the DagBag from /Users/apple/airflow/dags/simple_dag_using_bash.py
[2024-12-16T19:12:25.525-0500] {processor.py:925} INFO - DAG(s) 'executing_multiple_dags' retrieved from /Users/apple/airflow/dags/simple_dag_using_bash.py
[2024-12-16T19:12:25.561-0500] {logging_mixin.py:190} INFO - [2024-12-16T19:12:25.561-0500] {dag.py:3239} INFO - Sync 1 DAGs
[2024-12-16T19:12:25.567-0500] {logging_mixin.py:190} INFO - [2024-12-16T19:12:25.567-0500] {dag.py:4180} INFO - Setting next_dagrun for executing_multiple_dags to None, run_after=None
[2024-12-16T19:12:25.573-0500] {processor.py:208} INFO - Processing /Users/apple/airflow/dags/simple_dag_using_bash.py took 0.084 seconds
[2024-12-16T19:12:56.929-0500] {processor.py:186} INFO - Started process (PID=43864) to work on /Users/apple/airflow/dags/simple_dag_using_bash.py
[2024-12-16T19:12:56.929-0500] {processor.py:914} INFO - Processing file /Users/apple/airflow/dags/simple_dag_using_bash.py for tasks to queue
[2024-12-16T19:12:56.930-0500] {logging_mixin.py:190} INFO - [2024-12-16T19:12:56.930-0500] {dagbag.py:588} INFO - Filling up the DagBag from /Users/apple/airflow/dags/simple_dag_using_bash.py
[2024-12-16T19:12:56.961-0500] {processor.py:925} INFO - DAG(s) 'executing_multiple_dags' retrieved from /Users/apple/airflow/dags/simple_dag_using_bash.py
[2024-12-16T19:12:56.995-0500] {logging_mixin.py:190} INFO - [2024-12-16T19:12:56.995-0500] {dag.py:3239} INFO - Sync 1 DAGs
[2024-12-16T19:12:57.001-0500] {logging_mixin.py:190} INFO - [2024-12-16T19:12:57.001-0500] {dag.py:4180} INFO - Setting next_dagrun for executing_multiple_dags to None, run_after=None
[2024-12-16T19:12:57.007-0500] {processor.py:208} INFO - Processing /Users/apple/airflow/dags/simple_dag_using_bash.py took 0.080 seconds
[2024-12-16T19:13:28.145-0500] {processor.py:186} INFO - Started process (PID=44091) to work on /Users/apple/airflow/dags/simple_dag_using_bash.py
[2024-12-16T19:13:28.146-0500] {processor.py:914} INFO - Processing file /Users/apple/airflow/dags/simple_dag_using_bash.py for tasks to queue
[2024-12-16T19:13:28.146-0500] {logging_mixin.py:190} INFO - [2024-12-16T19:13:28.146-0500] {dagbag.py:588} INFO - Filling up the DagBag from /Users/apple/airflow/dags/simple_dag_using_bash.py
[2024-12-16T19:13:28.183-0500] {processor.py:925} INFO - DAG(s) 'executing_multiple_dags' retrieved from /Users/apple/airflow/dags/simple_dag_using_bash.py
[2024-12-16T19:13:28.218-0500] {logging_mixin.py:190} INFO - [2024-12-16T19:13:28.218-0500] {dag.py:3239} INFO - Sync 1 DAGs
[2024-12-16T19:13:28.223-0500] {logging_mixin.py:190} INFO - [2024-12-16T19:13:28.223-0500] {dag.py:4180} INFO - Setting next_dagrun for executing_multiple_dags to None, run_after=None
[2024-12-16T19:13:28.230-0500] {processor.py:208} INFO - Processing /Users/apple/airflow/dags/simple_dag_using_bash.py took 0.086 seconds
[2024-12-16T19:13:59.293-0500] {processor.py:186} INFO - Started process (PID=44290) to work on /Users/apple/airflow/dags/simple_dag_using_bash.py
[2024-12-16T19:13:59.293-0500] {processor.py:914} INFO - Processing file /Users/apple/airflow/dags/simple_dag_using_bash.py for tasks to queue
[2024-12-16T19:13:59.294-0500] {logging_mixin.py:190} INFO - [2024-12-16T19:13:59.294-0500] {dagbag.py:588} INFO - Filling up the DagBag from /Users/apple/airflow/dags/simple_dag_using_bash.py
[2024-12-16T19:13:59.333-0500] {processor.py:925} INFO - DAG(s) 'executing_multiple_dags' retrieved from /Users/apple/airflow/dags/simple_dag_using_bash.py
[2024-12-16T19:13:59.367-0500] {logging_mixin.py:190} INFO - [2024-12-16T19:13:59.367-0500] {dag.py:3239} INFO - Sync 1 DAGs
[2024-12-16T19:13:59.374-0500] {logging_mixin.py:190} INFO - [2024-12-16T19:13:59.374-0500] {dag.py:4180} INFO - Setting next_dagrun for executing_multiple_dags to None, run_after=None
[2024-12-16T19:13:59.379-0500] {processor.py:208} INFO - Processing /Users/apple/airflow/dags/simple_dag_using_bash.py took 0.088 seconds
[2024-12-16T19:14:31.034-0500] {processor.py:186} INFO - Started process (PID=44488) to work on /Users/apple/airflow/dags/simple_dag_using_bash.py
[2024-12-16T19:14:31.034-0500] {processor.py:914} INFO - Processing file /Users/apple/airflow/dags/simple_dag_using_bash.py for tasks to queue
[2024-12-16T19:14:31.035-0500] {logging_mixin.py:190} INFO - [2024-12-16T19:14:31.035-0500] {dagbag.py:588} INFO - Filling up the DagBag from /Users/apple/airflow/dags/simple_dag_using_bash.py
[2024-12-16T19:14:31.066-0500] {processor.py:925} INFO - DAG(s) 'executing_multiple_dags' retrieved from /Users/apple/airflow/dags/simple_dag_using_bash.py
[2024-12-16T19:14:31.099-0500] {logging_mixin.py:190} INFO - [2024-12-16T19:14:31.099-0500] {dag.py:3239} INFO - Sync 1 DAGs
[2024-12-16T19:14:31.105-0500] {logging_mixin.py:190} INFO - [2024-12-16T19:14:31.105-0500] {dag.py:4180} INFO - Setting next_dagrun for executing_multiple_dags to None, run_after=None
[2024-12-16T19:14:31.110-0500] {processor.py:208} INFO - Processing /Users/apple/airflow/dags/simple_dag_using_bash.py took 0.078 seconds
[2024-12-16T19:15:02.173-0500] {processor.py:186} INFO - Started process (PID=44704) to work on /Users/apple/airflow/dags/simple_dag_using_bash.py
[2024-12-16T19:15:02.175-0500] {processor.py:914} INFO - Processing file /Users/apple/airflow/dags/simple_dag_using_bash.py for tasks to queue
[2024-12-16T19:15:02.176-0500] {logging_mixin.py:190} INFO - [2024-12-16T19:15:02.175-0500] {dagbag.py:588} INFO - Filling up the DagBag from /Users/apple/airflow/dags/simple_dag_using_bash.py
[2024-12-16T19:15:02.209-0500] {processor.py:925} INFO - DAG(s) 'executing_multiple_dags' retrieved from /Users/apple/airflow/dags/simple_dag_using_bash.py
[2024-12-16T19:15:02.241-0500] {logging_mixin.py:190} INFO - [2024-12-16T19:15:02.241-0500] {dag.py:3239} INFO - Sync 1 DAGs
[2024-12-16T19:15:02.247-0500] {logging_mixin.py:190} INFO - [2024-12-16T19:15:02.247-0500] {dag.py:4180} INFO - Setting next_dagrun for executing_multiple_dags to None, run_after=None
[2024-12-16T19:15:02.252-0500] {processor.py:208} INFO - Processing /Users/apple/airflow/dags/simple_dag_using_bash.py took 0.080 seconds
[2024-12-16T19:15:33.667-0500] {processor.py:186} INFO - Started process (PID=44906) to work on /Users/apple/airflow/dags/simple_dag_using_bash.py
[2024-12-16T19:15:33.667-0500] {processor.py:914} INFO - Processing file /Users/apple/airflow/dags/simple_dag_using_bash.py for tasks to queue
[2024-12-16T19:15:33.668-0500] {logging_mixin.py:190} INFO - [2024-12-16T19:15:33.668-0500] {dagbag.py:588} INFO - Filling up the DagBag from /Users/apple/airflow/dags/simple_dag_using_bash.py
[2024-12-16T19:15:33.700-0500] {processor.py:925} INFO - DAG(s) 'executing_multiple_dags' retrieved from /Users/apple/airflow/dags/simple_dag_using_bash.py
[2024-12-16T19:15:33.734-0500] {logging_mixin.py:190} INFO - [2024-12-16T19:15:33.734-0500] {dag.py:3239} INFO - Sync 1 DAGs
[2024-12-16T19:15:33.740-0500] {logging_mixin.py:190} INFO - [2024-12-16T19:15:33.740-0500] {dag.py:4180} INFO - Setting next_dagrun for executing_multiple_dags to None, run_after=None
[2024-12-16T19:15:33.747-0500] {processor.py:208} INFO - Processing /Users/apple/airflow/dags/simple_dag_using_bash.py took 0.081 seconds
[2024-12-16T19:16:05.009-0500] {processor.py:186} INFO - Started process (PID=45115) to work on /Users/apple/airflow/dags/simple_dag_using_bash.py
[2024-12-16T19:16:05.011-0500] {processor.py:914} INFO - Processing file /Users/apple/airflow/dags/simple_dag_using_bash.py for tasks to queue
[2024-12-16T19:16:05.011-0500] {logging_mixin.py:190} INFO - [2024-12-16T19:16:05.011-0500] {dagbag.py:588} INFO - Filling up the DagBag from /Users/apple/airflow/dags/simple_dag_using_bash.py
[2024-12-16T19:16:05.044-0500] {processor.py:925} INFO - DAG(s) 'executing_multiple_dags' retrieved from /Users/apple/airflow/dags/simple_dag_using_bash.py
[2024-12-16T19:16:05.077-0500] {logging_mixin.py:190} INFO - [2024-12-16T19:16:05.077-0500] {dag.py:3239} INFO - Sync 1 DAGs
[2024-12-16T19:16:05.082-0500] {logging_mixin.py:190} INFO - [2024-12-16T19:16:05.082-0500] {dag.py:4180} INFO - Setting next_dagrun for executing_multiple_dags to None, run_after=None
[2024-12-16T19:16:05.087-0500] {processor.py:208} INFO - Processing /Users/apple/airflow/dags/simple_dag_using_bash.py took 0.080 seconds
[2024-12-16T19:16:36.472-0500] {processor.py:186} INFO - Started process (PID=45321) to work on /Users/apple/airflow/dags/simple_dag_using_bash.py
[2024-12-16T19:16:36.474-0500] {processor.py:914} INFO - Processing file /Users/apple/airflow/dags/simple_dag_using_bash.py for tasks to queue
[2024-12-16T19:16:36.474-0500] {logging_mixin.py:190} INFO - [2024-12-16T19:16:36.474-0500] {dagbag.py:588} INFO - Filling up the DagBag from /Users/apple/airflow/dags/simple_dag_using_bash.py
[2024-12-16T19:16:36.506-0500] {processor.py:925} INFO - DAG(s) 'executing_multiple_dags' retrieved from /Users/apple/airflow/dags/simple_dag_using_bash.py
[2024-12-16T19:16:36.539-0500] {logging_mixin.py:190} INFO - [2024-12-16T19:16:36.539-0500] {dag.py:3239} INFO - Sync 1 DAGs
[2024-12-16T19:16:36.545-0500] {logging_mixin.py:190} INFO - [2024-12-16T19:16:36.545-0500] {dag.py:4180} INFO - Setting next_dagrun for executing_multiple_dags to None, run_after=None
[2024-12-16T19:16:36.550-0500] {processor.py:208} INFO - Processing /Users/apple/airflow/dags/simple_dag_using_bash.py took 0.079 seconds
[2024-12-16T19:17:07.709-0500] {processor.py:186} INFO - Started process (PID=45494) to work on /Users/apple/airflow/dags/simple_dag_using_bash.py
[2024-12-16T19:17:07.710-0500] {processor.py:914} INFO - Processing file /Users/apple/airflow/dags/simple_dag_using_bash.py for tasks to queue
[2024-12-16T19:17:07.711-0500] {logging_mixin.py:190} INFO - [2024-12-16T19:17:07.711-0500] {dagbag.py:588} INFO - Filling up the DagBag from /Users/apple/airflow/dags/simple_dag_using_bash.py
[2024-12-16T19:17:07.742-0500] {processor.py:925} INFO - DAG(s) 'executing_multiple_dags' retrieved from /Users/apple/airflow/dags/simple_dag_using_bash.py
[2024-12-16T19:17:07.774-0500] {logging_mixin.py:190} INFO - [2024-12-16T19:17:07.774-0500] {dag.py:3239} INFO - Sync 1 DAGs
[2024-12-16T19:17:07.779-0500] {logging_mixin.py:190} INFO - [2024-12-16T19:17:07.779-0500] {dag.py:4180} INFO - Setting next_dagrun for executing_multiple_dags to None, run_after=None
[2024-12-16T19:17:07.785-0500] {processor.py:208} INFO - Processing /Users/apple/airflow/dags/simple_dag_using_bash.py took 0.077 seconds
[2024-12-16T19:17:38.820-0500] {processor.py:186} INFO - Started process (PID=45700) to work on /Users/apple/airflow/dags/simple_dag_using_bash.py
[2024-12-16T19:17:38.820-0500] {processor.py:914} INFO - Processing file /Users/apple/airflow/dags/simple_dag_using_bash.py for tasks to queue
[2024-12-16T19:17:38.821-0500] {logging_mixin.py:190} INFO - [2024-12-16T19:17:38.821-0500] {dagbag.py:588} INFO - Filling up the DagBag from /Users/apple/airflow/dags/simple_dag_using_bash.py
[2024-12-16T19:17:38.853-0500] {processor.py:925} INFO - DAG(s) 'executing_multiple_dags' retrieved from /Users/apple/airflow/dags/simple_dag_using_bash.py
[2024-12-16T19:17:38.914-0500] {logging_mixin.py:190} INFO - [2024-12-16T19:17:38.913-0500] {dag.py:3239} INFO - Sync 1 DAGs
[2024-12-16T19:17:38.919-0500] {logging_mixin.py:190} INFO - [2024-12-16T19:17:38.919-0500] {dag.py:4180} INFO - Setting next_dagrun for executing_multiple_dags to None, run_after=None
[2024-12-16T19:17:38.925-0500] {processor.py:208} INFO - Processing /Users/apple/airflow/dags/simple_dag_using_bash.py took 0.106 seconds
[2024-12-16T19:18:10.039-0500] {processor.py:186} INFO - Started process (PID=45930) to work on /Users/apple/airflow/dags/simple_dag_using_bash.py
[2024-12-16T19:18:10.040-0500] {processor.py:914} INFO - Processing file /Users/apple/airflow/dags/simple_dag_using_bash.py for tasks to queue
[2024-12-16T19:18:10.040-0500] {logging_mixin.py:190} INFO - [2024-12-16T19:18:10.040-0500] {dagbag.py:588} INFO - Filling up the DagBag from /Users/apple/airflow/dags/simple_dag_using_bash.py
[2024-12-16T19:18:10.078-0500] {processor.py:925} INFO - DAG(s) 'executing_multiple_dags' retrieved from /Users/apple/airflow/dags/simple_dag_using_bash.py
[2024-12-16T19:18:10.112-0500] {logging_mixin.py:190} INFO - [2024-12-16T19:18:10.112-0500] {dag.py:3239} INFO - Sync 1 DAGs
[2024-12-16T19:18:10.118-0500] {logging_mixin.py:190} INFO - [2024-12-16T19:18:10.117-0500] {dag.py:4180} INFO - Setting next_dagrun for executing_multiple_dags to None, run_after=None
[2024-12-16T19:18:10.123-0500] {processor.py:208} INFO - Processing /Users/apple/airflow/dags/simple_dag_using_bash.py took 0.085 seconds
[2024-12-16T19:18:41.069-0500] {processor.py:186} INFO - Started process (PID=46131) to work on /Users/apple/airflow/dags/simple_dag_using_bash.py
[2024-12-16T19:18:41.070-0500] {processor.py:914} INFO - Processing file /Users/apple/airflow/dags/simple_dag_using_bash.py for tasks to queue
[2024-12-16T19:18:41.070-0500] {logging_mixin.py:190} INFO - [2024-12-16T19:18:41.070-0500] {dagbag.py:588} INFO - Filling up the DagBag from /Users/apple/airflow/dags/simple_dag_using_bash.py
[2024-12-16T19:18:41.102-0500] {processor.py:925} INFO - DAG(s) 'executing_multiple_dags' retrieved from /Users/apple/airflow/dags/simple_dag_using_bash.py
[2024-12-16T19:18:41.134-0500] {logging_mixin.py:190} INFO - [2024-12-16T19:18:41.134-0500] {dag.py:3239} INFO - Sync 1 DAGs
[2024-12-16T19:18:41.139-0500] {logging_mixin.py:190} INFO - [2024-12-16T19:18:41.139-0500] {dag.py:4180} INFO - Setting next_dagrun for executing_multiple_dags to None, run_after=None
[2024-12-16T19:18:41.145-0500] {processor.py:208} INFO - Processing /Users/apple/airflow/dags/simple_dag_using_bash.py took 0.076 seconds
[2024-12-16T19:19:12.410-0500] {processor.py:186} INFO - Started process (PID=46339) to work on /Users/apple/airflow/dags/simple_dag_using_bash.py
[2024-12-16T19:19:12.411-0500] {processor.py:914} INFO - Processing file /Users/apple/airflow/dags/simple_dag_using_bash.py for tasks to queue
[2024-12-16T19:19:12.412-0500] {logging_mixin.py:190} INFO - [2024-12-16T19:19:12.412-0500] {dagbag.py:588} INFO - Filling up the DagBag from /Users/apple/airflow/dags/simple_dag_using_bash.py
[2024-12-16T19:19:12.446-0500] {processor.py:925} INFO - DAG(s) 'executing_multiple_dags' retrieved from /Users/apple/airflow/dags/simple_dag_using_bash.py
[2024-12-16T19:19:12.481-0500] {logging_mixin.py:190} INFO - [2024-12-16T19:19:12.481-0500] {dag.py:3239} INFO - Sync 1 DAGs
[2024-12-16T19:19:12.489-0500] {logging_mixin.py:190} INFO - [2024-12-16T19:19:12.489-0500] {dag.py:4180} INFO - Setting next_dagrun for executing_multiple_dags to None, run_after=None
[2024-12-16T19:19:12.496-0500] {processor.py:208} INFO - Processing /Users/apple/airflow/dags/simple_dag_using_bash.py took 0.087 seconds
