[2024-12-15T13:40:51.947-0500] {local_task_job_runner.py:123} INFO - ::group::Pre task execution logs
[2024-12-15T13:40:51.950-0500] {taskinstance.py:2613} INFO - Dependencies all met for dep_context=non-requeueable deps ti=<TaskInstance: executing_multiple_dags.task_c manual__2024-12-15T18:40:33.598050+00:00 [queued]>
[2024-12-15T13:40:51.952-0500] {taskinstance.py:2613} INFO - Dependencies all met for dep_context=requeueable deps ti=<TaskInstance: executing_multiple_dags.task_c manual__2024-12-15T18:40:33.598050+00:00 [queued]>
[2024-12-15T13:40:51.952-0500] {taskinstance.py:2866} INFO - Starting attempt 1 of 1
[2024-12-15T13:40:51.956-0500] {taskinstance.py:2889} INFO - Executing <Task(BashOperator): task_c> on 2024-12-15 18:40:33.598050+00:00
[2024-12-15T13:40:51.958-0500] {standard_task_runner.py:72} INFO - Started process 29305 to run task
[2024-12-15T13:40:51.960-0500] {standard_task_runner.py:104} INFO - Running: ['airflow', 'tasks', 'run', 'executing_multiple_dags', 'task_c', 'manual__2024-12-15T18:40:33.598050+00:00', '--job-id', '39', '--raw', '--subdir', 'DAGS_FOLDER/simple_hello_world.py', '--cfg-path', '/var/folders/jw/j912b4gd5xj0c7j8p3syth7r0000gn/T/tmpptdkhgqr']
[2024-12-15T13:40:51.962-0500] {standard_task_runner.py:105} INFO - Job 39: Subtask task_c
[2024-12-15T13:40:51.974-0500] {task_command.py:467} INFO - Running <TaskInstance: executing_multiple_dags.task_c manual__2024-12-15T18:40:33.598050+00:00 [running]> on host mac-4031.lan
[2024-12-15T13:40:51.994-0500] {taskinstance.py:3132} INFO - Exporting env vars: AIRFLOW_CTX_DAG_OWNER='venkatesh' AIRFLOW_CTX_DAG_ID='executing_multiple_dags' AIRFLOW_CTX_TASK_ID='task_c' AIRFLOW_CTX_EXECUTION_DATE='2024-12-15T18:40:33.598050+00:00' AIRFLOW_CTX_TRY_NUMBER='1' AIRFLOW_CTX_DAG_RUN_ID='manual__2024-12-15T18:40:33.598050+00:00'
[2024-12-15T13:40:51.995-0500] {taskinstance.py:731} INFO - ::endgroup::
[2024-12-15T13:40:51.999-0500] {subprocess.py:78} INFO - Tmp dir root location: /var/folders/jw/j912b4gd5xj0c7j8p3syth7r0000gn/T
[2024-12-15T13:40:51.999-0500] {subprocess.py:88} INFO - Running command: ['/bin/bash', '-c', '\n        echo task_C has started\n        sleep 5\n        echo task_C has ended!!\n        ']
[2024-12-15T13:40:52.002-0500] {subprocess.py:99} INFO - Output:
[2024-12-15T13:40:52.006-0500] {subprocess.py:106} INFO - task_C has started
[2024-12-15T13:40:57.014-0500] {subprocess.py:106} INFO - task_C has ended!!
[2024-12-15T13:40:57.016-0500] {subprocess.py:110} INFO - Command exited with return code 0
[2024-12-15T13:40:57.034-0500] {taskinstance.py:340} INFO - ::group::Post task execution logs
[2024-12-15T13:40:57.036-0500] {taskinstance.py:352} INFO - Marking task as SUCCESS. dag_id=executing_multiple_dags, task_id=task_c, run_id=manual__2024-12-15T18:40:33.598050+00:00, execution_date=20241215T184033, start_date=20241215T184051, end_date=20241215T184057
[2024-12-15T13:40:57.054-0500] {local_task_job_runner.py:266} INFO - Task exited with return code 0
[2024-12-15T13:40:57.065-0500] {taskinstance.py:3895} INFO - 1 downstream tasks scheduled from follow-on schedule check
[2024-12-15T13:40:57.066-0500] {local_task_job_runner.py:245} INFO - ::endgroup::
