[2024-12-19T18:21:49.763-0500] {local_task_job_runner.py:123} INFO - ::group::Pre task execution logs
[2024-12-19T18:21:49.767-0500] {taskinstance.py:2613} INFO - Dependencies all met for dep_context=non-requeueable deps ti=<TaskInstance: executing_python_etl_dag.enrich_the_data manual__2024-12-19T23:21:45.654966+00:00 [queued]>
[2024-12-19T18:21:49.769-0500] {taskinstance.py:2613} INFO - Dependencies all met for dep_context=requeueable deps ti=<TaskInstance: executing_python_etl_dag.enrich_the_data manual__2024-12-19T23:21:45.654966+00:00 [queued]>
[2024-12-19T18:21:49.769-0500] {taskinstance.py:2866} INFO - Starting attempt 1 of 1
[2024-12-19T18:21:49.773-0500] {taskinstance.py:2889} INFO - Executing <Task(PythonOperator): enrich_the_data> on 2024-12-19 23:21:45.654966+00:00
[2024-12-19T18:21:49.775-0500] {standard_task_runner.py:72} INFO - Started process 97443 to run task
[2024-12-19T18:21:49.778-0500] {standard_task_runner.py:104} INFO - Running: ['airflow', 'tasks', 'run', 'executing_python_etl_dag', 'enrich_the_data', 'manual__2024-12-19T23:21:45.654966+00:00', '--job-id', '100', '--raw', '--subdir', 'DAGS_FOLDER/etl.py', '--cfg-path', '/var/folders/jw/j912b4gd5xj0c7j8p3syth7r0000gn/T/tmpjc2xvsop']
[2024-12-19T18:21:49.780-0500] {standard_task_runner.py:105} INFO - Job 100: Subtask enrich_the_data
[2024-12-19T18:21:49.793-0500] {task_command.py:467} INFO - Running <TaskInstance: executing_python_etl_dag.enrich_the_data manual__2024-12-19T23:21:45.654966+00:00 [running]> on host mac-4952.lan
[2024-12-19T18:21:49.815-0500] {taskinstance.py:3132} INFO - Exporting env vars: AIRFLOW_CTX_DAG_OWNER='venkatesh' AIRFLOW_CTX_DAG_ID='executing_python_etl_dag' AIRFLOW_CTX_TASK_ID='enrich_the_data' AIRFLOW_CTX_EXECUTION_DATE='2024-12-19T23:21:45.654966+00:00' AIRFLOW_CTX_TRY_NUMBER='1' AIRFLOW_CTX_DAG_RUN_ID='manual__2024-12-19T23:21:45.654966+00:00'
[2024-12-19T18:21:49.815-0500] {taskinstance.py:731} INFO - ::endgroup::
[2024-12-19T18:21:49.830-0500] {logging_mixin.py:190} WARNING - /Users/apple/airflow/dags/etl.py:56 FutureWarning: Passing literal json to 'read_json' is deprecated and will be removed in a future version. To read from a literal string, wrap it in a 'StringIO' object.
[2024-12-19T18:21:49.845-0500] {logging_mixin.py:190} WARNING - /Users/apple/airflow/dags/etl.py:57 FutureWarning: Passing literal json to 'read_json' is deprecated and will be removed in a future version. To read from a literal string, wrap it in a 'StringIO' object.
[2024-12-19T18:21:49.848-0500] {logging_mixin.py:190} WARNING - /Users/apple/airflow/dags/etl.py:58 FutureWarning: Passing literal json to 'read_json' is deprecated and will be removed in a future version. To read from a literal string, wrap it in a 'StringIO' object.
[2024-12-19T18:21:49.856-0500] {logging_mixin.py:190} INFO -    sale_id  product_id  ...  product_name     category
0        1           1  ...     Product_1  Electronics
1        2          24  ...    Product_24  Electronics
2        3          43  ...    Product_43        Books
3        4           4  ...     Product_4        Books
4        5           6  ...     Product_6     Clothing

[5 rows x 10 columns]
[2024-12-19T18:21:49.861-0500] {logging_mixin.py:190} INFO -        sale_date     category  total_sales  total_transactions
0  1704067200000        Books      2133.76                   3
1  1704067200000     Clothing      2711.44                   7
2  1704067200000  Electronics      7696.58                  13
3  1704067200000         Home      2394.15                   5
4  1704067200000      Kitchen      2370.85                   4
[2024-12-19T18:21:49.861-0500] {python.py:240} INFO - Done. Returned value was: None
[2024-12-19T18:21:49.863-0500] {taskinstance.py:340} INFO - ::group::Post task execution logs
[2024-12-19T18:21:49.864-0500] {taskinstance.py:352} INFO - Marking task as SUCCESS. dag_id=executing_python_etl_dag, task_id=enrich_the_data, run_id=manual__2024-12-19T23:21:45.654966+00:00, execution_date=20241219T232145, start_date=20241219T232149, end_date=20241219T232149
[2024-12-19T18:21:49.885-0500] {local_task_job_runner.py:266} INFO - Task exited with return code 0
[2024-12-19T18:21:49.890-0500] {taskinstance.py:3895} INFO - 0 downstream tasks scheduled from follow-on schedule check
[2024-12-19T18:21:49.891-0500] {local_task_job_runner.py:245} INFO - ::endgroup::
