[2024-12-19T19:00:05.235-0500] {local_task_job_runner.py:123} INFO - ::group::Pre task execution logs
[2024-12-19T19:00:05.238-0500] {taskinstance.py:2613} INFO - Dependencies all met for dep_context=non-requeueable deps ti=<TaskInstance: executing_python_etl_dag.enrich_the_data scheduled__2024-12-19T00:00:00+00:00 [queued]>
[2024-12-19T19:00:05.240-0500] {taskinstance.py:2613} INFO - Dependencies all met for dep_context=requeueable deps ti=<TaskInstance: executing_python_etl_dag.enrich_the_data scheduled__2024-12-19T00:00:00+00:00 [queued]>
[2024-12-19T19:00:05.240-0500] {taskinstance.py:2866} INFO - Starting attempt 1 of 1
[2024-12-19T19:00:05.244-0500] {taskinstance.py:2889} INFO - Executing <Task(PythonOperator): enrich_the_data> on 2024-12-19 00:00:00+00:00
[2024-12-19T19:00:05.246-0500] {standard_task_runner.py:72} INFO - Started process 18318 to run task
[2024-12-19T19:00:05.249-0500] {standard_task_runner.py:104} INFO - Running: ['airflow', 'tasks', 'run', 'executing_python_etl_dag', 'enrich_the_data', 'scheduled__2024-12-19T00:00:00+00:00', '--job-id', '108', '--raw', '--subdir', 'DAGS_FOLDER/etl.py', '--cfg-path', '/var/folders/jw/j912b4gd5xj0c7j8p3syth7r0000gn/T/tmp7myv5rx7']
[2024-12-19T19:00:05.251-0500] {standard_task_runner.py:105} INFO - Job 108: Subtask enrich_the_data
[2024-12-19T19:00:05.266-0500] {task_command.py:467} INFO - Running <TaskInstance: executing_python_etl_dag.enrich_the_data scheduled__2024-12-19T00:00:00+00:00 [running]> on host mac-4952.lan
[2024-12-19T19:00:05.286-0500] {taskinstance.py:3132} INFO - Exporting env vars: AIRFLOW_CTX_DAG_OWNER='venkatesh' AIRFLOW_CTX_DAG_ID='executing_python_etl_dag' AIRFLOW_CTX_TASK_ID='enrich_the_data' AIRFLOW_CTX_EXECUTION_DATE='2024-12-19T00:00:00+00:00' AIRFLOW_CTX_TRY_NUMBER='1' AIRFLOW_CTX_DAG_RUN_ID='scheduled__2024-12-19T00:00:00+00:00'
[2024-12-19T19:00:05.286-0500] {taskinstance.py:731} INFO - ::endgroup::
[2024-12-19T19:00:05.301-0500] {logging_mixin.py:190} WARNING - /Users/apple/airflow/dags/etl.py:56 FutureWarning: Passing literal json to 'read_json' is deprecated and will be removed in a future version. To read from a literal string, wrap it in a 'StringIO' object.
[2024-12-19T19:00:05.319-0500] {logging_mixin.py:190} WARNING - /Users/apple/airflow/dags/etl.py:57 FutureWarning: Passing literal json to 'read_json' is deprecated and will be removed in a future version. To read from a literal string, wrap it in a 'StringIO' object.
[2024-12-19T19:00:05.321-0500] {logging_mixin.py:190} WARNING - /Users/apple/airflow/dags/etl.py:58 FutureWarning: Passing literal json to 'read_json' is deprecated and will be removed in a future version. To read from a literal string, wrap it in a 'StringIO' object.
[2024-12-19T19:00:05.331-0500] {logging_mixin.py:190} INFO -    sale_id  product_id  ...  product_name     category
0        1           1  ...     Product_1  Electronics
1        2          24  ...    Product_24  Electronics
2        3          43  ...    Product_43        Books
3        4           4  ...     Product_4        Books
4        5           6  ...     Product_6     Clothing

[5 rows x 10 columns]
[2024-12-19T19:00:05.337-0500] {logging_mixin.py:190} INFO -        sale_date     category  total_sales  total_transactions
0  1704067200000        Books      2133.76                   3
1  1704067200000     Clothing      2711.44                   7
2  1704067200000  Electronics      7696.58                  13
3  1704067200000         Home      2394.15                   5
4  1704067200000      Kitchen      2370.85                   4
[2024-12-19T19:00:05.362-0500] {python.py:240} INFO - Done. Returned value was: None
[2024-12-19T19:00:05.365-0500] {taskinstance.py:340} INFO - ::group::Post task execution logs
[2024-12-19T19:00:05.365-0500] {taskinstance.py:352} INFO - Marking task as SUCCESS. dag_id=executing_python_etl_dag, task_id=enrich_the_data, run_id=scheduled__2024-12-19T00:00:00+00:00, execution_date=20241219T000000, start_date=20241220T000005, end_date=20241220T000005
[2024-12-19T19:00:05.401-0500] {local_task_job_runner.py:266} INFO - Task exited with return code 0
[2024-12-19T19:00:05.411-0500] {taskinstance.py:3895} INFO - 1 downstream tasks scheduled from follow-on schedule check
[2024-12-19T19:00:05.411-0500] {local_task_job_runner.py:245} INFO - ::endgroup::
[2024-12-19T19:00:18.293-0500] {local_task_job_runner.py:123} INFO - ::group::Pre task execution logs
[2024-12-19T19:00:18.297-0500] {taskinstance.py:2613} INFO - Dependencies all met for dep_context=non-requeueable deps ti=<TaskInstance: executing_python_etl_dag.enrich_the_data scheduled__2024-12-19T00:00:00+00:00 [queued]>
[2024-12-19T19:00:18.299-0500] {taskinstance.py:2613} INFO - Dependencies all met for dep_context=requeueable deps ti=<TaskInstance: executing_python_etl_dag.enrich_the_data scheduled__2024-12-19T00:00:00+00:00 [queued]>
[2024-12-19T19:00:18.299-0500] {taskinstance.py:2866} INFO - Starting attempt 1 of 1
[2024-12-19T19:00:18.302-0500] {taskinstance.py:2889} INFO - Executing <Task(PythonOperator): enrich_the_data> on 2024-12-19 00:00:00+00:00
[2024-12-19T19:00:18.305-0500] {standard_task_runner.py:72} INFO - Started process 18955 to run task
[2024-12-19T19:00:18.308-0500] {standard_task_runner.py:104} INFO - Running: ['airflow', 'tasks', 'run', 'executing_python_etl_dag', 'enrich_the_data', 'scheduled__2024-12-19T00:00:00+00:00', '--job-id', '108', '--raw', '--subdir', 'DAGS_FOLDER/etl.py', '--cfg-path', '/var/folders/jw/j912b4gd5xj0c7j8p3syth7r0000gn/T/tmpznjogbt1']
[2024-12-19T19:00:18.309-0500] {standard_task_runner.py:105} INFO - Job 108: Subtask enrich_the_data
[2024-12-19T19:00:18.325-0500] {task_command.py:467} INFO - Running <TaskInstance: executing_python_etl_dag.enrich_the_data scheduled__2024-12-19T00:00:00+00:00 [running]> on host mac-4952.lan
[2024-12-19T19:00:18.344-0500] {taskinstance.py:3132} INFO - Exporting env vars: AIRFLOW_CTX_DAG_OWNER='venkatesh' AIRFLOW_CTX_DAG_ID='executing_python_etl_dag' AIRFLOW_CTX_TASK_ID='enrich_the_data' AIRFLOW_CTX_EXECUTION_DATE='2024-12-19T00:00:00+00:00' AIRFLOW_CTX_TRY_NUMBER='1' AIRFLOW_CTX_DAG_RUN_ID='scheduled__2024-12-19T00:00:00+00:00'
[2024-12-19T19:00:18.344-0500] {taskinstance.py:731} INFO - ::endgroup::
[2024-12-19T19:00:18.357-0500] {logging_mixin.py:190} WARNING - /Users/apple/airflow/dags/etl.py:56 FutureWarning: Passing literal json to 'read_json' is deprecated and will be removed in a future version. To read from a literal string, wrap it in a 'StringIO' object.
[2024-12-19T19:00:18.372-0500] {logging_mixin.py:190} WARNING - /Users/apple/airflow/dags/etl.py:57 FutureWarning: Passing literal json to 'read_json' is deprecated and will be removed in a future version. To read from a literal string, wrap it in a 'StringIO' object.
[2024-12-19T19:00:18.374-0500] {logging_mixin.py:190} WARNING - /Users/apple/airflow/dags/etl.py:58 FutureWarning: Passing literal json to 'read_json' is deprecated and will be removed in a future version. To read from a literal string, wrap it in a 'StringIO' object.
[2024-12-19T19:00:18.381-0500] {logging_mixin.py:190} INFO -    sale_id  product_id  ...  product_name     category
0        1           1  ...     Product_1  Electronics
1        2          24  ...    Product_24  Electronics
2        3          43  ...    Product_43        Books
3        4           4  ...     Product_4        Books
4        5           6  ...     Product_6     Clothing

[5 rows x 10 columns]
[2024-12-19T19:00:18.385-0500] {logging_mixin.py:190} INFO -        sale_date     category  total_sales  total_transactions
0  1704067200000        Books      2133.76                   3
1  1704067200000     Clothing      2711.44                   7
2  1704067200000  Electronics      7696.58                  13
3  1704067200000         Home      2394.15                   5
4  1704067200000      Kitchen      2370.85                   4
[2024-12-19T19:00:18.403-0500] {python.py:240} INFO - Done. Returned value was: None
[2024-12-19T19:00:18.405-0500] {taskinstance.py:340} INFO - ::group::Post task execution logs
[2024-12-19T19:00:18.405-0500] {taskinstance.py:352} INFO - Marking task as SUCCESS. dag_id=executing_python_etl_dag, task_id=enrich_the_data, run_id=scheduled__2024-12-19T00:00:00+00:00, execution_date=20241219T000000, start_date=20241220T000018, end_date=20241220T000018
[2024-12-19T19:00:18.415-0500] {local_task_job_runner.py:266} INFO - Task exited with return code 0
[2024-12-19T19:00:18.423-0500] {taskinstance.py:3895} INFO - 1 downstream tasks scheduled from follow-on schedule check
[2024-12-19T19:00:18.423-0500] {local_task_job_runner.py:245} INFO - ::endgroup::
[2024-12-19T19:00:32.458-0500] {local_task_job_runner.py:123} INFO - ::group::Pre task execution logs
[2024-12-19T19:00:32.462-0500] {taskinstance.py:2613} INFO - Dependencies all met for dep_context=non-requeueable deps ti=<TaskInstance: executing_python_etl_dag.enrich_the_data scheduled__2024-12-19T00:00:00+00:00 [queued]>
[2024-12-19T19:00:32.464-0500] {taskinstance.py:2613} INFO - Dependencies all met for dep_context=requeueable deps ti=<TaskInstance: executing_python_etl_dag.enrich_the_data scheduled__2024-12-19T00:00:00+00:00 [queued]>
[2024-12-19T19:00:32.464-0500] {taskinstance.py:2866} INFO - Starting attempt 1 of 1
[2024-12-19T19:00:32.467-0500] {taskinstance.py:2889} INFO - Executing <Task(PythonOperator): enrich_the_data> on 2024-12-19 00:00:00+00:00
[2024-12-19T19:00:32.470-0500] {standard_task_runner.py:72} INFO - Started process 19776 to run task
[2024-12-19T19:00:32.473-0500] {standard_task_runner.py:104} INFO - Running: ['airflow', 'tasks', 'run', 'executing_python_etl_dag', 'enrich_the_data', 'scheduled__2024-12-19T00:00:00+00:00', '--job-id', '108', '--raw', '--subdir', 'DAGS_FOLDER/etl.py', '--cfg-path', '/var/folders/jw/j912b4gd5xj0c7j8p3syth7r0000gn/T/tmpx938p2ve']
[2024-12-19T19:00:32.475-0500] {standard_task_runner.py:105} INFO - Job 108: Subtask enrich_the_data
[2024-12-19T19:00:32.492-0500] {task_command.py:467} INFO - Running <TaskInstance: executing_python_etl_dag.enrich_the_data scheduled__2024-12-19T00:00:00+00:00 [running]> on host mac-4952.lan
[2024-12-19T19:00:32.512-0500] {taskinstance.py:3132} INFO - Exporting env vars: AIRFLOW_CTX_DAG_OWNER='venkatesh' AIRFLOW_CTX_DAG_ID='executing_python_etl_dag' AIRFLOW_CTX_TASK_ID='enrich_the_data' AIRFLOW_CTX_EXECUTION_DATE='2024-12-19T00:00:00+00:00' AIRFLOW_CTX_TRY_NUMBER='1' AIRFLOW_CTX_DAG_RUN_ID='scheduled__2024-12-19T00:00:00+00:00'
[2024-12-19T19:00:32.512-0500] {taskinstance.py:731} INFO - ::endgroup::
[2024-12-19T19:00:32.529-0500] {logging_mixin.py:190} WARNING - /Users/apple/airflow/dags/etl.py:56 FutureWarning: Passing literal json to 'read_json' is deprecated and will be removed in a future version. To read from a literal string, wrap it in a 'StringIO' object.
[2024-12-19T19:00:32.544-0500] {logging_mixin.py:190} WARNING - /Users/apple/airflow/dags/etl.py:57 FutureWarning: Passing literal json to 'read_json' is deprecated and will be removed in a future version. To read from a literal string, wrap it in a 'StringIO' object.
[2024-12-19T19:00:32.547-0500] {logging_mixin.py:190} WARNING - /Users/apple/airflow/dags/etl.py:58 FutureWarning: Passing literal json to 'read_json' is deprecated and will be removed in a future version. To read from a literal string, wrap it in a 'StringIO' object.
[2024-12-19T19:00:32.553-0500] {logging_mixin.py:190} INFO -    sale_id  product_id  ...  product_name     category
0        1           1  ...     Product_1  Electronics
1        2          24  ...    Product_24  Electronics
2        3          43  ...    Product_43        Books
3        4           4  ...     Product_4        Books
4        5           6  ...     Product_6     Clothing

[5 rows x 10 columns]
[2024-12-19T19:00:32.557-0500] {logging_mixin.py:190} INFO -        sale_date     category  total_sales  total_transactions
0  1704067200000        Books      2133.76                   3
1  1704067200000     Clothing      2711.44                   7
2  1704067200000  Electronics      7696.58                  13
3  1704067200000         Home      2394.15                   5
4  1704067200000      Kitchen      2370.85                   4
[2024-12-19T19:00:32.577-0500] {python.py:240} INFO - Done. Returned value was: None
[2024-12-19T19:00:32.579-0500] {taskinstance.py:340} INFO - ::group::Post task execution logs
[2024-12-19T19:00:32.580-0500] {taskinstance.py:352} INFO - Marking task as SUCCESS. dag_id=executing_python_etl_dag, task_id=enrich_the_data, run_id=scheduled__2024-12-19T00:00:00+00:00, execution_date=20241219T000000, start_date=20241220T000032, end_date=20241220T000032
[2024-12-19T19:00:32.626-0500] {local_task_job_runner.py:266} INFO - Task exited with return code 0
[2024-12-19T19:00:32.635-0500] {taskinstance.py:3895} INFO - 1 downstream tasks scheduled from follow-on schedule check
[2024-12-19T19:00:32.636-0500] {local_task_job_runner.py:245} INFO - ::endgroup::
