[2024-12-16T19:00:29.760-0500] {processor.py:186} INFO - Started process (PID=40082) to work on /Users/apple/airflow/dags/jar/scalaspark_2.13-0.1.0-SNAPSHOT.jar
[2024-12-16T19:00:29.760-0500] {processor.py:914} INFO - Processing file /Users/apple/airflow/dags/jar/scalaspark_2.13-0.1.0-SNAPSHOT.jar for tasks to queue
[2024-12-16T19:00:29.761-0500] {logging_mixin.py:190} INFO - [2024-12-16T19:00:29.761-0500] {dagbag.py:588} INFO - Filling up the DagBag from /Users/apple/airflow/dags/jar/scalaspark_2.13-0.1.0-SNAPSHOT.jar
[2024-12-16T19:00:29.761-0500] {processor.py:927} WARNING - No viable dags retrieved from /Users/apple/airflow/dags/jar/scalaspark_2.13-0.1.0-SNAPSHOT.jar
[2024-12-16T19:00:29.811-0500] {processor.py:208} INFO - Processing /Users/apple/airflow/dags/jar/scalaspark_2.13-0.1.0-SNAPSHOT.jar took 0.052 seconds
[2024-12-16T19:01:01.296-0500] {processor.py:186} INFO - Started process (PID=40236) to work on /Users/apple/airflow/dags/jar/scalaspark_2.13-0.1.0-SNAPSHOT.jar
[2024-12-16T19:01:01.297-0500] {processor.py:914} INFO - Processing file /Users/apple/airflow/dags/jar/scalaspark_2.13-0.1.0-SNAPSHOT.jar for tasks to queue
[2024-12-16T19:01:01.297-0500] {logging_mixin.py:190} INFO - [2024-12-16T19:01:01.297-0500] {dagbag.py:588} INFO - Filling up the DagBag from /Users/apple/airflow/dags/jar/scalaspark_2.13-0.1.0-SNAPSHOT.jar
[2024-12-16T19:01:01.297-0500] {processor.py:927} WARNING - No viable dags retrieved from /Users/apple/airflow/dags/jar/scalaspark_2.13-0.1.0-SNAPSHOT.jar
[2024-12-16T19:01:01.347-0500] {processor.py:208} INFO - Processing /Users/apple/airflow/dags/jar/scalaspark_2.13-0.1.0-SNAPSHOT.jar took 0.052 seconds
[2024-12-16T19:01:32.156-0500] {processor.py:186} INFO - Started process (PID=40393) to work on /Users/apple/airflow/dags/jar/scalaspark_2.13-0.1.0-SNAPSHOT.jar
[2024-12-16T19:01:32.157-0500] {processor.py:914} INFO - Processing file /Users/apple/airflow/dags/jar/scalaspark_2.13-0.1.0-SNAPSHOT.jar for tasks to queue
[2024-12-16T19:01:32.158-0500] {logging_mixin.py:190} INFO - [2024-12-16T19:01:32.158-0500] {dagbag.py:588} INFO - Filling up the DagBag from /Users/apple/airflow/dags/jar/scalaspark_2.13-0.1.0-SNAPSHOT.jar
[2024-12-16T19:01:32.158-0500] {processor.py:927} WARNING - No viable dags retrieved from /Users/apple/airflow/dags/jar/scalaspark_2.13-0.1.0-SNAPSHOT.jar
[2024-12-16T19:01:32.207-0500] {processor.py:208} INFO - Processing /Users/apple/airflow/dags/jar/scalaspark_2.13-0.1.0-SNAPSHOT.jar took 0.052 seconds
[2024-12-16T19:02:03.171-0500] {processor.py:186} INFO - Started process (PID=40535) to work on /Users/apple/airflow/dags/jar/scalaspark_2.13-0.1.0-SNAPSHOT.jar
[2024-12-16T19:02:03.172-0500] {processor.py:914} INFO - Processing file /Users/apple/airflow/dags/jar/scalaspark_2.13-0.1.0-SNAPSHOT.jar for tasks to queue
[2024-12-16T19:02:03.173-0500] {logging_mixin.py:190} INFO - [2024-12-16T19:02:03.173-0500] {dagbag.py:588} INFO - Filling up the DagBag from /Users/apple/airflow/dags/jar/scalaspark_2.13-0.1.0-SNAPSHOT.jar
[2024-12-16T19:02:03.173-0500] {processor.py:927} WARNING - No viable dags retrieved from /Users/apple/airflow/dags/jar/scalaspark_2.13-0.1.0-SNAPSHOT.jar
[2024-12-16T19:02:03.222-0500] {processor.py:208} INFO - Processing /Users/apple/airflow/dags/jar/scalaspark_2.13-0.1.0-SNAPSHOT.jar took 0.052 seconds
[2024-12-16T19:02:34.399-0500] {processor.py:186} INFO - Started process (PID=40686) to work on /Users/apple/airflow/dags/jar/scalaspark_2.13-0.1.0-SNAPSHOT.jar
[2024-12-16T19:02:34.399-0500] {processor.py:914} INFO - Processing file /Users/apple/airflow/dags/jar/scalaspark_2.13-0.1.0-SNAPSHOT.jar for tasks to queue
[2024-12-16T19:02:34.400-0500] {logging_mixin.py:190} INFO - [2024-12-16T19:02:34.400-0500] {dagbag.py:588} INFO - Filling up the DagBag from /Users/apple/airflow/dags/jar/scalaspark_2.13-0.1.0-SNAPSHOT.jar
[2024-12-16T19:02:34.400-0500] {processor.py:927} WARNING - No viable dags retrieved from /Users/apple/airflow/dags/jar/scalaspark_2.13-0.1.0-SNAPSHOT.jar
[2024-12-16T19:02:34.458-0500] {processor.py:208} INFO - Processing /Users/apple/airflow/dags/jar/scalaspark_2.13-0.1.0-SNAPSHOT.jar took 0.060 seconds
[2024-12-16T19:03:05.545-0500] {processor.py:186} INFO - Started process (PID=40831) to work on /Users/apple/airflow/dags/jar/scalaspark_2.13-0.1.0-SNAPSHOT.jar
[2024-12-16T19:03:05.546-0500] {processor.py:914} INFO - Processing file /Users/apple/airflow/dags/jar/scalaspark_2.13-0.1.0-SNAPSHOT.jar for tasks to queue
[2024-12-16T19:03:05.547-0500] {logging_mixin.py:190} INFO - [2024-12-16T19:03:05.546-0500] {dagbag.py:588} INFO - Filling up the DagBag from /Users/apple/airflow/dags/jar/scalaspark_2.13-0.1.0-SNAPSHOT.jar
[2024-12-16T19:03:05.547-0500] {processor.py:927} WARNING - No viable dags retrieved from /Users/apple/airflow/dags/jar/scalaspark_2.13-0.1.0-SNAPSHOT.jar
[2024-12-16T19:03:05.598-0500] {processor.py:208} INFO - Processing /Users/apple/airflow/dags/jar/scalaspark_2.13-0.1.0-SNAPSHOT.jar took 0.054 seconds
[2024-12-16T19:03:36.614-0500] {processor.py:186} INFO - Started process (PID=40984) to work on /Users/apple/airflow/dags/jar/scalaspark_2.13-0.1.0-SNAPSHOT.jar
[2024-12-16T19:03:36.615-0500] {processor.py:914} INFO - Processing file /Users/apple/airflow/dags/jar/scalaspark_2.13-0.1.0-SNAPSHOT.jar for tasks to queue
[2024-12-16T19:03:36.615-0500] {logging_mixin.py:190} INFO - [2024-12-16T19:03:36.615-0500] {dagbag.py:588} INFO - Filling up the DagBag from /Users/apple/airflow/dags/jar/scalaspark_2.13-0.1.0-SNAPSHOT.jar
[2024-12-16T19:03:36.616-0500] {processor.py:927} WARNING - No viable dags retrieved from /Users/apple/airflow/dags/jar/scalaspark_2.13-0.1.0-SNAPSHOT.jar
[2024-12-16T19:03:36.665-0500] {processor.py:208} INFO - Processing /Users/apple/airflow/dags/jar/scalaspark_2.13-0.1.0-SNAPSHOT.jar took 0.051 seconds
[2024-12-16T19:04:07.395-0500] {processor.py:186} INFO - Started process (PID=41132) to work on /Users/apple/airflow/dags/jar/scalaspark_2.13-0.1.0-SNAPSHOT.jar
[2024-12-16T19:04:07.396-0500] {processor.py:914} INFO - Processing file /Users/apple/airflow/dags/jar/scalaspark_2.13-0.1.0-SNAPSHOT.jar for tasks to queue
[2024-12-16T19:04:07.396-0500] {logging_mixin.py:190} INFO - [2024-12-16T19:04:07.396-0500] {dagbag.py:588} INFO - Filling up the DagBag from /Users/apple/airflow/dags/jar/scalaspark_2.13-0.1.0-SNAPSHOT.jar
[2024-12-16T19:04:07.396-0500] {processor.py:927} WARNING - No viable dags retrieved from /Users/apple/airflow/dags/jar/scalaspark_2.13-0.1.0-SNAPSHOT.jar
[2024-12-16T19:04:07.447-0500] {processor.py:208} INFO - Processing /Users/apple/airflow/dags/jar/scalaspark_2.13-0.1.0-SNAPSHOT.jar took 0.053 seconds
[2024-12-16T19:04:38.166-0500] {processor.py:186} INFO - Started process (PID=41279) to work on /Users/apple/airflow/dags/jar/scalaspark_2.13-0.1.0-SNAPSHOT.jar
[2024-12-16T19:04:38.166-0500] {processor.py:914} INFO - Processing file /Users/apple/airflow/dags/jar/scalaspark_2.13-0.1.0-SNAPSHOT.jar for tasks to queue
[2024-12-16T19:04:38.167-0500] {logging_mixin.py:190} INFO - [2024-12-16T19:04:38.167-0500] {dagbag.py:588} INFO - Filling up the DagBag from /Users/apple/airflow/dags/jar/scalaspark_2.13-0.1.0-SNAPSHOT.jar
[2024-12-16T19:04:38.167-0500] {processor.py:927} WARNING - No viable dags retrieved from /Users/apple/airflow/dags/jar/scalaspark_2.13-0.1.0-SNAPSHOT.jar
[2024-12-16T19:04:38.217-0500] {processor.py:208} INFO - Processing /Users/apple/airflow/dags/jar/scalaspark_2.13-0.1.0-SNAPSHOT.jar took 0.052 seconds
[2024-12-16T19:05:08.946-0500] {processor.py:186} INFO - Started process (PID=41426) to work on /Users/apple/airflow/dags/jar/scalaspark_2.13-0.1.0-SNAPSHOT.jar
[2024-12-16T19:05:08.946-0500] {processor.py:914} INFO - Processing file /Users/apple/airflow/dags/jar/scalaspark_2.13-0.1.0-SNAPSHOT.jar for tasks to queue
[2024-12-16T19:05:08.947-0500] {logging_mixin.py:190} INFO - [2024-12-16T19:05:08.947-0500] {dagbag.py:588} INFO - Filling up the DagBag from /Users/apple/airflow/dags/jar/scalaspark_2.13-0.1.0-SNAPSHOT.jar
[2024-12-16T19:05:08.947-0500] {processor.py:927} WARNING - No viable dags retrieved from /Users/apple/airflow/dags/jar/scalaspark_2.13-0.1.0-SNAPSHOT.jar
[2024-12-16T19:05:08.997-0500] {processor.py:208} INFO - Processing /Users/apple/airflow/dags/jar/scalaspark_2.13-0.1.0-SNAPSHOT.jar took 0.052 seconds
[2024-12-16T19:05:39.693-0500] {processor.py:186} INFO - Started process (PID=41570) to work on /Users/apple/airflow/dags/jar/scalaspark_2.13-0.1.0-SNAPSHOT.jar
[2024-12-16T19:05:39.694-0500] {processor.py:914} INFO - Processing file /Users/apple/airflow/dags/jar/scalaspark_2.13-0.1.0-SNAPSHOT.jar for tasks to queue
[2024-12-16T19:05:39.694-0500] {logging_mixin.py:190} INFO - [2024-12-16T19:05:39.694-0500] {dagbag.py:588} INFO - Filling up the DagBag from /Users/apple/airflow/dags/jar/scalaspark_2.13-0.1.0-SNAPSHOT.jar
[2024-12-16T19:05:39.695-0500] {processor.py:927} WARNING - No viable dags retrieved from /Users/apple/airflow/dags/jar/scalaspark_2.13-0.1.0-SNAPSHOT.jar
[2024-12-16T19:05:39.745-0500] {processor.py:208} INFO - Processing /Users/apple/airflow/dags/jar/scalaspark_2.13-0.1.0-SNAPSHOT.jar took 0.053 seconds
[2024-12-16T19:06:11.878-0500] {processor.py:186} INFO - Started process (PID=41722) to work on /Users/apple/airflow/dags/jar/scalaspark_2.13-0.1.0-SNAPSHOT.jar
[2024-12-16T19:06:11.880-0500] {processor.py:914} INFO - Processing file /Users/apple/airflow/dags/jar/scalaspark_2.13-0.1.0-SNAPSHOT.jar for tasks to queue
[2024-12-16T19:06:11.880-0500] {logging_mixin.py:190} INFO - [2024-12-16T19:06:11.880-0500] {dagbag.py:588} INFO - Filling up the DagBag from /Users/apple/airflow/dags/jar/scalaspark_2.13-0.1.0-SNAPSHOT.jar
[2024-12-16T19:06:11.880-0500] {processor.py:927} WARNING - No viable dags retrieved from /Users/apple/airflow/dags/jar/scalaspark_2.13-0.1.0-SNAPSHOT.jar
[2024-12-16T19:06:11.936-0500] {processor.py:208} INFO - Processing /Users/apple/airflow/dags/jar/scalaspark_2.13-0.1.0-SNAPSHOT.jar took 0.059 seconds
[2024-12-16T19:06:42.982-0500] {processor.py:186} INFO - Started process (PID=41861) to work on /Users/apple/airflow/dags/jar/scalaspark_2.13-0.1.0-SNAPSHOT.jar
[2024-12-16T19:06:42.984-0500] {processor.py:914} INFO - Processing file /Users/apple/airflow/dags/jar/scalaspark_2.13-0.1.0-SNAPSHOT.jar for tasks to queue
[2024-12-16T19:06:42.984-0500] {logging_mixin.py:190} INFO - [2024-12-16T19:06:42.984-0500] {dagbag.py:588} INFO - Filling up the DagBag from /Users/apple/airflow/dags/jar/scalaspark_2.13-0.1.0-SNAPSHOT.jar
[2024-12-16T19:06:42.984-0500] {processor.py:927} WARNING - No viable dags retrieved from /Users/apple/airflow/dags/jar/scalaspark_2.13-0.1.0-SNAPSHOT.jar
[2024-12-16T19:06:43.034-0500] {processor.py:208} INFO - Processing /Users/apple/airflow/dags/jar/scalaspark_2.13-0.1.0-SNAPSHOT.jar took 0.053 seconds
[2024-12-16T19:07:14.285-0500] {processor.py:186} INFO - Started process (PID=42008) to work on /Users/apple/airflow/dags/jar/scalaspark_2.13-0.1.0-SNAPSHOT.jar
[2024-12-16T19:07:14.287-0500] {processor.py:914} INFO - Processing file /Users/apple/airflow/dags/jar/scalaspark_2.13-0.1.0-SNAPSHOT.jar for tasks to queue
[2024-12-16T19:07:14.287-0500] {logging_mixin.py:190} INFO - [2024-12-16T19:07:14.287-0500] {dagbag.py:588} INFO - Filling up the DagBag from /Users/apple/airflow/dags/jar/scalaspark_2.13-0.1.0-SNAPSHOT.jar
[2024-12-16T19:07:14.287-0500] {processor.py:927} WARNING - No viable dags retrieved from /Users/apple/airflow/dags/jar/scalaspark_2.13-0.1.0-SNAPSHOT.jar
[2024-12-16T19:07:14.337-0500] {processor.py:208} INFO - Processing /Users/apple/airflow/dags/jar/scalaspark_2.13-0.1.0-SNAPSHOT.jar took 0.053 seconds
[2024-12-16T19:07:45.892-0500] {processor.py:186} INFO - Started process (PID=42160) to work on /Users/apple/airflow/dags/jar/scalaspark_2.13-0.1.0-SNAPSHOT.jar
[2024-12-16T19:07:45.894-0500] {processor.py:914} INFO - Processing file /Users/apple/airflow/dags/jar/scalaspark_2.13-0.1.0-SNAPSHOT.jar for tasks to queue
[2024-12-16T19:07:45.894-0500] {logging_mixin.py:190} INFO - [2024-12-16T19:07:45.894-0500] {dagbag.py:588} INFO - Filling up the DagBag from /Users/apple/airflow/dags/jar/scalaspark_2.13-0.1.0-SNAPSHOT.jar
[2024-12-16T19:07:45.894-0500] {processor.py:927} WARNING - No viable dags retrieved from /Users/apple/airflow/dags/jar/scalaspark_2.13-0.1.0-SNAPSHOT.jar
[2024-12-16T19:07:45.944-0500] {processor.py:208} INFO - Processing /Users/apple/airflow/dags/jar/scalaspark_2.13-0.1.0-SNAPSHOT.jar took 0.053 seconds
[2024-12-16T19:08:16.713-0500] {processor.py:186} INFO - Started process (PID=42313) to work on /Users/apple/airflow/dags/jar/scalaspark_2.13-0.1.0-SNAPSHOT.jar
[2024-12-16T19:08:16.714-0500] {processor.py:914} INFO - Processing file /Users/apple/airflow/dags/jar/scalaspark_2.13-0.1.0-SNAPSHOT.jar for tasks to queue
[2024-12-16T19:08:16.714-0500] {logging_mixin.py:190} INFO - [2024-12-16T19:08:16.714-0500] {dagbag.py:588} INFO - Filling up the DagBag from /Users/apple/airflow/dags/jar/scalaspark_2.13-0.1.0-SNAPSHOT.jar
[2024-12-16T19:08:16.714-0500] {processor.py:927} WARNING - No viable dags retrieved from /Users/apple/airflow/dags/jar/scalaspark_2.13-0.1.0-SNAPSHOT.jar
[2024-12-16T19:08:16.766-0500] {processor.py:208} INFO - Processing /Users/apple/airflow/dags/jar/scalaspark_2.13-0.1.0-SNAPSHOT.jar took 0.054 seconds
[2024-12-16T19:08:47.502-0500] {processor.py:186} INFO - Started process (PID=42454) to work on /Users/apple/airflow/dags/jar/scalaspark_2.13-0.1.0-SNAPSHOT.jar
[2024-12-16T19:08:47.502-0500] {processor.py:914} INFO - Processing file /Users/apple/airflow/dags/jar/scalaspark_2.13-0.1.0-SNAPSHOT.jar for tasks to queue
[2024-12-16T19:08:47.503-0500] {logging_mixin.py:190} INFO - [2024-12-16T19:08:47.503-0500] {dagbag.py:588} INFO - Filling up the DagBag from /Users/apple/airflow/dags/jar/scalaspark_2.13-0.1.0-SNAPSHOT.jar
[2024-12-16T19:08:47.503-0500] {processor.py:927} WARNING - No viable dags retrieved from /Users/apple/airflow/dags/jar/scalaspark_2.13-0.1.0-SNAPSHOT.jar
[2024-12-16T19:08:47.555-0500] {processor.py:208} INFO - Processing /Users/apple/airflow/dags/jar/scalaspark_2.13-0.1.0-SNAPSHOT.jar took 0.055 seconds
[2024-12-16T19:09:19.922-0500] {processor.py:186} INFO - Started process (PID=42629) to work on /Users/apple/airflow/dags/jar/scalaspark_2.13-0.1.0-SNAPSHOT.jar
[2024-12-16T19:09:19.923-0500] {processor.py:914} INFO - Processing file /Users/apple/airflow/dags/jar/scalaspark_2.13-0.1.0-SNAPSHOT.jar for tasks to queue
[2024-12-16T19:09:19.924-0500] {logging_mixin.py:190} INFO - [2024-12-16T19:09:19.924-0500] {dagbag.py:588} INFO - Filling up the DagBag from /Users/apple/airflow/dags/jar/scalaspark_2.13-0.1.0-SNAPSHOT.jar
[2024-12-16T19:09:19.925-0500] {processor.py:927} WARNING - No viable dags retrieved from /Users/apple/airflow/dags/jar/scalaspark_2.13-0.1.0-SNAPSHOT.jar
[2024-12-16T19:09:20.006-0500] {processor.py:208} INFO - Processing /Users/apple/airflow/dags/jar/scalaspark_2.13-0.1.0-SNAPSHOT.jar took 0.085 seconds
[2024-12-16T19:09:51.662-0500] {processor.py:186} INFO - Started process (PID=42776) to work on /Users/apple/airflow/dags/jar/scalaspark_2.13-0.1.0-SNAPSHOT.jar
[2024-12-16T19:09:51.663-0500] {processor.py:914} INFO - Processing file /Users/apple/airflow/dags/jar/scalaspark_2.13-0.1.0-SNAPSHOT.jar for tasks to queue
[2024-12-16T19:09:51.664-0500] {logging_mixin.py:190} INFO - [2024-12-16T19:09:51.664-0500] {dagbag.py:588} INFO - Filling up the DagBag from /Users/apple/airflow/dags/jar/scalaspark_2.13-0.1.0-SNAPSHOT.jar
[2024-12-16T19:09:51.664-0500] {processor.py:927} WARNING - No viable dags retrieved from /Users/apple/airflow/dags/jar/scalaspark_2.13-0.1.0-SNAPSHOT.jar
[2024-12-16T19:09:51.716-0500] {processor.py:208} INFO - Processing /Users/apple/airflow/dags/jar/scalaspark_2.13-0.1.0-SNAPSHOT.jar took 0.055 seconds
[2024-12-16T19:10:22.813-0500] {processor.py:186} INFO - Started process (PID=42925) to work on /Users/apple/airflow/dags/jar/scalaspark_2.13-0.1.0-SNAPSHOT.jar
[2024-12-16T19:10:22.814-0500] {processor.py:914} INFO - Processing file /Users/apple/airflow/dags/jar/scalaspark_2.13-0.1.0-SNAPSHOT.jar for tasks to queue
[2024-12-16T19:10:22.814-0500] {logging_mixin.py:190} INFO - [2024-12-16T19:10:22.814-0500] {dagbag.py:588} INFO - Filling up the DagBag from /Users/apple/airflow/dags/jar/scalaspark_2.13-0.1.0-SNAPSHOT.jar
[2024-12-16T19:10:22.814-0500] {processor.py:927} WARNING - No viable dags retrieved from /Users/apple/airflow/dags/jar/scalaspark_2.13-0.1.0-SNAPSHOT.jar
[2024-12-16T19:10:22.872-0500] {processor.py:208} INFO - Processing /Users/apple/airflow/dags/jar/scalaspark_2.13-0.1.0-SNAPSHOT.jar took 0.060 seconds
[2024-12-16T19:10:53.780-0500] {processor.py:186} INFO - Started process (PID=43080) to work on /Users/apple/airflow/dags/jar/scalaspark_2.13-0.1.0-SNAPSHOT.jar
[2024-12-16T19:10:53.781-0500] {processor.py:914} INFO - Processing file /Users/apple/airflow/dags/jar/scalaspark_2.13-0.1.0-SNAPSHOT.jar for tasks to queue
[2024-12-16T19:10:53.781-0500] {logging_mixin.py:190} INFO - [2024-12-16T19:10:53.781-0500] {dagbag.py:588} INFO - Filling up the DagBag from /Users/apple/airflow/dags/jar/scalaspark_2.13-0.1.0-SNAPSHOT.jar
[2024-12-16T19:10:53.781-0500] {processor.py:927} WARNING - No viable dags retrieved from /Users/apple/airflow/dags/jar/scalaspark_2.13-0.1.0-SNAPSHOT.jar
[2024-12-16T19:10:53.831-0500] {processor.py:208} INFO - Processing /Users/apple/airflow/dags/jar/scalaspark_2.13-0.1.0-SNAPSHOT.jar took 0.052 seconds
[2024-12-16T19:11:25.064-0500] {processor.py:186} INFO - Started process (PID=43217) to work on /Users/apple/airflow/dags/jar/scalaspark_2.13-0.1.0-SNAPSHOT.jar
[2024-12-16T19:11:25.064-0500] {processor.py:914} INFO - Processing file /Users/apple/airflow/dags/jar/scalaspark_2.13-0.1.0-SNAPSHOT.jar for tasks to queue
[2024-12-16T19:11:25.065-0500] {logging_mixin.py:190} INFO - [2024-12-16T19:11:25.065-0500] {dagbag.py:588} INFO - Filling up the DagBag from /Users/apple/airflow/dags/jar/scalaspark_2.13-0.1.0-SNAPSHOT.jar
[2024-12-16T19:11:25.065-0500] {processor.py:927} WARNING - No viable dags retrieved from /Users/apple/airflow/dags/jar/scalaspark_2.13-0.1.0-SNAPSHOT.jar
[2024-12-16T19:11:25.115-0500] {processor.py:208} INFO - Processing /Users/apple/airflow/dags/jar/scalaspark_2.13-0.1.0-SNAPSHOT.jar took 0.052 seconds
[2024-12-16T19:11:55.949-0500] {processor.py:186} INFO - Started process (PID=43365) to work on /Users/apple/airflow/dags/jar/scalaspark_2.13-0.1.0-SNAPSHOT.jar
[2024-12-16T19:11:55.950-0500] {processor.py:914} INFO - Processing file /Users/apple/airflow/dags/jar/scalaspark_2.13-0.1.0-SNAPSHOT.jar for tasks to queue
[2024-12-16T19:11:55.950-0500] {logging_mixin.py:190} INFO - [2024-12-16T19:11:55.950-0500] {dagbag.py:588} INFO - Filling up the DagBag from /Users/apple/airflow/dags/jar/scalaspark_2.13-0.1.0-SNAPSHOT.jar
[2024-12-16T19:11:55.950-0500] {processor.py:927} WARNING - No viable dags retrieved from /Users/apple/airflow/dags/jar/scalaspark_2.13-0.1.0-SNAPSHOT.jar
[2024-12-16T19:11:56.002-0500] {processor.py:208} INFO - Processing /Users/apple/airflow/dags/jar/scalaspark_2.13-0.1.0-SNAPSHOT.jar took 0.055 seconds
[2024-12-16T19:12:27.326-0500] {processor.py:186} INFO - Started process (PID=43707) to work on /Users/apple/airflow/dags/jar/scalaspark_2.13-0.1.0-SNAPSHOT.jar
[2024-12-16T19:12:27.326-0500] {processor.py:914} INFO - Processing file /Users/apple/airflow/dags/jar/scalaspark_2.13-0.1.0-SNAPSHOT.jar for tasks to queue
[2024-12-16T19:12:27.327-0500] {logging_mixin.py:190} INFO - [2024-12-16T19:12:27.327-0500] {dagbag.py:588} INFO - Filling up the DagBag from /Users/apple/airflow/dags/jar/scalaspark_2.13-0.1.0-SNAPSHOT.jar
[2024-12-16T19:12:27.327-0500] {processor.py:927} WARNING - No viable dags retrieved from /Users/apple/airflow/dags/jar/scalaspark_2.13-0.1.0-SNAPSHOT.jar
[2024-12-16T19:12:27.378-0500] {processor.py:208} INFO - Processing /Users/apple/airflow/dags/jar/scalaspark_2.13-0.1.0-SNAPSHOT.jar took 0.054 seconds
[2024-12-16T19:12:58.709-0500] {processor.py:186} INFO - Started process (PID=43879) to work on /Users/apple/airflow/dags/jar/scalaspark_2.13-0.1.0-SNAPSHOT.jar
[2024-12-16T19:12:58.710-0500] {processor.py:914} INFO - Processing file /Users/apple/airflow/dags/jar/scalaspark_2.13-0.1.0-SNAPSHOT.jar for tasks to queue
[2024-12-16T19:12:58.711-0500] {logging_mixin.py:190} INFO - [2024-12-16T19:12:58.711-0500] {dagbag.py:588} INFO - Filling up the DagBag from /Users/apple/airflow/dags/jar/scalaspark_2.13-0.1.0-SNAPSHOT.jar
[2024-12-16T19:12:58.711-0500] {processor.py:927} WARNING - No viable dags retrieved from /Users/apple/airflow/dags/jar/scalaspark_2.13-0.1.0-SNAPSHOT.jar
[2024-12-16T19:12:58.761-0500] {processor.py:208} INFO - Processing /Users/apple/airflow/dags/jar/scalaspark_2.13-0.1.0-SNAPSHOT.jar took 0.053 seconds
