[2024-12-14T20:42:29.293-0500] {processor.py:186} INFO - Started process (PID=8009) to work on /opt/anaconda3/envs/python310/lib/python3.10/site-packages/airflow/example_dags/plugins/decreasing_priority_weight_strategy.py
[2024-12-14T20:42:29.293-0500] {processor.py:914} INFO - Processing file /opt/anaconda3/envs/python310/lib/python3.10/site-packages/airflow/example_dags/plugins/decreasing_priority_weight_strategy.py for tasks to queue
[2024-12-14T20:42:29.294-0500] {logging_mixin.py:190} INFO - [2024-12-14T20:42:29.294-0500] {dagbag.py:588} INFO - Filling up the DagBag from /opt/anaconda3/envs/python310/lib/python3.10/site-packages/airflow/example_dags/plugins/decreasing_priority_weight_strategy.py
[2024-12-14T20:42:29.294-0500] {processor.py:927} WARNING - No viable dags retrieved from /opt/anaconda3/envs/python310/lib/python3.10/site-packages/airflow/example_dags/plugins/decreasing_priority_weight_strategy.py
[2024-12-14T20:42:29.345-0500] {processor.py:208} INFO - Processing /opt/anaconda3/envs/python310/lib/python3.10/site-packages/airflow/example_dags/plugins/decreasing_priority_weight_strategy.py took 0.053 seconds
[2024-12-14T20:44:04.305-0500] {processor.py:186} INFO - Started process (PID=8339) to work on /opt/anaconda3/envs/python310/lib/python3.10/site-packages/airflow/example_dags/plugins/decreasing_priority_weight_strategy.py
[2024-12-14T20:44:04.306-0500] {processor.py:914} INFO - Processing file /opt/anaconda3/envs/python310/lib/python3.10/site-packages/airflow/example_dags/plugins/decreasing_priority_weight_strategy.py for tasks to queue
[2024-12-14T20:44:04.306-0500] {logging_mixin.py:190} INFO - [2024-12-14T20:44:04.306-0500] {dagbag.py:588} INFO - Filling up the DagBag from /opt/anaconda3/envs/python310/lib/python3.10/site-packages/airflow/example_dags/plugins/decreasing_priority_weight_strategy.py
[2024-12-14T20:44:04.307-0500] {processor.py:927} WARNING - No viable dags retrieved from /opt/anaconda3/envs/python310/lib/python3.10/site-packages/airflow/example_dags/plugins/decreasing_priority_weight_strategy.py
[2024-12-14T20:44:04.359-0500] {processor.py:208} INFO - Processing /opt/anaconda3/envs/python310/lib/python3.10/site-packages/airflow/example_dags/plugins/decreasing_priority_weight_strategy.py took 0.055 seconds
[2024-12-14T20:45:06.607-0500] {processor.py:186} INFO - Started process (PID=8451) to work on /opt/anaconda3/envs/python310/lib/python3.10/site-packages/airflow/example_dags/plugins/decreasing_priority_weight_strategy.py
[2024-12-14T20:45:06.608-0500] {processor.py:914} INFO - Processing file /opt/anaconda3/envs/python310/lib/python3.10/site-packages/airflow/example_dags/plugins/decreasing_priority_weight_strategy.py for tasks to queue
[2024-12-14T20:45:06.609-0500] {logging_mixin.py:190} INFO - [2024-12-14T20:45:06.608-0500] {dagbag.py:588} INFO - Filling up the DagBag from /opt/anaconda3/envs/python310/lib/python3.10/site-packages/airflow/example_dags/plugins/decreasing_priority_weight_strategy.py
[2024-12-14T20:45:06.609-0500] {processor.py:927} WARNING - No viable dags retrieved from /opt/anaconda3/envs/python310/lib/python3.10/site-packages/airflow/example_dags/plugins/decreasing_priority_weight_strategy.py
[2024-12-14T20:45:06.663-0500] {processor.py:208} INFO - Processing /opt/anaconda3/envs/python310/lib/python3.10/site-packages/airflow/example_dags/plugins/decreasing_priority_weight_strategy.py took 0.057 seconds
[2024-12-14T20:46:12.307-0500] {processor.py:186} INFO - Started process (PID=8558) to work on /opt/anaconda3/envs/python310/lib/python3.10/site-packages/airflow/example_dags/plugins/decreasing_priority_weight_strategy.py
[2024-12-14T20:46:12.308-0500] {processor.py:914} INFO - Processing file /opt/anaconda3/envs/python310/lib/python3.10/site-packages/airflow/example_dags/plugins/decreasing_priority_weight_strategy.py for tasks to queue
[2024-12-14T20:46:12.309-0500] {logging_mixin.py:190} INFO - [2024-12-14T20:46:12.309-0500] {dagbag.py:588} INFO - Filling up the DagBag from /opt/anaconda3/envs/python310/lib/python3.10/site-packages/airflow/example_dags/plugins/decreasing_priority_weight_strategy.py
[2024-12-14T20:46:12.309-0500] {processor.py:927} WARNING - No viable dags retrieved from /opt/anaconda3/envs/python310/lib/python3.10/site-packages/airflow/example_dags/plugins/decreasing_priority_weight_strategy.py
[2024-12-14T20:46:12.360-0500] {processor.py:208} INFO - Processing /opt/anaconda3/envs/python310/lib/python3.10/site-packages/airflow/example_dags/plugins/decreasing_priority_weight_strategy.py took 0.054 seconds
[2024-12-14T20:47:15.128-0500] {processor.py:186} INFO - Started process (PID=8667) to work on /opt/anaconda3/envs/python310/lib/python3.10/site-packages/airflow/example_dags/plugins/decreasing_priority_weight_strategy.py
[2024-12-14T20:47:15.130-0500] {processor.py:914} INFO - Processing file /opt/anaconda3/envs/python310/lib/python3.10/site-packages/airflow/example_dags/plugins/decreasing_priority_weight_strategy.py for tasks to queue
[2024-12-14T20:47:15.130-0500] {logging_mixin.py:190} INFO - [2024-12-14T20:47:15.130-0500] {dagbag.py:588} INFO - Filling up the DagBag from /opt/anaconda3/envs/python310/lib/python3.10/site-packages/airflow/example_dags/plugins/decreasing_priority_weight_strategy.py
[2024-12-14T20:47:15.130-0500] {processor.py:927} WARNING - No viable dags retrieved from /opt/anaconda3/envs/python310/lib/python3.10/site-packages/airflow/example_dags/plugins/decreasing_priority_weight_strategy.py
[2024-12-14T20:47:15.182-0500] {processor.py:208} INFO - Processing /opt/anaconda3/envs/python310/lib/python3.10/site-packages/airflow/example_dags/plugins/decreasing_priority_weight_strategy.py took 0.054 seconds
[2024-12-14T20:48:18.990-0500] {processor.py:186} INFO - Started process (PID=8779) to work on /opt/anaconda3/envs/python310/lib/python3.10/site-packages/airflow/example_dags/plugins/decreasing_priority_weight_strategy.py
[2024-12-14T20:48:18.991-0500] {processor.py:914} INFO - Processing file /opt/anaconda3/envs/python310/lib/python3.10/site-packages/airflow/example_dags/plugins/decreasing_priority_weight_strategy.py for tasks to queue
[2024-12-14T20:48:18.991-0500] {logging_mixin.py:190} INFO - [2024-12-14T20:48:18.991-0500] {dagbag.py:588} INFO - Filling up the DagBag from /opt/anaconda3/envs/python310/lib/python3.10/site-packages/airflow/example_dags/plugins/decreasing_priority_weight_strategy.py
[2024-12-14T20:48:18.992-0500] {processor.py:927} WARNING - No viable dags retrieved from /opt/anaconda3/envs/python310/lib/python3.10/site-packages/airflow/example_dags/plugins/decreasing_priority_weight_strategy.py
[2024-12-14T20:48:19.042-0500] {processor.py:208} INFO - Processing /opt/anaconda3/envs/python310/lib/python3.10/site-packages/airflow/example_dags/plugins/decreasing_priority_weight_strategy.py took 0.053 seconds
[2024-12-14T20:49:23.488-0500] {processor.py:186} INFO - Started process (PID=8885) to work on /opt/anaconda3/envs/python310/lib/python3.10/site-packages/airflow/example_dags/plugins/decreasing_priority_weight_strategy.py
[2024-12-14T20:49:23.489-0500] {processor.py:914} INFO - Processing file /opt/anaconda3/envs/python310/lib/python3.10/site-packages/airflow/example_dags/plugins/decreasing_priority_weight_strategy.py for tasks to queue
[2024-12-14T20:49:23.489-0500] {logging_mixin.py:190} INFO - [2024-12-14T20:49:23.489-0500] {dagbag.py:588} INFO - Filling up the DagBag from /opt/anaconda3/envs/python310/lib/python3.10/site-packages/airflow/example_dags/plugins/decreasing_priority_weight_strategy.py
[2024-12-14T20:49:23.489-0500] {processor.py:927} WARNING - No viable dags retrieved from /opt/anaconda3/envs/python310/lib/python3.10/site-packages/airflow/example_dags/plugins/decreasing_priority_weight_strategy.py
[2024-12-14T20:49:23.540-0500] {processor.py:208} INFO - Processing /opt/anaconda3/envs/python310/lib/python3.10/site-packages/airflow/example_dags/plugins/decreasing_priority_weight_strategy.py took 0.053 seconds
[2024-12-14T20:50:29.483-0500] {processor.py:186} INFO - Started process (PID=8996) to work on /opt/anaconda3/envs/python310/lib/python3.10/site-packages/airflow/example_dags/plugins/decreasing_priority_weight_strategy.py
[2024-12-14T20:50:29.483-0500] {processor.py:914} INFO - Processing file /opt/anaconda3/envs/python310/lib/python3.10/site-packages/airflow/example_dags/plugins/decreasing_priority_weight_strategy.py for tasks to queue
[2024-12-14T20:50:29.484-0500] {logging_mixin.py:190} INFO - [2024-12-14T20:50:29.484-0500] {dagbag.py:588} INFO - Filling up the DagBag from /opt/anaconda3/envs/python310/lib/python3.10/site-packages/airflow/example_dags/plugins/decreasing_priority_weight_strategy.py
[2024-12-14T20:50:29.484-0500] {processor.py:927} WARNING - No viable dags retrieved from /opt/anaconda3/envs/python310/lib/python3.10/site-packages/airflow/example_dags/plugins/decreasing_priority_weight_strategy.py
[2024-12-14T20:50:29.537-0500] {processor.py:208} INFO - Processing /opt/anaconda3/envs/python310/lib/python3.10/site-packages/airflow/example_dags/plugins/decreasing_priority_weight_strategy.py took 0.055 seconds
[2024-12-14T20:51:34.633-0500] {processor.py:186} INFO - Started process (PID=9102) to work on /opt/anaconda3/envs/python310/lib/python3.10/site-packages/airflow/example_dags/plugins/decreasing_priority_weight_strategy.py
[2024-12-14T20:51:34.634-0500] {processor.py:914} INFO - Processing file /opt/anaconda3/envs/python310/lib/python3.10/site-packages/airflow/example_dags/plugins/decreasing_priority_weight_strategy.py for tasks to queue
[2024-12-14T20:51:34.634-0500] {logging_mixin.py:190} INFO - [2024-12-14T20:51:34.634-0500] {dagbag.py:588} INFO - Filling up the DagBag from /opt/anaconda3/envs/python310/lib/python3.10/site-packages/airflow/example_dags/plugins/decreasing_priority_weight_strategy.py
[2024-12-14T20:51:34.635-0500] {processor.py:927} WARNING - No viable dags retrieved from /opt/anaconda3/envs/python310/lib/python3.10/site-packages/airflow/example_dags/plugins/decreasing_priority_weight_strategy.py
[2024-12-14T20:51:34.685-0500] {processor.py:208} INFO - Processing /opt/anaconda3/envs/python310/lib/python3.10/site-packages/airflow/example_dags/plugins/decreasing_priority_weight_strategy.py took 0.053 seconds
[2024-12-14T20:52:41.783-0500] {processor.py:186} INFO - Started process (PID=9227) to work on /opt/anaconda3/envs/python310/lib/python3.10/site-packages/airflow/example_dags/plugins/decreasing_priority_weight_strategy.py
[2024-12-14T20:52:41.784-0500] {processor.py:914} INFO - Processing file /opt/anaconda3/envs/python310/lib/python3.10/site-packages/airflow/example_dags/plugins/decreasing_priority_weight_strategy.py for tasks to queue
[2024-12-14T20:52:41.785-0500] {logging_mixin.py:190} INFO - [2024-12-14T20:52:41.785-0500] {dagbag.py:588} INFO - Filling up the DagBag from /opt/anaconda3/envs/python310/lib/python3.10/site-packages/airflow/example_dags/plugins/decreasing_priority_weight_strategy.py
[2024-12-14T20:52:41.785-0500] {processor.py:927} WARNING - No viable dags retrieved from /opt/anaconda3/envs/python310/lib/python3.10/site-packages/airflow/example_dags/plugins/decreasing_priority_weight_strategy.py
[2024-12-14T20:52:41.835-0500] {processor.py:208} INFO - Processing /opt/anaconda3/envs/python310/lib/python3.10/site-packages/airflow/example_dags/plugins/decreasing_priority_weight_strategy.py took 0.053 seconds
[2024-12-14T20:53:45.676-0500] {processor.py:186} INFO - Started process (PID=9355) to work on /opt/anaconda3/envs/python310/lib/python3.10/site-packages/airflow/example_dags/plugins/decreasing_priority_weight_strategy.py
[2024-12-14T20:53:45.677-0500] {processor.py:914} INFO - Processing file /opt/anaconda3/envs/python310/lib/python3.10/site-packages/airflow/example_dags/plugins/decreasing_priority_weight_strategy.py for tasks to queue
[2024-12-14T20:53:45.677-0500] {logging_mixin.py:190} INFO - [2024-12-14T20:53:45.677-0500] {dagbag.py:588} INFO - Filling up the DagBag from /opt/anaconda3/envs/python310/lib/python3.10/site-packages/airflow/example_dags/plugins/decreasing_priority_weight_strategy.py
[2024-12-14T20:53:45.678-0500] {processor.py:927} WARNING - No viable dags retrieved from /opt/anaconda3/envs/python310/lib/python3.10/site-packages/airflow/example_dags/plugins/decreasing_priority_weight_strategy.py
[2024-12-14T20:53:45.729-0500] {processor.py:208} INFO - Processing /opt/anaconda3/envs/python310/lib/python3.10/site-packages/airflow/example_dags/plugins/decreasing_priority_weight_strategy.py took 0.055 seconds
[2024-12-14T20:54:49.704-0500] {processor.py:186} INFO - Started process (PID=9465) to work on /opt/anaconda3/envs/python310/lib/python3.10/site-packages/airflow/example_dags/plugins/decreasing_priority_weight_strategy.py
[2024-12-14T20:54:49.705-0500] {processor.py:914} INFO - Processing file /opt/anaconda3/envs/python310/lib/python3.10/site-packages/airflow/example_dags/plugins/decreasing_priority_weight_strategy.py for tasks to queue
[2024-12-14T20:54:49.706-0500] {logging_mixin.py:190} INFO - [2024-12-14T20:54:49.706-0500] {dagbag.py:588} INFO - Filling up the DagBag from /opt/anaconda3/envs/python310/lib/python3.10/site-packages/airflow/example_dags/plugins/decreasing_priority_weight_strategy.py
[2024-12-14T20:54:49.706-0500] {processor.py:927} WARNING - No viable dags retrieved from /opt/anaconda3/envs/python310/lib/python3.10/site-packages/airflow/example_dags/plugins/decreasing_priority_weight_strategy.py
[2024-12-14T20:54:49.763-0500] {processor.py:208} INFO - Processing /opt/anaconda3/envs/python310/lib/python3.10/site-packages/airflow/example_dags/plugins/decreasing_priority_weight_strategy.py took 0.060 seconds
