[2024-12-14T20:42:27.568-0500] {processor.py:186} INFO - Started process (PID=8006) to work on /opt/anaconda3/envs/python310/lib/python3.10/site-packages/airflow/example_dags/plugins/event_listener.py
[2024-12-14T20:42:27.568-0500] {processor.py:914} INFO - Processing file /opt/anaconda3/envs/python310/lib/python3.10/site-packages/airflow/example_dags/plugins/event_listener.py for tasks to queue
[2024-12-14T20:42:27.569-0500] {logging_mixin.py:190} INFO - [2024-12-14T20:42:27.569-0500] {dagbag.py:588} INFO - Filling up the DagBag from /opt/anaconda3/envs/python310/lib/python3.10/site-packages/airflow/example_dags/plugins/event_listener.py
[2024-12-14T20:42:27.569-0500] {processor.py:927} WARNING - No viable dags retrieved from /opt/anaconda3/envs/python310/lib/python3.10/site-packages/airflow/example_dags/plugins/event_listener.py
[2024-12-14T20:42:27.619-0500] {processor.py:208} INFO - Processing /opt/anaconda3/envs/python310/lib/python3.10/site-packages/airflow/example_dags/plugins/event_listener.py took 0.053 seconds
[2024-12-14T20:44:02.546-0500] {processor.py:186} INFO - Started process (PID=8337) to work on /opt/anaconda3/envs/python310/lib/python3.10/site-packages/airflow/example_dags/plugins/event_listener.py
[2024-12-14T20:44:02.547-0500] {processor.py:914} INFO - Processing file /opt/anaconda3/envs/python310/lib/python3.10/site-packages/airflow/example_dags/plugins/event_listener.py for tasks to queue
[2024-12-14T20:44:02.547-0500] {logging_mixin.py:190} INFO - [2024-12-14T20:44:02.547-0500] {dagbag.py:588} INFO - Filling up the DagBag from /opt/anaconda3/envs/python310/lib/python3.10/site-packages/airflow/example_dags/plugins/event_listener.py
[2024-12-14T20:44:02.547-0500] {processor.py:927} WARNING - No viable dags retrieved from /opt/anaconda3/envs/python310/lib/python3.10/site-packages/airflow/example_dags/plugins/event_listener.py
[2024-12-14T20:44:02.597-0500] {processor.py:208} INFO - Processing /opt/anaconda3/envs/python310/lib/python3.10/site-packages/airflow/example_dags/plugins/event_listener.py took 0.052 seconds
[2024-12-14T20:45:04.783-0500] {processor.py:186} INFO - Started process (PID=8449) to work on /opt/anaconda3/envs/python310/lib/python3.10/site-packages/airflow/example_dags/plugins/event_listener.py
[2024-12-14T20:45:04.784-0500] {processor.py:914} INFO - Processing file /opt/anaconda3/envs/python310/lib/python3.10/site-packages/airflow/example_dags/plugins/event_listener.py for tasks to queue
[2024-12-14T20:45:04.784-0500] {logging_mixin.py:190} INFO - [2024-12-14T20:45:04.784-0500] {dagbag.py:588} INFO - Filling up the DagBag from /opt/anaconda3/envs/python310/lib/python3.10/site-packages/airflow/example_dags/plugins/event_listener.py
[2024-12-14T20:45:04.785-0500] {processor.py:927} WARNING - No viable dags retrieved from /opt/anaconda3/envs/python310/lib/python3.10/site-packages/airflow/example_dags/plugins/event_listener.py
[2024-12-14T20:45:04.836-0500] {processor.py:208} INFO - Processing /opt/anaconda3/envs/python310/lib/python3.10/site-packages/airflow/example_dags/plugins/event_listener.py took 0.054 seconds
[2024-12-14T20:46:10.546-0500] {processor.py:186} INFO - Started process (PID=8556) to work on /opt/anaconda3/envs/python310/lib/python3.10/site-packages/airflow/example_dags/plugins/event_listener.py
[2024-12-14T20:46:10.547-0500] {processor.py:914} INFO - Processing file /opt/anaconda3/envs/python310/lib/python3.10/site-packages/airflow/example_dags/plugins/event_listener.py for tasks to queue
[2024-12-14T20:46:10.548-0500] {logging_mixin.py:190} INFO - [2024-12-14T20:46:10.548-0500] {dagbag.py:588} INFO - Filling up the DagBag from /opt/anaconda3/envs/python310/lib/python3.10/site-packages/airflow/example_dags/plugins/event_listener.py
[2024-12-14T20:46:10.548-0500] {processor.py:927} WARNING - No viable dags retrieved from /opt/anaconda3/envs/python310/lib/python3.10/site-packages/airflow/example_dags/plugins/event_listener.py
[2024-12-14T20:46:10.607-0500] {processor.py:208} INFO - Processing /opt/anaconda3/envs/python310/lib/python3.10/site-packages/airflow/example_dags/plugins/event_listener.py took 0.063 seconds
[2024-12-14T20:47:13.405-0500] {processor.py:186} INFO - Started process (PID=8665) to work on /opt/anaconda3/envs/python310/lib/python3.10/site-packages/airflow/example_dags/plugins/event_listener.py
[2024-12-14T20:47:13.405-0500] {processor.py:914} INFO - Processing file /opt/anaconda3/envs/python310/lib/python3.10/site-packages/airflow/example_dags/plugins/event_listener.py for tasks to queue
[2024-12-14T20:47:13.406-0500] {logging_mixin.py:190} INFO - [2024-12-14T20:47:13.406-0500] {dagbag.py:588} INFO - Filling up the DagBag from /opt/anaconda3/envs/python310/lib/python3.10/site-packages/airflow/example_dags/plugins/event_listener.py
[2024-12-14T20:47:13.406-0500] {processor.py:927} WARNING - No viable dags retrieved from /opt/anaconda3/envs/python310/lib/python3.10/site-packages/airflow/example_dags/plugins/event_listener.py
[2024-12-14T20:47:13.456-0500] {processor.py:208} INFO - Processing /opt/anaconda3/envs/python310/lib/python3.10/site-packages/airflow/example_dags/plugins/event_listener.py took 0.053 seconds
[2024-12-14T20:48:17.259-0500] {processor.py:186} INFO - Started process (PID=8777) to work on /opt/anaconda3/envs/python310/lib/python3.10/site-packages/airflow/example_dags/plugins/event_listener.py
[2024-12-14T20:48:17.259-0500] {processor.py:914} INFO - Processing file /opt/anaconda3/envs/python310/lib/python3.10/site-packages/airflow/example_dags/plugins/event_listener.py for tasks to queue
[2024-12-14T20:48:17.260-0500] {logging_mixin.py:190} INFO - [2024-12-14T20:48:17.260-0500] {dagbag.py:588} INFO - Filling up the DagBag from /opt/anaconda3/envs/python310/lib/python3.10/site-packages/airflow/example_dags/plugins/event_listener.py
[2024-12-14T20:48:17.260-0500] {processor.py:927} WARNING - No viable dags retrieved from /opt/anaconda3/envs/python310/lib/python3.10/site-packages/airflow/example_dags/plugins/event_listener.py
[2024-12-14T20:48:17.311-0500] {processor.py:208} INFO - Processing /opt/anaconda3/envs/python310/lib/python3.10/site-packages/airflow/example_dags/plugins/event_listener.py took 0.054 seconds
[2024-12-14T20:49:21.821-0500] {processor.py:186} INFO - Started process (PID=8883) to work on /opt/anaconda3/envs/python310/lib/python3.10/site-packages/airflow/example_dags/plugins/event_listener.py
[2024-12-14T20:49:21.822-0500] {processor.py:914} INFO - Processing file /opt/anaconda3/envs/python310/lib/python3.10/site-packages/airflow/example_dags/plugins/event_listener.py for tasks to queue
[2024-12-14T20:49:21.822-0500] {logging_mixin.py:190} INFO - [2024-12-14T20:49:21.822-0500] {dagbag.py:588} INFO - Filling up the DagBag from /opt/anaconda3/envs/python310/lib/python3.10/site-packages/airflow/example_dags/plugins/event_listener.py
[2024-12-14T20:49:21.823-0500] {processor.py:927} WARNING - No viable dags retrieved from /opt/anaconda3/envs/python310/lib/python3.10/site-packages/airflow/example_dags/plugins/event_listener.py
[2024-12-14T20:49:21.877-0500] {processor.py:208} INFO - Processing /opt/anaconda3/envs/python310/lib/python3.10/site-packages/airflow/example_dags/plugins/event_listener.py took 0.057 seconds
[2024-12-14T20:50:27.745-0500] {processor.py:186} INFO - Started process (PID=8994) to work on /opt/anaconda3/envs/python310/lib/python3.10/site-packages/airflow/example_dags/plugins/event_listener.py
[2024-12-14T20:50:27.745-0500] {processor.py:914} INFO - Processing file /opt/anaconda3/envs/python310/lib/python3.10/site-packages/airflow/example_dags/plugins/event_listener.py for tasks to queue
[2024-12-14T20:50:27.746-0500] {logging_mixin.py:190} INFO - [2024-12-14T20:50:27.746-0500] {dagbag.py:588} INFO - Filling up the DagBag from /opt/anaconda3/envs/python310/lib/python3.10/site-packages/airflow/example_dags/plugins/event_listener.py
[2024-12-14T20:50:27.746-0500] {processor.py:927} WARNING - No viable dags retrieved from /opt/anaconda3/envs/python310/lib/python3.10/site-packages/airflow/example_dags/plugins/event_listener.py
[2024-12-14T20:50:27.798-0500] {processor.py:208} INFO - Processing /opt/anaconda3/envs/python310/lib/python3.10/site-packages/airflow/example_dags/plugins/event_listener.py took 0.055 seconds
[2024-12-14T20:51:33.088-0500] {processor.py:186} INFO - Started process (PID=9100) to work on /opt/anaconda3/envs/python310/lib/python3.10/site-packages/airflow/example_dags/plugins/event_listener.py
[2024-12-14T20:51:33.088-0500] {processor.py:914} INFO - Processing file /opt/anaconda3/envs/python310/lib/python3.10/site-packages/airflow/example_dags/plugins/event_listener.py for tasks to queue
[2024-12-14T20:51:33.089-0500] {logging_mixin.py:190} INFO - [2024-12-14T20:51:33.089-0500] {dagbag.py:588} INFO - Filling up the DagBag from /opt/anaconda3/envs/python310/lib/python3.10/site-packages/airflow/example_dags/plugins/event_listener.py
[2024-12-14T20:51:33.089-0500] {processor.py:927} WARNING - No viable dags retrieved from /opt/anaconda3/envs/python310/lib/python3.10/site-packages/airflow/example_dags/plugins/event_listener.py
[2024-12-14T20:51:33.140-0500] {processor.py:208} INFO - Processing /opt/anaconda3/envs/python310/lib/python3.10/site-packages/airflow/example_dags/plugins/event_listener.py took 0.053 seconds
[2024-12-14T20:52:40.050-0500] {processor.py:186} INFO - Started process (PID=9223) to work on /opt/anaconda3/envs/python310/lib/python3.10/site-packages/airflow/example_dags/plugins/event_listener.py
[2024-12-14T20:52:40.051-0500] {processor.py:914} INFO - Processing file /opt/anaconda3/envs/python310/lib/python3.10/site-packages/airflow/example_dags/plugins/event_listener.py for tasks to queue
[2024-12-14T20:52:40.051-0500] {logging_mixin.py:190} INFO - [2024-12-14T20:52:40.051-0500] {dagbag.py:588} INFO - Filling up the DagBag from /opt/anaconda3/envs/python310/lib/python3.10/site-packages/airflow/example_dags/plugins/event_listener.py
[2024-12-14T20:52:40.052-0500] {processor.py:927} WARNING - No viable dags retrieved from /opt/anaconda3/envs/python310/lib/python3.10/site-packages/airflow/example_dags/plugins/event_listener.py
[2024-12-14T20:52:40.102-0500] {processor.py:208} INFO - Processing /opt/anaconda3/envs/python310/lib/python3.10/site-packages/airflow/example_dags/plugins/event_listener.py took 0.054 seconds
[2024-12-14T20:53:44.565-0500] {processor.py:186} INFO - Started process (PID=9353) to work on /opt/anaconda3/envs/python310/lib/python3.10/site-packages/airflow/example_dags/plugins/event_listener.py
[2024-12-14T20:53:44.566-0500] {processor.py:914} INFO - Processing file /opt/anaconda3/envs/python310/lib/python3.10/site-packages/airflow/example_dags/plugins/event_listener.py for tasks to queue
[2024-12-14T20:53:44.566-0500] {logging_mixin.py:190} INFO - [2024-12-14T20:53:44.566-0500] {dagbag.py:588} INFO - Filling up the DagBag from /opt/anaconda3/envs/python310/lib/python3.10/site-packages/airflow/example_dags/plugins/event_listener.py
[2024-12-14T20:53:44.567-0500] {processor.py:927} WARNING - No viable dags retrieved from /opt/anaconda3/envs/python310/lib/python3.10/site-packages/airflow/example_dags/plugins/event_listener.py
[2024-12-14T20:53:44.620-0500] {processor.py:208} INFO - Processing /opt/anaconda3/envs/python310/lib/python3.10/site-packages/airflow/example_dags/plugins/event_listener.py took 0.057 seconds
[2024-12-14T20:54:47.970-0500] {processor.py:186} INFO - Started process (PID=9463) to work on /opt/anaconda3/envs/python310/lib/python3.10/site-packages/airflow/example_dags/plugins/event_listener.py
[2024-12-14T20:54:47.971-0500] {processor.py:914} INFO - Processing file /opt/anaconda3/envs/python310/lib/python3.10/site-packages/airflow/example_dags/plugins/event_listener.py for tasks to queue
[2024-12-14T20:54:47.972-0500] {logging_mixin.py:190} INFO - [2024-12-14T20:54:47.971-0500] {dagbag.py:588} INFO - Filling up the DagBag from /opt/anaconda3/envs/python310/lib/python3.10/site-packages/airflow/example_dags/plugins/event_listener.py
[2024-12-14T20:54:47.972-0500] {processor.py:927} WARNING - No viable dags retrieved from /opt/anaconda3/envs/python310/lib/python3.10/site-packages/airflow/example_dags/plugins/event_listener.py
[2024-12-14T20:54:48.023-0500] {processor.py:208} INFO - Processing /opt/anaconda3/envs/python310/lib/python3.10/site-packages/airflow/example_dags/plugins/event_listener.py took 0.054 seconds
