[2024-12-14T20:42:26.636-0500] {processor.py:186} INFO - Started process (PID=8004) to work on /opt/anaconda3/envs/python310/lib/python3.10/site-packages/airflow/example_dags/plugins/listener_plugin.py
[2024-12-14T20:42:26.636-0500] {processor.py:914} INFO - Processing file /opt/anaconda3/envs/python310/lib/python3.10/site-packages/airflow/example_dags/plugins/listener_plugin.py for tasks to queue
[2024-12-14T20:42:26.637-0500] {logging_mixin.py:190} INFO - [2024-12-14T20:42:26.637-0500] {dagbag.py:588} INFO - Filling up the DagBag from /opt/anaconda3/envs/python310/lib/python3.10/site-packages/airflow/example_dags/plugins/listener_plugin.py
[2024-12-14T20:42:26.637-0500] {processor.py:927} WARNING - No viable dags retrieved from /opt/anaconda3/envs/python310/lib/python3.10/site-packages/airflow/example_dags/plugins/listener_plugin.py
[2024-12-14T20:42:26.688-0500] {processor.py:208} INFO - Processing /opt/anaconda3/envs/python310/lib/python3.10/site-packages/airflow/example_dags/plugins/listener_plugin.py took 0.053 seconds
[2024-12-14T20:44:00.767-0500] {processor.py:186} INFO - Started process (PID=8334) to work on /opt/anaconda3/envs/python310/lib/python3.10/site-packages/airflow/example_dags/plugins/listener_plugin.py
[2024-12-14T20:44:00.767-0500] {processor.py:914} INFO - Processing file /opt/anaconda3/envs/python310/lib/python3.10/site-packages/airflow/example_dags/plugins/listener_plugin.py for tasks to queue
[2024-12-14T20:44:00.768-0500] {logging_mixin.py:190} INFO - [2024-12-14T20:44:00.768-0500] {dagbag.py:588} INFO - Filling up the DagBag from /opt/anaconda3/envs/python310/lib/python3.10/site-packages/airflow/example_dags/plugins/listener_plugin.py
[2024-12-14T20:44:00.769-0500] {processor.py:927} WARNING - No viable dags retrieved from /opt/anaconda3/envs/python310/lib/python3.10/site-packages/airflow/example_dags/plugins/listener_plugin.py
[2024-12-14T20:44:00.821-0500] {processor.py:208} INFO - Processing /opt/anaconda3/envs/python310/lib/python3.10/site-packages/airflow/example_dags/plugins/listener_plugin.py took 0.055 seconds
[2024-12-14T20:45:03.029-0500] {processor.py:186} INFO - Started process (PID=8447) to work on /opt/anaconda3/envs/python310/lib/python3.10/site-packages/airflow/example_dags/plugins/listener_plugin.py
[2024-12-14T20:45:03.030-0500] {processor.py:914} INFO - Processing file /opt/anaconda3/envs/python310/lib/python3.10/site-packages/airflow/example_dags/plugins/listener_plugin.py for tasks to queue
[2024-12-14T20:45:03.030-0500] {logging_mixin.py:190} INFO - [2024-12-14T20:45:03.030-0500] {dagbag.py:588} INFO - Filling up the DagBag from /opt/anaconda3/envs/python310/lib/python3.10/site-packages/airflow/example_dags/plugins/listener_plugin.py
[2024-12-14T20:45:03.031-0500] {processor.py:927} WARNING - No viable dags retrieved from /opt/anaconda3/envs/python310/lib/python3.10/site-packages/airflow/example_dags/plugins/listener_plugin.py
[2024-12-14T20:45:03.082-0500] {processor.py:208} INFO - Processing /opt/anaconda3/envs/python310/lib/python3.10/site-packages/airflow/example_dags/plugins/listener_plugin.py took 0.054 seconds
[2024-12-14T20:46:08.811-0500] {processor.py:186} INFO - Started process (PID=8554) to work on /opt/anaconda3/envs/python310/lib/python3.10/site-packages/airflow/example_dags/plugins/listener_plugin.py
[2024-12-14T20:46:08.812-0500] {processor.py:914} INFO - Processing file /opt/anaconda3/envs/python310/lib/python3.10/site-packages/airflow/example_dags/plugins/listener_plugin.py for tasks to queue
[2024-12-14T20:46:08.812-0500] {logging_mixin.py:190} INFO - [2024-12-14T20:46:08.812-0500] {dagbag.py:588} INFO - Filling up the DagBag from /opt/anaconda3/envs/python310/lib/python3.10/site-packages/airflow/example_dags/plugins/listener_plugin.py
[2024-12-14T20:46:08.813-0500] {processor.py:927} WARNING - No viable dags retrieved from /opt/anaconda3/envs/python310/lib/python3.10/site-packages/airflow/example_dags/plugins/listener_plugin.py
[2024-12-14T20:46:08.863-0500] {processor.py:208} INFO - Processing /opt/anaconda3/envs/python310/lib/python3.10/site-packages/airflow/example_dags/plugins/listener_plugin.py took 0.054 seconds
[2024-12-14T20:47:11.660-0500] {processor.py:186} INFO - Started process (PID=8663) to work on /opt/anaconda3/envs/python310/lib/python3.10/site-packages/airflow/example_dags/plugins/listener_plugin.py
[2024-12-14T20:47:11.661-0500] {processor.py:914} INFO - Processing file /opt/anaconda3/envs/python310/lib/python3.10/site-packages/airflow/example_dags/plugins/listener_plugin.py for tasks to queue
[2024-12-14T20:47:11.661-0500] {logging_mixin.py:190} INFO - [2024-12-14T20:47:11.661-0500] {dagbag.py:588} INFO - Filling up the DagBag from /opt/anaconda3/envs/python310/lib/python3.10/site-packages/airflow/example_dags/plugins/listener_plugin.py
[2024-12-14T20:47:11.663-0500] {processor.py:927} WARNING - No viable dags retrieved from /opt/anaconda3/envs/python310/lib/python3.10/site-packages/airflow/example_dags/plugins/listener_plugin.py
[2024-12-14T20:47:11.713-0500] {processor.py:208} INFO - Processing /opt/anaconda3/envs/python310/lib/python3.10/site-packages/airflow/example_dags/plugins/listener_plugin.py took 0.054 seconds
[2024-12-14T20:48:16.307-0500] {processor.py:186} INFO - Started process (PID=8775) to work on /opt/anaconda3/envs/python310/lib/python3.10/site-packages/airflow/example_dags/plugins/listener_plugin.py
[2024-12-14T20:48:16.308-0500] {processor.py:914} INFO - Processing file /opt/anaconda3/envs/python310/lib/python3.10/site-packages/airflow/example_dags/plugins/listener_plugin.py for tasks to queue
[2024-12-14T20:48:16.308-0500] {logging_mixin.py:190} INFO - [2024-12-14T20:48:16.308-0500] {dagbag.py:588} INFO - Filling up the DagBag from /opt/anaconda3/envs/python310/lib/python3.10/site-packages/airflow/example_dags/plugins/listener_plugin.py
[2024-12-14T20:48:16.309-0500] {processor.py:927} WARNING - No viable dags retrieved from /opt/anaconda3/envs/python310/lib/python3.10/site-packages/airflow/example_dags/plugins/listener_plugin.py
[2024-12-14T20:48:16.368-0500] {processor.py:208} INFO - Processing /opt/anaconda3/envs/python310/lib/python3.10/site-packages/airflow/example_dags/plugins/listener_plugin.py took 0.062 seconds
[2024-12-14T20:49:20.071-0500] {processor.py:186} INFO - Started process (PID=8881) to work on /opt/anaconda3/envs/python310/lib/python3.10/site-packages/airflow/example_dags/plugins/listener_plugin.py
[2024-12-14T20:49:20.072-0500] {processor.py:914} INFO - Processing file /opt/anaconda3/envs/python310/lib/python3.10/site-packages/airflow/example_dags/plugins/listener_plugin.py for tasks to queue
[2024-12-14T20:49:20.072-0500] {logging_mixin.py:190} INFO - [2024-12-14T20:49:20.072-0500] {dagbag.py:588} INFO - Filling up the DagBag from /opt/anaconda3/envs/python310/lib/python3.10/site-packages/airflow/example_dags/plugins/listener_plugin.py
[2024-12-14T20:49:20.073-0500] {processor.py:927} WARNING - No viable dags retrieved from /opt/anaconda3/envs/python310/lib/python3.10/site-packages/airflow/example_dags/plugins/listener_plugin.py
[2024-12-14T20:49:20.123-0500] {processor.py:208} INFO - Processing /opt/anaconda3/envs/python310/lib/python3.10/site-packages/airflow/example_dags/plugins/listener_plugin.py took 0.053 seconds
[2024-12-14T20:50:26.573-0500] {processor.py:186} INFO - Started process (PID=8992) to work on /opt/anaconda3/envs/python310/lib/python3.10/site-packages/airflow/example_dags/plugins/listener_plugin.py
[2024-12-14T20:50:26.574-0500] {processor.py:914} INFO - Processing file /opt/anaconda3/envs/python310/lib/python3.10/site-packages/airflow/example_dags/plugins/listener_plugin.py for tasks to queue
[2024-12-14T20:50:26.574-0500] {logging_mixin.py:190} INFO - [2024-12-14T20:50:26.574-0500] {dagbag.py:588} INFO - Filling up the DagBag from /opt/anaconda3/envs/python310/lib/python3.10/site-packages/airflow/example_dags/plugins/listener_plugin.py
[2024-12-14T20:50:26.575-0500] {processor.py:927} WARNING - No viable dags retrieved from /opt/anaconda3/envs/python310/lib/python3.10/site-packages/airflow/example_dags/plugins/listener_plugin.py
[2024-12-14T20:50:26.625-0500] {processor.py:208} INFO - Processing /opt/anaconda3/envs/python310/lib/python3.10/site-packages/airflow/example_dags/plugins/listener_plugin.py took 0.053 seconds
[2024-12-14T20:51:31.360-0500] {processor.py:186} INFO - Started process (PID=9098) to work on /opt/anaconda3/envs/python310/lib/python3.10/site-packages/airflow/example_dags/plugins/listener_plugin.py
[2024-12-14T20:51:31.360-0500] {processor.py:914} INFO - Processing file /opt/anaconda3/envs/python310/lib/python3.10/site-packages/airflow/example_dags/plugins/listener_plugin.py for tasks to queue
[2024-12-14T20:51:31.360-0500] {logging_mixin.py:190} INFO - [2024-12-14T20:51:31.360-0500] {dagbag.py:588} INFO - Filling up the DagBag from /opt/anaconda3/envs/python310/lib/python3.10/site-packages/airflow/example_dags/plugins/listener_plugin.py
[2024-12-14T20:51:31.361-0500] {processor.py:927} WARNING - No viable dags retrieved from /opt/anaconda3/envs/python310/lib/python3.10/site-packages/airflow/example_dags/plugins/listener_plugin.py
[2024-12-14T20:51:31.411-0500] {processor.py:208} INFO - Processing /opt/anaconda3/envs/python310/lib/python3.10/site-packages/airflow/example_dags/plugins/listener_plugin.py took 0.053 seconds
[2024-12-14T20:52:38.318-0500] {processor.py:186} INFO - Started process (PID=9221) to work on /opt/anaconda3/envs/python310/lib/python3.10/site-packages/airflow/example_dags/plugins/listener_plugin.py
[2024-12-14T20:52:38.318-0500] {processor.py:914} INFO - Processing file /opt/anaconda3/envs/python310/lib/python3.10/site-packages/airflow/example_dags/plugins/listener_plugin.py for tasks to queue
[2024-12-14T20:52:38.319-0500] {logging_mixin.py:190} INFO - [2024-12-14T20:52:38.319-0500] {dagbag.py:588} INFO - Filling up the DagBag from /opt/anaconda3/envs/python310/lib/python3.10/site-packages/airflow/example_dags/plugins/listener_plugin.py
[2024-12-14T20:52:38.319-0500] {processor.py:927} WARNING - No viable dags retrieved from /opt/anaconda3/envs/python310/lib/python3.10/site-packages/airflow/example_dags/plugins/listener_plugin.py
[2024-12-14T20:52:38.369-0500] {processor.py:208} INFO - Processing /opt/anaconda3/envs/python310/lib/python3.10/site-packages/airflow/example_dags/plugins/listener_plugin.py took 0.053 seconds
[2024-12-14T20:53:42.791-0500] {processor.py:186} INFO - Started process (PID=9351) to work on /opt/anaconda3/envs/python310/lib/python3.10/site-packages/airflow/example_dags/plugins/listener_plugin.py
[2024-12-14T20:53:42.792-0500] {processor.py:914} INFO - Processing file /opt/anaconda3/envs/python310/lib/python3.10/site-packages/airflow/example_dags/plugins/listener_plugin.py for tasks to queue
[2024-12-14T20:53:42.793-0500] {logging_mixin.py:190} INFO - [2024-12-14T20:53:42.792-0500] {dagbag.py:588} INFO - Filling up the DagBag from /opt/anaconda3/envs/python310/lib/python3.10/site-packages/airflow/example_dags/plugins/listener_plugin.py
[2024-12-14T20:53:42.794-0500] {processor.py:927} WARNING - No viable dags retrieved from /opt/anaconda3/envs/python310/lib/python3.10/site-packages/airflow/example_dags/plugins/listener_plugin.py
[2024-12-14T20:53:42.852-0500] {processor.py:208} INFO - Processing /opt/anaconda3/envs/python310/lib/python3.10/site-packages/airflow/example_dags/plugins/listener_plugin.py took 0.062 seconds
[2024-12-14T20:54:46.245-0500] {processor.py:186} INFO - Started process (PID=9461) to work on /opt/anaconda3/envs/python310/lib/python3.10/site-packages/airflow/example_dags/plugins/listener_plugin.py
[2024-12-14T20:54:46.247-0500] {processor.py:914} INFO - Processing file /opt/anaconda3/envs/python310/lib/python3.10/site-packages/airflow/example_dags/plugins/listener_plugin.py for tasks to queue
[2024-12-14T20:54:46.247-0500] {logging_mixin.py:190} INFO - [2024-12-14T20:54:46.247-0500] {dagbag.py:588} INFO - Filling up the DagBag from /opt/anaconda3/envs/python310/lib/python3.10/site-packages/airflow/example_dags/plugins/listener_plugin.py
[2024-12-14T20:54:46.248-0500] {processor.py:927} WARNING - No viable dags retrieved from /opt/anaconda3/envs/python310/lib/python3.10/site-packages/airflow/example_dags/plugins/listener_plugin.py
[2024-12-14T20:54:46.298-0500] {processor.py:208} INFO - Processing /opt/anaconda3/envs/python310/lib/python3.10/site-packages/airflow/example_dags/plugins/listener_plugin.py took 0.053 seconds
