[2024-12-14T20:42:24.912-0500] {processor.py:186} INFO - Started process (PID=8001) to work on /opt/anaconda3/envs/python310/lib/python3.10/site-packages/airflow/example_dags/plugins/workday.py
[2024-12-14T20:42:24.913-0500] {processor.py:914} INFO - Processing file /opt/anaconda3/envs/python310/lib/python3.10/site-packages/airflow/example_dags/plugins/workday.py for tasks to queue
[2024-12-14T20:42:24.913-0500] {logging_mixin.py:190} INFO - [2024-12-14T20:42:24.913-0500] {dagbag.py:588} INFO - Filling up the DagBag from /opt/anaconda3/envs/python310/lib/python3.10/site-packages/airflow/example_dags/plugins/workday.py
[2024-12-14T20:42:24.913-0500] {logging_mixin.py:190} INFO - [2024-12-14T20:42:24.913-0500] {workday.py:41} WARNING - Could not import pandas. Holidays will not be considered.
[2024-12-14T20:42:24.913-0500] {processor.py:927} WARNING - No viable dags retrieved from /opt/anaconda3/envs/python310/lib/python3.10/site-packages/airflow/example_dags/plugins/workday.py
[2024-12-14T20:42:24.965-0500] {processor.py:208} INFO - Processing /opt/anaconda3/envs/python310/lib/python3.10/site-packages/airflow/example_dags/plugins/workday.py took 0.054 seconds
[2024-12-14T20:43:59.418-0500] {processor.py:186} INFO - Started process (PID=8332) to work on /opt/anaconda3/envs/python310/lib/python3.10/site-packages/airflow/example_dags/plugins/workday.py
[2024-12-14T20:43:59.419-0500] {processor.py:914} INFO - Processing file /opt/anaconda3/envs/python310/lib/python3.10/site-packages/airflow/example_dags/plugins/workday.py for tasks to queue
[2024-12-14T20:43:59.419-0500] {logging_mixin.py:190} INFO - [2024-12-14T20:43:59.419-0500] {dagbag.py:588} INFO - Filling up the DagBag from /opt/anaconda3/envs/python310/lib/python3.10/site-packages/airflow/example_dags/plugins/workday.py
[2024-12-14T20:43:59.420-0500] {logging_mixin.py:190} INFO - [2024-12-14T20:43:59.420-0500] {workday.py:41} WARNING - Could not import pandas. Holidays will not be considered.
[2024-12-14T20:43:59.420-0500] {processor.py:927} WARNING - No viable dags retrieved from /opt/anaconda3/envs/python310/lib/python3.10/site-packages/airflow/example_dags/plugins/workday.py
[2024-12-14T20:43:59.471-0500] {processor.py:208} INFO - Processing /opt/anaconda3/envs/python310/lib/python3.10/site-packages/airflow/example_dags/plugins/workday.py took 0.054 seconds
[2024-12-14T20:45:01.273-0500] {processor.py:186} INFO - Started process (PID=8441) to work on /opt/anaconda3/envs/python310/lib/python3.10/site-packages/airflow/example_dags/plugins/workday.py
[2024-12-14T20:45:01.274-0500] {processor.py:914} INFO - Processing file /opt/anaconda3/envs/python310/lib/python3.10/site-packages/airflow/example_dags/plugins/workday.py for tasks to queue
[2024-12-14T20:45:01.274-0500] {logging_mixin.py:190} INFO - [2024-12-14T20:45:01.274-0500] {dagbag.py:588} INFO - Filling up the DagBag from /opt/anaconda3/envs/python310/lib/python3.10/site-packages/airflow/example_dags/plugins/workday.py
[2024-12-14T20:45:01.274-0500] {logging_mixin.py:190} INFO - [2024-12-14T20:45:01.274-0500] {workday.py:41} WARNING - Could not import pandas. Holidays will not be considered.
[2024-12-14T20:45:01.274-0500] {processor.py:927} WARNING - No viable dags retrieved from /opt/anaconda3/envs/python310/lib/python3.10/site-packages/airflow/example_dags/plugins/workday.py
[2024-12-14T20:45:01.329-0500] {processor.py:208} INFO - Processing /opt/anaconda3/envs/python310/lib/python3.10/site-packages/airflow/example_dags/plugins/workday.py took 0.057 seconds
[2024-12-14T20:46:07.053-0500] {processor.py:186} INFO - Started process (PID=8552) to work on /opt/anaconda3/envs/python310/lib/python3.10/site-packages/airflow/example_dags/plugins/workday.py
[2024-12-14T20:46:07.054-0500] {processor.py:914} INFO - Processing file /opt/anaconda3/envs/python310/lib/python3.10/site-packages/airflow/example_dags/plugins/workday.py for tasks to queue
[2024-12-14T20:46:07.054-0500] {logging_mixin.py:190} INFO - [2024-12-14T20:46:07.054-0500] {dagbag.py:588} INFO - Filling up the DagBag from /opt/anaconda3/envs/python310/lib/python3.10/site-packages/airflow/example_dags/plugins/workday.py
[2024-12-14T20:46:07.055-0500] {logging_mixin.py:190} INFO - [2024-12-14T20:46:07.055-0500] {workday.py:41} WARNING - Could not import pandas. Holidays will not be considered.
[2024-12-14T20:46:07.055-0500] {processor.py:927} WARNING - No viable dags retrieved from /opt/anaconda3/envs/python310/lib/python3.10/site-packages/airflow/example_dags/plugins/workday.py
[2024-12-14T20:46:07.106-0500] {processor.py:208} INFO - Processing /opt/anaconda3/envs/python310/lib/python3.10/site-packages/airflow/example_dags/plugins/workday.py took 0.055 seconds
[2024-12-14T20:47:09.911-0500] {processor.py:186} INFO - Started process (PID=8661) to work on /opt/anaconda3/envs/python310/lib/python3.10/site-packages/airflow/example_dags/plugins/workday.py
[2024-12-14T20:47:09.912-0500] {processor.py:914} INFO - Processing file /opt/anaconda3/envs/python310/lib/python3.10/site-packages/airflow/example_dags/plugins/workday.py for tasks to queue
[2024-12-14T20:47:09.912-0500] {logging_mixin.py:190} INFO - [2024-12-14T20:47:09.912-0500] {dagbag.py:588} INFO - Filling up the DagBag from /opt/anaconda3/envs/python310/lib/python3.10/site-packages/airflow/example_dags/plugins/workday.py
[2024-12-14T20:47:09.913-0500] {logging_mixin.py:190} INFO - [2024-12-14T20:47:09.913-0500] {workday.py:41} WARNING - Could not import pandas. Holidays will not be considered.
[2024-12-14T20:47:09.913-0500] {processor.py:927} WARNING - No viable dags retrieved from /opt/anaconda3/envs/python310/lib/python3.10/site-packages/airflow/example_dags/plugins/workday.py
[2024-12-14T20:47:09.964-0500] {processor.py:208} INFO - Processing /opt/anaconda3/envs/python310/lib/python3.10/site-packages/airflow/example_dags/plugins/workday.py took 0.054 seconds
[2024-12-14T20:48:14.555-0500] {processor.py:186} INFO - Started process (PID=8773) to work on /opt/anaconda3/envs/python310/lib/python3.10/site-packages/airflow/example_dags/plugins/workday.py
[2024-12-14T20:48:14.556-0500] {processor.py:914} INFO - Processing file /opt/anaconda3/envs/python310/lib/python3.10/site-packages/airflow/example_dags/plugins/workday.py for tasks to queue
[2024-12-14T20:48:14.556-0500] {logging_mixin.py:190} INFO - [2024-12-14T20:48:14.556-0500] {dagbag.py:588} INFO - Filling up the DagBag from /opt/anaconda3/envs/python310/lib/python3.10/site-packages/airflow/example_dags/plugins/workday.py
[2024-12-14T20:48:14.557-0500] {logging_mixin.py:190} INFO - [2024-12-14T20:48:14.557-0500] {workday.py:41} WARNING - Could not import pandas. Holidays will not be considered.
[2024-12-14T20:48:14.557-0500] {processor.py:927} WARNING - No viable dags retrieved from /opt/anaconda3/envs/python310/lib/python3.10/site-packages/airflow/example_dags/plugins/workday.py
[2024-12-14T20:48:14.608-0500] {processor.py:208} INFO - Processing /opt/anaconda3/envs/python310/lib/python3.10/site-packages/airflow/example_dags/plugins/workday.py took 0.054 seconds
[2024-12-14T20:49:18.334-0500] {processor.py:186} INFO - Started process (PID=8879) to work on /opt/anaconda3/envs/python310/lib/python3.10/site-packages/airflow/example_dags/plugins/workday.py
[2024-12-14T20:49:18.335-0500] {processor.py:914} INFO - Processing file /opt/anaconda3/envs/python310/lib/python3.10/site-packages/airflow/example_dags/plugins/workday.py for tasks to queue
[2024-12-14T20:49:18.335-0500] {logging_mixin.py:190} INFO - [2024-12-14T20:49:18.335-0500] {dagbag.py:588} INFO - Filling up the DagBag from /opt/anaconda3/envs/python310/lib/python3.10/site-packages/airflow/example_dags/plugins/workday.py
[2024-12-14T20:49:18.336-0500] {logging_mixin.py:190} INFO - [2024-12-14T20:49:18.336-0500] {workday.py:41} WARNING - Could not import pandas. Holidays will not be considered.
[2024-12-14T20:49:18.336-0500] {processor.py:927} WARNING - No viable dags retrieved from /opt/anaconda3/envs/python310/lib/python3.10/site-packages/airflow/example_dags/plugins/workday.py
[2024-12-14T20:49:18.386-0500] {processor.py:208} INFO - Processing /opt/anaconda3/envs/python310/lib/python3.10/site-packages/airflow/example_dags/plugins/workday.py took 0.053 seconds
[2024-12-14T20:50:25.393-0500] {processor.py:186} INFO - Started process (PID=8990) to work on /opt/anaconda3/envs/python310/lib/python3.10/site-packages/airflow/example_dags/plugins/workday.py
[2024-12-14T20:50:25.394-0500] {processor.py:914} INFO - Processing file /opt/anaconda3/envs/python310/lib/python3.10/site-packages/airflow/example_dags/plugins/workday.py for tasks to queue
[2024-12-14T20:50:25.394-0500] {logging_mixin.py:190} INFO - [2024-12-14T20:50:25.394-0500] {dagbag.py:588} INFO - Filling up the DagBag from /opt/anaconda3/envs/python310/lib/python3.10/site-packages/airflow/example_dags/plugins/workday.py
[2024-12-14T20:50:25.395-0500] {logging_mixin.py:190} INFO - [2024-12-14T20:50:25.395-0500] {workday.py:41} WARNING - Could not import pandas. Holidays will not be considered.
[2024-12-14T20:50:25.395-0500] {processor.py:927} WARNING - No viable dags retrieved from /opt/anaconda3/envs/python310/lib/python3.10/site-packages/airflow/example_dags/plugins/workday.py
[2024-12-14T20:50:25.445-0500] {processor.py:208} INFO - Processing /opt/anaconda3/envs/python310/lib/python3.10/site-packages/airflow/example_dags/plugins/workday.py took 0.053 seconds
[2024-12-14T20:51:29.633-0500] {processor.py:186} INFO - Started process (PID=9096) to work on /opt/anaconda3/envs/python310/lib/python3.10/site-packages/airflow/example_dags/plugins/workday.py
[2024-12-14T20:51:29.634-0500] {processor.py:914} INFO - Processing file /opt/anaconda3/envs/python310/lib/python3.10/site-packages/airflow/example_dags/plugins/workday.py for tasks to queue
[2024-12-14T20:51:29.634-0500] {logging_mixin.py:190} INFO - [2024-12-14T20:51:29.634-0500] {dagbag.py:588} INFO - Filling up the DagBag from /opt/anaconda3/envs/python310/lib/python3.10/site-packages/airflow/example_dags/plugins/workday.py
[2024-12-14T20:51:29.635-0500] {logging_mixin.py:190} INFO - [2024-12-14T20:51:29.634-0500] {workday.py:41} WARNING - Could not import pandas. Holidays will not be considered.
[2024-12-14T20:51:29.635-0500] {processor.py:927} WARNING - No viable dags retrieved from /opt/anaconda3/envs/python310/lib/python3.10/site-packages/airflow/example_dags/plugins/workday.py
[2024-12-14T20:51:29.685-0500] {processor.py:208} INFO - Processing /opt/anaconda3/envs/python310/lib/python3.10/site-packages/airflow/example_dags/plugins/workday.py took 0.053 seconds
[2024-12-14T20:52:36.736-0500] {processor.py:186} INFO - Started process (PID=9219) to work on /opt/anaconda3/envs/python310/lib/python3.10/site-packages/airflow/example_dags/plugins/workday.py
[2024-12-14T20:52:36.737-0500] {processor.py:914} INFO - Processing file /opt/anaconda3/envs/python310/lib/python3.10/site-packages/airflow/example_dags/plugins/workday.py for tasks to queue
[2024-12-14T20:52:36.737-0500] {logging_mixin.py:190} INFO - [2024-12-14T20:52:36.737-0500] {dagbag.py:588} INFO - Filling up the DagBag from /opt/anaconda3/envs/python310/lib/python3.10/site-packages/airflow/example_dags/plugins/workday.py
[2024-12-14T20:52:36.738-0500] {logging_mixin.py:190} INFO - [2024-12-14T20:52:36.738-0500] {workday.py:41} WARNING - Could not import pandas. Holidays will not be considered.
[2024-12-14T20:52:36.738-0500] {processor.py:927} WARNING - No viable dags retrieved from /opt/anaconda3/envs/python310/lib/python3.10/site-packages/airflow/example_dags/plugins/workday.py
[2024-12-14T20:52:36.788-0500] {processor.py:208} INFO - Processing /opt/anaconda3/envs/python310/lib/python3.10/site-packages/airflow/example_dags/plugins/workday.py took 0.053 seconds
[2024-12-14T20:53:41.678-0500] {processor.py:186} INFO - Started process (PID=9349) to work on /opt/anaconda3/envs/python310/lib/python3.10/site-packages/airflow/example_dags/plugins/workday.py
[2024-12-14T20:53:41.679-0500] {processor.py:914} INFO - Processing file /opt/anaconda3/envs/python310/lib/python3.10/site-packages/airflow/example_dags/plugins/workday.py for tasks to queue
[2024-12-14T20:53:41.680-0500] {logging_mixin.py:190} INFO - [2024-12-14T20:53:41.680-0500] {dagbag.py:588} INFO - Filling up the DagBag from /opt/anaconda3/envs/python310/lib/python3.10/site-packages/airflow/example_dags/plugins/workday.py
[2024-12-14T20:53:41.680-0500] {logging_mixin.py:190} INFO - [2024-12-14T20:53:41.680-0500] {workday.py:41} WARNING - Could not import pandas. Holidays will not be considered.
[2024-12-14T20:53:41.680-0500] {processor.py:927} WARNING - No viable dags retrieved from /opt/anaconda3/envs/python310/lib/python3.10/site-packages/airflow/example_dags/plugins/workday.py
[2024-12-14T20:53:41.734-0500] {processor.py:208} INFO - Processing /opt/anaconda3/envs/python310/lib/python3.10/site-packages/airflow/example_dags/plugins/workday.py took 0.057 seconds
[2024-12-14T20:54:44.525-0500] {processor.py:186} INFO - Started process (PID=9459) to work on /opt/anaconda3/envs/python310/lib/python3.10/site-packages/airflow/example_dags/plugins/workday.py
[2024-12-14T20:54:44.526-0500] {processor.py:914} INFO - Processing file /opt/anaconda3/envs/python310/lib/python3.10/site-packages/airflow/example_dags/plugins/workday.py for tasks to queue
[2024-12-14T20:54:44.526-0500] {logging_mixin.py:190} INFO - [2024-12-14T20:54:44.526-0500] {dagbag.py:588} INFO - Filling up the DagBag from /opt/anaconda3/envs/python310/lib/python3.10/site-packages/airflow/example_dags/plugins/workday.py
[2024-12-14T20:54:44.527-0500] {logging_mixin.py:190} INFO - [2024-12-14T20:54:44.527-0500] {workday.py:41} WARNING - Could not import pandas. Holidays will not be considered.
[2024-12-14T20:54:44.527-0500] {processor.py:927} WARNING - No viable dags retrieved from /opt/anaconda3/envs/python310/lib/python3.10/site-packages/airflow/example_dags/plugins/workday.py
[2024-12-14T20:54:44.577-0500] {processor.py:208} INFO - Processing /opt/anaconda3/envs/python310/lib/python3.10/site-packages/airflow/example_dags/plugins/workday.py took 0.054 seconds
