[2024-12-19T19:00:06.792-0500] {local_task_job_runner.py:123} INFO - ::group::Pre task execution logs
[2024-12-19T19:00:06.804-0500] {taskinstance.py:2613} INFO - Dependencies all met for dep_context=non-requeueable deps ti=<TaskInstance: executing_python_etl_dag.compute_KPIs_for_the_data scheduled__2024-12-19T00:00:00+00:00 [queued]>
[2024-12-19T19:00:06.807-0500] {taskinstance.py:2613} INFO - Dependencies all met for dep_context=requeueable deps ti=<TaskInstance: executing_python_etl_dag.compute_KPIs_for_the_data scheduled__2024-12-19T00:00:00+00:00 [queued]>
[2024-12-19T19:00:06.807-0500] {taskinstance.py:2866} INFO - Starting attempt 1 of 1
[2024-12-19T19:00:06.821-0500] {taskinstance.py:2889} INFO - Executing <Task(PythonOperator): compute_KPIs_for_the_data> on 2024-12-19 00:00:00+00:00
[2024-12-19T19:00:06.827-0500] {standard_task_runner.py:72} INFO - Started process 18550 to run task
[2024-12-19T19:00:06.842-0500] {standard_task_runner.py:104} INFO - Running: ['airflow', 'tasks', 'run', 'executing_python_etl_dag', 'compute_KPIs_for_the_data', 'scheduled__2024-12-19T00:00:00+00:00', '--job-id', '109', '--raw', '--subdir', 'DAGS_FOLDER/etl.py', '--cfg-path', '/var/folders/jw/j912b4gd5xj0c7j8p3syth7r0000gn/T/tmp_ld9t9nw']
[2024-12-19T19:00:06.865-0500] {standard_task_runner.py:105} INFO - Job 109: Subtask compute_KPIs_for_the_data
[2024-12-19T19:00:06.900-0500] {task_command.py:467} INFO - Running <TaskInstance: executing_python_etl_dag.compute_KPIs_for_the_data scheduled__2024-12-19T00:00:00+00:00 [running]> on host mac-4952.lan
[2024-12-19T19:00:06.948-0500] {taskinstance.py:3132} INFO - Exporting env vars: AIRFLOW_CTX_DAG_OWNER='venkatesh' AIRFLOW_CTX_DAG_ID='executing_python_etl_dag' AIRFLOW_CTX_TASK_ID='compute_KPIs_for_the_data' AIRFLOW_CTX_EXECUTION_DATE='2024-12-19T00:00:00+00:00' AIRFLOW_CTX_TRY_NUMBER='1' AIRFLOW_CTX_DAG_RUN_ID='scheduled__2024-12-19T00:00:00+00:00'
[2024-12-19T19:00:06.949-0500] {taskinstance.py:731} INFO - ::endgroup::
[2024-12-19T19:00:06.966-0500] {logging_mixin.py:190} WARNING - /Users/apple/airflow/dags/etl.py:74 FutureWarning: Passing literal json to 'read_json' is deprecated and will be removed in a future version. To read from a literal string, wrap it in a 'StringIO' object.
[2024-12-19T19:00:06.983-0500] {logging_mixin.py:190} INFO -       category  total_revenue  total_units_sold
0        Books     1087455.66              2158
1     Clothing      724085.48              1448
2  Electronics     1532604.87              3001
3         Home      940614.17              1816
4      Kitchen      795727.36              1577
[2024-12-19T19:00:06.987-0500] {python.py:240} INFO - Done. Returned value was: None
[2024-12-19T19:00:06.991-0500] {taskinstance.py:340} INFO - ::group::Post task execution logs
[2024-12-19T19:00:06.992-0500] {taskinstance.py:352} INFO - Marking task as SUCCESS. dag_id=executing_python_etl_dag, task_id=compute_KPIs_for_the_data, run_id=scheduled__2024-12-19T00:00:00+00:00, execution_date=20241219T000000, start_date=20241220T000006, end_date=20241220T000006
[2024-12-19T19:00:07.014-0500] {local_task_job_runner.py:266} INFO - Task exited with return code 0
[2024-12-19T19:00:07.025-0500] {taskinstance.py:3895} INFO - 1 downstream tasks scheduled from follow-on schedule check
[2024-12-19T19:00:07.026-0500] {local_task_job_runner.py:245} INFO - ::endgroup::
[2024-12-19T19:00:19.364-0500] {local_task_job_runner.py:123} INFO - ::group::Pre task execution logs
[2024-12-19T19:00:19.368-0500] {taskinstance.py:2613} INFO - Dependencies all met for dep_context=non-requeueable deps ti=<TaskInstance: executing_python_etl_dag.compute_KPIs_for_the_data scheduled__2024-12-19T00:00:00+00:00 [queued]>
[2024-12-19T19:00:19.370-0500] {taskinstance.py:2613} INFO - Dependencies all met for dep_context=requeueable deps ti=<TaskInstance: executing_python_etl_dag.compute_KPIs_for_the_data scheduled__2024-12-19T00:00:00+00:00 [queued]>
[2024-12-19T19:00:19.370-0500] {taskinstance.py:2866} INFO - Starting attempt 1 of 1
[2024-12-19T19:00:19.374-0500] {taskinstance.py:2889} INFO - Executing <Task(PythonOperator): compute_KPIs_for_the_data> on 2024-12-19 00:00:00+00:00
[2024-12-19T19:00:19.376-0500] {standard_task_runner.py:72} INFO - Started process 18967 to run task
[2024-12-19T19:00:19.379-0500] {standard_task_runner.py:104} INFO - Running: ['airflow', 'tasks', 'run', 'executing_python_etl_dag', 'compute_KPIs_for_the_data', 'scheduled__2024-12-19T00:00:00+00:00', '--job-id', '109', '--raw', '--subdir', 'DAGS_FOLDER/etl.py', '--cfg-path', '/var/folders/jw/j912b4gd5xj0c7j8p3syth7r0000gn/T/tmpaevd2t69']
[2024-12-19T19:00:19.381-0500] {standard_task_runner.py:105} INFO - Job 109: Subtask compute_KPIs_for_the_data
[2024-12-19T19:00:19.395-0500] {task_command.py:467} INFO - Running <TaskInstance: executing_python_etl_dag.compute_KPIs_for_the_data scheduled__2024-12-19T00:00:00+00:00 [running]> on host mac-4952.lan
[2024-12-19T19:00:19.415-0500] {taskinstance.py:3132} INFO - Exporting env vars: AIRFLOW_CTX_DAG_OWNER='venkatesh' AIRFLOW_CTX_DAG_ID='executing_python_etl_dag' AIRFLOW_CTX_TASK_ID='compute_KPIs_for_the_data' AIRFLOW_CTX_EXECUTION_DATE='2024-12-19T00:00:00+00:00' AIRFLOW_CTX_TRY_NUMBER='1' AIRFLOW_CTX_DAG_RUN_ID='scheduled__2024-12-19T00:00:00+00:00'
[2024-12-19T19:00:19.415-0500] {taskinstance.py:731} INFO - ::endgroup::
[2024-12-19T19:00:19.423-0500] {logging_mixin.py:190} WARNING - /Users/apple/airflow/dags/etl.py:74 FutureWarning: Passing literal json to 'read_json' is deprecated and will be removed in a future version. To read from a literal string, wrap it in a 'StringIO' object.
[2024-12-19T19:00:19.432-0500] {logging_mixin.py:190} INFO -       category  total_revenue  total_units_sold
0        Books     1087455.66              2158
1     Clothing      724085.48              1448
2  Electronics     1532604.87              3001
3         Home      940614.17              1816
4      Kitchen      795727.36              1577
[2024-12-19T19:00:19.435-0500] {python.py:240} INFO - Done. Returned value was: None
[2024-12-19T19:00:19.436-0500] {taskinstance.py:340} INFO - ::group::Post task execution logs
[2024-12-19T19:00:19.437-0500] {taskinstance.py:352} INFO - Marking task as SUCCESS. dag_id=executing_python_etl_dag, task_id=compute_KPIs_for_the_data, run_id=scheduled__2024-12-19T00:00:00+00:00, execution_date=20241219T000000, start_date=20241220T000019, end_date=20241220T000019
[2024-12-19T19:00:19.486-0500] {local_task_job_runner.py:266} INFO - Task exited with return code 0
[2024-12-19T19:00:19.495-0500] {taskinstance.py:3895} INFO - 1 downstream tasks scheduled from follow-on schedule check
[2024-12-19T19:00:19.496-0500] {local_task_job_runner.py:245} INFO - ::endgroup::
[2024-12-19T19:00:33.582-0500] {local_task_job_runner.py:123} INFO - ::group::Pre task execution logs
[2024-12-19T19:00:33.586-0500] {taskinstance.py:2613} INFO - Dependencies all met for dep_context=non-requeueable deps ti=<TaskInstance: executing_python_etl_dag.compute_KPIs_for_the_data scheduled__2024-12-19T00:00:00+00:00 [queued]>
[2024-12-19T19:00:33.588-0500] {taskinstance.py:2613} INFO - Dependencies all met for dep_context=requeueable deps ti=<TaskInstance: executing_python_etl_dag.compute_KPIs_for_the_data scheduled__2024-12-19T00:00:00+00:00 [queued]>
[2024-12-19T19:00:33.588-0500] {taskinstance.py:2866} INFO - Starting attempt 1 of 1
[2024-12-19T19:00:33.592-0500] {taskinstance.py:2889} INFO - Executing <Task(PythonOperator): compute_KPIs_for_the_data> on 2024-12-19 00:00:00+00:00
[2024-12-19T19:00:33.595-0500] {standard_task_runner.py:72} INFO - Started process 19779 to run task
[2024-12-19T19:00:33.597-0500] {standard_task_runner.py:104} INFO - Running: ['airflow', 'tasks', 'run', 'executing_python_etl_dag', 'compute_KPIs_for_the_data', 'scheduled__2024-12-19T00:00:00+00:00', '--job-id', '109', '--raw', '--subdir', 'DAGS_FOLDER/etl.py', '--cfg-path', '/var/folders/jw/j912b4gd5xj0c7j8p3syth7r0000gn/T/tmph72j790e']
[2024-12-19T19:00:33.599-0500] {standard_task_runner.py:105} INFO - Job 109: Subtask compute_KPIs_for_the_data
[2024-12-19T19:00:33.613-0500] {task_command.py:467} INFO - Running <TaskInstance: executing_python_etl_dag.compute_KPIs_for_the_data scheduled__2024-12-19T00:00:00+00:00 [running]> on host mac-4952.lan
[2024-12-19T19:00:33.632-0500] {taskinstance.py:3132} INFO - Exporting env vars: AIRFLOW_CTX_DAG_OWNER='venkatesh' AIRFLOW_CTX_DAG_ID='executing_python_etl_dag' AIRFLOW_CTX_TASK_ID='compute_KPIs_for_the_data' AIRFLOW_CTX_EXECUTION_DATE='2024-12-19T00:00:00+00:00' AIRFLOW_CTX_TRY_NUMBER='1' AIRFLOW_CTX_DAG_RUN_ID='scheduled__2024-12-19T00:00:00+00:00'
[2024-12-19T19:00:33.633-0500] {taskinstance.py:731} INFO - ::endgroup::
[2024-12-19T19:00:33.641-0500] {logging_mixin.py:190} WARNING - /Users/apple/airflow/dags/etl.py:74 FutureWarning: Passing literal json to 'read_json' is deprecated and will be removed in a future version. To read from a literal string, wrap it in a 'StringIO' object.
[2024-12-19T19:00:33.649-0500] {logging_mixin.py:190} INFO -       category  total_revenue  total_units_sold
0        Books     1087455.66              2158
1     Clothing      724085.48              1448
2  Electronics     1532604.87              3001
3         Home      940614.17              1816
4      Kitchen      795727.36              1577
[2024-12-19T19:00:33.652-0500] {python.py:240} INFO - Done. Returned value was: None
[2024-12-19T19:00:33.654-0500] {taskinstance.py:340} INFO - ::group::Post task execution logs
[2024-12-19T19:00:33.654-0500] {taskinstance.py:352} INFO - Marking task as SUCCESS. dag_id=executing_python_etl_dag, task_id=compute_KPIs_for_the_data, run_id=scheduled__2024-12-19T00:00:00+00:00, execution_date=20241219T000000, start_date=20241220T000033, end_date=20241220T000033
[2024-12-19T19:00:33.659-0500] {local_task_job_runner.py:266} INFO - Task exited with return code 0
[2024-12-19T19:00:33.665-0500] {taskinstance.py:3895} INFO - 1 downstream tasks scheduled from follow-on schedule check
[2024-12-19T19:00:33.665-0500] {local_task_job_runner.py:245} INFO - ::endgroup::
