[2024-12-15T14:02:39.836-0500] {local_task_job_runner.py:123} INFO - ::group::Pre task execution logs
[2024-12-15T14:02:39.840-0500] {taskinstance.py:2613} INFO - Dependencies all met for dep_context=non-requeueable deps ti=<TaskInstance: multiple_dags.task_a manual__2024-12-15T19:02:38.345796+00:00 [queued]>
[2024-12-15T14:02:39.842-0500] {taskinstance.py:2613} INFO - Dependencies all met for dep_context=requeueable deps ti=<TaskInstance: multiple_dags.task_a manual__2024-12-15T19:02:38.345796+00:00 [queued]>
[2024-12-15T14:02:39.842-0500] {taskinstance.py:2866} INFO - Starting attempt 1 of 1
[2024-12-15T14:02:39.845-0500] {taskinstance.py:2889} INFO - Executing <Task(BashOperator): task_a> on 2024-12-15 19:02:38.345796+00:00
[2024-12-15T14:02:39.847-0500] {standard_task_runner.py:72} INFO - Started process 35294 to run task
[2024-12-15T14:02:39.850-0500] {standard_task_runner.py:104} INFO - Running: ['airflow', 'tasks', 'run', 'multiple_dags', 'task_a', 'manual__2024-12-15T19:02:38.345796+00:00', '--job-id', '43', '--raw', '--subdir', 'DAGS_FOLDER/multiple_dags.py', '--cfg-path', '/var/folders/jw/j912b4gd5xj0c7j8p3syth7r0000gn/T/tmpxydr9bul']
[2024-12-15T14:02:39.852-0500] {standard_task_runner.py:105} INFO - Job 43: Subtask task_a
[2024-12-15T14:02:39.867-0500] {task_command.py:467} INFO - Running <TaskInstance: multiple_dags.task_a manual__2024-12-15T19:02:38.345796+00:00 [running]> on host mac-4031.lan
[2024-12-15T14:02:39.885-0500] {taskinstance.py:3132} INFO - Exporting env vars: AIRFLOW_CTX_DAG_OWNER='venkatesh' AIRFLOW_CTX_DAG_ID='multiple_dags' AIRFLOW_CTX_TASK_ID='task_a' AIRFLOW_CTX_EXECUTION_DATE='2024-12-15T19:02:38.345796+00:00' AIRFLOW_CTX_TRY_NUMBER='1' AIRFLOW_CTX_DAG_RUN_ID='manual__2024-12-15T19:02:38.345796+00:00'
[2024-12-15T14:02:39.885-0500] {taskinstance.py:731} INFO - ::endgroup::
[2024-12-15T14:02:39.893-0500] {subprocess.py:78} INFO - Tmp dir root location: /var/folders/jw/j912b4gd5xj0c7j8p3syth7r0000gn/T
[2024-12-15T14:02:39.893-0500] {subprocess.py:88} INFO - Running command: ['/bin/bash', 'tmptvjqdwal.sh']
[2024-12-15T14:02:39.895-0500] {subprocess.py:99} INFO - Output:
[2024-12-15T14:02:39.900-0500] {subprocess.py:106} INFO - task_A has started
[2024-12-15T14:02:39.901-0500] {subprocess.py:106} INFO - Task A printing 1
[2024-12-15T14:02:39.901-0500] {subprocess.py:106} INFO - Task A printing 2
[2024-12-15T14:02:39.901-0500] {subprocess.py:106} INFO - Task A printing 3
[2024-12-15T14:02:39.901-0500] {subprocess.py:106} INFO - Task A printing 4
[2024-12-15T14:02:39.901-0500] {subprocess.py:106} INFO - Task A printing 5
[2024-12-15T14:02:39.902-0500] {subprocess.py:106} INFO - Task A printing 6
[2024-12-15T14:02:39.902-0500] {subprocess.py:106} INFO - Task A printing 7
[2024-12-15T14:02:39.902-0500] {subprocess.py:106} INFO - Task A printing 8
[2024-12-15T14:02:39.902-0500] {subprocess.py:106} INFO - Task A printing 9
[2024-12-15T14:02:39.903-0500] {subprocess.py:106} INFO - Task A printing 10
[2024-12-15T14:02:39.903-0500] {subprocess.py:106} INFO - task_A has ended!!
[2024-12-15T14:02:39.903-0500] {subprocess.py:110} INFO - Command exited with return code 0
[2024-12-15T14:02:39.909-0500] {taskinstance.py:340} INFO - ::group::Post task execution logs
[2024-12-15T14:02:39.909-0500] {taskinstance.py:352} INFO - Marking task as SUCCESS. dag_id=multiple_dags, task_id=task_a, run_id=manual__2024-12-15T19:02:38.345796+00:00, execution_date=20241215T190238, start_date=20241215T190239, end_date=20241215T190239
[2024-12-15T14:02:39.958-0500] {local_task_job_runner.py:266} INFO - Task exited with return code 0
[2024-12-15T14:02:39.967-0500] {taskinstance.py:3895} INFO - 3 downstream tasks scheduled from follow-on schedule check
[2024-12-15T14:02:39.967-0500] {local_task_job_runner.py:245} INFO - ::endgroup::
